
*** Running vivado
    with args -log segment7_clock.vds -m64 -product Vivado -mode batch -messageDb vivado.pb -notrace -source segment7_clock.tcl



****** Vivado v2023.2 (64-bit)
  **** SW Build 4029153 on Fri Oct 13 20:14:34 MDT 2023
  **** IP Build 4028589 on Sat Oct 14 00:45:43 MDT 2023
  **** SharedData Build 4025554 on Tue Oct 10 17:18:54 MDT 2023
    ** Copyright 1986-2022 Xilinx, Inc. All Rights Reserved.
    ** Copyright 2022-2023 Advanced Micro Devices, Inc. All Rights Reserved.

source segment7_clock.tcl -notrace
create_project: Time (s): cpu = 00:00:10 ; elapsed = 00:00:13 . Memory (MB): peak = 591.914 ; gain = 219.074
Command: read_checkpoint -auto_incremental -incremental D:/AIOT/vivado_pj/segment7_clock_pj/segment7_clock_pj.srcs/utils_1/imports/synth_1/segment7_clock.dcp
INFO: [Vivado 12-5825] Read reference checkpoint from D:/AIOT/vivado_pj/segment7_clock_pj/segment7_clock_pj.srcs/utils_1/imports/synth_1/segment7_clock.dcp for incremental synthesis
INFO: [Vivado 12-7989] Please ensure there are no constraint changes
Command: synth_design -top segment7_clock -part xc7a35tcpg236-1
Starting synth_design
Attempting to get a license for feature 'Synthesis' and/or device 'xc7a35t'
INFO: [Common 17-349] Got license for feature 'Synthesis' and/or device 'xc7a35t'
INFO: [Device 21-403] Loading part xc7a35tcpg236-1
INFO: [Designutils 20-5440] No compile time benefit to using incremental synthesis; A full resynthesis will be run
INFO: [Designutils 20-4379] Flow is switching to default flow due to incremental criteria not met. If you would like to alter this behaviour and have the flow terminate instead, please set the following parameter config_implementation {autoIncr.Synth.RejectBehavior Terminate}
INFO: [Synth 8-7079] Multithreading enabled for synth_design using a maximum of 2 processes.
INFO: [Synth 8-7078] Launching helper process for spawning children vivado processes
INFO: [Synth 8-7075] Helper process launched with PID 9256
---------------------------------------------------------------------------------
Starting RTL Elaboration : Time (s): cpu = 00:00:07 ; elapsed = 00:00:08 . Memory (MB): peak = 1424.418 ; gain = 440.543
---------------------------------------------------------------------------------
INFO: [Synth 8-11241] undeclared symbol 'alarm_on', assumed default net type 'wire' [D:/AIOT/vivado_pj/segment7_clock_pj/segment7_clock_pj.srcs/sources_1/new/segment7_clock.v:161]
INFO: [Synth 8-6157] synthesizing module 'segment7_clock' [D:/AIOT/vivado_pj/segment7_clock_pj/segment7_clock_pj.srcs/sources_1/new/segment7_clock.v:5]
INFO: [Synth 8-6157] synthesizing module 'MasterSelect' [D:/AIOT/vivado_pj/segment7_clock_pj/segment7_clock_pj.srcs/sources_1/new/MasterSelect.v:3]
INFO: [Synth 8-6155] done synthesizing module 'MasterSelect' (0#1) [D:/AIOT/vivado_pj/segment7_clock_pj/segment7_clock_pj.srcs/sources_1/new/MasterSelect.v:3]
INFO: [Synth 8-6157] synthesizing module 'DigitalClock' [D:/AIOT/vivado_pj/segment7_clock_pj/segment7_clock_pj.srcs/sources_1/new/DigitalClock.v:3]
INFO: [Synth 8-155] case statement is not full and has no default [D:/AIOT/vivado_pj/segment7_clock_pj/segment7_clock_pj.srcs/sources_1/new/DigitalClock.v:81]
INFO: [Synth 8-6155] done synthesizing module 'DigitalClock' (0#1) [D:/AIOT/vivado_pj/segment7_clock_pj/segment7_clock_pj.srcs/sources_1/new/DigitalClock.v:3]
INFO: [Synth 8-6157] synthesizing module 'FNDDisplay' [D:/AIOT/vivado_pj/segment7_clock_pj/segment7_clock_pj.srcs/sources_1/new/FNDDisplay.v:3]
INFO: [Synth 8-6155] done synthesizing module 'FNDDisplay' (0#1) [D:/AIOT/vivado_pj/segment7_clock_pj/segment7_clock_pj.srcs/sources_1/new/FNDDisplay.v:3]
INFO: [Synth 8-6157] synthesizing module 'clockdivider_paramN' [D:/AIOT/vivado_pj/segment7_clock_pj/segment7_clock_pj.srcs/sources_1/new/clockdivider_paramN.v:3]
	Parameter N bound to: 100000 - type: integer 
INFO: [Synth 8-6155] done synthesizing module 'clockdivider_paramN' (0#1) [D:/AIOT/vivado_pj/segment7_clock_pj/segment7_clock_pj.srcs/sources_1/new/clockdivider_paramN.v:3]
INFO: [Synth 8-6157] synthesizing module 'counter' [D:/AIOT/vivado_pj/segment7_clock_pj/segment7_clock_pj.srcs/sources_1/new/counter.v:4]
INFO: [Synth 8-6155] done synthesizing module 'counter' (0#1) [D:/AIOT/vivado_pj/segment7_clock_pj/segment7_clock_pj.srcs/sources_1/new/counter.v:4]
INFO: [Synth 8-6157] synthesizing module 'datamux' [D:/AIOT/vivado_pj/segment7_clock_pj/segment7_clock_pj.srcs/sources_1/new/datamux.v:3]
WARNING: [Synth 8-567] referenced signal 'ina' should be on the sensitivity list [D:/AIOT/vivado_pj/segment7_clock_pj/segment7_clock_pj.srcs/sources_1/new/datamux.v:10]
WARNING: [Synth 8-567] referenced signal 'inb' should be on the sensitivity list [D:/AIOT/vivado_pj/segment7_clock_pj/segment7_clock_pj.srcs/sources_1/new/datamux.v:10]
WARNING: [Synth 8-567] referenced signal 'inc' should be on the sensitivity list [D:/AIOT/vivado_pj/segment7_clock_pj/segment7_clock_pj.srcs/sources_1/new/datamux.v:10]
WARNING: [Synth 8-567] referenced signal 'ind' should be on the sensitivity list [D:/AIOT/vivado_pj/segment7_clock_pj/segment7_clock_pj.srcs/sources_1/new/datamux.v:10]
WARNING: [Synth 8-567] referenced signal 'ine' should be on the sensitivity list [D:/AIOT/vivado_pj/segment7_clock_pj/segment7_clock_pj.srcs/sources_1/new/datamux.v:10]
WARNING: [Synth 8-567] referenced signal 'inf' should be on the sensitivity list [D:/AIOT/vivado_pj/segment7_clock_pj/segment7_clock_pj.srcs/sources_1/new/datamux.v:10]
INFO: [Synth 8-6155] done synthesizing module 'datamux' (0#1) [D:/AIOT/vivado_pj/segment7_clock_pj/segment7_clock_pj.srcs/sources_1/new/datamux.v:3]
INFO: [Synth 8-6157] synthesizing module 'mux4x1' [D:/AIOT/vivado_pj/segment7_clock_pj/segment7_clock_pj.srcs/sources_1/new/mux4x1.v:4]
INFO: [Synth 8-226] default block is never used [D:/AIOT/vivado_pj/segment7_clock_pj/segment7_clock_pj.srcs/sources_1/new/mux4x1.v:10]
INFO: [Synth 8-6155] done synthesizing module 'mux4x1' (0#1) [D:/AIOT/vivado_pj/segment7_clock_pj/segment7_clock_pj.srcs/sources_1/new/mux4x1.v:4]
INFO: [Synth 8-6157] synthesizing module 'FNDdecoder' [D:/AIOT/vivado_pj/segment7_clock_pj/segment7_clock_pj.srcs/sources_1/new/FNDdecoder.v:3]
INFO: [Synth 8-6155] done synthesizing module 'FNDdecoder' (0#1) [D:/AIOT/vivado_pj/segment7_clock_pj/segment7_clock_pj.srcs/sources_1/new/FNDdecoder.v:3]
WARNING: [Synth 8-689] width (7) of port connection 'fnd' does not match port width (8) of module 'FNDdecoder' [D:/AIOT/vivado_pj/segment7_clock_pj/segment7_clock_pj.srcs/sources_1/new/segment7_clock.v:126]
INFO: [Synth 8-6157] synthesizing module 'clockdivider_paramN__parameterized0' [D:/AIOT/vivado_pj/segment7_clock_pj/segment7_clock_pj.srcs/sources_1/new/clockdivider_paramN.v:3]
	Parameter N bound to: 100000000 - type: integer 
INFO: [Synth 8-6155] done synthesizing module 'clockdivider_paramN__parameterized0' (0#1) [D:/AIOT/vivado_pj/segment7_clock_pj/segment7_clock_pj.srcs/sources_1/new/clockdivider_paramN.v:3]
INFO: [Synth 8-6157] synthesizing module 'Timer' [D:/AIOT/vivado_pj/segment7_clock_pj/segment7_clock_pj.srcs/sources_1/new/Timer.v:3]
INFO: [Synth 8-6155] done synthesizing module 'Timer' (0#1) [D:/AIOT/vivado_pj/segment7_clock_pj/segment7_clock_pj.srcs/sources_1/new/Timer.v:3]
INFO: [Synth 8-6157] synthesizing module 'AlarmLogic' [D:/AIOT/vivado_pj/segment7_clock_pj/segment7_clock_pj.srcs/sources_1/new/AlarmLogic.v:3]
INFO: [Synth 8-155] case statement is not full and has no default [D:/AIOT/vivado_pj/segment7_clock_pj/segment7_clock_pj.srcs/sources_1/new/AlarmLogic.v:56]
INFO: [Synth 8-6155] done synthesizing module 'AlarmLogic' (0#1) [D:/AIOT/vivado_pj/segment7_clock_pj/segment7_clock_pj.srcs/sources_1/new/AlarmLogic.v:3]
WARNING: [Synth 8-689] width (1) of port connection 'alarm_on' does not match port width (3) of module 'AlarmLogic' [D:/AIOT/vivado_pj/segment7_clock_pj/segment7_clock_pj.srcs/sources_1/new/segment7_clock.v:161]
INFO: [Synth 8-6155] done synthesizing module 'segment7_clock' (0#1) [D:/AIOT/vivado_pj/segment7_clock_pj/segment7_clock_pj.srcs/sources_1/new/segment7_clock.v:5]
WARNING: [Synth 8-3848] Net alaram_on in module/entity segment7_clock does not have driver. [D:/AIOT/vivado_pj/segment7_clock_pj/segment7_clock_pj.srcs/sources_1/new/segment7_clock.v:15]
WARNING: [Synth 8-7129] Port alaram_on[2] in module segment7_clock is either unconnected or has no load
WARNING: [Synth 8-7129] Port alaram_on[1] in module segment7_clock is either unconnected or has no load
WARNING: [Synth 8-7129] Port alaram_on[0] in module segment7_clock is either unconnected or has no load
---------------------------------------------------------------------------------
Finished RTL Elaboration : Time (s): cpu = 00:00:09 ; elapsed = 00:00:10 . Memory (MB): peak = 1533.887 ; gain = 550.012
---------------------------------------------------------------------------------
---------------------------------------------------------------------------------
Start Handling Custom Attributes
---------------------------------------------------------------------------------
---------------------------------------------------------------------------------
Finished Handling Custom Attributes : Time (s): cpu = 00:00:09 ; elapsed = 00:00:11 . Memory (MB): peak = 1533.887 ; gain = 550.012
---------------------------------------------------------------------------------
---------------------------------------------------------------------------------
Finished RTL Optimization Phase 1 : Time (s): cpu = 00:00:09 ; elapsed = 00:00:11 . Memory (MB): peak = 1533.887 ; gain = 550.012
---------------------------------------------------------------------------------
Netlist sorting complete. Time (s): cpu = 00:00:00 ; elapsed = 00:00:00.008 . Memory (MB): peak = 1533.887 ; gain = 0.000
INFO: [Project 1-570] Preparing netlist for logic optimization

Processing XDC Constraints
Initializing timing engine
Parsing XDC File [D:/AIOT/vivado_pj/segment7_clock_pj/segment7_clock_pj.srcs/constrs_1/new/segment7_clock.xdc]
Finished Parsing XDC File [D:/AIOT/vivado_pj/segment7_clock_pj/segment7_clock_pj.srcs/constrs_1/new/segment7_clock.xdc]
INFO: [Project 1-236] Implementation specific constraints were found while reading constraint file [D:/AIOT/vivado_pj/segment7_clock_pj/segment7_clock_pj.srcs/constrs_1/new/segment7_clock.xdc]. These constraints will be ignored for synthesis but will be used in implementation. Impacted constraints are listed in the file [.Xil/segment7_clock_propImpl.xdc].
Resolution: To avoid this warning, move constraints listed in [.Xil/segment7_clock_propImpl.xdc] to another XDC file and exclude this new file from synthesis with the used_in_synthesis property (File Properties dialog in GUI) and re-run elaboration/synthesis.
Completed Processing XDC Constraints

Netlist sorting complete. Time (s): cpu = 00:00:00 ; elapsed = 00:00:00 . Memory (MB): peak = 1641.465 ; gain = 0.000
INFO: [Project 1-111] Unisim Transformation Summary:
No Unisim elements were transformed.

ÁöÁ¤µČ °ć·Î¸¦ ĂŁŔ» Ľö ľř˝Ŕ´Ď´Ů.
Constraint Validation Runtime : Time (s): cpu = 00:00:00 ; elapsed = 00:00:00.003 . Memory (MB): peak = 1641.465 ; gain = 0.000
INFO: [Designutils 20-5440] No compile time benefit to using incremental synthesis; A full resynthesis will be run
INFO: [Designutils 20-4379] Flow is switching to default flow due to incremental criteria not met. If you would like to alter this behaviour and have the flow terminate instead, please set the following parameter config_implementation {autoIncr.Synth.RejectBehavior Terminate}
---------------------------------------------------------------------------------
Finished Constraint Validation : Time (s): cpu = 00:00:18 ; elapsed = 00:00:21 . Memory (MB): peak = 1641.465 ; gain = 657.590
---------------------------------------------------------------------------------
---------------------------------------------------------------------------------
Start Loading Part and Timing Information
---------------------------------------------------------------------------------
Loading part: xc7a35tcpg236-1
---------------------------------------------------------------------------------
Finished Loading Part and Timing Information : Time (s): cpu = 00:00:18 ; elapsed = 00:00:21 . Memory (MB): peak = 1641.465 ; gain = 657.590
---------------------------------------------------------------------------------
---------------------------------------------------------------------------------
Start Applying 'set_property' XDC Constraints
---------------------------------------------------------------------------------
---------------------------------------------------------------------------------
Finished applying 'set_property' XDC Constraints : Time (s): cpu = 00:00:18 ; elapsed = 00:00:21 . Memory (MB): peak = 1641.465 ; gain = 657.590
---------------------------------------------------------------------------------
INFO: [Synth 8-802] inferred FSM for state register 'set_pos_reg' in module 'MasterSelect'
---------------------------------------------------------------------------------------------------
                   State |                     New Encoding |                Previous Encoding 
---------------------------------------------------------------------------------------------------
*
                  iSTATE |                              100 |                              100
                 iSTATE0 |                              010 |                              010
                 iSTATE1 |                              001 |                              001
---------------------------------------------------------------------------------------------------
INFO: [Synth 8-3898] No Re-encoding of one hot register 'set_pos_reg' in module 'MasterSelect'
---------------------------------------------------------------------------------
Finished RTL Optimization Phase 2 : Time (s): cpu = 00:00:19 ; elapsed = 00:00:22 . Memory (MB): peak = 1641.465 ; gain = 657.590
---------------------------------------------------------------------------------
---------------------------------------------------------------------------------
Start RTL Component Statistics 
---------------------------------------------------------------------------------
Detailed RTL Component Info : 
+---Adders : 
	   2 Input   32 Bit       Adders := 2     
	   2 Input   20 Bit       Adders := 1     
	   2 Input   18 Bit       Adders := 2     
	   2 Input    7 Bit       Adders := 1     
	   2 Input    6 Bit       Adders := 6     
	   2 Input    5 Bit       Adders := 2     
	   2 Input    2 Bit       Adders := 2     
+---Registers : 
	               32 Bit    Registers := 2     
	               20 Bit    Registers := 3     
	                7 Bit    Registers := 1     
	                6 Bit    Registers := 6     
	                5 Bit    Registers := 2     
	                3 Bit    Registers := 1     
	                2 Bit    Registers := 5     
	                1 Bit    Registers := 12    
+---Muxes : 
	   2 Input   32 Bit        Muxes := 2     
	   2 Input   20 Bit        Muxes := 2     
	   2 Input   18 Bit        Muxes := 4     
	   2 Input    7 Bit        Muxes := 1     
	   2 Input    6 Bit        Muxes := 8     
	   2 Input    5 Bit        Muxes := 2     
	   3 Input    4 Bit        Muxes := 4     
	   4 Input    4 Bit        Muxes := 3     
	   2 Input    4 Bit        Muxes := 1     
	   4 Input    3 Bit        Muxes := 1     
	   2 Input    3 Bit        Muxes := 2     
	   3 Input    3 Bit        Muxes := 2     
	   5 Input    1 Bit        Muxes := 2     
	   2 Input    1 Bit        Muxes := 9     
	   4 Input    1 Bit        Muxes := 4     
	   3 Input    1 Bit        Muxes := 1     
---------------------------------------------------------------------------------
Finished RTL Component Statistics 
---------------------------------------------------------------------------------
---------------------------------------------------------------------------------
Start Part Resource Summary
---------------------------------------------------------------------------------
Part Resources:
DSPs: 90 (col length:60)
BRAMs: 100 (col length: RAMB18 60 RAMB36 30)
---------------------------------------------------------------------------------
Finished Part Resource Summary
---------------------------------------------------------------------------------
---------------------------------------------------------------------------------
Start Cross Boundary and Area Optimization
---------------------------------------------------------------------------------
WARNING: [Synth 8-7080] Parallel synthesis criteria is not met
WARNING: [Synth 8-7129] Port alaram_on[2] in module segment7_clock is either unconnected or has no load
WARNING: [Synth 8-7129] Port alaram_on[1] in module segment7_clock is either unconnected or has no load
WARNING: [Synth 8-7129] Port alaram_on[0] in module segment7_clock is either unconnected or has no load
---------------------------------------------------------------------------------
Finished Cross Boundary and Area Optimization : Time (s): cpu = 00:00:30 ; elapsed = 00:00:32 . Memory (MB): peak = 1641.465 ; gain = 657.590
---------------------------------------------------------------------------------
---------------------------------------------------------------------------------
Start Applying XDC Timing Constraints
---------------------------------------------------------------------------------
---------------------------------------------------------------------------------
Finished Applying XDC Timing Constraints : Time (s): cpu = 00:00:36 ; elapsed = 00:00:38 . Memory (MB): peak = 1641.465 ; gain = 657.590
---------------------------------------------------------------------------------
---------------------------------------------------------------------------------
Start Timing Optimization
---------------------------------------------------------------------------------
---------------------------------------------------------------------------------
Finished Timing Optimization : Time (s): cpu = 00:00:36 ; elapsed = 00:00:39 . Memory (MB): peak = 1641.465 ; gain = 657.590
---------------------------------------------------------------------------------
---------------------------------------------------------------------------------
Start Technology Mapping
---------------------------------------------------------------------------------
---------------------------------------------------------------------------------
Finished Technology Mapping : Time (s): cpu = 00:00:36 ; elapsed = 00:00:39 . Memory (MB): peak = 1641.465 ; gain = 657.590
---------------------------------------------------------------------------------
---------------------------------------------------------------------------------
Start IO Insertion
---------------------------------------------------------------------------------
---------------------------------------------------------------------------------
Start Flattening Before IO Insertion
---------------------------------------------------------------------------------
---------------------------------------------------------------------------------
Finished Flattening Before IO Insertion
---------------------------------------------------------------------------------
---------------------------------------------------------------------------------
Start Final Netlist Cleanup
---------------------------------------------------------------------------------
---------------------------------------------------------------------------------
Finished Final Netlist Cleanup
---------------------------------------------------------------------------------
---------------------------------------------------------------------------------
Finished IO Insertion : Time (s): cpu = 00:00:42 ; elapsed = 00:00:45 . Memory (MB): peak = 1641.465 ; gain = 657.590
---------------------------------------------------------------------------------
---------------------------------------------------------------------------------
Start Renaming Generated Instances
---------------------------------------------------------------------------------
---------------------------------------------------------------------------------
Finished Renaming Generated Instances : Time (s): cpu = 00:00:42 ; elapsed = 00:00:45 . Memory (MB): peak = 1641.465 ; gain = 657.590
---------------------------------------------------------------------------------
---------------------------------------------------------------------------------
Start Rebuilding User Hierarchy
---------------------------------------------------------------------------------
---------------------------------------------------------------------------------
Finished Rebuilding User Hierarchy : Time (s): cpu = 00:00:42 ; elapsed = 00:00:45 . Memory (MB): peak = 1641.465 ; gain = 657.590
---------------------------------------------------------------------------------
---------------------------------------------------------------------------------
Start Renaming Generated Ports
---------------------------------------------------------------------------------
---------------------------------------------------------------------------------
Finished Renaming Generated Ports : Time (s): cpu = 00:00:42 ; elapsed = 00:00:45 . Memory (MB): peak = 1641.465 ; gain = 657.590
---------------------------------------------------------------------------------
---------------------------------------------------------------------------------
Start Handling Custom Attributes
---------------------------------------------------------------------------------
---------------------------------------------------------------------------------
Finished Handling Custom Attributes : Time (s): cpu = 00:00:42 ; elapsed = 00:00:45 . Memory (MB): peak = 1641.465 ; gain = 657.590
---------------------------------------------------------------------------------
---------------------------------------------------------------------------------
Start Renaming Generated Nets
---------------------------------------------------------------------------------
---------------------------------------------------------------------------------
Finished Renaming Generated Nets : Time (s): cpu = 00:00:42 ; elapsed = 00:00:45 . Memory (MB): peak = 1641.465 ; gain = 657.590
---------------------------------------------------------------------------------
---------------------------------------------------------------------------------
Start Writing Synthesis Report
---------------------------------------------------------------------------------

Report BlackBoxes: 
+-+--------------+----------+
| |BlackBox name |Instances |
+-+--------------+----------+
+-+--------------+----------+

Report Cell Usage: 
+------+-------+------+
|      |Cell   |Count |
+------+-------+------+
|1     |BUFG   |     1|
|2     |CARRY4 |    31|
|3     |LUT1   |     6|
|4     |LUT2   |    25|
|5     |LUT3   |    20|
|6     |LUT4   |    99|
|7     |LUT5   |   110|
|8     |LUT6   |    86|
|9     |MUXF7  |     1|
|10    |FDCE   |   190|
|11    |FDPE   |     1|
|12    |FDRE   |     7|
|13    |IBUF   |     7|
|14    |OBUF   |    19|
|15    |OBUFT  |     3|
+------+-------+------+
---------------------------------------------------------------------------------
Finished Writing Synthesis Report : Time (s): cpu = 00:00:42 ; elapsed = 00:00:45 . Memory (MB): peak = 1641.465 ; gain = 657.590
---------------------------------------------------------------------------------
Synthesis finished with 0 errors, 0 critical warnings and 4 warnings.
Synthesis Optimization Runtime : Time (s): cpu = 00:00:31 ; elapsed = 00:00:42 . Memory (MB): peak = 1641.465 ; gain = 550.012
Synthesis Optimization Complete : Time (s): cpu = 00:00:42 ; elapsed = 00:00:45 . Memory (MB): peak = 1641.465 ; gain = 657.590
INFO: [Project 1-571] Translating synthesized netlist
Netlist sorting complete. Time (s): cpu = 00:00:00 ; elapsed = 00:00:00.009 . Memory (MB): peak = 1641.465 ; gain = 0.000
INFO: [Netlist 29-17] Analyzing 32 Unisim elements for replacement
INFO: [Netlist 29-28] Unisim Transformation completed in 0 CPU seconds
INFO: [Project 1-570] Preparing netlist for logic optimization
INFO: [Opt 31-138] Pushed 0 inverter(s) to 0 load pin(s).
Netlist sorting complete. Time (s): cpu = 00:00:00 ; elapsed = 00:00:00.001 . Memory (MB): peak = 1641.465 ; gain = 0.000
INFO: [Project 1-111] Unisim Transformation Summary:
No Unisim elements were transformed.

ÁöÁ¤µČ °ć·Î¸¦ ĂŁŔ» Ľö ľř˝Ŕ´Ď´Ů.
Synth Design complete | Checksum: ac17e84b
INFO: [Common 17-83] Releasing license: Synthesis
51 Infos, 16 Warnings, 0 Critical Warnings and 0 Errors encountered.
synth_design completed successfully
synth_design: Time (s): cpu = 00:00:47 ; elapsed = 00:00:53 . Memory (MB): peak = 1641.465 ; gain = 1046.586
Write ShapeDB Complete: Time (s): cpu = 00:00:00 ; elapsed = 00:00:00.002 . Memory (MB): peak = 1641.465 ; gain = 0.000
INFO: [Common 17-1381] The checkpoint 'D:/AIOT/vivado_pj/segment7_clock_pj/segment7_clock_pj.runs/synth_1/segment7_clock.dcp' has been generated.
INFO: [runtcl-4] Executing : report_utilization -file segment7_clock_utilization_synth.rpt -pb segment7_clock_utilization_synth.pb
INFO: [Common 17-206] Exiting Vivado at Fri Apr 17 16:01:57 2026...
