Copyright 1986-2022 Xilinx, Inc. All Rights Reserved. Copyright 2022-2024 Advanced Micro Devices, Inc. All Rights Reserved.
---------------------------------------------------------------------------------------------------------------------------------------------
| Tool Version : Vivado v.2024.2 (win64) Build 5239630 Fri Nov 08 22:35:27 MST 2024
| Date         : Sat Apr 25 22:25:19 2026
| Host         : DESKTOP-A2AGG41 running 64-bit major release  (build 9200)
| Command      : report_control_sets -verbose -file tic_tac_toe_control_sets_placed.rpt
| Design       : tic_tac_toe
| Device       : xc7a35t
---------------------------------------------------------------------------------------------------------------------------------------------

Control Set Information

Table of Contents
-----------------
1. Summary
2. Histogram
3. Flip-Flop Distribution
4. Detailed Control Set Information

1. Summary
----------

+----------------------------------------------------------+-------+
|                          Status                          | Count |
+----------------------------------------------------------+-------+
| Total control sets                                       |    16 |
|    Minimum number of control sets                        |    16 |
|    Addition due to synthesis replication                 |     0 |
|    Addition due to physical synthesis replication        |     0 |
| Unused register locations in slices containing registers |    32 |
+----------------------------------------------------------+-------+
* Control sets can be merged at opt_design using control_set_merge or merge_equivalent_drivers
** Run report_qor_suggestions for automated merging and remapping suggestions


2. Histogram
------------

+--------------------+-------+
|       Fanout       | Count |
+--------------------+-------+
| Total control sets |    16 |
| >= 0 to < 4        |     3 |
| >= 4 to < 6        |     2 |
| >= 6 to < 8        |     1 |
| >= 8 to < 10       |     0 |
| >= 10 to < 12      |     0 |
| >= 12 to < 14      |     0 |
| >= 14 to < 16      |     0 |
| >= 16              |    10 |
+--------------------+-------+
* Control sets can be remapped at either synth_design or opt_design


3. Flip-Flop Distribution
-------------------------

+--------------+-----------------------+------------------------+-----------------+--------------+
| Clock Enable | Synchronous Set/Reset | Asynchronous Set/Reset | Total Registers | Total Slices |
+--------------+-----------------------+------------------------+-----------------+--------------+
| No           | No                    | No                     |              38 |           10 |
| No           | No                    | Yes                    |              35 |           11 |
| No           | Yes                   | No                     |             175 |           49 |
| Yes          | No                    | No                     |               4 |            1 |
| Yes          | No                    | Yes                    |              96 |           29 |
| Yes          | Yes                   | No                     |               4 |            1 |
+--------------+-----------------------+------------------------+-----------------+--------------+


4. Detailed Control Set Information
-----------------------------------

+-----------------------+--------------------------------------------+-----------------------------------+------------------+----------------+--------------+
|      Clock Signal     |                Enable Signal               |          Set/Reset Signal         | Slice Load Count | Bel Load Count | Bels / Slice |
+-----------------------+--------------------------------------------+-----------------------------------+------------------+----------------+--------------+
|  clk_25MHz_BUFG       |                                            | vga_controller_inst/disp_en_reg_3 |                1 |              2 |         2.00 |
|  clk_25MHz_BUFG       |                                            | vga_controller_inst/disp_en_reg_1 |                1 |              3 |         3.00 |
|  clk_25MHz_BUFG       |                                            | vga_controller_inst/disp_en_reg_2 |                1 |              3 |         3.00 |
|  clk_100MHz_IBUF_BUFG | b1_inst/E[0]                               |                                   |                1 |              4 |         4.00 |
|  clk_100MHz_IBUF_BUFG | b4_inst/E[0]                               | vga_controller_inst/SR[0]         |                1 |              4 |         4.00 |
|  clk_100MHz_IBUF_BUFG |                                            | vga_controller_inst/SR[0]         |                6 |              7 |         1.17 |
|  clk_100MHz_IBUF_BUFG |                                            | b5_inst/counter[0]_i_1__3_n_0     |                8 |             32 |         4.00 |
|  clk_100MHz_IBUF_BUFG |                                            | b1_inst/counter[0]_i_1_n_0        |                8 |             32 |         4.00 |
|  clk_100MHz_IBUF_BUFG |                                            | b2_inst/counter[0]_i_1__0_n_0     |                8 |             32 |         4.00 |
|  clk_100MHz_IBUF_BUFG |                                            | b3_inst/counter[0]_i_1__1_n_0     |                8 |             32 |         4.00 |
|  clk_100MHz_IBUF_BUFG |                                            | b4_inst/counter[0]_i_1__2_n_0     |                8 |             32 |         4.00 |
|  clk_25MHz_BUFG       | vga_controller_inst/column_reg[31]_i_1_n_3 | vga_controller_inst/SR[0]         |               11 |             32 |         2.91 |
|  clk_25MHz_BUFG       | vga_controller_inst/sel                    | vga_controller_inst/SR[0]         |                8 |             32 |         4.00 |
|  clk_25MHz_BUFG       | vga_controller_inst/row_reg[31]_i_1_n_2    | vga_controller_inst/SR[0]         |               10 |             32 |         3.20 |
|  clk_25MHz_BUFG       |                                            | vga_controller_inst/SR[0]         |               11 |             35 |         3.18 |
|  clk_100MHz_IBUF_BUFG |                                            |                                   |               10 |             38 |         3.80 |
+-----------------------+--------------------------------------------+-----------------------------------+------------------+----------------+--------------+


