
*** Running vivado
    with args -log tic_tac_toe.vds -m64 -product Vivado -mode batch -messageDb vivado.pb -notrace -source tic_tac_toe.tcl



****** Vivado v2024.2 (64-bit)
  **** SW Build 5239630 on Fri Nov 08 22:35:27 MST 2024
  **** IP Build 5239520 on Sun Nov 10 16:12:51 MST 2024
  **** SharedData Build 5239561 on Fri Nov 08 14:39:27 MST 2024
  **** Start of session at: Sat Apr 25 22:23:29 2026
    ** Copyright 1986-2022 Xilinx, Inc. All Rights Reserved.
    ** Copyright 2022-2024 Advanced Micro Devices, Inc. All Rights Reserved.

source tic_tac_toe.tcl -notrace
create_project: Time (s): cpu = 00:00:09 ; elapsed = 00:00:10 . Memory (MB): peak = 656.918 ; gain = 227.992
Command: read_checkpoint -auto_incremental -incremental C:/vivado_pj/vga_pj/vga_pj.srcs/utils_1/imports/synth_1/tic_tac_toe.dcp
INFO: [Vivado 12-5825] Read reference checkpoint from C:/vivado_pj/vga_pj/vga_pj.srcs/utils_1/imports/synth_1/tic_tac_toe.dcp for incremental synthesis
INFO: [Vivado 12-7989] Please ensure there are no constraint changes
Command: synth_design -top tic_tac_toe -part xc7a35tcpg236-1
Starting synth_design
Attempting to get a license for feature 'Synthesis' and/or device 'xc7a35t'
INFO: [Common 17-349] Got license for feature 'Synthesis' and/or device 'xc7a35t'
INFO: [Device 21-403] Loading part xc7a35tcpg236-1
INFO: [Designutils 20-5440] No compile time benefit to using incremental synthesis; A full resynthesis will be run
INFO: [Designutils 20-4379] Flow is switching to default flow due to incremental criteria not met. If you would like to alter this behaviour and have the flow terminate instead, please set the following parameter config_implementation {autoIncr.Synth.RejectBehavior Terminate}
INFO: [Synth 8-7079] Multithreading enabled for synth_design using a maximum of 2 processes.
INFO: [Synth 8-7078] Launching helper process for spawning children vivado processes
INFO: [Synth 8-7075] Helper process launched with PID 14956
---------------------------------------------------------------------------------
Starting RTL Elaboration : Time (s): cpu = 00:00:05 ; elapsed = 00:00:06 . Memory (MB): peak = 1310.086 ; gain = 467.242
---------------------------------------------------------------------------------
INFO: [Synth 8-6157] synthesizing module 'tic_tac_toe' [C:/vivado_pj/vga_pj/vga_pj.srcs/sources_1/new/tic_tac_toe.sv:3]
INFO: [Synth 8-6157] synthesizing module 'vga_controller' [C:/vivado_pj/vga_pj/vga_pj.srcs/sources_1/new/vga_controller.sv:3]
INFO: [Synth 8-6155] done synthesizing module 'vga_controller' (0#1) [C:/vivado_pj/vga_pj/vga_pj.srcs/sources_1/new/vga_controller.sv:3]
INFO: [Synth 8-6157] synthesizing module 'debounce_button' [C:/vivado_pj/vga_pj/vga_pj.srcs/sources_1/new/debounce_button.sv:3]
INFO: [Synth 8-6155] done synthesizing module 'debounce_button' (0#1) [C:/vivado_pj/vga_pj/vga_pj.srcs/sources_1/new/debounce_button.sv:3]
INFO: [Synth 8-6155] done synthesizing module 'tic_tac_toe' (0#1) [C:/vivado_pj/vga_pj/vga_pj.srcs/sources_1/new/tic_tac_toe.sv:3]
WARNING: [Synth 8-6014] Unused sequential element dx_reg was removed.  [C:/vivado_pj/vga_pj/vga_pj.srcs/sources_1/new/tic_tac_toe.sv:134]
WARNING: [Synth 8-6014] Unused sequential element dy_reg was removed.  [C:/vivado_pj/vga_pj/vga_pj.srcs/sources_1/new/tic_tac_toe.sv:135]
WARNING: [Synth 8-6014] Unused sequential element diff1_reg was removed.  [C:/vivado_pj/vga_pj/vga_pj.srcs/sources_1/new/tic_tac_toe.sv:136]
WARNING: [Synth 8-6014] Unused sequential element diff2_reg was removed.  [C:/vivado_pj/vga_pj/vga_pj.srcs/sources_1/new/tic_tac_toe.sv:137]
WARNING: [Synth 8-6014] Unused sequential element current_cell_reg was removed.  [C:/vivado_pj/vga_pj/vga_pj.srcs/sources_1/new/tic_tac_toe.sv:183]
---------------------------------------------------------------------------------
Finished RTL Elaboration : Time (s): cpu = 00:00:07 ; elapsed = 00:00:07 . Memory (MB): peak = 1430.238 ; gain = 587.395
---------------------------------------------------------------------------------
---------------------------------------------------------------------------------
Start Handling Custom Attributes
---------------------------------------------------------------------------------
---------------------------------------------------------------------------------
Finished Handling Custom Attributes : Time (s): cpu = 00:00:07 ; elapsed = 00:00:07 . Memory (MB): peak = 1430.238 ; gain = 587.395
---------------------------------------------------------------------------------
---------------------------------------------------------------------------------
Finished RTL Optimization Phase 1 : Time (s): cpu = 00:00:07 ; elapsed = 00:00:07 . Memory (MB): peak = 1430.238 ; gain = 587.395
---------------------------------------------------------------------------------
Netlist sorting complete. Time (s): cpu = 00:00:00 ; elapsed = 00:00:00.020 . Memory (MB): peak = 1430.238 ; gain = 0.000
INFO: [Project 1-570] Preparing netlist for logic optimization

Processing XDC Constraints
Initializing timing engine
Parsing XDC File [C:/vivado_pj/vga_pj/vga_pj.srcs/constrs_1/new/vga_xdc.xdc]
Finished Parsing XDC File [C:/vivado_pj/vga_pj/vga_pj.srcs/constrs_1/new/vga_xdc.xdc]
INFO: [Project 1-236] Implementation specific constraints were found while reading constraint file [C:/vivado_pj/vga_pj/vga_pj.srcs/constrs_1/new/vga_xdc.xdc]. These constraints will be ignored for synthesis but will be used in implementation. Impacted constraints are listed in the file [.Xil/tic_tac_toe_propImpl.xdc].
Resolution: To avoid this warning, move constraints listed in [.Xil/tic_tac_toe_propImpl.xdc] to another XDC file and exclude this new file from synthesis with the used_in_synthesis property (File Properties dialog in GUI) and re-run elaboration/synthesis.
Completed Processing XDC Constraints

Netlist sorting complete. Time (s): cpu = 00:00:00 ; elapsed = 00:00:00 . Memory (MB): peak = 1489.418 ; gain = 0.000
INFO: [Project 1-111] Unisim Transformation Summary:
No Unisim elements were transformed.

Constraint Validation Runtime : Time (s): cpu = 00:00:00 ; elapsed = 00:00:00.006 . Memory (MB): peak = 1489.418 ; gain = 0.000
INFO: [Designutils 20-5440] No compile time benefit to using incremental synthesis; A full resynthesis will be run
INFO: [Designutils 20-4379] Flow is switching to default flow due to incremental criteria not met. If you would like to alter this behaviour and have the flow terminate instead, please set the following parameter config_implementation {autoIncr.Synth.RejectBehavior Terminate}
---------------------------------------------------------------------------------
Finished Constraint Validation : Time (s): cpu = 00:00:14 ; elapsed = 00:00:15 . Memory (MB): peak = 1489.418 ; gain = 646.574
---------------------------------------------------------------------------------
---------------------------------------------------------------------------------
Start Loading Part and Timing Information
---------------------------------------------------------------------------------
Loading part: xc7a35tcpg236-1
---------------------------------------------------------------------------------
Finished Loading Part and Timing Information : Time (s): cpu = 00:00:14 ; elapsed = 00:00:15 . Memory (MB): peak = 1489.418 ; gain = 646.574
---------------------------------------------------------------------------------
---------------------------------------------------------------------------------
Start Applying 'set_property' XDC Constraints
---------------------------------------------------------------------------------
---------------------------------------------------------------------------------
Finished applying 'set_property' XDC Constraints : Time (s): cpu = 00:00:14 ; elapsed = 00:00:15 . Memory (MB): peak = 1489.418 ; gain = 646.574
---------------------------------------------------------------------------------
INFO: [Synth 8-802] inferred FSM for state register 'state_reg' in module 'tic_tac_toe'
---------------------------------------------------------------------------------------------------
                   State |                     New Encoding |                Previous Encoding 
---------------------------------------------------------------------------------------------------
                    Idle |                             0000 |                             0000
                   Start |                             0001 |                             0001
                CELL_0_0 |                             0010 |                             0010
                CELL_2_2 |                             0011 |                             1010
                CELL_2_1 |                             0100 |                             1001
                CELL_2_0 |                             0101 |                             1000
                CELL_1_2 |                             0110 |                             0111
                CELL_1_1 |                             0111 |                             0110
                CELL_1_0 |                             1000 |                             0101
                CELL_0_2 |                             1001 |                             0100
                CELL_0_1 |                             1010 |                             0011
---------------------------------------------------------------------------------------------------
INFO: [Synth 8-3354] encoded FSM with state register 'state_reg' using encoding 'sequential' in module 'tic_tac_toe'
---------------------------------------------------------------------------------
Finished RTL Optimization Phase 2 : Time (s): cpu = 00:00:15 ; elapsed = 00:00:16 . Memory (MB): peak = 1489.418 ; gain = 646.574
---------------------------------------------------------------------------------
---------------------------------------------------------------------------------
Start RTL Component Statistics 
---------------------------------------------------------------------------------
Detailed RTL Component Info : 
+---Adders : 
	   2 Input   32 Bit       Adders := 9     
	   3 Input   32 Bit       Adders := 27    
	   2 Input    5 Bit       Adders := 2     
	   2 Input    2 Bit       Adders := 1     
+---Registers : 
	               32 Bit    Registers := 3     
	                3 Bit    Registers := 2     
	                2 Bit    Registers := 11    
	                1 Bit    Registers := 28    
+---Muxes : 
	   3 Input   32 Bit        Muxes := 1     
	   2 Input    7 Bit        Muxes := 1     
	  10 Input    5 Bit        Muxes := 1     
	   3 Input    4 Bit        Muxes := 1     
	   2 Input    4 Bit        Muxes := 2     
	  10 Input    4 Bit        Muxes := 2     
	   2 Input    3 Bit        Muxes := 101   
	   4 Input    3 Bit        Muxes := 1     
	   3 Input    2 Bit        Muxes := 2     
	   4 Input    2 Bit        Muxes := 1     
	   2 Input    2 Bit        Muxes := 49    
	   2 Input    1 Bit        Muxes := 29    
	   3 Input    1 Bit        Muxes := 11    
---------------------------------------------------------------------------------
Finished RTL Component Statistics 
---------------------------------------------------------------------------------
---------------------------------------------------------------------------------
Start Part Resource Summary
---------------------------------------------------------------------------------
Part Resources:
DSPs: 90 (col length:60)
BRAMs: 100 (col length: RAMB18 60 RAMB36 30)
---------------------------------------------------------------------------------
Finished Part Resource Summary
---------------------------------------------------------------------------------
---------------------------------------------------------------------------------
Start Cross Boundary and Area Optimization
---------------------------------------------------------------------------------
WARNING: [Synth 8-7080] Parallel synthesis criteria is not met
DSP Report: Generating DSP VGA_R4, operation Mode is: A*B.
DSP Report: operator VGA_R4 is absorbed into DSP VGA_R4.
DSP Report: operator VGA_R4 is absorbed into DSP VGA_R4.
DSP Report: Generating DSP VGA_R4, operation Mode is: A*B.
DSP Report: operator VGA_R4 is absorbed into DSP VGA_R4.
DSP Report: operator VGA_R4 is absorbed into DSP VGA_R4.
DSP Report: Generating DSP VGA_R4, operation Mode is: A*B.
DSP Report: operator VGA_R4 is absorbed into DSP VGA_R4.
DSP Report: operator VGA_R4 is absorbed into DSP VGA_R4.
DSP Report: Generating DSP VGA_R4, operation Mode is: (PCIN>>17)+A*B.
DSP Report: operator VGA_R4 is absorbed into DSP VGA_R4.
DSP Report: operator VGA_R4 is absorbed into DSP VGA_R4.
DSP Report: Generating DSP VGA_R4, operation Mode is: A*B.
DSP Report: operator VGA_R4 is absorbed into DSP VGA_R4.
DSP Report: operator VGA_R4 is absorbed into DSP VGA_R4.
DSP Report: Generating DSP VGA_R4, operation Mode is: (PCIN>>17)+A*B.
DSP Report: operator VGA_R4 is absorbed into DSP VGA_R4.
DSP Report: operator VGA_R4 is absorbed into DSP VGA_R4.
DSP Report: Generating DSP VGA_R4, operation Mode is: A*B.
DSP Report: operator VGA_R4 is absorbed into DSP VGA_R4.
DSP Report: operator VGA_R4 is absorbed into DSP VGA_R4.
DSP Report: Generating DSP VGA_R4, operation Mode is: A*B.
DSP Report: operator VGA_R4 is absorbed into DSP VGA_R4.
DSP Report: operator VGA_R4 is absorbed into DSP VGA_R4.
DSP Report: Generating DSP VGA_R4, operation Mode is: (PCIN>>17)+A*B.
DSP Report: operator VGA_R4 is absorbed into DSP VGA_R4.
DSP Report: operator VGA_R4 is absorbed into DSP VGA_R4.
DSP Report: Generating DSP VGA_R4, operation Mode is: A*B.
DSP Report: operator VGA_R4 is absorbed into DSP VGA_R4.
DSP Report: operator VGA_R4 is absorbed into DSP VGA_R4.
DSP Report: Generating DSP VGA_R4, operation Mode is: A*B.
DSP Report: operator VGA_R4 is absorbed into DSP VGA_R4.
DSP Report: operator VGA_R4 is absorbed into DSP VGA_R4.
DSP Report: Generating DSP VGA_R4, operation Mode is: (PCIN>>17)+A*B.
DSP Report: operator VGA_R4 is absorbed into DSP VGA_R4.
DSP Report: operator VGA_R4 is absorbed into DSP VGA_R4.
DSP Report: Generating DSP VGA_R4, operation Mode is: A*B.
DSP Report: operator VGA_R4 is absorbed into DSP VGA_R4.
DSP Report: operator VGA_R4 is absorbed into DSP VGA_R4.
DSP Report: Generating DSP VGA_R4, operation Mode is: A*B.
DSP Report: operator VGA_R4 is absorbed into DSP VGA_R4.
DSP Report: operator VGA_R4 is absorbed into DSP VGA_R4.
DSP Report: Generating DSP VGA_R4, operation Mode is: (PCIN>>17)+A*B.
DSP Report: operator VGA_R4 is absorbed into DSP VGA_R4.
DSP Report: operator VGA_R4 is absorbed into DSP VGA_R4.
DSP Report: Generating DSP VGA_R4, operation Mode is: A*B.
DSP Report: operator VGA_R4 is absorbed into DSP VGA_R4.
DSP Report: operator VGA_R4 is absorbed into DSP VGA_R4.
DSP Report: Generating DSP VGA_R4, operation Mode is: A*B.
DSP Report: operator VGA_R4 is absorbed into DSP VGA_R4.
DSP Report: operator VGA_R4 is absorbed into DSP VGA_R4.
DSP Report: Generating DSP VGA_R4, operation Mode is: (PCIN>>17)+A*B.
DSP Report: operator VGA_R4 is absorbed into DSP VGA_R4.
DSP Report: operator VGA_R4 is absorbed into DSP VGA_R4.
---------------------------------------------------------------------------------
Finished Cross Boundary and Area Optimization : Time (s): cpu = 00:00:22 ; elapsed = 00:00:24 . Memory (MB): peak = 1501.043 ; gain = 658.199
---------------------------------------------------------------------------------
 Sort Area is  VGA_R4_0 : 0 0 : 2701 4456 : Used 1 time 0
 Sort Area is  VGA_R4_0 : 0 1 : 1755 4456 : Used 1 time 0
 Sort Area is  VGA_R4_3 : 0 0 : 2701 4456 : Used 1 time 0
 Sort Area is  VGA_R4_3 : 0 1 : 1755 4456 : Used 1 time 0
 Sort Area is  VGA_R4_7 : 0 0 : 2701 4456 : Used 1 time 0
 Sort Area is  VGA_R4_7 : 0 1 : 1755 4456 : Used 1 time 0
 Sort Area is  VGA_R4_9 : 0 0 : 2701 4456 : Used 1 time 0
 Sort Area is  VGA_R4_9 : 0 1 : 1755 4456 : Used 1 time 0
 Sort Area is  VGA_R4_b : 0 0 : 2701 4456 : Used 1 time 0
 Sort Area is  VGA_R4_b : 0 1 : 1755 4456 : Used 1 time 0
 Sort Area is  VGA_R4_d : 0 0 : 2701 4456 : Used 1 time 0
 Sort Area is  VGA_R4_d : 0 1 : 1755 4456 : Used 1 time 0
 Sort Area is  VGA_R4_4 : 0 0 : 1755 1755 : Used 1 time 0
 Sort Area is  VGA_R4_6 : 0 0 : 1755 1755 : Used 1 time 0
 Sort Area is  VGA_R4_8 : 0 0 : 1755 1755 : Used 1 time 0
 Sort Area is  VGA_R4_a : 0 0 : 1755 1755 : Used 1 time 0
 Sort Area is  VGA_R4_c : 0 0 : 1755 1755 : Used 1 time 0
 Sort Area is  VGA_R4_e : 0 0 : 1755 1755 : Used 1 time 0
---------------------------------------------------------------------------------
Start ROM, RAM, DSP, Shift Register and Retiming Reporting
---------------------------------------------------------------------------------

DSP: Preliminary Mapping Report (see note below. The ' indicates corresponding REG is set)
+------------+----------------+--------+--------+--------+--------+--------+------+------+------+------+-------+------+------+
|Module Name | DSP Mapping    | A Size | B Size | C Size | D Size | P Size | AREG | BREG | CREG | DREG | ADREG | MREG | PREG | 
+------------+----------------+--------+--------+--------+--------+--------+------+------+------+------+-------+------+------+
|tic_tac_toe | A*B            | 15     | 15     | -      | -      | 15     | 0    | 0    | -    | -    | -     | 0    | 0    | 
|tic_tac_toe | A*B            | 15     | 15     | -      | -      | 15     | 0    | 0    | -    | -    | -     | 0    | 0    | 
|tic_tac_toe | A*B            | 18     | 18     | -      | -      | 48     | 0    | 0    | -    | -    | -     | 0    | 0    | 
|tic_tac_toe | (PCIN>>17)+A*B | 15     | 15     | -      | -      | 15     | 0    | 0    | -    | -    | -     | 0    | 0    | 
|tic_tac_toe | A*B            | 18     | 18     | -      | -      | 48     | 0    | 0    | -    | -    | -     | 0    | 0    | 
|tic_tac_toe | (PCIN>>17)+A*B | 15     | 15     | -      | -      | 15     | 0    | 0    | -    | -    | -     | 0    | 0    | 
|tic_tac_toe | A*B            | 15     | 15     | -      | -      | 15     | 0    | 0    | -    | -    | -     | 0    | 0    | 
|tic_tac_toe | A*B            | 18     | 18     | -      | -      | 48     | 0    | 0    | -    | -    | -     | 0    | 0    | 
|tic_tac_toe | (PCIN>>17)+A*B | 15     | 15     | -      | -      | 15     | 0    | 0    | -    | -    | -     | 0    | 0    | 
|tic_tac_toe | A*B            | 15     | 15     | -      | -      | 15     | 0    | 0    | -    | -    | -     | 0    | 0    | 
|tic_tac_toe | A*B            | 18     | 18     | -      | -      | 48     | 0    | 0    | -    | -    | -     | 0    | 0    | 
|tic_tac_toe | (PCIN>>17)+A*B | 15     | 15     | -      | -      | 15     | 0    | 0    | -    | -    | -     | 0    | 0    | 
|tic_tac_toe | A*B            | 15     | 15     | -      | -      | 15     | 0    | 0    | -    | -    | -     | 0    | 0    | 
|tic_tac_toe | A*B            | 18     | 18     | -      | -      | 48     | 0    | 0    | -    | -    | -     | 0    | 0    | 
|tic_tac_toe | (PCIN>>17)+A*B | 15     | 15     | -      | -      | 15     | 0    | 0    | -    | -    | -     | 0    | 0    | 
|tic_tac_toe | A*B            | 15     | 15     | -      | -      | 15     | 0    | 0    | -    | -    | -     | 0    | 0    | 
|tic_tac_toe | A*B            | 18     | 18     | -      | -      | 48     | 0    | 0    | -    | -    | -     | 0    | 0    | 
|tic_tac_toe | (PCIN>>17)+A*B | 15     | 15     | -      | -      | 15     | 0    | 0    | -    | -    | -     | 0    | 0    | 
+------------+----------------+--------+--------+--------+--------+--------+------+------+------+------+-------+------+------+

Note: The table above is a preliminary report that shows the DSPs inferred at the current stage of the synthesis flow. Some DSP may be reimplemented as non DSP primitives later in the synthesis flow. Multiple instantiated DSPs are reported only once.
---------------------------------------------------------------------------------
Finished ROM, RAM, DSP, Shift Register and Retiming Reporting
---------------------------------------------------------------------------------
---------------------------------------------------------------------------------
Start Applying XDC Timing Constraints
---------------------------------------------------------------------------------
---------------------------------------------------------------------------------
Finished Applying XDC Timing Constraints : Time (s): cpu = 00:00:30 ; elapsed = 00:00:31 . Memory (MB): peak = 1664.523 ; gain = 821.680
---------------------------------------------------------------------------------
---------------------------------------------------------------------------------
Start Timing Optimization
---------------------------------------------------------------------------------
---------------------------------------------------------------------------------
Finished Timing Optimization : Time (s): cpu = 00:00:30 ; elapsed = 00:00:32 . Memory (MB): peak = 1685.574 ; gain = 842.730
---------------------------------------------------------------------------------
---------------------------------------------------------------------------------
Start Technology Mapping
---------------------------------------------------------------------------------
---------------------------------------------------------------------------------
Finished Technology Mapping : Time (s): cpu = 00:00:31 ; elapsed = 00:00:33 . Memory (MB): peak = 1696.148 ; gain = 853.305
---------------------------------------------------------------------------------
---------------------------------------------------------------------------------
Start IO Insertion
---------------------------------------------------------------------------------
---------------------------------------------------------------------------------
Start Flattening Before IO Insertion
---------------------------------------------------------------------------------
---------------------------------------------------------------------------------
Finished Flattening Before IO Insertion
---------------------------------------------------------------------------------
---------------------------------------------------------------------------------
Start Final Netlist Cleanup
---------------------------------------------------------------------------------
---------------------------------------------------------------------------------
Finished Final Netlist Cleanup
---------------------------------------------------------------------------------
---------------------------------------------------------------------------------
Finished IO Insertion : Time (s): cpu = 00:00:35 ; elapsed = 00:00:36 . Memory (MB): peak = 1895.297 ; gain = 1052.453
---------------------------------------------------------------------------------
---------------------------------------------------------------------------------
Start Renaming Generated Instances
---------------------------------------------------------------------------------
---------------------------------------------------------------------------------
Finished Renaming Generated Instances : Time (s): cpu = 00:00:35 ; elapsed = 00:00:36 . Memory (MB): peak = 1895.297 ; gain = 1052.453
---------------------------------------------------------------------------------
---------------------------------------------------------------------------------
Start Rebuilding User Hierarchy
---------------------------------------------------------------------------------
---------------------------------------------------------------------------------
Finished Rebuilding User Hierarchy : Time (s): cpu = 00:00:35 ; elapsed = 00:00:37 . Memory (MB): peak = 1895.297 ; gain = 1052.453
---------------------------------------------------------------------------------
---------------------------------------------------------------------------------
Start Renaming Generated Ports
---------------------------------------------------------------------------------
---------------------------------------------------------------------------------
Finished Renaming Generated Ports : Time (s): cpu = 00:00:35 ; elapsed = 00:00:37 . Memory (MB): peak = 1895.297 ; gain = 1052.453
---------------------------------------------------------------------------------
---------------------------------------------------------------------------------
Start Handling Custom Attributes
---------------------------------------------------------------------------------
---------------------------------------------------------------------------------
Finished Handling Custom Attributes : Time (s): cpu = 00:00:35 ; elapsed = 00:00:37 . Memory (MB): peak = 1895.297 ; gain = 1052.453
---------------------------------------------------------------------------------
---------------------------------------------------------------------------------
Start Renaming Generated Nets
---------------------------------------------------------------------------------
---------------------------------------------------------------------------------
Finished Renaming Generated Nets : Time (s): cpu = 00:00:35 ; elapsed = 00:00:37 . Memory (MB): peak = 1895.297 ; gain = 1052.453
---------------------------------------------------------------------------------
---------------------------------------------------------------------------------
Start Writing Synthesis Report
---------------------------------------------------------------------------------

DSP Final Report (the ' indicates corresponding REG is set)
+------------+--------------+--------+--------+--------+--------+--------+------+------+------+------+-------+------+------+
|Module Name | DSP Mapping  | A Size | B Size | C Size | D Size | P Size | AREG | BREG | CREG | DREG | ADREG | MREG | PREG | 
+------------+--------------+--------+--------+--------+--------+--------+------+------+------+------+-------+------+------+
|tic_tac_toe | A*B          | 30     | 18     | -      | -      | 15     | 0    | 0    | -    | -    | -     | 0    | 0    | 
|tic_tac_toe | A*B          | 30     | 18     | -      | -      | 15     | 0    | 0    | -    | -    | -     | 0    | 0    | 
|tic_tac_toe | A*B          | 17     | 17     | -      | -      | 48     | 0    | 0    | -    | -    | -     | 0    | 0    | 
|tic_tac_toe | PCIN>>17+A*B | 30     | 18     | -      | -      | 15     | 0    | 0    | -    | -    | -     | 0    | 0    | 
|tic_tac_toe | A*B          | 17     | 17     | -      | -      | 48     | 0    | 0    | -    | -    | -     | 0    | 0    | 
|tic_tac_toe | PCIN>>17+A*B | 30     | 18     | -      | -      | 15     | 0    | 0    | -    | -    | -     | 0    | 0    | 
|tic_tac_toe | A*B          | 30     | 18     | -      | -      | 15     | 0    | 0    | -    | -    | -     | 0    | 0    | 
|tic_tac_toe | A*B          | 17     | 17     | -      | -      | 48     | 0    | 0    | -    | -    | -     | 0    | 0    | 
|tic_tac_toe | PCIN>>17+A*B | 30     | 18     | -      | -      | 15     | 0    | 0    | -    | -    | -     | 0    | 0    | 
|tic_tac_toe | A*B          | 30     | 18     | -      | -      | 15     | 0    | 0    | -    | -    | -     | 0    | 0    | 
|tic_tac_toe | A*B          | 17     | 17     | -      | -      | 48     | 0    | 0    | -    | -    | -     | 0    | 0    | 
|tic_tac_toe | PCIN>>17+A*B | 30     | 18     | -      | -      | 15     | 0    | 0    | -    | -    | -     | 0    | 0    | 
|tic_tac_toe | A*B          | 30     | 18     | -      | -      | 15     | 0    | 0    | -    | -    | -     | 0    | 0    | 
|tic_tac_toe | A*B          | 17     | 17     | -      | -      | 48     | 0    | 0    | -    | -    | -     | 0    | 0    | 
|tic_tac_toe | PCIN>>17+A*B | 30     | 18     | -      | -      | 15     | 0    | 0    | -    | -    | -     | 0    | 0    | 
|tic_tac_toe | A*B          | 30     | 18     | -      | -      | 15     | 0    | 0    | -    | -    | -     | 0    | 0    | 
|tic_tac_toe | A*B          | 17     | 17     | -      | -      | 48     | 0    | 0    | -    | -    | -     | 0    | 0    | 
|tic_tac_toe | PCIN>>17+A*B | 30     | 18     | -      | -      | 15     | 0    | 0    | -    | -    | -     | 0    | 0    | 
+------------+--------------+--------+--------+--------+--------+--------+------+------+------+------+-------+------+------+


Report BlackBoxes: 
+-+--------------+----------+
| |BlackBox name |Instances |
+-+--------------+----------+
+-+--------------+----------+

Report Cell Usage: 
+------+--------+------+
|      |Cell    |Count |
+------+--------+------+
|1     |BUFG    |     2|
|2     |CARRY4  |   728|
|3     |DSP48E1 |    18|
|4     |LUT1    |   255|
|5     |LUT2    |  2863|
|6     |LUT3    |   221|
|7     |LUT4    |   674|
|8     |LUT5    |    40|
|9     |LUT6    |   123|
|10    |FDCE    |   129|
|11    |FDPE    |     2|
|12    |FDRE    |   214|
|13    |FDSE    |     2|
|14    |IBUF    |     7|
|15    |OBUF    |    10|
+------+--------+------+
---------------------------------------------------------------------------------
Finished Writing Synthesis Report : Time (s): cpu = 00:00:35 ; elapsed = 00:00:37 . Memory (MB): peak = 1895.297 ; gain = 1052.453
---------------------------------------------------------------------------------
Synthesis finished with 0 errors, 0 critical warnings and 1 warnings.
Synthesis Optimization Runtime : Time (s): cpu = 00:00:27 ; elapsed = 00:00:35 . Memory (MB): peak = 1895.297 ; gain = 993.273
Synthesis Optimization Complete : Time (s): cpu = 00:00:35 ; elapsed = 00:00:37 . Memory (MB): peak = 1895.297 ; gain = 1052.453
INFO: [Project 1-571] Translating synthesized netlist
Netlist sorting complete. Time (s): cpu = 00:00:00 ; elapsed = 00:00:00.037 . Memory (MB): peak = 1904.445 ; gain = 0.000
INFO: [Netlist 29-17] Analyzing 746 Unisim elements for replacement
INFO: [Netlist 29-28] Unisim Transformation completed in 0 CPU seconds
WARNING: [Netlist 29-101] Netlist 'tic_tac_toe' is not ideal for floorplanning, since the cellview 'vga_controller' contains a large number of primitives.  Please consider enabling hierarchy in synthesis if you want to do floorplanning.
INFO: [Project 1-570] Preparing netlist for logic optimization
INFO: [Opt 31-138] Pushed 0 inverter(s) to 0 load pin(s).
Netlist sorting complete. Time (s): cpu = 00:00:00 ; elapsed = 00:00:00.001 . Memory (MB): peak = 1908.145 ; gain = 0.000
INFO: [Project 1-111] Unisim Transformation Summary:
No Unisim elements were transformed.

Synth Design complete | Checksum: ec065864
INFO: [Common 17-83] Releasing license: Synthesis
29 Infos, 7 Warnings, 0 Critical Warnings and 0 Errors encountered.
synth_design completed successfully
synth_design: Time (s): cpu = 00:00:40 ; elapsed = 00:00:43 . Memory (MB): peak = 1908.145 ; gain = 1246.754
Write ShapeDB Complete: Time (s): cpu = 00:00:00 ; elapsed = 00:00:00.017 . Memory (MB): peak = 1908.145 ; gain = 0.000
INFO: [Common 17-1381] The checkpoint 'C:/vivado_pj/vga_pj/vga_pj.runs/synth_1/tic_tac_toe.dcp' has been generated.
INFO: [Vivado 12-24828] Executing command : report_utilization -file tic_tac_toe_utilization_synth.rpt -pb tic_tac_toe_utilization_synth.pb
INFO: [Common 17-206] Exiting Vivado at Sat Apr 25 22:24:29 2026...
