INFO: [VRFC 10-2263] Analyzing SystemVerilog file "C:/Users/Administrator/hand_shake/hand_shake.srcs/sources_1/new/hand_shake.sv" into library xil_defaultlib
INFO: [VRFC 10-311] analyzing module hand_shake
WARNING: [VRFC 10-9336] redeclaration of ANSI port 'm_state' is not allowed [C:/Users/Administrator/hand_shake/hand_shake.srcs/sources_1/new/hand_shake.sv:18]
WARNING: [VRFC 10-9578] illegal assignment to variable input port 'm_data' [C:/Users/Administrator/hand_shake/hand_shake.srcs/sources_1/new/hand_shake.sv:26]
WARNING: [VRFC 10-9578] illegal assignment to variable input port 'm_validout' [C:/Users/Administrator/hand_shake/hand_shake.srcs/sources_1/new/hand_shake.sv:27]
WARNING: [VRFC 10-9578] illegal assignment to variable input port 'm_data' [C:/Users/Administrator/hand_shake/hand_shake.srcs/sources_1/new/hand_shake.sv:34]
WARNING: [VRFC 10-9578] illegal assignment to variable input port 'm_validout' [C:/Users/Administrator/hand_shake/hand_shake.srcs/sources_1/new/hand_shake.sv:35]
WARNING: [VRFC 10-9578] illegal assignment to variable input port 'm_state' [C:/Users/Administrator/hand_shake/hand_shake.srcs/sources_1/new/hand_shake.sv:36]
WARNING: [VRFC 10-9578] illegal assignment to variable input port 'm_state' [C:/Users/Administrator/hand_shake/hand_shake.srcs/sources_1/new/hand_shake.sv:43]
WARNING: [VRFC 10-9578] illegal assignment to variable input port 'm_validout' [C:/Users/Administrator/hand_shake/hand_shake.srcs/sources_1/new/hand_shake.sv:44]
WARNING: [VRFC 10-9578] illegal assignment to variable input port 'm_state' [C:/Users/Administrator/hand_shake/hand_shake.srcs/sources_1/new/hand_shake.sv:47]
WARNING: [VRFC 10-9578] illegal assignment to variable input port 's_data' [C:/Users/Administrator/hand_shake/hand_shake.srcs/sources_1/new/hand_shake.sv:59]
WARNING: [VRFC 10-9578] illegal assignment to variable input port 's_readyout' [C:/Users/Administrator/hand_shake/hand_shake.srcs/sources_1/new/hand_shake.sv:60]
WARNING: [VRFC 10-9578] illegal assignment to variable input port 's_readyout' [C:/Users/Administrator/hand_shake/hand_shake.srcs/sources_1/new/hand_shake.sv:67]
WARNING: [VRFC 10-9578] illegal assignment to variable input port 's_state' [C:/Users/Administrator/hand_shake/hand_shake.srcs/sources_1/new/hand_shake.sv:70]
WARNING: [VRFC 10-9578] illegal assignment to variable input port 's_readyout' [C:/Users/Administrator/hand_shake/hand_shake.srcs/sources_1/new/hand_shake.sv:71]
WARNING: [VRFC 10-9578] illegal assignment to variable input port 's_data' [C:/Users/Administrator/hand_shake/hand_shake.srcs/sources_1/new/hand_shake.sv:72]
WARNING: [VRFC 10-9578] illegal assignment to variable input port 's_state' [C:/Users/Administrator/hand_shake/hand_shake.srcs/sources_1/new/hand_shake.sv:75]
WARNING: [VRFC 10-9578] illegal assignment to variable input port 's_state' [C:/Users/Administrator/hand_shake/hand_shake.srcs/sources_1/new/hand_shake.sv:79]
WARNING: [VRFC 10-9578] illegal assignment to variable input port 's_readyout' [C:/Users/Administrator/hand_shake/hand_shake.srcs/sources_1/new/hand_shake.sv:80]
INFO: [VRFC 10-2263] Analyzing Verilog file "C:/Users/Administrator/hand_shake/hand_shake.srcs/sim_1/new/hand_shake_tb.v" into library xil_defaultlib
INFO: [VRFC 10-311] analyzing module hand_shake_tb
INFO: [VRFC 10-2263] Analyzing Verilog file "C:/Users/Administrator/hand_shake/hand_shake.sim/sim_1/behav/xsim/glbl.v" into library xil_defaultlib
INFO: [VRFC 10-311] analyzing module glbl
