Copyright 1986-2022 Xilinx, Inc. All Rights Reserved. Copyright 2022-2023 Advanced Micro Devices, Inc. All Rights Reserved.
---------------------------------------------------------------------------------------------------------------------------------------------
| Tool Version : Vivado v.2023.2 (win64) Build 4029153 Fri Oct 13 20:14:34 MDT 2023
| Date         : Wed May 13 16:52:11 2026
| Host         : SAT05 running 64-bit major release  (build 9200)
| Command      : report_control_sets -verbose -file uart_controller_control_sets_placed.rpt
| Design       : uart_controller
| Device       : xc7a35t
---------------------------------------------------------------------------------------------------------------------------------------------

Control Set Information

Table of Contents
-----------------
1. Summary
2. Histogram
3. Flip-Flop Distribution
4. Detailed Control Set Information

1. Summary
----------

+----------------------------------------------------------+-------+
|                          Status                          | Count |
+----------------------------------------------------------+-------+
| Total control sets                                       |     9 |
|    Minimum number of control sets                        |     9 |
|    Addition due to synthesis replication                 |     0 |
|    Addition due to physical synthesis replication        |     0 |
| Unused register locations in slices containing registers |    34 |
+----------------------------------------------------------+-------+
* Control sets can be merged at opt_design using control_set_merge or merge_equivalent_drivers
** Run report_qor_suggestions for automated merging and remapping suggestions


2. Histogram
------------

+--------------------+-------+
|       Fanout       | Count |
+--------------------+-------+
| Total control sets |     9 |
| >= 0 to < 4        |     3 |
| >= 4 to < 6        |     3 |
| >= 6 to < 8        |     0 |
| >= 8 to < 10       |     2 |
| >= 10 to < 12      |     0 |
| >= 12 to < 14      |     0 |
| >= 14 to < 16      |     0 |
| >= 16              |     1 |
+--------------------+-------+
* Control sets can be remapped at either synth_design or opt_design


3. Flip-Flop Distribution
-------------------------

+--------------+-----------------------+------------------------+-----------------+--------------+
| Clock Enable | Synchronous Set/Reset | Asynchronous Set/Reset | Total Registers | Total Slices |
+--------------+-----------------------+------------------------+-----------------+--------------+
| No           | No                    | No                     |               5 |            2 |
| No           | No                    | Yes                    |              54 |           17 |
| No           | Yes                   | No                     |               0 |            0 |
| Yes          | No                    | No                     |              16 |            4 |
| Yes          | No                    | Yes                    |              11 |            5 |
| Yes          | Yes                   | No                     |               0 |            0 |
+--------------+-----------------------+------------------------+-----------------+--------------+


4. Detailed Control Set Information
-----------------------------------

+-----------------+-----------------------------------------------------------------------------------------------+------------------+------------------+----------------+--------------+
|   Clock Signal  |                                         Enable Signal                                         | Set/Reset Signal | Slice Load Count | Bel Load Count | Bels / Slice |
+-----------------+-----------------------------------------------------------------------------------------------+------------------+------------------+----------------+--------------+
|  mclk_IBUF_BUFG | uart_tx/txd0                                                                                  | uart_rx/reset    |                1 |              1 |         1.00 |
|  mclk_IBUF_BUFG | uart_rx/parity_err_i_1_n_0                                                                    | uart_rx/reset    |                1 |              1 |         1.00 |
|  mclk_IBUF_BUFG | uart_rx/frame_err_i_1_n_0                                                                     | uart_rx/reset    |                1 |              1 |         1.00 |
|  mclk_IBUF_BUFG | uart_tx/cnt2[3]_i_1_n_0                                                                       | uart_rx/reset    |                1 |              4 |         4.00 |
|  mclk_IBUF_BUFG | uart_rx/cnt2[3]_i_1__0_n_0                                                                    | uart_rx/reset    |                1 |              4 |         4.00 |
|  mclk_IBUF_BUFG |                                                                                               |                  |                2 |              5 |         2.50 |
|  mclk_IBUF_BUFG | uart_rx/rxd_fifo/U0/inst_fifo_gen/gconvfifo.rf/grf.rf/gntv_or_sync_fifo.gl0.rd/grss.rsts/E[0] |                  |                2 |              8 |         4.00 |
|  mclk_IBUF_BUFG | uart_rx/rxd_fifo/U0/inst_fifo_gen/gconvfifo.rf/grf.rf/gntv_or_sync_fifo.gl0.wr/gwss.wsts/E[0] |                  |                2 |              8 |         4.00 |
|  mclk_IBUF_BUFG |                                                                                               | uart_rx/reset    |               17 |             54 |         3.18 |
+-----------------+-----------------------------------------------------------------------------------------------+------------------+------------------+----------------+--------------+


