Copyright 1986-2022 Xilinx, Inc. All Rights Reserved. Copyright 2022-2023 Advanced Micro Devices, Inc. All Rights Reserved.
------------------------------------------------------------------------------------------------------------------------------------------------------------------------------------------------------------------------------------------
| Tool Version : Vivado v.2023.2 (win64) Build 4029153 Fri Oct 13 20:14:34 MDT 2023
| Date         : Wed May 13 16:52:45 2026
| Host         : SAT05 running 64-bit major release  (build 9200)
| Command      : report_timing_summary -max_paths 10 -report_unconstrained -file uart_controller_timing_summary_routed.rpt -pb uart_controller_timing_summary_routed.pb -rpx uart_controller_timing_summary_routed.rpx -warn_on_violation
| Design       : uart_controller
| Device       : 7a35t-cpg236
| Speed File   : -1  PRODUCTION 1.23 2018-06-13
| Design State : Routed
------------------------------------------------------------------------------------------------------------------------------------------------------------------------------------------------------------------------------------------

Timing Summary Report

------------------------------------------------------------------------------------------------
| Timer Settings
| --------------
------------------------------------------------------------------------------------------------

  Enable Multi Corner Analysis               :  Yes
  Enable Pessimism Removal                   :  Yes
  Pessimism Removal Resolution               :  Nearest Common Node
  Enable Input Delay Default Clock           :  No
  Enable Preset / Clear Arcs                 :  No
  Disable Flight Delays                      :  No
  Ignore I/O Paths                           :  No
  Timing Early Launch at Borrowing Latches   :  No
  Borrow Time for Max Delay Exceptions       :  Yes
  Merge Timing Exceptions                    :  Yes
  Inter-SLR Compensation                     :  Conservative

  Corner  Analyze    Analyze    
  Name    Max Paths  Min Paths  
  ------  ---------  ---------  
  Slow    Yes        Yes        
  Fast    Yes        Yes        


------------------------------------------------------------------------------------------------
| Report Methodology
| ------------------
------------------------------------------------------------------------------------------------

Rule       Severity          Description                  Violations  
---------  ----------------  ---------------------------  ----------  
TIMING-17  Critical Warning  Non-clocked sequential cell  88          

Note: This report is based on the most recent report_methodology run and may not be up-to-date. Run report_methodology on the current design for the latest report.



check_timing report

Table of Contents
-----------------
1. checking no_clock (88)
2. checking constant_clock (0)
3. checking pulse_width_clock (0)
4. checking unconstrained_internal_endpoints (200)
5. checking no_input_delay (31)
6. checking no_output_delay (14)
7. checking multiple_clock (0)
8. checking generated_clocks (0)
9. checking loops (0)
10. checking partial_input_delay (0)
11. checking partial_output_delay (0)
12. checking latch_loops (0)

1. checking no_clock (88)
-------------------------
 There are 88 register/latch pins with no clock driven by root clock pin: mclk (HIGH)


2. checking constant_clock (0)
------------------------------
 There are 0 register/latch pins with constant_clock.


3. checking pulse_width_clock (0)
---------------------------------
 There are 0 register/latch pins which need pulse_width check


4. checking unconstrained_internal_endpoints (200)
--------------------------------------------------
 There are 200 pins that are not constrained for maximum delay. (HIGH)

 There are 0 pins that are not constrained for maximum delay due to constant clock.


5. checking no_input_delay (31)
-------------------------------
 There are 31 input ports with no input delay specified. (HIGH)

 There are 0 input ports with no input delay but user has a false path constraint.


6. checking no_output_delay (14)
--------------------------------
 There are 14 ports with no output delay specified. (HIGH)

 There are 0 ports with no output delay but user has a false path constraint

 There are 0 ports with no output delay but with a timing clock defined on it or propagating through it


7. checking multiple_clock (0)
------------------------------
 There are 0 register/latch pins with multiple clocks.


8. checking generated_clocks (0)
--------------------------------
 There are 0 generated clocks that are not connected to a clock source.


9. checking loops (0)
---------------------
 There are 0 combinational loops in the design.


10. checking partial_input_delay (0)
------------------------------------
 There are 0 input ports with partial input delay specified.


11. checking partial_output_delay (0)
-------------------------------------
 There are 0 ports with partial output delay specified.


12. checking latch_loops (0)
----------------------------
 There are 0 combinational latch loops in the design through latch input



------------------------------------------------------------------------------------------------
| Design Timing Summary
| ---------------------
------------------------------------------------------------------------------------------------

    WNS(ns)      TNS(ns)  TNS Failing Endpoints  TNS Total Endpoints      WHS(ns)      THS(ns)  THS Failing Endpoints  THS Total Endpoints     WPWS(ns)     TPWS(ns)  TPWS Failing Endpoints  TPWS Total Endpoints  
    -------      -------  ---------------------  -------------------      -------      -------  ---------------------  -------------------     --------     --------  ----------------------  --------------------  
        inf        0.000                      0                  214          inf        0.000                      0                  214           NA           NA                      NA                    NA  


There are no user specified timing constraints.


------------------------------------------------------------------------------------------------
| Clock Summary
| -------------
------------------------------------------------------------------------------------------------


------------------------------------------------------------------------------------------------
| Intra Clock Table
| -----------------
------------------------------------------------------------------------------------------------

Clock             WNS(ns)      TNS(ns)  TNS Failing Endpoints  TNS Total Endpoints      WHS(ns)      THS(ns)  THS Failing Endpoints  THS Total Endpoints     WPWS(ns)     TPWS(ns)  TPWS Failing Endpoints  TPWS Total Endpoints  
-----             -------      -------  ---------------------  -------------------      -------      -------  ---------------------  -------------------     --------     --------  ----------------------  --------------------  


------------------------------------------------------------------------------------------------
| Inter Clock Table
| -----------------
------------------------------------------------------------------------------------------------

From Clock    To Clock          WNS(ns)      TNS(ns)  TNS Failing Endpoints  TNS Total Endpoints      WHS(ns)      THS(ns)  THS Failing Endpoints  THS Total Endpoints  
----------    --------          -------      -------  ---------------------  -------------------      -------      -------  ---------------------  -------------------  


------------------------------------------------------------------------------------------------
| Other Path Groups Table
| -----------------------
------------------------------------------------------------------------------------------------

Path Group    From Clock    To Clock          WNS(ns)      TNS(ns)  TNS Failing Endpoints  TNS Total Endpoints      WHS(ns)      THS(ns)  THS Failing Endpoints  THS Total Endpoints  
----------    ----------    --------          -------      -------  ---------------------  -------------------      -------      -------  ---------------------  -------------------  


------------------------------------------------------------------------------------------------
| User Ignored Path Table
| -----------------------
------------------------------------------------------------------------------------------------

Path Group    From Clock    To Clock    
----------    ----------    --------    


------------------------------------------------------------------------------------------------
| Unconstrained Path Table
| ------------------------
------------------------------------------------------------------------------------------------

Path Group    From Clock    To Clock    
----------    ----------    --------    
(none)                                    


------------------------------------------------------------------------------------------------
| Timing Details
| --------------
------------------------------------------------------------------------------------------------


--------------------------------------------------------------------------------------
Path Group:  (none)
From Clock:  
  To Clock:  

Max Delay           214 Endpoints
Min Delay           214 Endpoints
--------------------------------------------------------------------------------------


Max Delay Paths
--------------------------------------------------------------------------------------
Slack:                    inf
  Source:                 uart_rx/rxd_fifo/U0/inst_fifo_gen/gconvfifo.rf/grf.rf/gntv_or_sync_fifo.mem/gbm.gbmg.gbmga.ngecc.bmg/inst_blk_mem_gen/gnbram.gnativebmg.native_blk_mem_gen/valid.cstr/ramloop[0].ram.r/prim_noinit.ram/DEVICE_7SERIES.NO_BMM_INFO.SDP.WIDE_PRIM18.ram/CLKARDCLK
                            (rising edge-triggered cell RAMB18E1)
  Destination:            rdata[7]
                            (output port)
  Path Group:             (none)
  Path Type:              Max at Slow Process Corner
  Data Path Delay:        7.452ns  (logic 5.076ns (68.115%)  route 2.376ns (31.885%))
  Logic Levels:           2  (OBUF=1 RAMB18E1=1)

    Location             Delay type                Incr(ns)  Path(ns)    Netlist Resource(s)
  -------------------------------------------------------------------    -------------------
    RAMB18_X0Y12         RAMB18E1                     0.000     0.000 r  uart_rx/rxd_fifo/U0/inst_fifo_gen/gconvfifo.rf/grf.rf/gntv_or_sync_fifo.mem/gbm.gbmg.gbmga.ngecc.bmg/inst_blk_mem_gen/gnbram.gnativebmg.native_blk_mem_gen/valid.cstr/ramloop[0].ram.r/prim_noinit.ram/DEVICE_7SERIES.NO_BMM_INFO.SDP.WIDE_PRIM18.ram/CLKARDCLK
    RAMB18_X0Y12         RAMB18E1 (Prop_ramb18e1_CLKARDCLK_DOBDO[9])
                                                      2.454     2.454 r  uart_rx/rxd_fifo/U0/inst_fifo_gen/gconvfifo.rf/grf.rf/gntv_or_sync_fifo.mem/gbm.gbmg.gbmga.ngecc.bmg/inst_blk_mem_gen/gnbram.gnativebmg.native_blk_mem_gen/valid.cstr/ramloop[0].ram.r/prim_noinit.ram/DEVICE_7SERIES.NO_BMM_INFO.SDP.WIDE_PRIM18.ram/DOBDO[9]
                         net (fo=1, routed)           2.376     4.830    rdata_OBUF[7]
    G17                  OBUF (Prop_obuf_I_O)         2.622     7.452 r  rdata_OBUF[7]_inst/O
                         net (fo=0)                   0.000     7.452    rdata[7]
    G17                                                               r  rdata[7] (OUT)
  -------------------------------------------------------------------    -------------------

Slack:                    inf
  Source:                 uart_rx/rxd_fifo/U0/inst_fifo_gen/gconvfifo.rf/grf.rf/gntv_or_sync_fifo.mem/gbm.gbmg.gbmga.ngecc.bmg/inst_blk_mem_gen/gnbram.gnativebmg.native_blk_mem_gen/valid.cstr/ramloop[0].ram.r/prim_noinit.ram/DEVICE_7SERIES.NO_BMM_INFO.SDP.WIDE_PRIM18.ram/CLKARDCLK
                            (rising edge-triggered cell RAMB18E1)
  Destination:            rdata[5]
                            (output port)
  Path Group:             (none)
  Path Type:              Max at Slow Process Corner
  Data Path Delay:        7.421ns  (logic 5.071ns (68.333%)  route 2.350ns (31.667%))
  Logic Levels:           2  (OBUF=1 RAMB18E1=1)

    Location             Delay type                Incr(ns)  Path(ns)    Netlist Resource(s)
  -------------------------------------------------------------------    -------------------
    RAMB18_X0Y12         RAMB18E1                     0.000     0.000 r  uart_rx/rxd_fifo/U0/inst_fifo_gen/gconvfifo.rf/grf.rf/gntv_or_sync_fifo.mem/gbm.gbmg.gbmga.ngecc.bmg/inst_blk_mem_gen/gnbram.gnativebmg.native_blk_mem_gen/valid.cstr/ramloop[0].ram.r/prim_noinit.ram/DEVICE_7SERIES.NO_BMM_INFO.SDP.WIDE_PRIM18.ram/CLKARDCLK
    RAMB18_X0Y12         RAMB18E1 (Prop_ramb18e1_CLKARDCLK_DOBDO[1])
                                                      2.454     2.454 r  uart_rx/rxd_fifo/U0/inst_fifo_gen/gconvfifo.rf/grf.rf/gntv_or_sync_fifo.mem/gbm.gbmg.gbmga.ngecc.bmg/inst_blk_mem_gen/gnbram.gnativebmg.native_blk_mem_gen/valid.cstr/ramloop[0].ram.r/prim_noinit.ram/DEVICE_7SERIES.NO_BMM_INFO.SDP.WIDE_PRIM18.ram/DOBDO[1]
                         net (fo=1, routed)           2.350     4.804    rdata_OBUF[5]
    J19                  OBUF (Prop_obuf_I_O)         2.617     7.421 r  rdata_OBUF[5]_inst/O
                         net (fo=0)                   0.000     7.421    rdata[5]
    J19                                                               r  rdata[5] (OUT)
  -------------------------------------------------------------------    -------------------

Slack:                    inf
  Source:                 uart_rx/rxd_fifo/U0/inst_fifo_gen/gconvfifo.rf/grf.rf/gntv_or_sync_fifo.mem/gbm.gbmg.gbmga.ngecc.bmg/inst_blk_mem_gen/gnbram.gnativebmg.native_blk_mem_gen/valid.cstr/ramloop[0].ram.r/prim_noinit.ram/DEVICE_7SERIES.NO_BMM_INFO.SDP.WIDE_PRIM18.ram/CLKARDCLK
                            (rising edge-triggered cell RAMB18E1)
  Destination:            rdata[6]
                            (output port)
  Path Group:             (none)
  Path Type:              Max at Slow Process Corner
  Data Path Delay:        7.419ns  (logic 5.057ns (68.164%)  route 2.362ns (31.836%))
  Logic Levels:           2  (OBUF=1 RAMB18E1=1)

    Location             Delay type                Incr(ns)  Path(ns)    Netlist Resource(s)
  -------------------------------------------------------------------    -------------------
    RAMB18_X0Y12         RAMB18E1                     0.000     0.000 r  uart_rx/rxd_fifo/U0/inst_fifo_gen/gconvfifo.rf/grf.rf/gntv_or_sync_fifo.mem/gbm.gbmg.gbmga.ngecc.bmg/inst_blk_mem_gen/gnbram.gnativebmg.native_blk_mem_gen/valid.cstr/ramloop[0].ram.r/prim_noinit.ram/DEVICE_7SERIES.NO_BMM_INFO.SDP.WIDE_PRIM18.ram/CLKARDCLK
    RAMB18_X0Y12         RAMB18E1 (Prop_ramb18e1_CLKARDCLK_DOBDO[8])
                                                      2.454     2.454 r  uart_rx/rxd_fifo/U0/inst_fifo_gen/gconvfifo.rf/grf.rf/gntv_or_sync_fifo.mem/gbm.gbmg.gbmga.ngecc.bmg/inst_blk_mem_gen/gnbram.gnativebmg.native_blk_mem_gen/valid.cstr/ramloop[0].ram.r/prim_noinit.ram/DEVICE_7SERIES.NO_BMM_INFO.SDP.WIDE_PRIM18.ram/DOBDO[8]
                         net (fo=1, routed)           2.362     4.816    rdata_OBUF[6]
    K19                  OBUF (Prop_obuf_I_O)         2.603     7.419 r  rdata_OBUF[6]_inst/O
                         net (fo=0)                   0.000     7.419    rdata[6]
    K19                                                               r  rdata[6] (OUT)
  -------------------------------------------------------------------    -------------------

Slack:                    inf
  Source:                 uart_rx/rxd_fifo/U0/inst_fifo_gen/gconvfifo.rf/grf.rf/gntv_or_sync_fifo.mem/gbm.gbmg.gbmga.ngecc.bmg/inst_blk_mem_gen/gnbram.gnativebmg.native_blk_mem_gen/valid.cstr/ramloop[0].ram.r/prim_noinit.ram/DEVICE_7SERIES.NO_BMM_INFO.SDP.WIDE_PRIM18.ram/CLKARDCLK
                            (rising edge-triggered cell RAMB18E1)
  Destination:            rdata[4]
                            (output port)
  Path Group:             (none)
  Path Type:              Max at Slow Process Corner
  Data Path Delay:        7.392ns  (logic 5.068ns (68.561%)  route 2.324ns (31.439%))
  Logic Levels:           2  (OBUF=1 RAMB18E1=1)

    Location             Delay type                Incr(ns)  Path(ns)    Netlist Resource(s)
  -------------------------------------------------------------------    -------------------
    RAMB18_X0Y12         RAMB18E1                     0.000     0.000 r  uart_rx/rxd_fifo/U0/inst_fifo_gen/gconvfifo.rf/grf.rf/gntv_or_sync_fifo.mem/gbm.gbmg.gbmga.ngecc.bmg/inst_blk_mem_gen/gnbram.gnativebmg.native_blk_mem_gen/valid.cstr/ramloop[0].ram.r/prim_noinit.ram/DEVICE_7SERIES.NO_BMM_INFO.SDP.WIDE_PRIM18.ram/CLKARDCLK
    RAMB18_X0Y12         RAMB18E1 (Prop_ramb18e1_CLKARDCLK_DOBDO[0])
                                                      2.454     2.454 r  uart_rx/rxd_fifo/U0/inst_fifo_gen/gconvfifo.rf/grf.rf/gntv_or_sync_fifo.mem/gbm.gbmg.gbmga.ngecc.bmg/inst_blk_mem_gen/gnbram.gnativebmg.native_blk_mem_gen/valid.cstr/ramloop[0].ram.r/prim_noinit.ram/DEVICE_7SERIES.NO_BMM_INFO.SDP.WIDE_PRIM18.ram/DOBDO[0]
                         net (fo=1, routed)           2.324     4.778    rdata_OBUF[4]
    J17                  OBUF (Prop_obuf_I_O)         2.614     7.392 r  rdata_OBUF[4]_inst/O
                         net (fo=0)                   0.000     7.392    rdata[4]
    J17                                                               r  rdata[4] (OUT)
  -------------------------------------------------------------------    -------------------

Slack:                    inf
  Source:                 uart_rx/rxd_fifo/U0/inst_fifo_gen/gconvfifo.rf/grf.rf/gntv_or_sync_fifo.mem/gbm.gbmg.gbmga.ngecc.bmg/inst_blk_mem_gen/gnbram.gnativebmg.native_blk_mem_gen/valid.cstr/ramloop[0].ram.r/prim_noinit.ram/DEVICE_7SERIES.NO_BMM_INFO.SDP.WIDE_PRIM18.ram/CLKARDCLK
                            (rising edge-triggered cell RAMB18E1)
  Destination:            rdata[1]
                            (output port)
  Path Group:             (none)
  Path Type:              Max at Slow Process Corner
  Data Path Delay:        7.373ns  (logic 5.066ns (68.703%)  route 2.308ns (31.297%))
  Logic Levels:           2  (OBUF=1 RAMB18E1=1)

    Location             Delay type                Incr(ns)  Path(ns)    Netlist Resource(s)
  -------------------------------------------------------------------    -------------------
    RAMB18_X0Y12         RAMB18E1                     0.000     0.000 r  uart_rx/rxd_fifo/U0/inst_fifo_gen/gconvfifo.rf/grf.rf/gntv_or_sync_fifo.mem/gbm.gbmg.gbmga.ngecc.bmg/inst_blk_mem_gen/gnbram.gnativebmg.native_blk_mem_gen/valid.cstr/ramloop[0].ram.r/prim_noinit.ram/DEVICE_7SERIES.NO_BMM_INFO.SDP.WIDE_PRIM18.ram/CLKARDCLK
    RAMB18_X0Y12         RAMB18E1 (Prop_ramb18e1_CLKARDCLK_DOADO[1])
                                                      2.454     2.454 r  uart_rx/rxd_fifo/U0/inst_fifo_gen/gconvfifo.rf/grf.rf/gntv_or_sync_fifo.mem/gbm.gbmg.gbmga.ngecc.bmg/inst_blk_mem_gen/gnbram.gnativebmg.native_blk_mem_gen/valid.cstr/ramloop[0].ram.r/prim_noinit.ram/DEVICE_7SERIES.NO_BMM_INFO.SDP.WIDE_PRIM18.ram/DOADO[1]
                         net (fo=1, routed)           2.308     4.762    rdata_OBUF[1]
    K18                  OBUF (Prop_obuf_I_O)         2.612     7.373 r  rdata_OBUF[1]_inst/O
                         net (fo=0)                   0.000     7.373    rdata[1]
    K18                                                               r  rdata[1] (OUT)
  -------------------------------------------------------------------    -------------------

Slack:                    inf
  Source:                 uart_rx/rxd_fifo/U0/inst_fifo_gen/gconvfifo.rf/grf.rf/gntv_or_sync_fifo.mem/gbm.gbmg.gbmga.ngecc.bmg/inst_blk_mem_gen/gnbram.gnativebmg.native_blk_mem_gen/valid.cstr/ramloop[0].ram.r/prim_noinit.ram/DEVICE_7SERIES.NO_BMM_INFO.SDP.WIDE_PRIM18.ram/CLKARDCLK
                            (rising edge-triggered cell RAMB18E1)
  Destination:            rdata[2]
                            (output port)
  Path Group:             (none)
  Path Type:              Max at Slow Process Corner
  Data Path Delay:        7.348ns  (logic 5.050ns (68.727%)  route 2.298ns (31.273%))
  Logic Levels:           2  (OBUF=1 RAMB18E1=1)

    Location             Delay type                Incr(ns)  Path(ns)    Netlist Resource(s)
  -------------------------------------------------------------------    -------------------
    RAMB18_X0Y12         RAMB18E1                     0.000     0.000 r  uart_rx/rxd_fifo/U0/inst_fifo_gen/gconvfifo.rf/grf.rf/gntv_or_sync_fifo.mem/gbm.gbmg.gbmga.ngecc.bmg/inst_blk_mem_gen/gnbram.gnativebmg.native_blk_mem_gen/valid.cstr/ramloop[0].ram.r/prim_noinit.ram/DEVICE_7SERIES.NO_BMM_INFO.SDP.WIDE_PRIM18.ram/CLKARDCLK
    RAMB18_X0Y12         RAMB18E1 (Prop_ramb18e1_CLKARDCLK_DOADO[8])
                                                      2.454     2.454 r  uart_rx/rxd_fifo/U0/inst_fifo_gen/gconvfifo.rf/grf.rf/gntv_or_sync_fifo.mem/gbm.gbmg.gbmga.ngecc.bmg/inst_blk_mem_gen/gnbram.gnativebmg.native_blk_mem_gen/valid.cstr/ramloop[0].ram.r/prim_noinit.ram/DEVICE_7SERIES.NO_BMM_INFO.SDP.WIDE_PRIM18.ram/DOADO[8]
                         net (fo=1, routed)           2.298     4.752    rdata_OBUF[2]
    L18                  OBUF (Prop_obuf_I_O)         2.596     7.348 r  rdata_OBUF[2]_inst/O
                         net (fo=0)                   0.000     7.348    rdata[2]
    L18                                                               r  rdata[2] (OUT)
  -------------------------------------------------------------------    -------------------

Slack:                    inf
  Source:                 uart_rx/rxd_fifo/U0/inst_fifo_gen/gconvfifo.rf/grf.rf/gntv_or_sync_fifo.mem/gbm.gbmg.gbmga.ngecc.bmg/inst_blk_mem_gen/gnbram.gnativebmg.native_blk_mem_gen/valid.cstr/ramloop[0].ram.r/prim_noinit.ram/DEVICE_7SERIES.NO_BMM_INFO.SDP.WIDE_PRIM18.ram/CLKARDCLK
                            (rising edge-triggered cell RAMB18E1)
  Destination:            rdata[3]
                            (output port)
  Path Group:             (none)
  Path Type:              Max at Slow Process Corner
  Data Path Delay:        7.267ns  (logic 5.072ns (69.793%)  route 2.195ns (30.207%))
  Logic Levels:           2  (OBUF=1 RAMB18E1=1)

    Location             Delay type                Incr(ns)  Path(ns)    Netlist Resource(s)
  -------------------------------------------------------------------    -------------------
    RAMB18_X0Y12         RAMB18E1                     0.000     0.000 r  uart_rx/rxd_fifo/U0/inst_fifo_gen/gconvfifo.rf/grf.rf/gntv_or_sync_fifo.mem/gbm.gbmg.gbmga.ngecc.bmg/inst_blk_mem_gen/gnbram.gnativebmg.native_blk_mem_gen/valid.cstr/ramloop[0].ram.r/prim_noinit.ram/DEVICE_7SERIES.NO_BMM_INFO.SDP.WIDE_PRIM18.ram/CLKARDCLK
    RAMB18_X0Y12         RAMB18E1 (Prop_ramb18e1_CLKARDCLK_DOADO[9])
                                                      2.454     2.454 r  uart_rx/rxd_fifo/U0/inst_fifo_gen/gconvfifo.rf/grf.rf/gntv_or_sync_fifo.mem/gbm.gbmg.gbmga.ngecc.bmg/inst_blk_mem_gen/gnbram.gnativebmg.native_blk_mem_gen/valid.cstr/ramloop[0].ram.r/prim_noinit.ram/DEVICE_7SERIES.NO_BMM_INFO.SDP.WIDE_PRIM18.ram/DOADO[9]
                         net (fo=1, routed)           2.195     4.649    rdata_OBUF[3]
    J18                  OBUF (Prop_obuf_I_O)         2.618     7.267 r  rdata_OBUF[3]_inst/O
                         net (fo=0)                   0.000     7.267    rdata[3]
    J18                                                               r  rdata[3] (OUT)
  -------------------------------------------------------------------    -------------------

Slack:                    inf
  Source:                 uart_rx/rxd_fifo/U0/inst_fifo_gen/gconvfifo.rf/grf.rf/gntv_or_sync_fifo.mem/gbm.gbmg.gbmga.ngecc.bmg/inst_blk_mem_gen/gnbram.gnativebmg.native_blk_mem_gen/valid.cstr/ramloop[0].ram.r/prim_noinit.ram/DEVICE_7SERIES.NO_BMM_INFO.SDP.WIDE_PRIM18.ram/CLKARDCLK
                            (rising edge-triggered cell RAMB18E1)
  Destination:            rdata[0]
                            (output port)
  Path Group:             (none)
  Path Type:              Max at Slow Process Corner
  Data Path Delay:        7.179ns  (logic 5.042ns (70.235%)  route 2.137ns (29.765%))
  Logic Levels:           2  (OBUF=1 RAMB18E1=1)

    Location             Delay type                Incr(ns)  Path(ns)    Netlist Resource(s)
  -------------------------------------------------------------------    -------------------
    RAMB18_X0Y12         RAMB18E1                     0.000     0.000 r  uart_rx/rxd_fifo/U0/inst_fifo_gen/gconvfifo.rf/grf.rf/gntv_or_sync_fifo.mem/gbm.gbmg.gbmga.ngecc.bmg/inst_blk_mem_gen/gnbram.gnativebmg.native_blk_mem_gen/valid.cstr/ramloop[0].ram.r/prim_noinit.ram/DEVICE_7SERIES.NO_BMM_INFO.SDP.WIDE_PRIM18.ram/CLKARDCLK
    RAMB18_X0Y12         RAMB18E1 (Prop_ramb18e1_CLKARDCLK_DOADO[0])
                                                      2.454     2.454 r  uart_rx/rxd_fifo/U0/inst_fifo_gen/gconvfifo.rf/grf.rf/gntv_or_sync_fifo.mem/gbm.gbmg.gbmga.ngecc.bmg/inst_blk_mem_gen/gnbram.gnativebmg.native_blk_mem_gen/valid.cstr/ramloop[0].ram.r/prim_noinit.ram/DEVICE_7SERIES.NO_BMM_INFO.SDP.WIDE_PRIM18.ram/DOADO[0]
                         net (fo=1, routed)           2.137     4.591    rdata_OBUF[0]
    N18                  OBUF (Prop_obuf_I_O)         2.588     7.179 r  rdata_OBUF[0]_inst/O
                         net (fo=0)                   0.000     7.179    rdata[0]
    N18                                                               r  rdata[0] (OUT)
  -------------------------------------------------------------------    -------------------

Slack:                    inf
  Source:                 uart_tx/m_state_reg/C
                            (rising edge-triggered cell FDCE)
  Destination:            trdy
                            (output port)
  Path Group:             (none)
  Path Type:              Max at Slow Process Corner
  Data Path Delay:        6.206ns  (logic 3.208ns (51.698%)  route 2.997ns (48.302%))
  Logic Levels:           3  (FDCE=1 LUT1=1 OBUF=1)

    Location             Delay type                Incr(ns)  Path(ns)    Netlist Resource(s)
  -------------------------------------------------------------------    -------------------
    SLICE_X1Y20          FDCE                         0.000     0.000 r  uart_tx/m_state_reg/C
    SLICE_X1Y20          FDCE (Prop_fdce_C_Q)         0.456     0.456 f  uart_tx/m_state_reg/Q
                         net (fo=27, routed)          0.656     1.112    uart_tx/m_state
    SLICE_X1Y20          LUT1 (Prop_lut1_I0_O)        0.124     1.236 r  uart_tx/trdy_OBUF_inst_i_1/O
                         net (fo=1, routed)           2.342     3.577    trdy_OBUF
    E18                  OBUF (Prop_obuf_I_O)         2.628     6.206 r  trdy_OBUF_inst/O
                         net (fo=0)                   0.000     6.206    trdy
    E18                                                               r  trdy (OUT)
  -------------------------------------------------------------------    -------------------

Slack:                    inf
  Source:                 baudrate[2]
                            (input port)
  Destination:            uart_rx/rxd_data_reg[3]/D
  Path Group:             (none)
  Path Type:              Max at Slow Process Corner
  Data Path Delay:        5.934ns  (logic 2.076ns (34.988%)  route 3.858ns (65.012%))
  Logic Levels:           5  (CARRY4=2 IBUF=1 LUT6=2)

    Location             Delay type                Incr(ns)  Path(ns)    Netlist Resource(s)
  -------------------------------------------------------------------    -------------------
    V13                                               0.000     0.000 r  baudrate[2] (IN)
                         net (fo=0)                   0.000     0.000    baudrate[2]
    V13                  IBUF (Prop_ibuf_I_O)         0.934     0.934 r  baudrate_IBUF[2]_inst/O
                         net (fo=3, routed)           1.738     2.672    uart_rx/baudrate_IBUF[2]
    SLICE_X1Y9           LUT6 (Prop_lut6_I2_O)        0.124     2.796 r  uart_rx/rxd_data1_carry_i_4/O
                         net (fo=1, routed)           0.000     2.796    uart_rx/rxd_data1_carry_i_4_n_0
    SLICE_X1Y9           CARRY4 (Prop_carry4_S[0]_CO[3])
                                                      0.532     3.328 r  uart_rx/rxd_data1_carry/CO[3]
                         net (fo=1, routed)           0.000     3.328    uart_rx/rxd_data1_carry_n_0
    SLICE_X1Y10          CARRY4 (Prop_carry4_CI_CO[1])
                                                      0.157     3.485 r  uart_rx/rxd_data1_carry__0/CO[1]
                         net (fo=11, routed)          2.120     5.605    uart_rx/rxd_data1
    SLICE_X5Y29          LUT6 (Prop_lut6_I4_O)        0.329     5.934 r  uart_rx/rxd_data[3]_i_1/O
                         net (fo=1, routed)           0.000     5.934    uart_rx/rxd_data[3]_i_1_n_0
    SLICE_X5Y29          FDCE                                         r  uart_rx/rxd_data_reg[3]/D
  -------------------------------------------------------------------    -------------------





Min Delay Paths
--------------------------------------------------------------------------------------
Slack:                    inf
  Source:                 uart_rx/rxd_fifo/U0/inst_fifo_gen/gconvfifo.rf/grf.rf/gntv_or_sync_fifo.gl0.rd/rpntr/gc0.count_reg[1]/C
                            (rising edge-triggered cell FDRE)
  Destination:            uart_rx/rxd_fifo/U0/inst_fifo_gen/gconvfifo.rf/grf.rf/gntv_or_sync_fifo.gl0.rd/rpntr/gc0.count_d1_reg[1]/D
  Path Group:             (none)
  Path Type:              Min at Fast Process Corner
  Data Path Delay:        0.230ns  (logic 0.141ns (61.248%)  route 0.089ns (38.752%))
  Logic Levels:           1  (FDRE=1)

    Location             Delay type                Incr(ns)  Path(ns)    Netlist Resource(s)
  -------------------------------------------------------------------    -------------------
    SLICE_X9Y30          FDRE                         0.000     0.000 r  uart_rx/rxd_fifo/U0/inst_fifo_gen/gconvfifo.rf/grf.rf/gntv_or_sync_fifo.gl0.rd/rpntr/gc0.count_reg[1]/C
    SLICE_X9Y30          FDRE (Prop_fdre_C_Q)         0.141     0.141 r  uart_rx/rxd_fifo/U0/inst_fifo_gen/gconvfifo.rf/grf.rf/gntv_or_sync_fifo.gl0.rd/rpntr/gc0.count_reg[1]/Q
                         net (fo=5, routed)           0.089     0.230    uart_rx/rxd_fifo/U0/inst_fifo_gen/gconvfifo.rf/grf.rf/gntv_or_sync_fifo.gl0.rd/rpntr/Q[1]
    SLICE_X9Y30          FDRE                                         r  uart_rx/rxd_fifo/U0/inst_fifo_gen/gconvfifo.rf/grf.rf/gntv_or_sync_fifo.gl0.rd/rpntr/gc0.count_d1_reg[1]/D
  -------------------------------------------------------------------    -------------------

Slack:                    inf
  Source:                 uart_rx/rxd_fifo/U0/inst_fifo_gen/gconvfifo.rf/grf.rf/gntv_or_sync_fifo.gl0.rd/rpntr/gc0.count_reg[0]/C
                            (rising edge-triggered cell FDSE)
  Destination:            uart_rx/rxd_fifo/U0/inst_fifo_gen/gconvfifo.rf/grf.rf/gntv_or_sync_fifo.gl0.rd/rpntr/gc0.count_d1_reg[0]/D
  Path Group:             (none)
  Path Type:              Min at Fast Process Corner
  Data Path Delay:        0.241ns  (logic 0.141ns (58.430%)  route 0.100ns (41.570%))
  Logic Levels:           1  (FDSE=1)

    Location             Delay type                Incr(ns)  Path(ns)    Netlist Resource(s)
  -------------------------------------------------------------------    -------------------
    SLICE_X9Y30          FDSE                         0.000     0.000 r  uart_rx/rxd_fifo/U0/inst_fifo_gen/gconvfifo.rf/grf.rf/gntv_or_sync_fifo.gl0.rd/rpntr/gc0.count_reg[0]/C
    SLICE_X9Y30          FDSE (Prop_fdse_C_Q)         0.141     0.141 r  uart_rx/rxd_fifo/U0/inst_fifo_gen/gconvfifo.rf/grf.rf/gntv_or_sync_fifo.gl0.rd/rpntr/gc0.count_reg[0]/Q
                         net (fo=6, routed)           0.100     0.241    uart_rx/rxd_fifo/U0/inst_fifo_gen/gconvfifo.rf/grf.rf/gntv_or_sync_fifo.gl0.rd/rpntr/Q[0]
    SLICE_X9Y30          FDRE                                         r  uart_rx/rxd_fifo/U0/inst_fifo_gen/gconvfifo.rf/grf.rf/gntv_or_sync_fifo.gl0.rd/rpntr/gc0.count_d1_reg[0]/D
  -------------------------------------------------------------------    -------------------

Slack:                    inf
  Source:                 uart_rx/rxd_fifo/U0/inst_fifo_gen/gconvfifo.rf/grf.rf/gntv_or_sync_fifo.gl0.wr/wpntr/gcc0.gc0.count_reg[0]/C
                            (rising edge-triggered cell FDSE)
  Destination:            uart_rx/rxd_fifo/U0/inst_fifo_gen/gconvfifo.rf/grf.rf/gntv_or_sync_fifo.gl0.wr/wpntr/gcc0.gc0.count_d1_reg[0]/D
  Path Group:             (none)
  Path Type:              Min at Fast Process Corner
  Data Path Delay:        0.241ns  (logic 0.141ns (58.430%)  route 0.100ns (41.570%))
  Logic Levels:           1  (FDSE=1)

    Location             Delay type                Incr(ns)  Path(ns)    Netlist Resource(s)
  -------------------------------------------------------------------    -------------------
    SLICE_X9Y31          FDSE                         0.000     0.000 r  uart_rx/rxd_fifo/U0/inst_fifo_gen/gconvfifo.rf/grf.rf/gntv_or_sync_fifo.gl0.wr/wpntr/gcc0.gc0.count_reg[0]/C
    SLICE_X9Y31          FDSE (Prop_fdse_C_Q)         0.141     0.141 r  uart_rx/rxd_fifo/U0/inst_fifo_gen/gconvfifo.rf/grf.rf/gntv_or_sync_fifo.gl0.wr/wpntr/gcc0.gc0.count_reg[0]/Q
                         net (fo=6, routed)           0.100     0.241    uart_rx/rxd_fifo/U0/inst_fifo_gen/gconvfifo.rf/grf.rf/gntv_or_sync_fifo.gl0.wr/wpntr/wr_pntr_plus1[0]
    SLICE_X9Y31          FDRE                                         r  uart_rx/rxd_fifo/U0/inst_fifo_gen/gconvfifo.rf/grf.rf/gntv_or_sync_fifo.gl0.wr/wpntr/gcc0.gc0.count_d1_reg[0]/D
  -------------------------------------------------------------------    -------------------

Slack:                    inf
  Source:                 uart_rx/rxd_1d_reg/C
                            (rising edge-triggered cell FDCE)
  Destination:            uart_rx/rxd_2d_reg/D
  Path Group:             (none)
  Path Type:              Min at Fast Process Corner
  Data Path Delay:        0.247ns  (logic 0.128ns (51.736%)  route 0.119ns (48.264%))
  Logic Levels:           1  (FDCE=1)

    Location             Delay type                Incr(ns)  Path(ns)    Netlist Resource(s)
  -------------------------------------------------------------------    -------------------
    SLICE_X3Y27          FDCE                         0.000     0.000 r  uart_rx/rxd_1d_reg/C
    SLICE_X3Y27          FDCE (Prop_fdce_C_Q)         0.128     0.128 r  uart_rx/rxd_1d_reg/Q
                         net (fo=1, routed)           0.119     0.247    uart_rx/rxd_1d
    SLICE_X3Y27          FDCE                                         r  uart_rx/rxd_2d_reg/D
  -------------------------------------------------------------------    -------------------

Slack:                    inf
  Source:                 uart_rx/rxd_fifo/U0/inst_fifo_gen/gconvfifo.rf/grf.rf/gntv_or_sync_fifo.gl0.rd/rpntr/gc0.count_reg[3]/C
                            (rising edge-triggered cell FDRE)
  Destination:            uart_rx/rxd_fifo/U0/inst_fifo_gen/gconvfifo.rf/grf.rf/gntv_or_sync_fifo.gl0.rd/rpntr/gc0.count_d1_reg[3]/D
  Path Group:             (none)
  Path Type:              Min at Fast Process Corner
  Data Path Delay:        0.267ns  (logic 0.148ns (55.377%)  route 0.119ns (44.623%))
  Logic Levels:           1  (FDRE=1)

    Location             Delay type                Incr(ns)  Path(ns)    Netlist Resource(s)
  -------------------------------------------------------------------    -------------------
    SLICE_X8Y30          FDRE                         0.000     0.000 r  uart_rx/rxd_fifo/U0/inst_fifo_gen/gconvfifo.rf/grf.rf/gntv_or_sync_fifo.gl0.rd/rpntr/gc0.count_reg[3]/C
    SLICE_X8Y30          FDRE (Prop_fdre_C_Q)         0.148     0.148 r  uart_rx/rxd_fifo/U0/inst_fifo_gen/gconvfifo.rf/grf.rf/gntv_or_sync_fifo.gl0.rd/rpntr/gc0.count_reg[3]/Q
                         net (fo=3, routed)           0.119     0.267    uart_rx/rxd_fifo/U0/inst_fifo_gen/gconvfifo.rf/grf.rf/gntv_or_sync_fifo.gl0.rd/rpntr/Q[3]
    SLICE_X8Y30          FDRE                                         r  uart_rx/rxd_fifo/U0/inst_fifo_gen/gconvfifo.rf/grf.rf/gntv_or_sync_fifo.gl0.rd/rpntr/gc0.count_d1_reg[3]/D
  -------------------------------------------------------------------    -------------------

Slack:                    inf
  Source:                 uart_rx/m_state_reg[0]/C
                            (rising edge-triggered cell FDCE)
  Destination:            uart_rx/cnt2_reg[3]/D
  Path Group:             (none)
  Path Type:              Min at Fast Process Corner
  Data Path Delay:        0.276ns  (logic 0.186ns (67.504%)  route 0.090ns (32.496%))
  Logic Levels:           2  (FDCE=1 LUT6=1)

    Location             Delay type                Incr(ns)  Path(ns)    Netlist Resource(s)
  -------------------------------------------------------------------    -------------------
    SLICE_X3Y27          FDCE                         0.000     0.000 r  uart_rx/m_state_reg[0]/C
    SLICE_X3Y27          FDCE (Prop_fdce_C_Q)         0.141     0.141 r  uart_rx/m_state_reg[0]/Q
                         net (fo=26, routed)          0.090     0.231    uart_rx/m_state[0]
    SLICE_X2Y27          LUT6 (Prop_lut6_I4_O)        0.045     0.276 r  uart_rx/cnt2[3]_i_2__0/O
                         net (fo=1, routed)           0.000     0.276    uart_rx/p_0_in__0[3]
    SLICE_X2Y27          FDCE                                         r  uart_rx/cnt2_reg[3]/D
  -------------------------------------------------------------------    -------------------

Slack:                    inf
  Source:                 uart_rx/stop_bit1_reg/C
                            (rising edge-triggered cell FDCE)
  Destination:            uart_rx/frame_err_reg/D
  Path Group:             (none)
  Path Type:              Min at Fast Process Corner
  Data Path Delay:        0.302ns  (logic 0.209ns (69.158%)  route 0.093ns (30.842%))
  Logic Levels:           2  (FDCE=1 LUT3=1)

    Location             Delay type                Incr(ns)  Path(ns)    Netlist Resource(s)
  -------------------------------------------------------------------    -------------------
    SLICE_X2Y29          FDCE                         0.000     0.000 r  uart_rx/stop_bit1_reg/C
    SLICE_X2Y29          FDCE (Prop_fdce_C_Q)         0.164     0.164 f  uart_rx/stop_bit1_reg/Q
                         net (fo=2, routed)           0.093     0.257    uart_rx/stop_bit1
    SLICE_X3Y29          LUT3 (Prop_lut3_I0_O)        0.045     0.302 r  uart_rx/frame_err_i_2/O
                         net (fo=1, routed)           0.000     0.302    uart_rx/frame_err_i_2_n_0
    SLICE_X3Y29          FDCE                                         r  uart_rx/frame_err_reg/D
  -------------------------------------------------------------------    -------------------

Slack:                    inf
  Source:                 uart_rx/rxd_fifo/U0/inst_fifo_gen/gconvfifo.rf/grf.rf/gntv_or_sync_fifo.gl0.rd/grss.rsts/ram_empty_i_reg/C
                            (rising edge-triggered cell FDSE)
  Destination:            uart_rx/rxd_fifo/U0/inst_fifo_gen/gconvfifo.rf/grf.rf/gntv_or_sync_fifo.gl0.rd/grhf.rhf/gv.ram_valid_d1_reg/D
  Path Group:             (none)
  Path Type:              Min at Fast Process Corner
  Data Path Delay:        0.305ns  (logic 0.246ns (80.588%)  route 0.059ns (19.412%))
  Logic Levels:           2  (FDSE=1 LUT2=1)

    Location             Delay type                Incr(ns)  Path(ns)    Netlist Resource(s)
  -------------------------------------------------------------------    -------------------
    SLICE_X2Y32          FDSE                         0.000     0.000 r  uart_rx/rxd_fifo/U0/inst_fifo_gen/gconvfifo.rf/grf.rf/gntv_or_sync_fifo.gl0.rd/grss.rsts/ram_empty_i_reg/C
    SLICE_X2Y32          FDSE (Prop_fdse_C_Q)         0.148     0.148 f  uart_rx/rxd_fifo/U0/inst_fifo_gen/gconvfifo.rf/grf.rf/gntv_or_sync_fifo.gl0.rd/grss.rsts/ram_empty_i_reg/Q
                         net (fo=1, routed)           0.059     0.207    uart_rx/rxd_fifo/U0/inst_fifo_gen/gconvfifo.rf/grf.rf/gntv_or_sync_fifo.gl0.rd/grss.rsts/ram_empty_i
    SLICE_X2Y32          LUT2 (Prop_lut2_I1_O)        0.098     0.305 r  uart_rx/rxd_fifo/U0/inst_fifo_gen/gconvfifo.rf/grf.rf/gntv_or_sync_fifo.gl0.rd/grss.rsts/gv.ram_valid_d1_i_1/O
                         net (fo=1, routed)           0.000     0.305    uart_rx/rxd_fifo/U0/inst_fifo_gen/gconvfifo.rf/grf.rf/gntv_or_sync_fifo.gl0.rd/grhf.rhf/gv.ram_valid_d1_reg_0
    SLICE_X2Y32          FDRE                                         r  uart_rx/rxd_fifo/U0/inst_fifo_gen/gconvfifo.rf/grf.rf/gntv_or_sync_fifo.gl0.rd/grhf.rhf/gv.ram_valid_d1_reg/D
  -------------------------------------------------------------------    -------------------

Slack:                    inf
  Source:                 uart_rx/rxd_data_reg[5]/C
                            (rising edge-triggered cell FDCE)
  Destination:            uart_rx/rxd_data_reg[5]/D
  Path Group:             (none)
  Path Type:              Min at Fast Process Corner
  Data Path Delay:        0.310ns  (logic 0.186ns (59.973%)  route 0.124ns (40.027%))
  Logic Levels:           2  (FDCE=1 LUT6=1)

    Location             Delay type                Incr(ns)  Path(ns)    Netlist Resource(s)
  -------------------------------------------------------------------    -------------------
    SLICE_X5Y30          FDCE                         0.000     0.000 r  uart_rx/rxd_data_reg[5]/C
    SLICE_X5Y30          FDCE (Prop_fdce_C_Q)         0.141     0.141 r  uart_rx/rxd_data_reg[5]/Q
                         net (fo=3, routed)           0.124     0.265    uart_rx/rxd_data_reg_n_0_[5]
    SLICE_X5Y30          LUT6 (Prop_lut6_I5_O)        0.045     0.310 r  uart_rx/rxd_data[5]_i_1/O
                         net (fo=1, routed)           0.000     0.310    uart_rx/rxd_data[5]_i_1_n_0
    SLICE_X5Y30          FDCE                                         r  uart_rx/rxd_data_reg[5]/D
  -------------------------------------------------------------------    -------------------

Slack:                    inf
  Source:                 uart_rx/rxd_parity_reg/C
                            (rising edge-triggered cell FDCE)
  Destination:            uart_rx/parity_err_reg/D
  Path Group:             (none)
  Path Type:              Min at Fast Process Corner
  Data Path Delay:        0.310ns  (logic 0.186ns (59.906%)  route 0.124ns (40.094%))
  Logic Levels:           2  (FDCE=1 LUT6=1)

    Location             Delay type                Incr(ns)  Path(ns)    Netlist Resource(s)
  -------------------------------------------------------------------    -------------------
    SLICE_X4Y28          FDCE                         0.000     0.000 r  uart_rx/rxd_parity_reg/C
    SLICE_X4Y28          FDCE (Prop_fdce_C_Q)         0.141     0.141 r  uart_rx/rxd_parity_reg/Q
                         net (fo=2, routed)           0.124     0.265    uart_rx/rxd_parity
    SLICE_X3Y28          LUT6 (Prop_lut6_I0_O)        0.045     0.310 r  uart_rx/parity_err_i_2/O
                         net (fo=1, routed)           0.000     0.310    uart_rx/parity_err_i_2_n_0
    SLICE_X3Y28          FDCE                                         r  uart_rx/parity_err_reg/D
  -------------------------------------------------------------------    -------------------





