TRACE::2026-05-20.16:32:17::SCWPlatform::Trying to open the hw design at D:/vivado_pj/workspace/mb1_block_wrapper/hw/mb1_block_wrapper.xsa
TRACE::2026-05-20.16:32:17::SCWPlatform::DSA given D:/vivado_pj/workspace/mb1_block_wrapper/hw/mb1_block_wrapper.xsa
TRACE::2026-05-20.16:32:17::SCWPlatform::DSA absoulate path D:/vivado_pj/workspace/mb1_block_wrapper/hw/mb1_block_wrapper.xsa
TRACE::2026-05-20.16:32:17::SCWPlatform::DSA directory D:/vivado_pj/workspace/mb1_block_wrapper/hw
TRACE::2026-05-20.16:32:17::SCWPlatform:: Platform Path D:/vivado_pj/workspace/mb1_block_wrapper/hw/mb1_block_wrapper.xsa
TRACE::2026-05-20.16:32:17::SCWPlatform:: Unique name xilinx:basys3::0.0
TRACE::2026-05-20.16:32:17::SCWPlatform::Do not have an existing db opened. 
TRACE::2026-05-20.16:32:17::SCWPlatform::Opened new HwDB with name mb1_block_wrapper_0
TRACE::2026-05-20.16:32:17::SCWWriter::formatted JSON is {
	"platformName":	"mb1_block_wrapper",
	"sprVersion":	"2.0",
	"mode":	"gui",
	"dsaType":	"Fixed",
	"platformDesc":	"mb1_block_wrapper",
	"platHandOff":	"D:/vivado_pj/project_mb1/mb1_block_wrapper.xsa",
	"platIntHandOff":	"<platformDir>/hw/mb1_block_wrapper.xsa",
	"deviceType":	"FPGA",
	"platIsPrebuiltAutogen":	"false",
	"platIsNoBootBsp":	"false",
	"hasFsblMakeHasChanges":	"false",
	"hasPmufwMakeHasChanges":	"false",
	"platPreBuiltFlag":	false,
	"platformSamplesDir":	""
}
TRACE::2026-05-20.16:32:17::SCWWriter::formatted JSON is {
	"platformName":	"mb1_block_wrapper",
	"sprVersion":	"2.0",
	"mode":	"gui",
	"dsaType":	"Fixed",
	"platformDesc":	"mb1_block_wrapper",
	"platHandOff":	"D:/vivado_pj/project_mb1/mb1_block_wrapper.xsa",
	"platIntHandOff":	"<platformDir>/hw/mb1_block_wrapper.xsa",
	"deviceType":	"FPGA",
	"platIsPrebuiltAutogen":	"false",
	"platIsNoBootBsp":	"false",
	"hasFsblMakeHasChanges":	"false",
	"hasPmufwMakeHasChanges":	"false",
	"platPreBuiltFlag":	false,
	"platformSamplesDir":	"",
	"platActiveSys":	"mb1_block_wrapper",
	"systems":	[{
			"systemName":	"mb1_block_wrapper",
			"systemDesc":	"mb1_block_wrapper",
			"sysIsBootAutoGen":	"true",
			"systemDispName":	"mb1_block_wrapper"
		}]
}
TRACE::2026-05-20.16:32:17::SCWPlatform::Boot application domains not present, creating them
TRACE::2026-05-20.16:32:17::SCWPlatform::Pure FPGA device, no boot application will be created.
TRACE::2026-05-20.16:32:17::SCWWriter::formatted JSON is {
	"platformName":	"mb1_block_wrapper",
	"sprVersion":	"2.0",
	"mode":	"gui",
	"dsaType":	"Fixed",
	"platformDesc":	"mb1_block_wrapper",
	"platHandOff":	"D:/vivado_pj/project_mb1/mb1_block_wrapper.xsa",
	"platIntHandOff":	"<platformDir>/hw/mb1_block_wrapper.xsa",
	"deviceType":	"FPGA",
	"platIsPrebuiltAutogen":	"false",
	"platIsNoBootBsp":	"false",
	"hasFsblMakeHasChanges":	"false",
	"hasPmufwMakeHasChanges":	"false",
	"platPreBuiltFlag":	false,
	"platformSamplesDir":	"",
	"platActiveSys":	"mb1_block_wrapper",
	"systems":	[{
			"systemName":	"mb1_block_wrapper",
			"systemDesc":	"mb1_block_wrapper",
			"sysIsBootAutoGen":	"true",
			"systemDispName":	"mb1_block_wrapper"
		}]
}
TRACE::2026-05-20.16:32:17::SCWWriter::formatted JSON is {
	"platformName":	"mb1_block_wrapper",
	"sprVersion":	"2.0",
	"mode":	"gui",
	"dsaType":	"Fixed",
	"platformDesc":	"mb1_block_wrapper",
	"platHandOff":	"D:/vivado_pj/project_mb1/mb1_block_wrapper.xsa",
	"platIntHandOff":	"<platformDir>/hw/mb1_block_wrapper.xsa",
	"deviceType":	"FPGA",
	"platIsPrebuiltAutogen":	"false",
	"platIsNoBootBsp":	"false",
	"hasFsblMakeHasChanges":	"false",
	"hasPmufwMakeHasChanges":	"false",
	"platPreBuiltFlag":	false,
	"platformSamplesDir":	"",
	"platActiveSys":	"mb1_block_wrapper",
	"systems":	[{
			"systemName":	"mb1_block_wrapper",
			"systemDesc":	"mb1_block_wrapper",
			"sysIsBootAutoGen":	"true",
			"systemDispName":	"mb1_block_wrapper"
		}]
}
TRACE::2026-05-20.16:32:17::SCWPlatform::Trying to open the hw design at D:/vivado_pj/workspace/mb1_block_wrapper/hw/mb1_block_wrapper.xsa
TRACE::2026-05-20.16:32:17::SCWPlatform::DSA given D:/vivado_pj/workspace/mb1_block_wrapper/hw/mb1_block_wrapper.xsa
TRACE::2026-05-20.16:32:17::SCWPlatform::DSA absoulate path D:/vivado_pj/workspace/mb1_block_wrapper/hw/mb1_block_wrapper.xsa
TRACE::2026-05-20.16:32:17::SCWPlatform::DSA directory D:/vivado_pj/workspace/mb1_block_wrapper/hw
TRACE::2026-05-20.16:32:17::SCWPlatform:: Platform Path D:/vivado_pj/workspace/mb1_block_wrapper/hw/mb1_block_wrapper.xsa
TRACE::2026-05-20.16:32:17::SCWPlatform:: Unique name xilinx:basys3::0.0
TRACE::2026-05-20.16:32:17::SCWPlatform::Trying to set the existing hwdb with name mb1_block_wrapper_0
TRACE::2026-05-20.16:32:17::SCWPlatform::Opened existing hwdb mb1_block_wrapper_0
TRACE::2026-05-20.16:32:17::SCWPlatform::Found the Hw Db part of the input DSA
TRACE::2026-05-20.16:32:17::SCWPlatform::Trying to open the hw design at D:/vivado_pj/workspace/mb1_block_wrapper/hw/mb1_block_wrapper.xsa
TRACE::2026-05-20.16:32:17::SCWPlatform::DSA given D:/vivado_pj/workspace/mb1_block_wrapper/hw/mb1_block_wrapper.xsa
TRACE::2026-05-20.16:32:17::SCWPlatform::DSA absoulate path D:/vivado_pj/workspace/mb1_block_wrapper/hw/mb1_block_wrapper.xsa
TRACE::2026-05-20.16:32:17::SCWPlatform::DSA directory D:/vivado_pj/workspace/mb1_block_wrapper/hw
TRACE::2026-05-20.16:32:17::SCWPlatform:: Platform Path D:/vivado_pj/workspace/mb1_block_wrapper/hw/mb1_block_wrapper.xsa
TRACE::2026-05-20.16:32:17::SCWPlatform:: Unique name xilinx:basys3::0.0
TRACE::2026-05-20.16:32:17::SCWPlatform::Trying to set the existing hwdb with name mb1_block_wrapper_0
TRACE::2026-05-20.16:32:17::SCWPlatform::Opened existing hwdb mb1_block_wrapper_0
TRACE::2026-05-20.16:32:17::SCWPlatform::Found the Hw Db part of the input DSA
TRACE::2026-05-20.16:32:17::SCWDomain::checking for install qemu data   : 
TRACE::2026-05-20.16:32:17::SCWPlatform::Trying to open the hw design at D:/vivado_pj/workspace/mb1_block_wrapper/hw/mb1_block_wrapper.xsa
TRACE::2026-05-20.16:32:17::SCWPlatform::DSA given D:/vivado_pj/workspace/mb1_block_wrapper/hw/mb1_block_wrapper.xsa
TRACE::2026-05-20.16:32:17::SCWPlatform::DSA absoulate path D:/vivado_pj/workspace/mb1_block_wrapper/hw/mb1_block_wrapper.xsa
TRACE::2026-05-20.16:32:17::SCWPlatform::DSA directory D:/vivado_pj/workspace/mb1_block_wrapper/hw
TRACE::2026-05-20.16:32:17::SCWPlatform:: Platform Path D:/vivado_pj/workspace/mb1_block_wrapper/hw/mb1_block_wrapper.xsa
TRACE::2026-05-20.16:32:17::SCWPlatform:: Unique name xilinx:basys3::0.0
TRACE::2026-05-20.16:32:17::SCWPlatform::Trying to set the existing hwdb with name mb1_block_wrapper_0
TRACE::2026-05-20.16:32:17::SCWPlatform::Opened existing hwdb mb1_block_wrapper_0
TRACE::2026-05-20.16:32:17::SCWPlatform::Found the Hw Db part of the input DSA
TRACE::2026-05-20.16:32:17::SCWPlatform::Trying to open the hw design at D:/vivado_pj/workspace/mb1_block_wrapper/hw/mb1_block_wrapper.xsa
TRACE::2026-05-20.16:32:17::SCWPlatform::DSA given D:/vivado_pj/workspace/mb1_block_wrapper/hw/mb1_block_wrapper.xsa
TRACE::2026-05-20.16:32:17::SCWPlatform::DSA absoulate path D:/vivado_pj/workspace/mb1_block_wrapper/hw/mb1_block_wrapper.xsa
TRACE::2026-05-20.16:32:17::SCWPlatform::DSA directory D:/vivado_pj/workspace/mb1_block_wrapper/hw
TRACE::2026-05-20.16:32:17::SCWPlatform:: Platform Path D:/vivado_pj/workspace/mb1_block_wrapper/hw/mb1_block_wrapper.xsa
TRACE::2026-05-20.16:32:17::SCWPlatform:: Unique name xilinx:basys3::0.0
TRACE::2026-05-20.16:32:17::SCWPlatform::Trying to set the existing hwdb with name mb1_block_wrapper_0
TRACE::2026-05-20.16:32:17::SCWPlatform::Opened existing hwdb mb1_block_wrapper_0
TRACE::2026-05-20.16:32:17::SCWPlatform::Found the Hw Db part of the input DSA
TRACE::2026-05-20.16:32:17::SCWPlatform::Trying to open the hw design at D:/vivado_pj/workspace/mb1_block_wrapper/hw/mb1_block_wrapper.xsa
TRACE::2026-05-20.16:32:17::SCWPlatform::DSA given D:/vivado_pj/workspace/mb1_block_wrapper/hw/mb1_block_wrapper.xsa
TRACE::2026-05-20.16:32:17::SCWPlatform::DSA absoulate path D:/vivado_pj/workspace/mb1_block_wrapper/hw/mb1_block_wrapper.xsa
TRACE::2026-05-20.16:32:17::SCWPlatform::DSA directory D:/vivado_pj/workspace/mb1_block_wrapper/hw
TRACE::2026-05-20.16:32:17::SCWPlatform:: Platform Path D:/vivado_pj/workspace/mb1_block_wrapper/hw/mb1_block_wrapper.xsa
TRACE::2026-05-20.16:32:17::SCWPlatform:: Unique name xilinx:basys3::0.0
TRACE::2026-05-20.16:32:17::SCWPlatform::Trying to set the existing hwdb with name mb1_block_wrapper_0
TRACE::2026-05-20.16:32:17::SCWPlatform::Opened existing hwdb mb1_block_wrapper_0
TRACE::2026-05-20.16:32:17::SCWPlatform::Found the Hw Db part of the input DSA
TRACE::2026-05-20.16:32:17::SCWMssOS::Checking the sw design at  D:/vivado_pj/workspace/mb1_block_wrapper/microblaze_0/standalone_microblaze_0/bsp/system.mss
TRACE::2026-05-20.16:32:17::SCWMssOS::DEBUG:  swdes dump  
TRACE::2026-05-20.16:32:17::SCWMssOS::No sw design opened at  D:/vivado_pj/workspace/mb1_block_wrapper/microblaze_0/standalone_microblaze_0/bsp/system.mss
TRACE::2026-05-20.16:32:17::SCWMssOS::mss does not exists at D:/vivado_pj/workspace/mb1_block_wrapper/microblaze_0/standalone_microblaze_0/bsp/system.mss
TRACE::2026-05-20.16:32:17::SCWMssOS::Creating sw design at  D:/vivado_pj/workspace/mb1_block_wrapper/microblaze_0/standalone_microblaze_0/bsp/system.mss
TRACE::2026-05-20.16:32:17::SCWMssOS::Adding the swdes entry, created swdb D:/vivado_pj/workspace/mb1_block_wrapper/microblaze_0/standalone_microblaze_0/bsp/system.mss with des name D:/vivado_pj/workspace/mb1_block_wrapper/microblaze_0/standalone_microblaze_0/bsp/system.mss
TRACE::2026-05-20.16:32:17::SCWMssOS::updating the scw layer changes to swdes at   D:/vivado_pj/workspace/mb1_block_wrapper/microblaze_0/standalone_microblaze_0/bsp/system.mss
TRACE::2026-05-20.16:32:17::SCWMssOS::Writing mss at D:/vivado_pj/workspace/mb1_block_wrapper/microblaze_0/standalone_microblaze_0/bsp/system.mss
TRACE::2026-05-20.16:32:17::SCWMssOS::Completed writing the mss file at D:/vivado_pj/workspace/mb1_block_wrapper/microblaze_0/standalone_microblaze_0/bsp
TRACE::2026-05-20.16:32:17::SCWMssOS::Picking up changes from newly written mss file into SCW Layer. 
TRACE::2026-05-20.16:32:17::SCWMssOS::Updated the changes from newly written mss file into SCW Layer. 
TRACE::2026-05-20.16:32:17::SCWMssOS::Completed writing the mss file at D:/vivado_pj/workspace/mb1_block_wrapper/microblaze_0/standalone_microblaze_0/bsp
TRACE::2026-05-20.16:32:17::SCWMssOS::Forcing BSP Sources regeneration.
TRACE::2026-05-20.16:32:18::SCWMssOS::Saving the mss changes D:/vivado_pj/workspace/mb1_block_wrapper/microblaze_0/standalone_microblaze_0/bsp/system.mss
TRACE::2026-05-20.16:32:18::SCWMssOS::Adding the swdes entry, mss present, able to open swdb D:/vivado_pj/workspace/mb1_block_wrapper/microblaze_0/standalone_microblaze_0/bsp/system.mss with des name system
TRACE::2026-05-20.16:32:18::SCWMssOS::Writing the mss file completed D:/vivado_pj/workspace/mb1_block_wrapper/microblaze_0/standalone_microblaze_0/bsp/system.mss
TRACE::2026-05-20.16:32:18::SCWMssOS::Commit changes completed.
TRACE::2026-05-20.16:32:18::SCWPlatform::Trying to open the hw design at D:/vivado_pj/workspace/mb1_block_wrapper/hw/mb1_block_wrapper.xsa
TRACE::2026-05-20.16:32:18::SCWPlatform::DSA given D:/vivado_pj/workspace/mb1_block_wrapper/hw/mb1_block_wrapper.xsa
TRACE::2026-05-20.16:32:18::SCWPlatform::DSA absoulate path D:/vivado_pj/workspace/mb1_block_wrapper/hw/mb1_block_wrapper.xsa
TRACE::2026-05-20.16:32:18::SCWPlatform::DSA directory D:/vivado_pj/workspace/mb1_block_wrapper/hw
TRACE::2026-05-20.16:32:18::SCWPlatform:: Platform Path D:/vivado_pj/workspace/mb1_block_wrapper/hw/mb1_block_wrapper.xsa
TRACE::2026-05-20.16:32:18::SCWPlatform:: Unique name xilinx:basys3::0.0
TRACE::2026-05-20.16:32:18::SCWPlatform::Trying to set the existing hwdb with name mb1_block_wrapper_0
TRACE::2026-05-20.16:32:18::SCWPlatform::Opened existing hwdb mb1_block_wrapper_0
TRACE::2026-05-20.16:32:18::SCWPlatform::Found the Hw Db part of the input DSA
TRACE::2026-05-20.16:32:18::SCWMssOS::Checking the sw design at  D:/vivado_pj/workspace/mb1_block_wrapper/microblaze_0/standalone_microblaze_0/bsp/system.mss
TRACE::2026-05-20.16:32:18::SCWMssOS::DEBUG:  swdes dump  D:/vivado_pj/workspace/mb1_block_wrapper/microblaze_0/standalone_microblaze_0/bsp/system.mss|system||

TRACE::2026-05-20.16:32:18::SCWMssOS::Sw design exists and opened at  D:/vivado_pj/workspace/mb1_block_wrapper/microblaze_0/standalone_microblaze_0/bsp/system.mss
TRACE::2026-05-20.16:32:18::SCWPlatform::Trying to open the hw design at D:/vivado_pj/workspace/mb1_block_wrapper/hw/mb1_block_wrapper.xsa
TRACE::2026-05-20.16:32:18::SCWPlatform::DSA given D:/vivado_pj/workspace/mb1_block_wrapper/hw/mb1_block_wrapper.xsa
TRACE::2026-05-20.16:32:18::SCWPlatform::DSA absoulate path D:/vivado_pj/workspace/mb1_block_wrapper/hw/mb1_block_wrapper.xsa
TRACE::2026-05-20.16:32:18::SCWPlatform::DSA directory D:/vivado_pj/workspace/mb1_block_wrapper/hw
TRACE::2026-05-20.16:32:18::SCWPlatform:: Platform Path D:/vivado_pj/workspace/mb1_block_wrapper/hw/mb1_block_wrapper.xsa
TRACE::2026-05-20.16:32:18::SCWPlatform:: Unique name xilinx:basys3::0.0
TRACE::2026-05-20.16:32:18::SCWPlatform::Trying to set the existing hwdb with name mb1_block_wrapper_0
TRACE::2026-05-20.16:32:18::SCWPlatform::Opened existing hwdb mb1_block_wrapper_0
TRACE::2026-05-20.16:32:18::SCWPlatform::Found the Hw Db part of the input DSA
TRACE::2026-05-20.16:32:18::SCWMssOS::Checking the sw design at  D:/vivado_pj/workspace/mb1_block_wrapper/microblaze_0/standalone_microblaze_0/bsp/system.mss
TRACE::2026-05-20.16:32:18::SCWMssOS::DEBUG:  swdes dump  D:/vivado_pj/workspace/mb1_block_wrapper/microblaze_0/standalone_microblaze_0/bsp/system.mss|system||

TRACE::2026-05-20.16:32:18::SCWMssOS::Sw design exists and opened at  D:/vivado_pj/workspace/mb1_block_wrapper/microblaze_0/standalone_microblaze_0/bsp/system.mss
TRACE::2026-05-20.16:32:18::SCWPlatform::Trying to open the hw design at D:/vivado_pj/workspace/mb1_block_wrapper/hw/mb1_block_wrapper.xsa
TRACE::2026-05-20.16:32:18::SCWPlatform::DSA given D:/vivado_pj/workspace/mb1_block_wrapper/hw/mb1_block_wrapper.xsa
TRACE::2026-05-20.16:32:18::SCWPlatform::DSA absoulate path D:/vivado_pj/workspace/mb1_block_wrapper/hw/mb1_block_wrapper.xsa
TRACE::2026-05-20.16:32:18::SCWPlatform::DSA directory D:/vivado_pj/workspace/mb1_block_wrapper/hw
TRACE::2026-05-20.16:32:18::SCWPlatform:: Platform Path D:/vivado_pj/workspace/mb1_block_wrapper/hw/mb1_block_wrapper.xsa
TRACE::2026-05-20.16:32:18::SCWPlatform:: Unique name xilinx:basys3::0.0
TRACE::2026-05-20.16:32:18::SCWPlatform::Trying to set the existing hwdb with name mb1_block_wrapper_0
TRACE::2026-05-20.16:32:18::SCWPlatform::Opened existing hwdb mb1_block_wrapper_0
TRACE::2026-05-20.16:32:18::SCWPlatform::Found the Hw Db part of the input DSA
TRACE::2026-05-20.16:32:18::SCWMssOS::Checking the sw design at  D:/vivado_pj/workspace/mb1_block_wrapper/microblaze_0/standalone_microblaze_0/bsp/system.mss
TRACE::2026-05-20.16:32:18::SCWMssOS::DEBUG:  swdes dump  D:/vivado_pj/workspace/mb1_block_wrapper/microblaze_0/standalone_microblaze_0/bsp/system.mss|system||

TRACE::2026-05-20.16:32:18::SCWMssOS::Sw design exists and opened at  D:/vivado_pj/workspace/mb1_block_wrapper/microblaze_0/standalone_microblaze_0/bsp/system.mss
TRACE::2026-05-20.16:32:18::SCWWriter::formatted JSON is {
	"platformName":	"mb1_block_wrapper",
	"sprVersion":	"2.0",
	"mode":	"gui",
	"dsaType":	"Fixed",
	"platformDesc":	"mb1_block_wrapper",
	"platHandOff":	"D:/vivado_pj/project_mb1/mb1_block_wrapper.xsa",
	"platIntHandOff":	"<platformDir>/hw/mb1_block_wrapper.xsa",
	"deviceType":	"FPGA",
	"platIsPrebuiltAutogen":	"false",
	"platIsNoBootBsp":	"false",
	"hasFsblMakeHasChanges":	"false",
	"hasPmufwMakeHasChanges":	"false",
	"platPreBuiltFlag":	false,
	"platformSamplesDir":	"",
	"platActiveSys":	"mb1_block_wrapper",
	"systems":	[{
			"systemName":	"mb1_block_wrapper",
			"systemDesc":	"mb1_block_wrapper",
			"sysIsBootAutoGen":	"true",
			"systemDispName":	"mb1_block_wrapper",
			"sysActiveDom":	"standalone_microblaze_0",
			"sysDefaultDom":	"standalone_microblaze_0",
			"domains":	[{
					"domainName":	"standalone_microblaze_0",
					"domainDispName":	"standalone_microblaze_0",
					"domainDesc":	"standalone_microblaze_0",
					"processors":	"microblaze_0",
					"os":	"standalone",
					"sdxOs":	"standalone",
					"debugEnable":	"False",
					"domRuntimes":	["cpp"],
					"swRepo":	"",
					"mssOsVer":	"8.0",
					"mssFile":	"",
					"md5Digest":	"a4d19b33235ef2c44ea10a21514a0c13",
					"compatibleApp":	"hello_world",
					"domType":	"mssDomain",
					"arch":	"32-bit",
					"appSettings":	{
						"appCompilerFlags":	"",
						"appLinkerFlags":	""
					},
					"addedLibs":	[],
					"libOptions":	{
						"libsContainingOptions":	[]
					},
					"prebuiltLibs":	{
						"prebuiltIncPath":	[],
						"prebuiltLibPath":	[]
					},
					"isolation":	{
					}
				}]
		}]
}
LOG::2026-05-20.16:32:18::SCWPlatform::Started generating the artifacts platform mb1_block_wrapper
TRACE::2026-05-20.16:32:18::SCWPlatform::Sanity checking of platform is completed
LOG::2026-05-20.16:32:18::SCWPlatform::Started generating the artifacts for system configuration mb1_block_wrapper
LOG::2026-05-20.16:32:18::SCWSystem::Checking the domain standalone_microblaze_0
LOG::2026-05-20.16:32:18::SCWSystem::Not a boot domain 
LOG::2026-05-20.16:32:18::SCWSystem::Started Processing the domain standalone_microblaze_0
TRACE::2026-05-20.16:32:18::SCWDomain::Generating domain artifcats
TRACE::2026-05-20.16:32:18::SCWMssOS::Generating standalone artifcats
TRACE::2026-05-20.16:32:18::SCWMssOS:: Copying the user libraries. 
TRACE::2026-05-20.16:32:18::SCWPlatform::Trying to open the hw design at D:/vivado_pj/workspace/mb1_block_wrapper/hw/mb1_block_wrapper.xsa
TRACE::2026-05-20.16:32:18::SCWPlatform::DSA given D:/vivado_pj/workspace/mb1_block_wrapper/hw/mb1_block_wrapper.xsa
TRACE::2026-05-20.16:32:18::SCWPlatform::DSA absoulate path D:/vivado_pj/workspace/mb1_block_wrapper/hw/mb1_block_wrapper.xsa
TRACE::2026-05-20.16:32:18::SCWPlatform::DSA directory D:/vivado_pj/workspace/mb1_block_wrapper/hw
TRACE::2026-05-20.16:32:18::SCWPlatform:: Platform Path D:/vivado_pj/workspace/mb1_block_wrapper/hw/mb1_block_wrapper.xsa
TRACE::2026-05-20.16:32:18::SCWPlatform:: Unique name xilinx:basys3::0.0
TRACE::2026-05-20.16:32:18::SCWPlatform::Trying to set the existing hwdb with name mb1_block_wrapper_0
TRACE::2026-05-20.16:32:18::SCWPlatform::Opened existing hwdb mb1_block_wrapper_0
TRACE::2026-05-20.16:32:18::SCWPlatform::Found the Hw Db part of the input DSA
TRACE::2026-05-20.16:32:18::SCWMssOS::Checking the sw design at  D:/vivado_pj/workspace/mb1_block_wrapper/microblaze_0/standalone_microblaze_0/bsp/system.mss
TRACE::2026-05-20.16:32:18::SCWMssOS::DEBUG:  swdes dump  D:/vivado_pj/workspace/mb1_block_wrapper/microblaze_0/standalone_microblaze_0/bsp/system.mss|system||

TRACE::2026-05-20.16:32:18::SCWMssOS::Sw design exists and opened at  D:/vivado_pj/workspace/mb1_block_wrapper/microblaze_0/standalone_microblaze_0/bsp/system.mss
TRACE::2026-05-20.16:32:18::SCWMssOS::Completed writing the mss file at D:/vivado_pj/workspace/mb1_block_wrapper/microblaze_0/standalone_microblaze_0/bsp
TRACE::2026-05-20.16:32:18::SCWMssOS::Mss edits present, copying mssfile into export location D:/vivado_pj/workspace/mb1_block_wrapper/microblaze_0/standalone_microblaze_0/bsp/system.mss
TRACE::2026-05-20.16:32:18::SCWMssOS::bsp generated is upto date with the mss file. Skipping bsp generation.
TRACE::2026-05-20.16:32:18::SCWMssOS::BSP is already built. skipping the bsp build ... 
TRACE::2026-05-20.16:32:18::SCWDomain::Skipping the build for domain :  standalone_microblaze_0
TRACE::2026-05-20.16:32:18::SCWMssOS::skipping the bsp build ... 
TRACE::2026-05-20.16:32:18::SCWMssOS::Copying to export directory.
TRACE::2026-05-20.16:32:18::SCWMssOS:: Checking if to create the Supporting Applications
TRACE::2026-05-20.16:32:18::SCWMssOS:: No Linux domain exists, trying to generate FSBL 
LOG::2026-05-20.16:32:18::SCWSystem::Completed Processing the domain standalone_microblaze_0
LOG::2026-05-20.16:32:18::SCWSystem::Completed Processing the sysconfig mb1_block_wrapper
LOG::2026-05-20.16:32:18::SCWPlatform::Completed generating the artifacts for system configuration mb1_block_wrapper
TRACE::2026-05-20.16:32:18::SCWPlatform::Started preparing the platform 
TRACE::2026-05-20.16:32:18::SCWSystem::Writing the bif file for system config mb1_block_wrapper
TRACE::2026-05-20.16:32:18::SCWSystem::dir created 
TRACE::2026-05-20.16:32:18::SCWSystem::Writing the bif 
TRACE::2026-05-20.16:32:18::SCWPlatform::Started writing the spfm file 
TRACE::2026-05-20.16:32:18::SCWPlatform::Started writing the xpfm file 
TRACE::2026-05-20.16:32:18::SCWPlatform::Completed generating the platform
TRACE::2026-05-20.16:32:18::SCWMssOS::Saving the mss changes D:/vivado_pj/workspace/mb1_block_wrapper/microblaze_0/standalone_microblaze_0/bsp/system.mss
TRACE::2026-05-20.16:32:18::SCWMssOS::Found a swdesign opened with the mssfile.
TRACE::2026-05-20.16:32:18::SCWMssOS::Completed writemss as part of save.
TRACE::2026-05-20.16:32:18::SCWMssOS::Commit changes completed.
TRACE::2026-05-20.16:32:18::SCWPlatform::Trying to open the hw design at D:/vivado_pj/workspace/mb1_block_wrapper/hw/mb1_block_wrapper.xsa
TRACE::2026-05-20.16:32:18::SCWPlatform::DSA given D:/vivado_pj/workspace/mb1_block_wrapper/hw/mb1_block_wrapper.xsa
TRACE::2026-05-20.16:32:18::SCWPlatform::DSA absoulate path D:/vivado_pj/workspace/mb1_block_wrapper/hw/mb1_block_wrapper.xsa
TRACE::2026-05-20.16:32:18::SCWPlatform::DSA directory D:/vivado_pj/workspace/mb1_block_wrapper/hw
TRACE::2026-05-20.16:32:18::SCWPlatform:: Platform Path D:/vivado_pj/workspace/mb1_block_wrapper/hw/mb1_block_wrapper.xsa
TRACE::2026-05-20.16:32:18::SCWPlatform:: Unique name xilinx:basys3::0.0
TRACE::2026-05-20.16:32:18::SCWPlatform::Trying to set the existing hwdb with name mb1_block_wrapper_0
TRACE::2026-05-20.16:32:18::SCWPlatform::Opened existing hwdb mb1_block_wrapper_0
TRACE::2026-05-20.16:32:18::SCWPlatform::Found the Hw Db part of the input DSA
TRACE::2026-05-20.16:32:18::SCWMssOS::Checking the sw design at  D:/vivado_pj/workspace/mb1_block_wrapper/microblaze_0/standalone_microblaze_0/bsp/system.mss
TRACE::2026-05-20.16:32:18::SCWMssOS::DEBUG:  swdes dump  D:/vivado_pj/workspace/mb1_block_wrapper/microblaze_0/standalone_microblaze_0/bsp/system.mss|system||

TRACE::2026-05-20.16:32:18::SCWMssOS::Sw design exists and opened at  D:/vivado_pj/workspace/mb1_block_wrapper/microblaze_0/standalone_microblaze_0/bsp/system.mss
TRACE::2026-05-20.16:32:18::SCWPlatform::Trying to open the hw design at D:/vivado_pj/workspace/mb1_block_wrapper/hw/mb1_block_wrapper.xsa
TRACE::2026-05-20.16:32:18::SCWPlatform::DSA given D:/vivado_pj/workspace/mb1_block_wrapper/hw/mb1_block_wrapper.xsa
TRACE::2026-05-20.16:32:18::SCWPlatform::DSA absoulate path D:/vivado_pj/workspace/mb1_block_wrapper/hw/mb1_block_wrapper.xsa
TRACE::2026-05-20.16:32:18::SCWPlatform::DSA directory D:/vivado_pj/workspace/mb1_block_wrapper/hw
TRACE::2026-05-20.16:32:18::SCWPlatform:: Platform Path D:/vivado_pj/workspace/mb1_block_wrapper/hw/mb1_block_wrapper.xsa
TRACE::2026-05-20.16:32:18::SCWPlatform:: Unique name xilinx:basys3::0.0
TRACE::2026-05-20.16:32:18::SCWPlatform::Trying to set the existing hwdb with name mb1_block_wrapper_0
TRACE::2026-05-20.16:32:18::SCWPlatform::Opened existing hwdb mb1_block_wrapper_0
TRACE::2026-05-20.16:32:18::SCWPlatform::Found the Hw Db part of the input DSA
TRACE::2026-05-20.16:32:18::SCWMssOS::Checking the sw design at  D:/vivado_pj/workspace/mb1_block_wrapper/microblaze_0/standalone_microblaze_0/bsp/system.mss
TRACE::2026-05-20.16:32:18::SCWMssOS::DEBUG:  swdes dump  D:/vivado_pj/workspace/mb1_block_wrapper/microblaze_0/standalone_microblaze_0/bsp/system.mss|system||

TRACE::2026-05-20.16:32:18::SCWMssOS::Sw design exists and opened at  D:/vivado_pj/workspace/mb1_block_wrapper/microblaze_0/standalone_microblaze_0/bsp/system.mss
TRACE::2026-05-20.16:32:18::SCWPlatform::Trying to open the hw design at D:/vivado_pj/workspace/mb1_block_wrapper/hw/mb1_block_wrapper.xsa
TRACE::2026-05-20.16:32:18::SCWPlatform::DSA given D:/vivado_pj/workspace/mb1_block_wrapper/hw/mb1_block_wrapper.xsa
TRACE::2026-05-20.16:32:18::SCWPlatform::DSA absoulate path D:/vivado_pj/workspace/mb1_block_wrapper/hw/mb1_block_wrapper.xsa
TRACE::2026-05-20.16:32:18::SCWPlatform::DSA directory D:/vivado_pj/workspace/mb1_block_wrapper/hw
TRACE::2026-05-20.16:32:18::SCWPlatform:: Platform Path D:/vivado_pj/workspace/mb1_block_wrapper/hw/mb1_block_wrapper.xsa
TRACE::2026-05-20.16:32:18::SCWPlatform:: Unique name xilinx:basys3::0.0
TRACE::2026-05-20.16:32:18::SCWPlatform::Trying to set the existing hwdb with name mb1_block_wrapper_0
TRACE::2026-05-20.16:32:18::SCWPlatform::Opened existing hwdb mb1_block_wrapper_0
TRACE::2026-05-20.16:32:18::SCWPlatform::Found the Hw Db part of the input DSA
TRACE::2026-05-20.16:32:18::SCWMssOS::Checking the sw design at  D:/vivado_pj/workspace/mb1_block_wrapper/microblaze_0/standalone_microblaze_0/bsp/system.mss
TRACE::2026-05-20.16:32:18::SCWMssOS::DEBUG:  swdes dump  D:/vivado_pj/workspace/mb1_block_wrapper/microblaze_0/standalone_microblaze_0/bsp/system.mss|system||

TRACE::2026-05-20.16:32:18::SCWMssOS::Sw design exists and opened at  D:/vivado_pj/workspace/mb1_block_wrapper/microblaze_0/standalone_microblaze_0/bsp/system.mss
TRACE::2026-05-20.16:32:18::SCWWriter::formatted JSON is {
	"platformName":	"mb1_block_wrapper",
	"sprVersion":	"2.0",
	"mode":	"gui",
	"dsaType":	"Fixed",
	"platformDesc":	"mb1_block_wrapper",
	"platHandOff":	"D:/vivado_pj/project_mb1/mb1_block_wrapper.xsa",
	"platIntHandOff":	"<platformDir>/hw/mb1_block_wrapper.xsa",
	"deviceType":	"FPGA",
	"platIsPrebuiltAutogen":	"false",
	"platIsNoBootBsp":	"false",
	"hasFsblMakeHasChanges":	"false",
	"hasPmufwMakeHasChanges":	"false",
	"platPreBuiltFlag":	false,
	"platformSamplesDir":	"",
	"platActiveSys":	"mb1_block_wrapper",
	"systems":	[{
			"systemName":	"mb1_block_wrapper",
			"systemDesc":	"mb1_block_wrapper",
			"sysIsBootAutoGen":	"true",
			"systemDispName":	"mb1_block_wrapper",
			"sysActiveDom":	"standalone_microblaze_0",
			"sysDefaultDom":	"standalone_microblaze_0",
			"domains":	[{
					"domainName":	"standalone_microblaze_0",
					"domainDispName":	"standalone_microblaze_0",
					"domainDesc":	"standalone_microblaze_0",
					"processors":	"microblaze_0",
					"os":	"standalone",
					"sdxOs":	"standalone",
					"debugEnable":	"False",
					"domRuntimes":	["cpp"],
					"swRepo":	"",
					"mssOsVer":	"8.0",
					"mssFile":	"",
					"md5Digest":	"a4d19b33235ef2c44ea10a21514a0c13",
					"compatibleApp":	"hello_world",
					"domType":	"mssDomain",
					"arch":	"32-bit",
					"appSettings":	{
						"appCompilerFlags":	"",
						"appLinkerFlags":	""
					},
					"addedLibs":	[],
					"libOptions":	{
						"libsContainingOptions":	[]
					},
					"prebuiltLibs":	{
						"prebuiltIncPath":	[],
						"prebuiltLibPath":	[]
					},
					"isolation":	{
					}
				}]
		}]
}
KEYINFO::2026-05-20.16:32:18::SCWPlatform::updated the xpfm file.
TRACE::2026-05-20.16:32:19::SCWPlatform::Trying to open the hw design at D:/vivado_pj/workspace/mb1_block_wrapper/hw/mb1_block_wrapper.xsa
TRACE::2026-05-20.16:32:19::SCWPlatform::DSA given D:/vivado_pj/workspace/mb1_block_wrapper/hw/mb1_block_wrapper.xsa
TRACE::2026-05-20.16:32:19::SCWPlatform::DSA absoulate path D:/vivado_pj/workspace/mb1_block_wrapper/hw/mb1_block_wrapper.xsa
TRACE::2026-05-20.16:32:19::SCWPlatform::DSA directory D:/vivado_pj/workspace/mb1_block_wrapper/hw
TRACE::2026-05-20.16:32:19::SCWPlatform:: Platform Path D:/vivado_pj/workspace/mb1_block_wrapper/hw/mb1_block_wrapper.xsa
TRACE::2026-05-20.16:32:19::SCWPlatform:: Unique name xilinx:basys3::0.0
TRACE::2026-05-20.16:32:19::SCWPlatform::Trying to set the existing hwdb with name mb1_block_wrapper_0
TRACE::2026-05-20.16:32:19::SCWPlatform::Opened existing hwdb mb1_block_wrapper_0
TRACE::2026-05-20.16:32:19::SCWPlatform::Found the Hw Db part of the input DSA
TRACE::2026-05-20.16:32:19::SCWMssOS::Checking the sw design at  D:/vivado_pj/workspace/mb1_block_wrapper/microblaze_0/standalone_microblaze_0/bsp/system.mss
TRACE::2026-05-20.16:32:19::SCWMssOS::DEBUG:  swdes dump  D:/vivado_pj/workspace/mb1_block_wrapper/microblaze_0/standalone_microblaze_0/bsp/system.mss|system||

TRACE::2026-05-20.16:32:19::SCWMssOS::Sw design exists and opened at  D:/vivado_pj/workspace/mb1_block_wrapper/microblaze_0/standalone_microblaze_0/bsp/system.mss
TRACE::2026-05-20.16:32:19::SCWMssOS::Saving the mss changes D:/vivado_pj/workspace/mb1_block_wrapper/microblaze_0/standalone_microblaze_0/bsp/system.mss
TRACE::2026-05-20.16:32:19::SCWMssOS::Found a swdesign opened with the mssfile.
TRACE::2026-05-20.16:32:19::SCWMssOS::Completed writemss as part of save.
TRACE::2026-05-20.16:32:19::SCWMssOS::Commit changes completed.
TRACE::2026-05-20.16:32:19::SCWPlatform::Trying to open the hw design at D:/vivado_pj/workspace/mb1_block_wrapper/hw/mb1_block_wrapper.xsa
TRACE::2026-05-20.16:32:19::SCWPlatform::DSA given D:/vivado_pj/workspace/mb1_block_wrapper/hw/mb1_block_wrapper.xsa
TRACE::2026-05-20.16:32:19::SCWPlatform::DSA absoulate path D:/vivado_pj/workspace/mb1_block_wrapper/hw/mb1_block_wrapper.xsa
TRACE::2026-05-20.16:32:19::SCWPlatform::DSA directory D:/vivado_pj/workspace/mb1_block_wrapper/hw
TRACE::2026-05-20.16:32:19::SCWPlatform:: Platform Path D:/vivado_pj/workspace/mb1_block_wrapper/hw/mb1_block_wrapper.xsa
TRACE::2026-05-20.16:32:19::SCWPlatform:: Unique name xilinx:basys3::0.0
TRACE::2026-05-20.16:32:19::SCWPlatform::Trying to set the existing hwdb with name mb1_block_wrapper_0
TRACE::2026-05-20.16:32:19::SCWPlatform::Opened existing hwdb mb1_block_wrapper_0
TRACE::2026-05-20.16:32:19::SCWPlatform::Found the Hw Db part of the input DSA
TRACE::2026-05-20.16:32:19::SCWMssOS::Checking the sw design at  D:/vivado_pj/workspace/mb1_block_wrapper/microblaze_0/standalone_microblaze_0/bsp/system.mss
TRACE::2026-05-20.16:32:19::SCWMssOS::DEBUG:  swdes dump  D:/vivado_pj/workspace/mb1_block_wrapper/microblaze_0/standalone_microblaze_0/bsp/system.mss|system||

TRACE::2026-05-20.16:32:19::SCWMssOS::Sw design exists and opened at  D:/vivado_pj/workspace/mb1_block_wrapper/microblaze_0/standalone_microblaze_0/bsp/system.mss
TRACE::2026-05-20.16:32:19::SCWPlatform::Trying to open the hw design at D:/vivado_pj/workspace/mb1_block_wrapper/hw/mb1_block_wrapper.xsa
TRACE::2026-05-20.16:32:19::SCWPlatform::DSA given D:/vivado_pj/workspace/mb1_block_wrapper/hw/mb1_block_wrapper.xsa
TRACE::2026-05-20.16:32:19::SCWPlatform::DSA absoulate path D:/vivado_pj/workspace/mb1_block_wrapper/hw/mb1_block_wrapper.xsa
TRACE::2026-05-20.16:32:19::SCWPlatform::DSA directory D:/vivado_pj/workspace/mb1_block_wrapper/hw
TRACE::2026-05-20.16:32:19::SCWPlatform:: Platform Path D:/vivado_pj/workspace/mb1_block_wrapper/hw/mb1_block_wrapper.xsa
TRACE::2026-05-20.16:32:19::SCWPlatform:: Unique name xilinx:basys3::0.0
TRACE::2026-05-20.16:32:19::SCWPlatform::Trying to set the existing hwdb with name mb1_block_wrapper_0
TRACE::2026-05-20.16:32:19::SCWPlatform::Opened existing hwdb mb1_block_wrapper_0
TRACE::2026-05-20.16:32:19::SCWPlatform::Found the Hw Db part of the input DSA
TRACE::2026-05-20.16:32:19::SCWMssOS::Checking the sw design at  D:/vivado_pj/workspace/mb1_block_wrapper/microblaze_0/standalone_microblaze_0/bsp/system.mss
TRACE::2026-05-20.16:32:19::SCWMssOS::DEBUG:  swdes dump  D:/vivado_pj/workspace/mb1_block_wrapper/microblaze_0/standalone_microblaze_0/bsp/system.mss|system||

TRACE::2026-05-20.16:32:19::SCWMssOS::Sw design exists and opened at  D:/vivado_pj/workspace/mb1_block_wrapper/microblaze_0/standalone_microblaze_0/bsp/system.mss
TRACE::2026-05-20.16:32:19::SCWPlatform::Trying to open the hw design at D:/vivado_pj/workspace/mb1_block_wrapper/hw/mb1_block_wrapper.xsa
TRACE::2026-05-20.16:32:19::SCWPlatform::DSA given D:/vivado_pj/workspace/mb1_block_wrapper/hw/mb1_block_wrapper.xsa
TRACE::2026-05-20.16:32:19::SCWPlatform::DSA absoulate path D:/vivado_pj/workspace/mb1_block_wrapper/hw/mb1_block_wrapper.xsa
TRACE::2026-05-20.16:32:19::SCWPlatform::DSA directory D:/vivado_pj/workspace/mb1_block_wrapper/hw
TRACE::2026-05-20.16:32:19::SCWPlatform:: Platform Path D:/vivado_pj/workspace/mb1_block_wrapper/hw/mb1_block_wrapper.xsa
TRACE::2026-05-20.16:32:19::SCWPlatform:: Unique name xilinx:basys3::0.0
TRACE::2026-05-20.16:32:19::SCWPlatform::Trying to set the existing hwdb with name mb1_block_wrapper_0
TRACE::2026-05-20.16:32:19::SCWPlatform::Opened existing hwdb mb1_block_wrapper_0
TRACE::2026-05-20.16:32:19::SCWPlatform::Found the Hw Db part of the input DSA
TRACE::2026-05-20.16:32:19::SCWMssOS::Checking the sw design at  D:/vivado_pj/workspace/mb1_block_wrapper/microblaze_0/standalone_microblaze_0/bsp/system.mss
TRACE::2026-05-20.16:32:19::SCWMssOS::DEBUG:  swdes dump  D:/vivado_pj/workspace/mb1_block_wrapper/microblaze_0/standalone_microblaze_0/bsp/system.mss|system||

TRACE::2026-05-20.16:32:19::SCWMssOS::Sw design exists and opened at  D:/vivado_pj/workspace/mb1_block_wrapper/microblaze_0/standalone_microblaze_0/bsp/system.mss
TRACE::2026-05-20.16:32:19::SCWWriter::formatted JSON is {
	"platformName":	"mb1_block_wrapper",
	"sprVersion":	"2.0",
	"mode":	"gui",
	"dsaType":	"Fixed",
	"platformDesc":	"mb1_block_wrapper",
	"platHandOff":	"D:/vivado_pj/project_mb1/mb1_block_wrapper.xsa",
	"platIntHandOff":	"<platformDir>/hw/mb1_block_wrapper.xsa",
	"deviceType":	"FPGA",
	"platIsPrebuiltAutogen":	"false",
	"platIsNoBootBsp":	"false",
	"hasFsblMakeHasChanges":	"false",
	"hasPmufwMakeHasChanges":	"false",
	"platPreBuiltFlag":	false,
	"platformSamplesDir":	"",
	"platActiveSys":	"mb1_block_wrapper",
	"systems":	[{
			"systemName":	"mb1_block_wrapper",
			"systemDesc":	"mb1_block_wrapper",
			"sysIsBootAutoGen":	"true",
			"systemDispName":	"mb1_block_wrapper",
			"sysActiveDom":	"standalone_microblaze_0",
			"sysDefaultDom":	"standalone_microblaze_0",
			"domains":	[{
					"domainName":	"standalone_microblaze_0",
					"domainDispName":	"standalone_microblaze_0",
					"domainDesc":	"standalone_microblaze_0",
					"processors":	"microblaze_0",
					"os":	"standalone",
					"sdxOs":	"standalone",
					"debugEnable":	"False",
					"domRuntimes":	["cpp"],
					"swRepo":	"",
					"mssOsVer":	"8.0",
					"mssFile":	"",
					"md5Digest":	"a4d19b33235ef2c44ea10a21514a0c13",
					"compatibleApp":	"hello_world",
					"domType":	"mssDomain",
					"arch":	"32-bit",
					"appSettings":	{
						"appCompilerFlags":	"",
						"appLinkerFlags":	""
					},
					"addedLibs":	[],
					"libOptions":	{
						"libsContainingOptions":	[]
					},
					"prebuiltLibs":	{
						"prebuiltIncPath":	[],
						"prebuiltLibPath":	[]
					},
					"isolation":	{
					}
				}]
		}]
}
TRACE::2026-05-20.16:32:19::SCWPlatform::Trying to open the hw design at D:/vivado_pj/workspace/mb1_block_wrapper/hw/mb1_block_wrapper.xsa
TRACE::2026-05-20.16:32:19::SCWPlatform::DSA given D:/vivado_pj/workspace/mb1_block_wrapper/hw/mb1_block_wrapper.xsa
TRACE::2026-05-20.16:32:19::SCWPlatform::DSA absoulate path D:/vivado_pj/workspace/mb1_block_wrapper/hw/mb1_block_wrapper.xsa
TRACE::2026-05-20.16:32:19::SCWPlatform::DSA directory D:/vivado_pj/workspace/mb1_block_wrapper/hw
TRACE::2026-05-20.16:32:19::SCWPlatform:: Platform Path D:/vivado_pj/workspace/mb1_block_wrapper/hw/mb1_block_wrapper.xsa
TRACE::2026-05-20.16:32:19::SCWPlatform:: Unique name xilinx:basys3::0.0
TRACE::2026-05-20.16:32:19::SCWPlatform::Trying to set the existing hwdb with name mb1_block_wrapper_0
TRACE::2026-05-20.16:32:19::SCWPlatform::Opened existing hwdb mb1_block_wrapper_0
TRACE::2026-05-20.16:32:19::SCWPlatform::Found the Hw Db part of the input DSA
TRACE::2026-05-20.16:32:19::SCWMssOS::Checking the sw design at  D:/vivado_pj/workspace/mb1_block_wrapper/microblaze_0/standalone_microblaze_0/bsp/system.mss
TRACE::2026-05-20.16:32:19::SCWMssOS::DEBUG:  swdes dump  D:/vivado_pj/workspace/mb1_block_wrapper/microblaze_0/standalone_microblaze_0/bsp/system.mss|system||

TRACE::2026-05-20.16:32:19::SCWMssOS::Sw design exists and opened at  D:/vivado_pj/workspace/mb1_block_wrapper/microblaze_0/standalone_microblaze_0/bsp/system.mss
TRACE::2026-05-20.16:32:19::SCWPlatform::Trying to open the hw design at D:/vivado_pj/workspace/mb1_block_wrapper/hw/mb1_block_wrapper.xsa
TRACE::2026-05-20.16:32:19::SCWPlatform::DSA given D:/vivado_pj/workspace/mb1_block_wrapper/hw/mb1_block_wrapper.xsa
TRACE::2026-05-20.16:32:19::SCWPlatform::DSA absoulate path D:/vivado_pj/workspace/mb1_block_wrapper/hw/mb1_block_wrapper.xsa
TRACE::2026-05-20.16:32:19::SCWPlatform::DSA directory D:/vivado_pj/workspace/mb1_block_wrapper/hw
TRACE::2026-05-20.16:32:19::SCWPlatform:: Platform Path D:/vivado_pj/workspace/mb1_block_wrapper/hw/mb1_block_wrapper.xsa
TRACE::2026-05-20.16:32:19::SCWPlatform:: Unique name xilinx:basys3::0.0
TRACE::2026-05-20.16:32:19::SCWPlatform::Trying to set the existing hwdb with name mb1_block_wrapper_0
TRACE::2026-05-20.16:32:19::SCWPlatform::Opened existing hwdb mb1_block_wrapper_0
TRACE::2026-05-20.16:32:19::SCWPlatform::Found the Hw Db part of the input DSA
TRACE::2026-05-20.16:32:19::SCWMssOS::Checking the sw design at  D:/vivado_pj/workspace/mb1_block_wrapper/microblaze_0/standalone_microblaze_0/bsp/system.mss
TRACE::2026-05-20.16:32:19::SCWMssOS::DEBUG:  swdes dump  D:/vivado_pj/workspace/mb1_block_wrapper/microblaze_0/standalone_microblaze_0/bsp/system.mss|system||

TRACE::2026-05-20.16:32:19::SCWMssOS::Sw design exists and opened at  D:/vivado_pj/workspace/mb1_block_wrapper/microblaze_0/standalone_microblaze_0/bsp/system.mss
TRACE::2026-05-20.16:32:19::SCWMssOS::Saving the mss changes D:/vivado_pj/workspace/mb1_block_wrapper/microblaze_0/standalone_microblaze_0/bsp/system.mss
TRACE::2026-05-20.16:32:19::SCWMssOS::Found a swdesign opened with the mssfile.
TRACE::2026-05-20.16:32:19::SCWMssOS::Completed writemss as part of save.
TRACE::2026-05-20.16:32:19::SCWMssOS::Commit changes completed.
TRACE::2026-05-20.16:32:19::SCWPlatform::Trying to open the hw design at D:/vivado_pj/workspace/mb1_block_wrapper/hw/mb1_block_wrapper.xsa
TRACE::2026-05-20.16:32:19::SCWPlatform::DSA given D:/vivado_pj/workspace/mb1_block_wrapper/hw/mb1_block_wrapper.xsa
TRACE::2026-05-20.16:32:19::SCWPlatform::DSA absoulate path D:/vivado_pj/workspace/mb1_block_wrapper/hw/mb1_block_wrapper.xsa
TRACE::2026-05-20.16:32:19::SCWPlatform::DSA directory D:/vivado_pj/workspace/mb1_block_wrapper/hw
TRACE::2026-05-20.16:32:19::SCWPlatform:: Platform Path D:/vivado_pj/workspace/mb1_block_wrapper/hw/mb1_block_wrapper.xsa
TRACE::2026-05-20.16:32:19::SCWPlatform:: Unique name xilinx:basys3::0.0
TRACE::2026-05-20.16:32:19::SCWPlatform::Trying to set the existing hwdb with name mb1_block_wrapper_0
TRACE::2026-05-20.16:32:19::SCWPlatform::Opened existing hwdb mb1_block_wrapper_0
TRACE::2026-05-20.16:32:19::SCWPlatform::Found the Hw Db part of the input DSA
TRACE::2026-05-20.16:32:19::SCWMssOS::Checking the sw design at  D:/vivado_pj/workspace/mb1_block_wrapper/microblaze_0/standalone_microblaze_0/bsp/system.mss
TRACE::2026-05-20.16:32:19::SCWMssOS::DEBUG:  swdes dump  D:/vivado_pj/workspace/mb1_block_wrapper/microblaze_0/standalone_microblaze_0/bsp/system.mss|system||

TRACE::2026-05-20.16:32:19::SCWMssOS::Sw design exists and opened at  D:/vivado_pj/workspace/mb1_block_wrapper/microblaze_0/standalone_microblaze_0/bsp/system.mss
TRACE::2026-05-20.16:32:19::SCWPlatform::Trying to open the hw design at D:/vivado_pj/workspace/mb1_block_wrapper/hw/mb1_block_wrapper.xsa
TRACE::2026-05-20.16:32:19::SCWPlatform::DSA given D:/vivado_pj/workspace/mb1_block_wrapper/hw/mb1_block_wrapper.xsa
TRACE::2026-05-20.16:32:19::SCWPlatform::DSA absoulate path D:/vivado_pj/workspace/mb1_block_wrapper/hw/mb1_block_wrapper.xsa
TRACE::2026-05-20.16:32:19::SCWPlatform::DSA directory D:/vivado_pj/workspace/mb1_block_wrapper/hw
TRACE::2026-05-20.16:32:19::SCWPlatform:: Platform Path D:/vivado_pj/workspace/mb1_block_wrapper/hw/mb1_block_wrapper.xsa
TRACE::2026-05-20.16:32:19::SCWPlatform:: Unique name xilinx:basys3::0.0
TRACE::2026-05-20.16:32:19::SCWPlatform::Trying to set the existing hwdb with name mb1_block_wrapper_0
TRACE::2026-05-20.16:32:19::SCWPlatform::Opened existing hwdb mb1_block_wrapper_0
TRACE::2026-05-20.16:32:19::SCWPlatform::Found the Hw Db part of the input DSA
TRACE::2026-05-20.16:32:19::SCWMssOS::Checking the sw design at  D:/vivado_pj/workspace/mb1_block_wrapper/microblaze_0/standalone_microblaze_0/bsp/system.mss
TRACE::2026-05-20.16:32:19::SCWMssOS::DEBUG:  swdes dump  D:/vivado_pj/workspace/mb1_block_wrapper/microblaze_0/standalone_microblaze_0/bsp/system.mss|system||

TRACE::2026-05-20.16:32:19::SCWMssOS::Sw design exists and opened at  D:/vivado_pj/workspace/mb1_block_wrapper/microblaze_0/standalone_microblaze_0/bsp/system.mss
TRACE::2026-05-20.16:32:19::SCWPlatform::Trying to open the hw design at D:/vivado_pj/workspace/mb1_block_wrapper/hw/mb1_block_wrapper.xsa
TRACE::2026-05-20.16:32:19::SCWPlatform::DSA given D:/vivado_pj/workspace/mb1_block_wrapper/hw/mb1_block_wrapper.xsa
TRACE::2026-05-20.16:32:19::SCWPlatform::DSA absoulate path D:/vivado_pj/workspace/mb1_block_wrapper/hw/mb1_block_wrapper.xsa
TRACE::2026-05-20.16:32:19::SCWPlatform::DSA directory D:/vivado_pj/workspace/mb1_block_wrapper/hw
TRACE::2026-05-20.16:32:19::SCWPlatform:: Platform Path D:/vivado_pj/workspace/mb1_block_wrapper/hw/mb1_block_wrapper.xsa
TRACE::2026-05-20.16:32:19::SCWPlatform:: Unique name xilinx:basys3::0.0
TRACE::2026-05-20.16:32:19::SCWPlatform::Trying to set the existing hwdb with name mb1_block_wrapper_0
TRACE::2026-05-20.16:32:19::SCWPlatform::Opened existing hwdb mb1_block_wrapper_0
TRACE::2026-05-20.16:32:19::SCWPlatform::Found the Hw Db part of the input DSA
TRACE::2026-05-20.16:32:19::SCWMssOS::Checking the sw design at  D:/vivado_pj/workspace/mb1_block_wrapper/microblaze_0/standalone_microblaze_0/bsp/system.mss
TRACE::2026-05-20.16:32:19::SCWMssOS::DEBUG:  swdes dump  D:/vivado_pj/workspace/mb1_block_wrapper/microblaze_0/standalone_microblaze_0/bsp/system.mss|system||

TRACE::2026-05-20.16:32:19::SCWMssOS::Sw design exists and opened at  D:/vivado_pj/workspace/mb1_block_wrapper/microblaze_0/standalone_microblaze_0/bsp/system.mss
TRACE::2026-05-20.16:32:19::SCWWriter::formatted JSON is {
	"platformName":	"mb1_block_wrapper",
	"sprVersion":	"2.0",
	"mode":	"gui",
	"dsaType":	"Fixed",
	"platformDesc":	"mb1_block_wrapper",
	"platHandOff":	"D:/vivado_pj/project_mb1/mb1_block_wrapper.xsa",
	"platIntHandOff":	"<platformDir>/hw/mb1_block_wrapper.xsa",
	"deviceType":	"FPGA",
	"platIsPrebuiltAutogen":	"false",
	"platIsNoBootBsp":	"false",
	"hasFsblMakeHasChanges":	"false",
	"hasPmufwMakeHasChanges":	"false",
	"platPreBuiltFlag":	false,
	"platformSamplesDir":	"",
	"platActiveSys":	"mb1_block_wrapper",
	"systems":	[{
			"systemName":	"mb1_block_wrapper",
			"systemDesc":	"mb1_block_wrapper",
			"sysIsBootAutoGen":	"true",
			"systemDispName":	"mb1_block_wrapper",
			"sysActiveDom":	"standalone_microblaze_0",
			"sysDefaultDom":	"standalone_microblaze_0",
			"domains":	[{
					"domainName":	"standalone_microblaze_0",
					"domainDispName":	"standalone_microblaze_0",
					"domainDesc":	"standalone_microblaze_0",
					"processors":	"microblaze_0",
					"os":	"standalone",
					"sdxOs":	"standalone",
					"debugEnable":	"False",
					"domRuntimes":	["cpp"],
					"swRepo":	"",
					"mssOsVer":	"8.0",
					"mssFile":	"",
					"md5Digest":	"a4d19b33235ef2c44ea10a21514a0c13",
					"compatibleApp":	"hello_world",
					"domType":	"mssDomain",
					"arch":	"32-bit",
					"appSettings":	{
						"appCompilerFlags":	"",
						"appLinkerFlags":	""
					},
					"addedLibs":	[],
					"libOptions":	{
						"libsContainingOptions":	[]
					},
					"prebuiltLibs":	{
						"prebuiltIncPath":	[],
						"prebuiltLibPath":	[]
					},
					"isolation":	{
					}
				}]
		}]
}
LOG::2026-05-20.16:32:19::SCWPlatform::Started generating the artifacts platform mb1_block_wrapper
TRACE::2026-05-20.16:32:19::SCWPlatform::Sanity checking of platform is completed
LOG::2026-05-20.16:32:19::SCWPlatform::Started generating the artifacts for system configuration mb1_block_wrapper
LOG::2026-05-20.16:32:19::SCWSystem::Started Processing the domain standalone_microblaze_0
TRACE::2026-05-20.16:32:19::SCWDomain::Generating domain artifcats
TRACE::2026-05-20.16:32:19::SCWMssOS::Generating standalone artifcats
TRACE::2026-05-20.16:32:19::SCWMssOS:: Copying the user libraries. 
TRACE::2026-05-20.16:32:19::SCWPlatform::Trying to open the hw design at D:/vivado_pj/workspace/mb1_block_wrapper/hw/mb1_block_wrapper.xsa
TRACE::2026-05-20.16:32:19::SCWPlatform::DSA given D:/vivado_pj/workspace/mb1_block_wrapper/hw/mb1_block_wrapper.xsa
TRACE::2026-05-20.16:32:19::SCWPlatform::DSA absoulate path D:/vivado_pj/workspace/mb1_block_wrapper/hw/mb1_block_wrapper.xsa
TRACE::2026-05-20.16:32:19::SCWPlatform::DSA directory D:/vivado_pj/workspace/mb1_block_wrapper/hw
TRACE::2026-05-20.16:32:19::SCWPlatform:: Platform Path D:/vivado_pj/workspace/mb1_block_wrapper/hw/mb1_block_wrapper.xsa
TRACE::2026-05-20.16:32:19::SCWPlatform:: Unique name xilinx:basys3::0.0
TRACE::2026-05-20.16:32:19::SCWPlatform::Trying to set the existing hwdb with name mb1_block_wrapper_0
TRACE::2026-05-20.16:32:19::SCWPlatform::Opened existing hwdb mb1_block_wrapper_0
TRACE::2026-05-20.16:32:19::SCWPlatform::Found the Hw Db part of the input DSA
TRACE::2026-05-20.16:32:19::SCWMssOS::Checking the sw design at  D:/vivado_pj/workspace/mb1_block_wrapper/microblaze_0/standalone_microblaze_0/bsp/system.mss
TRACE::2026-05-20.16:32:19::SCWMssOS::DEBUG:  swdes dump  D:/vivado_pj/workspace/mb1_block_wrapper/microblaze_0/standalone_microblaze_0/bsp/system.mss|system||

TRACE::2026-05-20.16:32:19::SCWMssOS::Sw design exists and opened at  D:/vivado_pj/workspace/mb1_block_wrapper/microblaze_0/standalone_microblaze_0/bsp/system.mss
TRACE::2026-05-20.16:32:19::SCWMssOS::Completed writing the mss file at D:/vivado_pj/workspace/mb1_block_wrapper/microblaze_0/standalone_microblaze_0/bsp
TRACE::2026-05-20.16:32:19::SCWMssOS::Mss edits present, copying mssfile into export location D:/vivado_pj/workspace/mb1_block_wrapper/microblaze_0/standalone_microblaze_0/bsp/system.mss
TRACE::2026-05-20.16:32:19::SCWMssOS::bsp generated is upto date with the mss file. Skipping bsp generation.
TRACE::2026-05-20.16:32:19::SCWMssOS::BSP is already built. skipping the bsp build ... 
TRACE::2026-05-20.16:32:19::SCWDomain::Building the domain as part of full build :  standalone_microblaze_0
TRACE::2026-05-20.16:32:19::SCWMssOS::skipping the bsp build ... 
TRACE::2026-05-20.16:32:19::SCWMssOS::Copying to export directory.
TRACE::2026-05-20.16:32:19::SCWMssOS:: Checking if to create the Supporting Applications
TRACE::2026-05-20.16:32:19::SCWMssOS:: No Linux domain exists, trying to generate FSBL 
LOG::2026-05-20.16:32:19::SCWSystem::Completed Processing the domain standalone_microblaze_0
LOG::2026-05-20.16:32:19::SCWSystem::Completed Processing the sysconfig mb1_block_wrapper
LOG::2026-05-20.16:32:19::SCWPlatform::Completed generating the artifacts for system configuration mb1_block_wrapper
TRACE::2026-05-20.16:32:19::SCWPlatform::Started preparing the platform 
TRACE::2026-05-20.16:32:19::SCWSystem::Writing the bif file for system config mb1_block_wrapper
TRACE::2026-05-20.16:32:19::SCWSystem::dir created 
TRACE::2026-05-20.16:32:19::SCWSystem::Writing the bif 
TRACE::2026-05-20.16:32:19::SCWPlatform::Started writing the spfm file 
TRACE::2026-05-20.16:32:19::SCWPlatform::Started writing the xpfm file 
TRACE::2026-05-20.16:32:19::SCWPlatform::Completed generating the platform
TRACE::2026-05-20.16:32:19::SCWMssOS::Saving the mss changes D:/vivado_pj/workspace/mb1_block_wrapper/microblaze_0/standalone_microblaze_0/bsp/system.mss
TRACE::2026-05-20.16:32:19::SCWMssOS::Found a swdesign opened with the mssfile.
TRACE::2026-05-20.16:32:19::SCWMssOS::Completed writemss as part of save.
TRACE::2026-05-20.16:32:19::SCWMssOS::Commit changes completed.
TRACE::2026-05-20.16:32:19::SCWPlatform::Trying to open the hw design at D:/vivado_pj/workspace/mb1_block_wrapper/hw/mb1_block_wrapper.xsa
TRACE::2026-05-20.16:32:19::SCWPlatform::DSA given D:/vivado_pj/workspace/mb1_block_wrapper/hw/mb1_block_wrapper.xsa
TRACE::2026-05-20.16:32:19::SCWPlatform::DSA absoulate path D:/vivado_pj/workspace/mb1_block_wrapper/hw/mb1_block_wrapper.xsa
TRACE::2026-05-20.16:32:19::SCWPlatform::DSA directory D:/vivado_pj/workspace/mb1_block_wrapper/hw
TRACE::2026-05-20.16:32:19::SCWPlatform:: Platform Path D:/vivado_pj/workspace/mb1_block_wrapper/hw/mb1_block_wrapper.xsa
TRACE::2026-05-20.16:32:19::SCWPlatform:: Unique name xilinx:basys3::0.0
TRACE::2026-05-20.16:32:19::SCWPlatform::Trying to set the existing hwdb with name mb1_block_wrapper_0
TRACE::2026-05-20.16:32:19::SCWPlatform::Opened existing hwdb mb1_block_wrapper_0
TRACE::2026-05-20.16:32:19::SCWPlatform::Found the Hw Db part of the input DSA
TRACE::2026-05-20.16:32:19::SCWMssOS::Checking the sw design at  D:/vivado_pj/workspace/mb1_block_wrapper/microblaze_0/standalone_microblaze_0/bsp/system.mss
TRACE::2026-05-20.16:32:19::SCWMssOS::DEBUG:  swdes dump  D:/vivado_pj/workspace/mb1_block_wrapper/microblaze_0/standalone_microblaze_0/bsp/system.mss|system||

TRACE::2026-05-20.16:32:19::SCWMssOS::Sw design exists and opened at  D:/vivado_pj/workspace/mb1_block_wrapper/microblaze_0/standalone_microblaze_0/bsp/system.mss
TRACE::2026-05-20.16:32:19::SCWPlatform::Trying to open the hw design at D:/vivado_pj/workspace/mb1_block_wrapper/hw/mb1_block_wrapper.xsa
TRACE::2026-05-20.16:32:19::SCWPlatform::DSA given D:/vivado_pj/workspace/mb1_block_wrapper/hw/mb1_block_wrapper.xsa
TRACE::2026-05-20.16:32:19::SCWPlatform::DSA absoulate path D:/vivado_pj/workspace/mb1_block_wrapper/hw/mb1_block_wrapper.xsa
TRACE::2026-05-20.16:32:19::SCWPlatform::DSA directory D:/vivado_pj/workspace/mb1_block_wrapper/hw
TRACE::2026-05-20.16:32:19::SCWPlatform:: Platform Path D:/vivado_pj/workspace/mb1_block_wrapper/hw/mb1_block_wrapper.xsa
TRACE::2026-05-20.16:32:19::SCWPlatform:: Unique name xilinx:basys3::0.0
TRACE::2026-05-20.16:32:19::SCWPlatform::Trying to set the existing hwdb with name mb1_block_wrapper_0
TRACE::2026-05-20.16:32:19::SCWPlatform::Opened existing hwdb mb1_block_wrapper_0
TRACE::2026-05-20.16:32:19::SCWPlatform::Found the Hw Db part of the input DSA
TRACE::2026-05-20.16:32:19::SCWMssOS::Checking the sw design at  D:/vivado_pj/workspace/mb1_block_wrapper/microblaze_0/standalone_microblaze_0/bsp/system.mss
TRACE::2026-05-20.16:32:19::SCWMssOS::DEBUG:  swdes dump  D:/vivado_pj/workspace/mb1_block_wrapper/microblaze_0/standalone_microblaze_0/bsp/system.mss|system||

TRACE::2026-05-20.16:32:19::SCWMssOS::Sw design exists and opened at  D:/vivado_pj/workspace/mb1_block_wrapper/microblaze_0/standalone_microblaze_0/bsp/system.mss
TRACE::2026-05-20.16:32:19::SCWPlatform::Trying to open the hw design at D:/vivado_pj/workspace/mb1_block_wrapper/hw/mb1_block_wrapper.xsa
TRACE::2026-05-20.16:32:19::SCWPlatform::DSA given D:/vivado_pj/workspace/mb1_block_wrapper/hw/mb1_block_wrapper.xsa
TRACE::2026-05-20.16:32:19::SCWPlatform::DSA absoulate path D:/vivado_pj/workspace/mb1_block_wrapper/hw/mb1_block_wrapper.xsa
TRACE::2026-05-20.16:32:19::SCWPlatform::DSA directory D:/vivado_pj/workspace/mb1_block_wrapper/hw
TRACE::2026-05-20.16:32:19::SCWPlatform:: Platform Path D:/vivado_pj/workspace/mb1_block_wrapper/hw/mb1_block_wrapper.xsa
TRACE::2026-05-20.16:32:19::SCWPlatform:: Unique name xilinx:basys3::0.0
TRACE::2026-05-20.16:32:19::SCWPlatform::Trying to set the existing hwdb with name mb1_block_wrapper_0
TRACE::2026-05-20.16:32:19::SCWPlatform::Opened existing hwdb mb1_block_wrapper_0
TRACE::2026-05-20.16:32:19::SCWPlatform::Found the Hw Db part of the input DSA
TRACE::2026-05-20.16:32:19::SCWMssOS::Checking the sw design at  D:/vivado_pj/workspace/mb1_block_wrapper/microblaze_0/standalone_microblaze_0/bsp/system.mss
TRACE::2026-05-20.16:32:19::SCWMssOS::DEBUG:  swdes dump  D:/vivado_pj/workspace/mb1_block_wrapper/microblaze_0/standalone_microblaze_0/bsp/system.mss|system||

TRACE::2026-05-20.16:32:19::SCWMssOS::Sw design exists and opened at  D:/vivado_pj/workspace/mb1_block_wrapper/microblaze_0/standalone_microblaze_0/bsp/system.mss
TRACE::2026-05-20.16:32:19::SCWWriter::formatted JSON is {
	"platformName":	"mb1_block_wrapper",
	"sprVersion":	"2.0",
	"mode":	"gui",
	"dsaType":	"Fixed",
	"platformDesc":	"mb1_block_wrapper",
	"platHandOff":	"D:/vivado_pj/project_mb1/mb1_block_wrapper.xsa",
	"platIntHandOff":	"<platformDir>/hw/mb1_block_wrapper.xsa",
	"deviceType":	"FPGA",
	"platIsPrebuiltAutogen":	"false",
	"platIsNoBootBsp":	"false",
	"hasFsblMakeHasChanges":	"false",
	"hasPmufwMakeHasChanges":	"false",
	"platPreBuiltFlag":	false,
	"platformSamplesDir":	"",
	"platActiveSys":	"mb1_block_wrapper",
	"systems":	[{
			"systemName":	"mb1_block_wrapper",
			"systemDesc":	"mb1_block_wrapper",
			"sysIsBootAutoGen":	"true",
			"systemDispName":	"mb1_block_wrapper",
			"sysActiveDom":	"standalone_microblaze_0",
			"sysDefaultDom":	"standalone_microblaze_0",
			"domains":	[{
					"domainName":	"standalone_microblaze_0",
					"domainDispName":	"standalone_microblaze_0",
					"domainDesc":	"standalone_microblaze_0",
					"processors":	"microblaze_0",
					"os":	"standalone",
					"sdxOs":	"standalone",
					"debugEnable":	"False",
					"domRuntimes":	["cpp"],
					"swRepo":	"",
					"mssOsVer":	"8.0",
					"mssFile":	"",
					"md5Digest":	"a4d19b33235ef2c44ea10a21514a0c13",
					"compatibleApp":	"hello_world",
					"domType":	"mssDomain",
					"arch":	"32-bit",
					"appSettings":	{
						"appCompilerFlags":	"",
						"appLinkerFlags":	""
					},
					"addedLibs":	[],
					"libOptions":	{
						"libsContainingOptions":	[]
					},
					"prebuiltLibs":	{
						"prebuiltIncPath":	[],
						"prebuiltLibPath":	[]
					},
					"isolation":	{
					}
				}]
		}]
}
KEYINFO::2026-05-20.16:32:19::SCWPlatform::updated the xpfm file.
LOG::2026-05-20.16:33:35::SCWPlatform::Started generating the artifacts platform mb1_block_wrapper
TRACE::2026-05-20.16:33:35::SCWPlatform::Sanity checking of platform is completed
LOG::2026-05-20.16:33:35::SCWPlatform::Started generating the artifacts for system configuration mb1_block_wrapper
LOG::2026-05-20.16:33:35::SCWSystem::Checking the domain standalone_microblaze_0
LOG::2026-05-20.16:33:35::SCWSystem::Not a boot domain 
LOG::2026-05-20.16:33:35::SCWSystem::Started Processing the domain standalone_microblaze_0
TRACE::2026-05-20.16:33:35::SCWDomain::Generating domain artifcats
TRACE::2026-05-20.16:33:35::SCWMssOS::Generating standalone artifcats
TRACE::2026-05-20.16:33:35::SCWMssOS:: Copying the user libraries. 
TRACE::2026-05-20.16:33:35::SCWPlatform::Trying to open the hw design at D:/vivado_pj/workspace/mb1_block_wrapper/hw/mb1_block_wrapper.xsa
TRACE::2026-05-20.16:33:35::SCWPlatform::DSA given D:/vivado_pj/workspace/mb1_block_wrapper/hw/mb1_block_wrapper.xsa
TRACE::2026-05-20.16:33:35::SCWPlatform::DSA absoulate path D:/vivado_pj/workspace/mb1_block_wrapper/hw/mb1_block_wrapper.xsa
TRACE::2026-05-20.16:33:35::SCWPlatform::DSA directory D:/vivado_pj/workspace/mb1_block_wrapper/hw
TRACE::2026-05-20.16:33:35::SCWPlatform:: Platform Path D:/vivado_pj/workspace/mb1_block_wrapper/hw/mb1_block_wrapper.xsa
TRACE::2026-05-20.16:33:35::SCWPlatform:: Unique name xilinx:basys3::0.0
TRACE::2026-05-20.16:33:35::SCWPlatform::Trying to set the existing hwdb with name mb1_block_wrapper_0
TRACE::2026-05-20.16:33:35::SCWPlatform::Opened existing hwdb mb1_block_wrapper_0
TRACE::2026-05-20.16:33:35::SCWPlatform::Found the Hw Db part of the input DSA
TRACE::2026-05-20.16:33:35::SCWMssOS::Checking the sw design at  D:/vivado_pj/workspace/mb1_block_wrapper/microblaze_0/standalone_microblaze_0/bsp/system.mss
TRACE::2026-05-20.16:33:35::SCWMssOS::DEBUG:  swdes dump  D:/vivado_pj/workspace/mb1_block_wrapper/microblaze_0/standalone_microblaze_0/bsp/system.mss|system||

TRACE::2026-05-20.16:33:35::SCWMssOS::Sw design exists and opened at  D:/vivado_pj/workspace/mb1_block_wrapper/microblaze_0/standalone_microblaze_0/bsp/system.mss
TRACE::2026-05-20.16:33:35::SCWMssOS::Completed writing the mss file at D:/vivado_pj/workspace/mb1_block_wrapper/microblaze_0/standalone_microblaze_0/bsp
TRACE::2026-05-20.16:33:35::SCWMssOS::Mss edits present, copying mssfile into export location D:/vivado_pj/workspace/mb1_block_wrapper/microblaze_0/standalone_microblaze_0/bsp/system.mss
TRACE::2026-05-20.16:33:35::SCWMssOS::bsp generated is upto date with the mss file. Skipping bsp generation.
TRACE::2026-05-20.16:33:35::SCWMssOS::BSP is already built. skipping the bsp build ... 
TRACE::2026-05-20.16:33:35::SCWDomain::Building the domain as part of full build :  standalone_microblaze_0
TRACE::2026-05-20.16:33:35::SCWMssOS::doing bsp build ... 
TRACE::2026-05-20.16:33:35::SCWMssOS::System Command Ran  D: & cd  D:/vivado_pj/workspace/mb1_block_wrapper/microblaze_0/standalone_microblaze_0/bsp & make 
TRACE::2026-05-20.16:33:36::SCWMssOS::make --no-print-directory seq_libs

TRACE::2026-05-20.16:33:36::SCWMssOS::'Finished building libraries sequentially.'

TRACE::2026-05-20.16:33:36::SCWMssOS::make -j 18 --no-print-directory par_libs

TRACE::2026-05-20.16:33:36::SCWMssOS::"Running Make include in microblaze_0/libsrc/bram_v4_8/src"

TRACE::2026-05-20.16:33:36::SCWMssOS::make -C microblaze_0/libsrc/bram_v4_8/src -s include  "SHELL=CMD" "COMPILER=mb-gcc" "ASSEMBLER=mb-as" "ARCHIVER=mb-ar" "COMPILE
TRACE::2026-05-20.16:33:36::SCWMssOS::R_FLAGS=  -O2 -c -mcpu=v11.0 -mlittle-endian -mxl-soft-mul" "EXTRA_COMPILER_FLAGS=-g -ffunction-sections -fdata-sections -Wall 
TRACE::2026-05-20.16:33:36::SCWMssOS::-Wextra -fno-tree-loop-distribute-patterns"

TRACE::2026-05-20.16:33:36::SCWMssOS::"Running Make include in microblaze_0/libsrc/cpu_v2_16/src"

TRACE::2026-05-20.16:33:36::SCWMssOS::make -C microblaze_0/libsrc/cpu_v2_16/src -s include  "SHELL=CMD" "COMPILER=mb-gcc" "ASSEMBLER=mb-as" "ARCHIVER=mb-ar" "COMPILE
TRACE::2026-05-20.16:33:36::SCWMssOS::R_FLAGS=  -O2 -c -mcpu=v11.0 -mlittle-endian -mxl-soft-mul" "EXTRA_COMPILER_FLAGS=-g -ffunction-sections -fdata-sections -Wall 
TRACE::2026-05-20.16:33:36::SCWMssOS::-Wextra -fno-tree-loop-distribute-patterns"

TRACE::2026-05-20.16:33:36::SCWMssOS::"Running Make include in microblaze_0/libsrc/gpio_v4_9/src"

TRACE::2026-05-20.16:33:36::SCWMssOS::make -C microblaze_0/libsrc/gpio_v4_9/src -s include  "SHELL=CMD" "COMPILER=mb-gcc" "ASSEMBLER=mb-as" "ARCHIVER=mb-ar" "COMPILE
TRACE::2026-05-20.16:33:36::SCWMssOS::R_FLAGS=  -O2 -c -mcpu=v11.0 -mlittle-endian -mxl-soft-mul" "EXTRA_COMPILER_FLAGS=-g -ffunction-sections -fdata-sections -Wall 
TRACE::2026-05-20.16:33:36::SCWMssOS::-Wextra -fno-tree-loop-distribute-patterns"

TRACE::2026-05-20.16:33:36::SCWMssOS::"Running Make include in microblaze_0/libsrc/intc_v3_15/src"

TRACE::2026-05-20.16:33:36::SCWMssOS::make -C microblaze_0/libsrc/intc_v3_15/src -s include  "SHELL=CMD" "COMPILER=mb-gcc" "ASSEMBLER=mb-as" "ARCHIVER=mb-ar" "COMPIL
TRACE::2026-05-20.16:33:36::SCWMssOS::ER_FLAGS=  -O2 -c -mcpu=v11.0 -mlittle-endian -mxl-soft-mul" "EXTRA_COMPILER_FLAGS=-g -ffunction-sections -fdata-sections -Wall
TRACE::2026-05-20.16:33:36::SCWMssOS:: -Wextra -fno-tree-loop-distribute-patterns"

TRACE::2026-05-20.16:33:36::SCWMssOS::"Running Make include in microblaze_0/libsrc/standalone_v8_0/src"

TRACE::2026-05-20.16:33:36::SCWMssOS::make -C microblaze_0/libsrc/standalone_v8_0/src -s include  "SHELL=CMD" "COMPILER=mb-gcc" "ASSEMBLER=mb-as" "ARCHIVER=mb-ar" "C
TRACE::2026-05-20.16:33:36::SCWMssOS::OMPILER_FLAGS=  -O2 -c -mcpu=v11.0 -mlittle-endian -mxl-soft-mul" "EXTRA_COMPILER_FLAGS=-g -ffunction-sections -fdata-sections 
TRACE::2026-05-20.16:33:36::SCWMssOS::-Wall -Wextra -fno-tree-loop-distribute-patterns"

TRACE::2026-05-20.16:33:36::SCWMssOS::"Running Make include in microblaze_0/libsrc/tmrctr_v4_9/src"

TRACE::2026-05-20.16:33:36::SCWMssOS::make -C microblaze_0/libsrc/tmrctr_v4_9/src -s include  "SHELL=CMD" "COMPILER=mb-gcc" "ASSEMBLER=mb-as" "ARCHIVER=mb-ar" "COMPI
TRACE::2026-05-20.16:33:36::SCWMssOS::LER_FLAGS=  -O2 -c -mcpu=v11.0 -mlittle-endian -mxl-soft-mul" "EXTRA_COMPILER_FLAGS=-g -ffunction-sections -fdata-sections -Wal
TRACE::2026-05-20.16:33:36::SCWMssOS::l -Wextra -fno-tree-loop-distribute-patterns"

TRACE::2026-05-20.16:33:36::SCWMssOS::"Running Make include in microblaze_0/libsrc/uartlite_v3_7/src"

TRACE::2026-05-20.16:33:36::SCWMssOS::make -C microblaze_0/libsrc/uartlite_v3_7/src -s include  "SHELL=CMD" "COMPILER=mb-gcc" "ASSEMBLER=mb-as" "ARCHIVER=mb-ar" "COM
TRACE::2026-05-20.16:33:36::SCWMssOS::PILER_FLAGS=  -O2 -c -mcpu=v11.0 -mlittle-endian -mxl-soft-mul" "EXTRA_COMPILER_FLAGS=-g -ffunction-sections -fdata-sections -W
TRACE::2026-05-20.16:33:36::SCWMssOS::all -Wextra -fno-tree-loop-distribute-patterns"

TRACE::2026-05-20.16:33:36::SCWMssOS::"Running Make libs in microblaze_0/libsrc/bram_v4_8/src"

TRACE::2026-05-20.16:33:36::SCWMssOS::make -C microblaze_0/libsrc/bram_v4_8/src -s libs  "SHELL=CMD" "COMPILER=mb-gcc" "ASSEMBLER=mb-as" "ARCHIVER=mb-ar" "COMPILER_F
TRACE::2026-05-20.16:33:36::SCWMssOS::LAGS=  -O2 -c -mcpu=v11.0 -mlittle-endian -mxl-soft-mul" "EXTRA_COMPILER_FLAGS=-g -ffunction-sections -fdata-sections -Wall -We
TRACE::2026-05-20.16:33:36::SCWMssOS::xtra -fno-tree-loop-distribute-patterns"

TRACE::2026-05-20.16:33:36::SCWMssOS::"Running Make libs in microblaze_0/libsrc/cpu_v2_16/src"

TRACE::2026-05-20.16:33:36::SCWMssOS::make -C microblaze_0/libsrc/cpu_v2_16/src -s libs  "SHELL=CMD" "COMPILER=mb-gcc" "ASSEMBLER=mb-as" "ARCHIVER=mb-ar" "COMPILER_F
TRACE::2026-05-20.16:33:36::SCWMssOS::LAGS=  -O2 -c -mcpu=v11.0 -mlittle-endian -mxl-soft-mul" "EXTRA_COMPILER_FLAGS=-g -ffunction-sections -fdata-sections -Wall -We
TRACE::2026-05-20.16:33:36::SCWMssOS::xtra -fno-tree-loop-distribute-patterns"

TRACE::2026-05-20.16:33:36::SCWMssOS::"Running Make libs in microblaze_0/libsrc/gpio_v4_9/src"

TRACE::2026-05-20.16:33:36::SCWMssOS::make -C microblaze_0/libsrc/gpio_v4_9/src -s libs  "SHELL=CMD" "COMPILER=mb-gcc" "ASSEMBLER=mb-as" "ARCHIVER=mb-ar" "COMPILER_F
TRACE::2026-05-20.16:33:36::SCWMssOS::LAGS=  -O2 -c -mcpu=v11.0 -mlittle-endian -mxl-soft-mul" "EXTRA_COMPILER_FLAGS=-g -ffunction-sections -fdata-sections -Wall -We
TRACE::2026-05-20.16:33:36::SCWMssOS::xtra -fno-tree-loop-distribute-patterns"

TRACE::2026-05-20.16:33:36::SCWMssOS::"Running Make libs in microblaze_0/libsrc/intc_v3_15/src"

TRACE::2026-05-20.16:33:36::SCWMssOS::make -C microblaze_0/libsrc/intc_v3_15/src -s libs  "SHELL=CMD" "COMPILER=mb-gcc" "ASSEMBLER=mb-as" "ARCHIVER=mb-ar" "COMPILER_
TRACE::2026-05-20.16:33:36::SCWMssOS::FLAGS=  -O2 -c -mcpu=v11.0 -mlittle-endian -mxl-soft-mul" "EXTRA_COMPILER_FLAGS=-g -ffunction-sections -fdata-sections -Wall -W
TRACE::2026-05-20.16:33:36::SCWMssOS::extra -fno-tree-loop-distribute-patterns"

TRACE::2026-05-20.16:33:36::SCWMssOS::"Running Make libs in microblaze_0/libsrc/standalone_v8_0/src"

TRACE::2026-05-20.16:33:36::SCWMssOS::make -C microblaze_0/libsrc/standalone_v8_0/src -s libs  "SHELL=CMD" "COMPILER=mb-gcc" "ASSEMBLER=mb-as" "ARCHIVER=mb-ar" "COMP
TRACE::2026-05-20.16:33:36::SCWMssOS::ILER_FLAGS=  -O2 -c -mcpu=v11.0 -mlittle-endian -mxl-soft-mul" "EXTRA_COMPILER_FLAGS=-g -ffunction-sections -fdata-sections -Wa
TRACE::2026-05-20.16:33:36::SCWMssOS::ll -Wextra -fno-tree-loop-distribute-patterns"

TRACE::2026-05-20.16:33:36::SCWMssOS::"Running Make libs in microblaze_0/libsrc/tmrctr_v4_9/src"

TRACE::2026-05-20.16:33:36::SCWMssOS::make -C microblaze_0/libsrc/tmrctr_v4_9/src -s libs  "SHELL=CMD" "COMPILER=mb-gcc" "ASSEMBLER=mb-as" "ARCHIVER=mb-ar" "COMPILER
TRACE::2026-05-20.16:33:36::SCWMssOS::_FLAGS=  -O2 -c -mcpu=v11.0 -mlittle-endian -mxl-soft-mul" "EXTRA_COMPILER_FLAGS=-g -ffunction-sections -fdata-sections -Wall -
TRACE::2026-05-20.16:33:36::SCWMssOS::Wextra -fno-tree-loop-distribute-patterns"

TRACE::2026-05-20.16:33:36::SCWMssOS::"Running Make libs in microblaze_0/libsrc/uartlite_v3_7/src"

TRACE::2026-05-20.16:33:36::SCWMssOS::make -C microblaze_0/libsrc/uartlite_v3_7/src -s libs  "SHELL=CMD" "COMPILER=mb-gcc" "ASSEMBLER=mb-as" "ARCHIVER=mb-ar" "COMPIL
TRACE::2026-05-20.16:33:36::SCWMssOS::ER_FLAGS=  -O2 -c -mcpu=v11.0 -mlittle-endian -mxl-soft-mul" "EXTRA_COMPILER_FLAGS=-g -ffunction-sections -fdata-sections -Wall
TRACE::2026-05-20.16:33:36::SCWMssOS:: -Wextra -fno-tree-loop-distribute-patterns"

TRACE::2026-05-20.16:33:37::SCWMssOS::"DEBUG NON_LTO_OBJECTS is ../../../lib/microblaze_interrupt_handler.o"

TRACE::2026-05-20.16:33:37::SCWMssOS::'Finished building libraries parallelly.'

TRACE::2026-05-20.16:33:37::SCWMssOS::make --no-print-directory archive

TRACE::2026-05-20.16:33:37::SCWMssOS::mb-ar -r  microblaze_0/lib/libxil.a microblaze_0/lib/_exit.o microblaze_0/lib/errno.o microblaze_0/lib/fcntl.o microblaze_0/lib
TRACE::2026-05-20.16:33:37::SCWMssOS::/hw_exception_handler.o microblaze_0/lib/inbyte.o microblaze_0/lib/microblaze_disable_dcache.o microblaze_0/lib/microblaze_disa
TRACE::2026-05-20.16:33:37::SCWMssOS::ble_exceptions.o microblaze_0/lib/microblaze_disable_icache.o microblaze_0/lib/microblaze_disable_interrupts.o microblaze_0/lib
TRACE::2026-05-20.16:33:37::SCWMssOS::/microblaze_enable_dcache.o microblaze_0/lib/microblaze_enable_exceptions.o microblaze_0/lib/microblaze_enable_icache.o microbl
TRACE::2026-05-20.16:33:37::SCWMssOS::aze_0/lib/microblaze_enable_interrupts.o microblaze_0/lib/microblaze_exception_handler.o microblaze_0/lib/microblaze_flush_cach
TRACE::2026-05-20.16:33:37::SCWMssOS::e_ext.o microblaze_0/lib/microblaze_flush_cache_ext_range.o microblaze_0/lib/microblaze_flush_dcache.o microblaze_0/lib/microbl
TRACE::2026-05-20.16:33:37::SCWMssOS::aze_flush_dcache_range.o microblaze_0/lib/microblaze_init_dcache_range.o microblaze_0/lib/microblaze_init_icache_range.o microb
TRACE::2026-05-20.16:33:37::SCWMssOS::laze_0/lib/microblaze_interrupt_handler.o microblaze_0/lib/microblaze_interrupts_g.o microblaze_0/lib/microblaze_invalidate_cac
TRACE::2026-05-20.16:33:37::SCWMssOS::he_ext.o microblaze_0/lib/microblaze_invalidate_cache_ext_range.o microblaze_0/lib/microblaze_invalidate_dcache.o microblaze_0/
TRACE::2026-05-20.16:33:37::SCWMssOS::lib/microblaze_invalidate_dcache_range.o microblaze_0/lib/microblaze_invalidate_icache.o microblaze_0/lib/microblaze_invalidate
TRACE::2026-05-20.16:33:37::SCWMssOS::_icache_range.o microblaze_0/lib/microblaze_scrub.o microblaze_0/lib/microblaze_selftest.o microblaze_0/lib/microblaze_sleep.o 
TRACE::2026-05-20.16:33:37::SCWMssOS::microblaze_0/lib/microblaze_update_dcache.o microblaze_0/lib/microblaze_update_icache.o microblaze_0/lib/outbyte.o microblaze_0
TRACE::2026-05-20.16:33:37::SCWMssOS::/lib/print.o microblaze_0/lib/pvr.o microblaze_0/lib/xbram.o microblaze_0/lib/xbram_g.o microblaze_0/lib/xbram_intr.o microblaz
TRACE::2026-05-20.16:33:37::SCWMssOS::e_0/lib/xbram_selftest.o microblaze_0/lib/xbram_sinit.o microblaze_0/lib/xgpio.o microblaze_0/lib/xgpio_extra.o microblaze_0/li
TRACE::2026-05-20.16:33:37::SCWMssOS::b/xgpio_g.o microblaze_0/lib/xgpio_intr.o microblaze_0/lib/xgpio_selftest.o microblaze_0/lib/xgpio_sinit.o microblaze_0/lib/xil
TRACE::2026-05-20.16:33:37::SCWMssOS::_assert.o microblaze_0/lib/xil_cache.o microblaze_0/lib/xil_clocking.o microblaze_0/lib/xil_exception.o microblaze_0/lib/xil_me
TRACE::2026-05-20.16:33:37::SCWMssOS::m.o microblaze_0/lib/xil_misc_psreset_api.o microblaze_0/lib/xil_printf.o microblaze_0/lib/xil_sleepcommon.o microblaze_0/lib/x
TRACE::2026-05-20.16:33:37::SCWMssOS::il_testcache.o microblaze_0/lib/xil_testio.o microblaze_0/lib/xil_testmem.o microblaze_0/lib/xil_util.o microblaze_0/lib/xintc.
TRACE::2026-05-20.16:33:37::SCWMssOS::o microblaze_0/lib/xintc_g.o microblaze_0/lib/xintc_intr.o microblaze_0/lib/xintc_l.o microblaze_0/lib/xintc_options.o microbla
TRACE::2026-05-20.16:33:37::SCWMssOS::ze_0/lib/xintc_selftest.o microblaze_0/lib/xinterrupt_wrap.o microblaze_0/lib/xio.o microblaze_0/lib/xplatform_info.o microblaz
TRACE::2026-05-20.16:33:37::SCWMssOS::e_0/lib/xtmrctr.o microblaze_0/lib/xtmrctr_g.o microblaze_0/lib/xtmrctr_intr.o microblaze_0/lib/xtmrctr_l.o microblaze_0/lib/xt
TRACE::2026-05-20.16:33:37::SCWMssOS::mrctr_options.o microblaze_0/lib/xtmrctr_selftest.o microblaze_0/lib/xtmrctr_sinit.o microblaze_0/lib/xtmrctr_stats.o microblaz
TRACE::2026-05-20.16:33:37::SCWMssOS::e_0/lib/xuartlite.o microblaze_0/lib/xuartlite_g.o microblaze_0/lib/xuartlite_intr.o microblaze_0/lib/xuartlite_l.o microblaze_
TRACE::2026-05-20.16:33:37::SCWMssOS::0/lib/xuartlite_selftest.o microblaze_0/lib/xuartlite_sinit.o microblaze_0/lib/xuartlite_stats.o

TRACE::2026-05-20.16:33:37::SCWMssOS::'Finished building libraries'

TRACE::2026-05-20.16:33:37::SCWMssOS::Copying to export directory.
TRACE::2026-05-20.16:33:37::SCWMssOS:: Checking if to create the Supporting Applications
TRACE::2026-05-20.16:33:37::SCWMssOS:: No Linux domain exists, trying to generate FSBL 
LOG::2026-05-20.16:33:37::SCWSystem::Completed Processing the domain standalone_microblaze_0
LOG::2026-05-20.16:33:37::SCWSystem::Completed Processing the sysconfig mb1_block_wrapper
LOG::2026-05-20.16:33:37::SCWPlatform::Completed generating the artifacts for system configuration mb1_block_wrapper
TRACE::2026-05-20.16:33:37::SCWPlatform::Started preparing the platform 
TRACE::2026-05-20.16:33:37::SCWSystem::Writing the bif file for system config mb1_block_wrapper
TRACE::2026-05-20.16:33:37::SCWSystem::dir created 
TRACE::2026-05-20.16:33:37::SCWSystem::Writing the bif 
TRACE::2026-05-20.16:33:37::SCWPlatform::Started writing the spfm file 
TRACE::2026-05-20.16:33:37::SCWPlatform::Started writing the xpfm file 
TRACE::2026-05-20.16:33:37::SCWPlatform::Completed generating the platform
TRACE::2026-05-20.16:33:37::SCWMssOS::Saving the mss changes D:/vivado_pj/workspace/mb1_block_wrapper/microblaze_0/standalone_microblaze_0/bsp/system.mss
TRACE::2026-05-20.16:33:37::SCWMssOS::Found a swdesign opened with the mssfile.
TRACE::2026-05-20.16:33:37::SCWMssOS::Completed writemss as part of save.
TRACE::2026-05-20.16:33:37::SCWMssOS::Commit changes completed.
TRACE::2026-05-20.16:33:37::SCWPlatform::Trying to open the hw design at D:/vivado_pj/workspace/mb1_block_wrapper/hw/mb1_block_wrapper.xsa
TRACE::2026-05-20.16:33:37::SCWPlatform::DSA given D:/vivado_pj/workspace/mb1_block_wrapper/hw/mb1_block_wrapper.xsa
TRACE::2026-05-20.16:33:37::SCWPlatform::DSA absoulate path D:/vivado_pj/workspace/mb1_block_wrapper/hw/mb1_block_wrapper.xsa
TRACE::2026-05-20.16:33:37::SCWPlatform::DSA directory D:/vivado_pj/workspace/mb1_block_wrapper/hw
TRACE::2026-05-20.16:33:37::SCWPlatform:: Platform Path D:/vivado_pj/workspace/mb1_block_wrapper/hw/mb1_block_wrapper.xsa
TRACE::2026-05-20.16:33:37::SCWPlatform:: Unique name xilinx:basys3::0.0
TRACE::2026-05-20.16:33:37::SCWPlatform::Trying to set the existing hwdb with name mb1_block_wrapper_0
TRACE::2026-05-20.16:33:37::SCWPlatform::Opened existing hwdb mb1_block_wrapper_0
TRACE::2026-05-20.16:33:37::SCWPlatform::Found the Hw Db part of the input DSA
TRACE::2026-05-20.16:33:37::SCWMssOS::Checking the sw design at  D:/vivado_pj/workspace/mb1_block_wrapper/microblaze_0/standalone_microblaze_0/bsp/system.mss
TRACE::2026-05-20.16:33:37::SCWMssOS::DEBUG:  swdes dump  D:/vivado_pj/workspace/mb1_block_wrapper/microblaze_0/standalone_microblaze_0/bsp/system.mss|system||

TRACE::2026-05-20.16:33:37::SCWMssOS::Sw design exists and opened at  D:/vivado_pj/workspace/mb1_block_wrapper/microblaze_0/standalone_microblaze_0/bsp/system.mss
TRACE::2026-05-20.16:33:37::SCWPlatform::Trying to open the hw design at D:/vivado_pj/workspace/mb1_block_wrapper/hw/mb1_block_wrapper.xsa
TRACE::2026-05-20.16:33:37::SCWPlatform::DSA given D:/vivado_pj/workspace/mb1_block_wrapper/hw/mb1_block_wrapper.xsa
TRACE::2026-05-20.16:33:37::SCWPlatform::DSA absoulate path D:/vivado_pj/workspace/mb1_block_wrapper/hw/mb1_block_wrapper.xsa
TRACE::2026-05-20.16:33:37::SCWPlatform::DSA directory D:/vivado_pj/workspace/mb1_block_wrapper/hw
TRACE::2026-05-20.16:33:37::SCWPlatform:: Platform Path D:/vivado_pj/workspace/mb1_block_wrapper/hw/mb1_block_wrapper.xsa
TRACE::2026-05-20.16:33:37::SCWPlatform:: Unique name xilinx:basys3::0.0
TRACE::2026-05-20.16:33:37::SCWPlatform::Trying to set the existing hwdb with name mb1_block_wrapper_0
TRACE::2026-05-20.16:33:37::SCWPlatform::Opened existing hwdb mb1_block_wrapper_0
TRACE::2026-05-20.16:33:37::SCWPlatform::Found the Hw Db part of the input DSA
TRACE::2026-05-20.16:33:37::SCWMssOS::Checking the sw design at  D:/vivado_pj/workspace/mb1_block_wrapper/microblaze_0/standalone_microblaze_0/bsp/system.mss
TRACE::2026-05-20.16:33:37::SCWMssOS::DEBUG:  swdes dump  D:/vivado_pj/workspace/mb1_block_wrapper/microblaze_0/standalone_microblaze_0/bsp/system.mss|system||

TRACE::2026-05-20.16:33:37::SCWMssOS::Sw design exists and opened at  D:/vivado_pj/workspace/mb1_block_wrapper/microblaze_0/standalone_microblaze_0/bsp/system.mss
TRACE::2026-05-20.16:33:37::SCWPlatform::Trying to open the hw design at D:/vivado_pj/workspace/mb1_block_wrapper/hw/mb1_block_wrapper.xsa
TRACE::2026-05-20.16:33:37::SCWPlatform::DSA given D:/vivado_pj/workspace/mb1_block_wrapper/hw/mb1_block_wrapper.xsa
TRACE::2026-05-20.16:33:37::SCWPlatform::DSA absoulate path D:/vivado_pj/workspace/mb1_block_wrapper/hw/mb1_block_wrapper.xsa
TRACE::2026-05-20.16:33:37::SCWPlatform::DSA directory D:/vivado_pj/workspace/mb1_block_wrapper/hw
TRACE::2026-05-20.16:33:37::SCWPlatform:: Platform Path D:/vivado_pj/workspace/mb1_block_wrapper/hw/mb1_block_wrapper.xsa
TRACE::2026-05-20.16:33:37::SCWPlatform:: Unique name xilinx:basys3::0.0
TRACE::2026-05-20.16:33:37::SCWPlatform::Trying to set the existing hwdb with name mb1_block_wrapper_0
TRACE::2026-05-20.16:33:37::SCWPlatform::Opened existing hwdb mb1_block_wrapper_0
TRACE::2026-05-20.16:33:37::SCWPlatform::Found the Hw Db part of the input DSA
TRACE::2026-05-20.16:33:37::SCWMssOS::Checking the sw design at  D:/vivado_pj/workspace/mb1_block_wrapper/microblaze_0/standalone_microblaze_0/bsp/system.mss
TRACE::2026-05-20.16:33:37::SCWMssOS::DEBUG:  swdes dump  D:/vivado_pj/workspace/mb1_block_wrapper/microblaze_0/standalone_microblaze_0/bsp/system.mss|system||

TRACE::2026-05-20.16:33:37::SCWMssOS::Sw design exists and opened at  D:/vivado_pj/workspace/mb1_block_wrapper/microblaze_0/standalone_microblaze_0/bsp/system.mss
TRACE::2026-05-20.16:33:37::SCWWriter::formatted JSON is {
	"platformName":	"mb1_block_wrapper",
	"sprVersion":	"2.0",
	"mode":	"gui",
	"dsaType":	"Fixed",
	"platformDesc":	"mb1_block_wrapper",
	"platHandOff":	"D:/vivado_pj/project_mb1/mb1_block_wrapper.xsa",
	"platIntHandOff":	"<platformDir>/hw/mb1_block_wrapper.xsa",
	"deviceType":	"FPGA",
	"platIsPrebuiltAutogen":	"false",
	"platIsNoBootBsp":	"false",
	"hasFsblMakeHasChanges":	"false",
	"hasPmufwMakeHasChanges":	"false",
	"platPreBuiltFlag":	false,
	"platformSamplesDir":	"",
	"platActiveSys":	"mb1_block_wrapper",
	"systems":	[{
			"systemName":	"mb1_block_wrapper",
			"systemDesc":	"mb1_block_wrapper",
			"sysIsBootAutoGen":	"true",
			"systemDispName":	"mb1_block_wrapper",
			"sysActiveDom":	"standalone_microblaze_0",
			"sysDefaultDom":	"standalone_microblaze_0",
			"domains":	[{
					"domainName":	"standalone_microblaze_0",
					"domainDispName":	"standalone_microblaze_0",
					"domainDesc":	"standalone_microblaze_0",
					"processors":	"microblaze_0",
					"os":	"standalone",
					"sdxOs":	"standalone",
					"debugEnable":	"False",
					"domRuntimes":	["cpp"],
					"swRepo":	"",
					"mssOsVer":	"8.0",
					"mssFile":	"",
					"md5Digest":	"a4d19b33235ef2c44ea10a21514a0c13",
					"compatibleApp":	"hello_world",
					"domType":	"mssDomain",
					"arch":	"32-bit",
					"appSettings":	{
						"appCompilerFlags":	"",
						"appLinkerFlags":	""
					},
					"addedLibs":	[],
					"libOptions":	{
						"libsContainingOptions":	[]
					},
					"prebuiltLibs":	{
						"prebuiltIncPath":	[],
						"prebuiltLibPath":	[]
					},
					"isolation":	{
					}
				}]
		}]
}
KEYINFO::2026-05-20.16:33:37::SCWPlatform::updated the xpfm file.
TRACE::2026-05-20.16:33:38::SCWPlatform::Trying to open the hw design at D:/vivado_pj/workspace/mb1_block_wrapper/hw/mb1_block_wrapper.xsa
TRACE::2026-05-20.16:33:38::SCWPlatform::DSA given D:/vivado_pj/workspace/mb1_block_wrapper/hw/mb1_block_wrapper.xsa
TRACE::2026-05-20.16:33:38::SCWPlatform::DSA absoulate path D:/vivado_pj/workspace/mb1_block_wrapper/hw/mb1_block_wrapper.xsa
TRACE::2026-05-20.16:33:38::SCWPlatform::DSA directory D:/vivado_pj/workspace/mb1_block_wrapper/hw
TRACE::2026-05-20.16:33:38::SCWPlatform:: Platform Path D:/vivado_pj/workspace/mb1_block_wrapper/hw/mb1_block_wrapper.xsa
TRACE::2026-05-20.16:33:38::SCWPlatform:: Unique name xilinx:basys3::0.0
TRACE::2026-05-20.16:33:38::SCWPlatform::Trying to set the existing hwdb with name mb1_block_wrapper_0
TRACE::2026-05-20.16:33:38::SCWPlatform::Opened existing hwdb mb1_block_wrapper_0
TRACE::2026-05-20.16:33:38::SCWPlatform::Found the Hw Db part of the input DSA
TRACE::2026-05-20.16:33:38::SCWMssOS::Checking the sw design at  D:/vivado_pj/workspace/mb1_block_wrapper/microblaze_0/standalone_microblaze_0/bsp/system.mss
TRACE::2026-05-20.16:33:38::SCWMssOS::DEBUG:  swdes dump  D:/vivado_pj/workspace/mb1_block_wrapper/microblaze_0/standalone_microblaze_0/bsp/system.mss|system||

TRACE::2026-05-20.16:33:38::SCWMssOS::Sw design exists and opened at  D:/vivado_pj/workspace/mb1_block_wrapper/microblaze_0/standalone_microblaze_0/bsp/system.mss
