
*** Running vivado
    with args -log clock_counter.vds -m64 -product Vivado -mode batch -messageDb vivado.pb -notrace -source clock_counter.tcl



****** Vivado v2023.2 (64-bit)
  **** SW Build 4029153 on Fri Oct 13 20:14:34 MDT 2023
  **** IP Build 4028589 on Sat Oct 14 00:45:43 MDT 2023
  **** SharedData Build 4025554 on Tue Oct 10 17:18:54 MDT 2023
    ** Copyright 1986-2022 Xilinx, Inc. All Rights Reserved.
    ** Copyright 2022-2023 Advanced Micro Devices, Inc. All Rights Reserved.

source clock_counter.tcl -notrace
create_project: Time (s): cpu = 00:00:24 ; elapsed = 00:00:36 . Memory (MB): peak = 592.328 ; gain = 219.797
Command: read_checkpoint -auto_incremental -incremental D:/AIOT/vivado_pj/create_clock_ip_pj/create_clock_ip_pj.srcs/utils_1/imports/synth_1/clock_counter.dcp
INFO: [Vivado 12-5825] Read reference checkpoint from D:/AIOT/vivado_pj/create_clock_ip_pj/create_clock_ip_pj.srcs/utils_1/imports/synth_1/clock_counter.dcp for incremental synthesis
INFO: [Vivado 12-7989] Please ensure there are no constraint changes
Command: synth_design -top clock_counter -part xc7a35tcpg236-1
Starting synth_design
Attempting to get a license for feature 'Synthesis' and/or device 'xc7a35t'
INFO: [Common 17-349] Got license for feature 'Synthesis' and/or device 'xc7a35t'
INFO: [Device 21-403] Loading part xc7a35tcpg236-1
INFO: [Designutils 20-5440] No compile time benefit to using incremental synthesis; A full resynthesis will be run
INFO: [Designutils 20-4379] Flow is switching to default flow due to incremental criteria not met. If you would like to alter this behaviour and have the flow terminate instead, please set the following parameter config_implementation {autoIncr.Synth.RejectBehavior Terminate}
INFO: [Synth 8-7079] Multithreading enabled for synth_design using a maximum of 2 processes.
INFO: [Synth 8-7078] Launching helper process for spawning children vivado processes
INFO: [Synth 8-7075] Helper process launched with PID 22448
---------------------------------------------------------------------------------
Starting RTL Elaboration : Time (s): cpu = 00:00:19 ; elapsed = 00:00:26 . Memory (MB): peak = 1433.578 ; gain = 440.375
---------------------------------------------------------------------------------
INFO: [Synth 8-6157] synthesizing module 'clock_counter' [D:/AIOT/vivado_pj/create_clock_ip_pj/create_clock_ip_pj.srcs/sources_1/new/clock_counter.sv:4]
INFO: [Synth 8-6157] synthesizing module 'clock_divider' [D:/AIOT/vivado_pj/create_clock_ip_pj/create_clock_ip_pj.srcs/sources_1/new/clock_divider.sv:3]
	Parameter N bound to: 50000000 - type: integer 
INFO: [Synth 8-6155] done synthesizing module 'clock_divider' (0#1) [D:/AIOT/vivado_pj/create_clock_ip_pj/create_clock_ip_pj.srcs/sources_1/new/clock_divider.sv:3]
INFO: [Synth 8-6157] synthesizing module 'counter' [D:/AIOT/vivado_pj/create_clock_ip_pj/create_clock_ip_pj.srcs/sources_1/new/counter.sv:3]
INFO: [Synth 8-6155] done synthesizing module 'counter' (0#1) [D:/AIOT/vivado_pj/create_clock_ip_pj/create_clock_ip_pj.srcs/sources_1/new/counter.sv:3]
INFO: [Synth 8-6157] synthesizing module 'clk_wiz_0' [D:/AIOT/vivado_pj/create_clock_ip_pj/create_clock_ip_pj.runs/synth_1/.Xil/Vivado-15932-SAT05/realtime/clk_wiz_0_stub.v:6]
INFO: [Synth 8-6155] done synthesizing module 'clk_wiz_0' (0#1) [D:/AIOT/vivado_pj/create_clock_ip_pj/create_clock_ip_pj.runs/synth_1/.Xil/Vivado-15932-SAT05/realtime/clk_wiz_0_stub.v:6]
INFO: [Synth 8-6155] done synthesizing module 'clock_counter' (0#1) [D:/AIOT/vivado_pj/create_clock_ip_pj/create_clock_ip_pj.srcs/sources_1/new/clock_counter.sv:4]
WARNING: [Synth 8-7137] Register clk1000Hz_reg in module clock_divider has both Set and reset with same priority. This may cause simulation mismatches. Consider rewriting code  [D:/AIOT/vivado_pj/create_clock_ip_pj/create_clock_ip_pj.srcs/sources_1/new/clock_divider.sv:19]
---------------------------------------------------------------------------------
Finished RTL Elaboration : Time (s): cpu = 00:00:24 ; elapsed = 00:00:33 . Memory (MB): peak = 1542.613 ; gain = 549.410
---------------------------------------------------------------------------------
---------------------------------------------------------------------------------
Start Handling Custom Attributes
---------------------------------------------------------------------------------
---------------------------------------------------------------------------------
Finished Handling Custom Attributes : Time (s): cpu = 00:00:24 ; elapsed = 00:00:33 . Memory (MB): peak = 1542.613 ; gain = 549.410
---------------------------------------------------------------------------------
---------------------------------------------------------------------------------
Finished RTL Optimization Phase 1 : Time (s): cpu = 00:00:24 ; elapsed = 00:00:33 . Memory (MB): peak = 1542.613 ; gain = 549.410
---------------------------------------------------------------------------------
Netlist sorting complete. Time (s): cpu = 00:00:00 ; elapsed = 00:00:00.007 . Memory (MB): peak = 1542.613 ; gain = 0.000
INFO: [Project 1-570] Preparing netlist for logic optimization

Processing XDC Constraints
Initializing timing engine
Parsing XDC File [d:/AIOT/vivado_pj/create_clock_ip_pj/create_clock_ip_pj.gen/sources_1/ip/clk_wiz_0/clk_wiz_0/clk_wiz_0_in_context.xdc] for cell 'U6'
Finished Parsing XDC File [d:/AIOT/vivado_pj/create_clock_ip_pj/create_clock_ip_pj.gen/sources_1/ip/clk_wiz_0/clk_wiz_0/clk_wiz_0_in_context.xdc] for cell 'U6'
Parsing XDC File [D:/AIOT/vivado_pj/create_clock_ip_pj/create_clock_ip_pj.srcs/constrs_1/new/clock_counter_xdc.xdc]
Finished Parsing XDC File [D:/AIOT/vivado_pj/create_clock_ip_pj/create_clock_ip_pj.srcs/constrs_1/new/clock_counter_xdc.xdc]
INFO: [Project 1-236] Implementation specific constraints were found while reading constraint file [D:/AIOT/vivado_pj/create_clock_ip_pj/create_clock_ip_pj.srcs/constrs_1/new/clock_counter_xdc.xdc]. These constraints will be ignored for synthesis but will be used in implementation. Impacted constraints are listed in the file [.Xil/clock_counter_propImpl.xdc].
Resolution: To avoid this warning, move constraints listed in [.Xil/clock_counter_propImpl.xdc] to another XDC file and exclude this new file from synthesis with the used_in_synthesis property (File Properties dialog in GUI) and re-run elaboration/synthesis.
Completed Processing XDC Constraints

Netlist sorting complete. Time (s): cpu = 00:00:00 ; elapsed = 00:00:00.001 . Memory (MB): peak = 1618.383 ; gain = 0.000
INFO: [Project 1-111] Unisim Transformation Summary:
No Unisim elements were transformed.

雖薑脹 唳煎蒂 瓊擊 熱 橈蝗棲棻.
Constraint Validation Runtime : Time (s): cpu = 00:00:00 ; elapsed = 00:00:00.414 . Memory (MB): peak = 1618.383 ; gain = 0.000
INFO: [Designutils 20-5440] No compile time benefit to using incremental synthesis; A full resynthesis will be run
INFO: [Designutils 20-4379] Flow is switching to default flow due to incremental criteria not met. If you would like to alter this behaviour and have the flow terminate instead, please set the following parameter config_implementation {autoIncr.Synth.RejectBehavior Terminate}
---------------------------------------------------------------------------------
Finished Constraint Validation : Time (s): cpu = 00:00:53 ; elapsed = 00:01:15 . Memory (MB): peak = 1618.383 ; gain = 625.180
---------------------------------------------------------------------------------
---------------------------------------------------------------------------------
Start Loading Part and Timing Information
---------------------------------------------------------------------------------
Loading part: xc7a35tcpg236-1
---------------------------------------------------------------------------------
Finished Loading Part and Timing Information : Time (s): cpu = 00:00:53 ; elapsed = 00:01:15 . Memory (MB): peak = 1618.383 ; gain = 625.180
---------------------------------------------------------------------------------
---------------------------------------------------------------------------------
Start Applying 'set_property' XDC Constraints
---------------------------------------------------------------------------------
Applied set_property IO_BUFFER_TYPE = NONE for clk. (constraint file  d:/AIOT/vivado_pj/create_clock_ip_pj/create_clock_ip_pj.gen/sources_1/ip/clk_wiz_0/clk_wiz_0/clk_wiz_0_in_context.xdc, line 5).
Applied set_property CLOCK_BUFFER_TYPE = NONE for clk. (constraint file  d:/AIOT/vivado_pj/create_clock_ip_pj/create_clock_ip_pj.gen/sources_1/ip/clk_wiz_0/clk_wiz_0/clk_wiz_0_in_context.xdc, line 6).
Applied set_property KEEP_HIERARCHY = SOFT for U6. (constraint file  auto generated constraint).
---------------------------------------------------------------------------------
Finished applying 'set_property' XDC Constraints : Time (s): cpu = 00:00:53 ; elapsed = 00:01:15 . Memory (MB): peak = 1618.383 ; gain = 625.180
---------------------------------------------------------------------------------
---------------------------------------------------------------------------------
Finished RTL Optimization Phase 2 : Time (s): cpu = 00:00:54 ; elapsed = 00:01:17 . Memory (MB): peak = 1618.383 ; gain = 625.180
---------------------------------------------------------------------------------
INFO: [Synth 8-223] decloning instance 'U2' (clock_divider) to 'U4'
INFO: [Synth 8-223] decloning instance 'U3' (counter) to 'U5'
---------------------------------------------------------------------------------
Start RTL Component Statistics 
---------------------------------------------------------------------------------
Detailed RTL Component Info : 
+---Adders : 
	   2 Input   26 Bit       Adders := 2     
	   2 Input    4 Bit       Adders := 2     
+---Registers : 
	               26 Bit    Registers := 2     
	                4 Bit    Registers := 2     
	                1 Bit    Registers := 2     
+---Muxes : 
	   2 Input   26 Bit        Muxes := 2     
	   2 Input    4 Bit        Muxes := 2     
---------------------------------------------------------------------------------
Finished RTL Component Statistics 
---------------------------------------------------------------------------------
---------------------------------------------------------------------------------
Start Part Resource Summary
---------------------------------------------------------------------------------
Part Resources:
DSPs: 90 (col length:60)
BRAMs: 100 (col length: RAMB18 60 RAMB36 30)
---------------------------------------------------------------------------------
Finished Part Resource Summary
---------------------------------------------------------------------------------
---------------------------------------------------------------------------------
Start Cross Boundary and Area Optimization
---------------------------------------------------------------------------------
WARNING: [Synth 8-7080] Parallel synthesis criteria is not met
---------------------------------------------------------------------------------
Finished Cross Boundary and Area Optimization : Time (s): cpu = 00:01:01 ; elapsed = 00:01:28 . Memory (MB): peak = 1618.383 ; gain = 625.180
---------------------------------------------------------------------------------
---------------------------------------------------------------------------------
Start Applying XDC Timing Constraints
---------------------------------------------------------------------------------
---------------------------------------------------------------------------------
Finished Applying XDC Timing Constraints : Time (s): cpu = 00:01:16 ; elapsed = 00:01:49 . Memory (MB): peak = 1618.383 ; gain = 625.180
---------------------------------------------------------------------------------
---------------------------------------------------------------------------------
Start Timing Optimization
---------------------------------------------------------------------------------
---------------------------------------------------------------------------------
Finished Timing Optimization : Time (s): cpu = 00:01:17 ; elapsed = 00:01:51 . Memory (MB): peak = 1618.383 ; gain = 625.180
---------------------------------------------------------------------------------
---------------------------------------------------------------------------------
Start Technology Mapping
---------------------------------------------------------------------------------
---------------------------------------------------------------------------------
Finished Technology Mapping : Time (s): cpu = 00:01:18 ; elapsed = 00:01:51 . Memory (MB): peak = 1618.383 ; gain = 625.180
---------------------------------------------------------------------------------
---------------------------------------------------------------------------------
Start IO Insertion
---------------------------------------------------------------------------------
---------------------------------------------------------------------------------
Start Flattening Before IO Insertion
---------------------------------------------------------------------------------
---------------------------------------------------------------------------------
Finished Flattening Before IO Insertion
---------------------------------------------------------------------------------
---------------------------------------------------------------------------------
Start Final Netlist Cleanup
---------------------------------------------------------------------------------
---------------------------------------------------------------------------------
Finished Final Netlist Cleanup
---------------------------------------------------------------------------------
---------------------------------------------------------------------------------
Finished IO Insertion : Time (s): cpu = 00:01:43 ; elapsed = 00:02:25 . Memory (MB): peak = 1618.383 ; gain = 625.180
---------------------------------------------------------------------------------
---------------------------------------------------------------------------------
Start Renaming Generated Instances
---------------------------------------------------------------------------------
---------------------------------------------------------------------------------
Finished Renaming Generated Instances : Time (s): cpu = 00:01:43 ; elapsed = 00:02:25 . Memory (MB): peak = 1618.383 ; gain = 625.180
---------------------------------------------------------------------------------
---------------------------------------------------------------------------------
Start Rebuilding User Hierarchy
---------------------------------------------------------------------------------
---------------------------------------------------------------------------------
Finished Rebuilding User Hierarchy : Time (s): cpu = 00:01:43 ; elapsed = 00:02:25 . Memory (MB): peak = 1618.383 ; gain = 625.180
---------------------------------------------------------------------------------
---------------------------------------------------------------------------------
Start Renaming Generated Ports
---------------------------------------------------------------------------------
---------------------------------------------------------------------------------
Finished Renaming Generated Ports : Time (s): cpu = 00:01:43 ; elapsed = 00:02:25 . Memory (MB): peak = 1618.383 ; gain = 625.180
---------------------------------------------------------------------------------
---------------------------------------------------------------------------------
Start Handling Custom Attributes
---------------------------------------------------------------------------------
---------------------------------------------------------------------------------
Finished Handling Custom Attributes : Time (s): cpu = 00:01:43 ; elapsed = 00:02:25 . Memory (MB): peak = 1618.383 ; gain = 625.180
---------------------------------------------------------------------------------
---------------------------------------------------------------------------------
Start Renaming Generated Nets
---------------------------------------------------------------------------------
---------------------------------------------------------------------------------
Finished Renaming Generated Nets : Time (s): cpu = 00:01:43 ; elapsed = 00:02:25 . Memory (MB): peak = 1618.383 ; gain = 625.180
---------------------------------------------------------------------------------
---------------------------------------------------------------------------------
Start Writing Synthesis Report
---------------------------------------------------------------------------------

Report BlackBoxes: 
+------+--------------+----------+
|      |BlackBox name |Instances |
+------+--------------+----------+
|1     |clk_wiz_0     |         1|
+------+--------------+----------+

Report Cell Usage: 
+------+--------+------+
|      |Cell    |Count |
+------+--------+------+
|1     |clk_wiz |     1|
|2     |CARRY4  |    14|
|3     |LUT1    |     5|
|4     |LUT2    |    52|
|5     |LUT3    |     4|
|6     |LUT4    |    16|
|7     |LUT6    |     4|
|8     |FDCE    |    60|
|9     |FDRE    |     2|
|10    |IBUF    |     3|
|11    |OBUF    |     4|
+------+--------+------+
---------------------------------------------------------------------------------
Finished Writing Synthesis Report : Time (s): cpu = 00:01:43 ; elapsed = 00:02:25 . Memory (MB): peak = 1618.383 ; gain = 625.180
---------------------------------------------------------------------------------
Synthesis finished with 0 errors, 0 critical warnings and 1 warnings.
Synthesis Optimization Runtime : Time (s): cpu = 00:01:13 ; elapsed = 00:02:13 . Memory (MB): peak = 1618.383 ; gain = 549.410
Synthesis Optimization Complete : Time (s): cpu = 00:01:43 ; elapsed = 00:02:26 . Memory (MB): peak = 1618.383 ; gain = 625.180
INFO: [Project 1-571] Translating synthesized netlist
Netlist sorting complete. Time (s): cpu = 00:00:00 ; elapsed = 00:00:00.007 . Memory (MB): peak = 1618.383 ; gain = 0.000
INFO: [Netlist 29-17] Analyzing 14 Unisim elements for replacement
INFO: [Netlist 29-28] Unisim Transformation completed in 0 CPU seconds
INFO: [Project 1-570] Preparing netlist for logic optimization
INFO: [Opt 31-138] Pushed 0 inverter(s) to 0 load pin(s).
Netlist sorting complete. Time (s): cpu = 00:00:00 ; elapsed = 00:00:00 . Memory (MB): peak = 1618.383 ; gain = 0.000
INFO: [Project 1-111] Unisim Transformation Summary:
No Unisim elements were transformed.

雖薑脹 唳煎蒂 瓊擊 熱 橈蝗棲棻.
Synth Design complete | Checksum: a3408a8d
INFO: [Common 17-83] Releasing license: Synthesis
31 Infos, 2 Warnings, 0 Critical Warnings and 0 Errors encountered.
synth_design completed successfully
synth_design: Time (s): cpu = 00:01:57 ; elapsed = 00:02:53 . Memory (MB): peak = 1618.383 ; gain = 1013.105
Write ShapeDB Complete: Time (s): cpu = 00:00:00 ; elapsed = 00:00:00.075 . Memory (MB): peak = 1618.383 ; gain = 0.000
INFO: [Common 17-1381] The checkpoint 'D:/AIOT/vivado_pj/create_clock_ip_pj/create_clock_ip_pj.runs/synth_1/clock_counter.dcp' has been generated.
INFO: [runtcl-4] Executing : report_utilization -file clock_counter_utilization_synth.rpt -pb clock_counter_utilization_synth.pb
INFO: [Common 17-206] Exiting Vivado at Wed Apr 29 11:46:00 2026...
