
*** Running vivado
    with args -log mb1_block_wrapper.vdi -applog -m64 -product Vivado -messageDb vivado.pb -mode batch -source mb1_block_wrapper.tcl -notrace



****** Vivado v2022.2 (64-bit)
  **** SW Build 3671981 on Fri Oct 14 05:00:03 MDT 2022
  **** IP Build 3669848 on Fri Oct 14 08:30:02 MDT 2022
    ** Copyright 1986-2022 Xilinx, Inc. All Rights Reserved.

source mb1_block_wrapper.tcl -notrace
INFO: [IP_Flow 19-234] Refreshing IP repositories
INFO: [IP_Flow 19-1704] No user IP repositories specified
INFO: [IP_Flow 19-2313] Loaded Vivado IP repository 'D:/Xilinx/Vivado/2022.2/data/ip'.
Command: link_design -top mb1_block_wrapper -part xc7a35tcpg236-1
Design is defaulting to srcset: sources_1
Design is defaulting to constrset: constrs_1
INFO: [Device 21-403] Loading part xc7a35tcpg236-1
INFO: [Project 1-454] Reading design checkpoint 'd:/vivado_pj/project_mb1/project_mb1.gen/sources_1/bd/mb1_block/ip/mb1_block_axi_gpio_0_1/mb1_block_axi_gpio_0_1.dcp' for cell 'mb1_block_i/axi_gpio_0'
INFO: [Project 1-454] Reading design checkpoint 'd:/vivado_pj/project_mb1/project_mb1.gen/sources_1/bd/mb1_block/ip/mb1_block_axi_gpio_1_4/mb1_block_axi_gpio_1_4.dcp' for cell 'mb1_block_i/axi_gpio_1'
INFO: [Project 1-454] Reading design checkpoint 'd:/vivado_pj/project_mb1/project_mb1.gen/sources_1/bd/mb1_block/ip/mb1_block_axi_gpio_2_1/mb1_block_axi_gpio_2_1.dcp' for cell 'mb1_block_i/axi_gpio_2'
INFO: [Project 1-454] Reading design checkpoint 'd:/vivado_pj/project_mb1/project_mb1.gen/sources_1/bd/mb1_block/ip/mb1_block_axi_gpio_3_1/mb1_block_axi_gpio_3_1.dcp' for cell 'mb1_block_i/axi_gpio_3'
INFO: [Project 1-454] Reading design checkpoint 'd:/vivado_pj/project_mb1/project_mb1.gen/sources_1/bd/mb1_block/ip/mb1_block_axi_timer_0_0/mb1_block_axi_timer_0_0.dcp' for cell 'mb1_block_i/axi_timer_0'
INFO: [Project 1-454] Reading design checkpoint 'd:/vivado_pj/project_mb1/project_mb1.gen/sources_1/bd/mb1_block/ip/mb1_block_axi_uartlite_0_0/mb1_block_axi_uartlite_0_0.dcp' for cell 'mb1_block_i/axi_uartlite_0'
INFO: [Project 1-454] Reading design checkpoint 'd:/vivado_pj/project_mb1/project_mb1.gen/sources_1/bd/mb1_block/ip/mb1_block_clk_wiz_1_0/mb1_block_clk_wiz_1_0.dcp' for cell 'mb1_block_i/clk_wiz_1'
INFO: [Project 1-454] Reading design checkpoint 'd:/vivado_pj/project_mb1/project_mb1.gen/sources_1/bd/mb1_block/ip/mb1_block_mdm_1_0/mb1_block_mdm_1_0.dcp' for cell 'mb1_block_i/mdm_1'
INFO: [Project 1-454] Reading design checkpoint 'd:/vivado_pj/project_mb1/project_mb1.gen/sources_1/bd/mb1_block/ip/mb1_block_microblaze_0_0/mb1_block_microblaze_0_0.dcp' for cell 'mb1_block_i/microblaze_0'
INFO: [Project 1-454] Reading design checkpoint 'd:/vivado_pj/project_mb1/project_mb1.gen/sources_1/bd/mb1_block/ip/mb1_block_microblaze_0_axi_intc_0/mb1_block_microblaze_0_axi_intc_0.dcp' for cell 'mb1_block_i/microblaze_0_axi_intc'
INFO: [Project 1-454] Reading design checkpoint 'd:/vivado_pj/project_mb1/project_mb1.gen/sources_1/bd/mb1_block/ip/mb1_block_rst_clk_wiz_1_100M_0/mb1_block_rst_clk_wiz_1_100M_0.dcp' for cell 'mb1_block_i/rst_clk_wiz_1_100M'
INFO: [Project 1-454] Reading design checkpoint 'd:/vivado_pj/project_mb1/project_mb1.gen/sources_1/bd/mb1_block/ip/mb1_block_xbar_0/mb1_block_xbar_0.dcp' for cell 'mb1_block_i/microblaze_0_axi_periph/xbar'
INFO: [Project 1-454] Reading design checkpoint 'd:/vivado_pj/project_mb1/project_mb1.gen/sources_1/bd/mb1_block/ip/mb1_block_dlmb_bram_if_cntlr_0/mb1_block_dlmb_bram_if_cntlr_0.dcp' for cell 'mb1_block_i/microblaze_0_local_memory/dlmb_bram_if_cntlr'
INFO: [Project 1-454] Reading design checkpoint 'd:/vivado_pj/project_mb1/project_mb1.gen/sources_1/bd/mb1_block/ip/mb1_block_dlmb_v10_0/mb1_block_dlmb_v10_0.dcp' for cell 'mb1_block_i/microblaze_0_local_memory/dlmb_v10'
INFO: [Project 1-454] Reading design checkpoint 'd:/vivado_pj/project_mb1/project_mb1.gen/sources_1/bd/mb1_block/ip/mb1_block_ilmb_bram_if_cntlr_0/mb1_block_ilmb_bram_if_cntlr_0.dcp' for cell 'mb1_block_i/microblaze_0_local_memory/ilmb_bram_if_cntlr'
INFO: [Project 1-454] Reading design checkpoint 'd:/vivado_pj/project_mb1/project_mb1.gen/sources_1/bd/mb1_block/ip/mb1_block_ilmb_v10_0/mb1_block_ilmb_v10_0.dcp' for cell 'mb1_block_i/microblaze_0_local_memory/ilmb_v10'
INFO: [Project 1-454] Reading design checkpoint 'd:/vivado_pj/project_mb1/project_mb1.gen/sources_1/bd/mb1_block/ip/mb1_block_lmb_bram_0/mb1_block_lmb_bram_0.dcp' for cell 'mb1_block_i/microblaze_0_local_memory/lmb_bram'
Netlist sorting complete. Time (s): cpu = 00:00:00 ; elapsed = 00:00:00.113 . Memory (MB): peak = 1515.797 ; gain = 0.000
INFO: [Netlist 29-17] Analyzing 332 Unisim elements for replacement
INFO: [Netlist 29-28] Unisim Transformation completed in 0 CPU seconds
INFO: [Project 1-479] Netlist was created with Vivado 2022.2
INFO: [Project 1-570] Preparing netlist for logic optimization
Parsing XDC File [d:/vivado_pj/project_mb1/project_mb1.gen/sources_1/bd/mb1_block/ip/mb1_block_microblaze_0_0/mb1_block_microblaze_0_0.xdc] for cell 'mb1_block_i/microblaze_0/U0'
Finished Parsing XDC File [d:/vivado_pj/project_mb1/project_mb1.gen/sources_1/bd/mb1_block/ip/mb1_block_microblaze_0_0/mb1_block_microblaze_0_0.xdc] for cell 'mb1_block_i/microblaze_0/U0'
Parsing XDC File [d:/vivado_pj/project_mb1/project_mb1.gen/sources_1/bd/mb1_block/ip/mb1_block_microblaze_0_axi_intc_0/mb1_block_microblaze_0_axi_intc_0.xdc] for cell 'mb1_block_i/microblaze_0_axi_intc/U0'
Finished Parsing XDC File [d:/vivado_pj/project_mb1/project_mb1.gen/sources_1/bd/mb1_block/ip/mb1_block_microblaze_0_axi_intc_0/mb1_block_microblaze_0_axi_intc_0.xdc] for cell 'mb1_block_i/microblaze_0_axi_intc/U0'
Parsing XDC File [d:/vivado_pj/project_mb1/project_mb1.gen/sources_1/bd/mb1_block/ip/mb1_block_clk_wiz_1_0/mb1_block_clk_wiz_1_0_board.xdc] for cell 'mb1_block_i/clk_wiz_1/inst'
Finished Parsing XDC File [d:/vivado_pj/project_mb1/project_mb1.gen/sources_1/bd/mb1_block/ip/mb1_block_clk_wiz_1_0/mb1_block_clk_wiz_1_0_board.xdc] for cell 'mb1_block_i/clk_wiz_1/inst'
Parsing XDC File [d:/vivado_pj/project_mb1/project_mb1.gen/sources_1/bd/mb1_block/ip/mb1_block_clk_wiz_1_0/mb1_block_clk_wiz_1_0.xdc] for cell 'mb1_block_i/clk_wiz_1/inst'
INFO: [Timing 38-35] Done setting XDC timing constraints. [d:/vivado_pj/project_mb1/project_mb1.gen/sources_1/bd/mb1_block/ip/mb1_block_clk_wiz_1_0/mb1_block_clk_wiz_1_0.xdc:57]
INFO: [Timing 38-2] Deriving generated clocks [d:/vivado_pj/project_mb1/project_mb1.gen/sources_1/bd/mb1_block/ip/mb1_block_clk_wiz_1_0/mb1_block_clk_wiz_1_0.xdc:57]
Finished Parsing XDC File [d:/vivado_pj/project_mb1/project_mb1.gen/sources_1/bd/mb1_block/ip/mb1_block_clk_wiz_1_0/mb1_block_clk_wiz_1_0.xdc] for cell 'mb1_block_i/clk_wiz_1/inst'
Parsing XDC File [d:/vivado_pj/project_mb1/project_mb1.gen/sources_1/bd/mb1_block/ip/mb1_block_rst_clk_wiz_1_100M_0/mb1_block_rst_clk_wiz_1_100M_0_board.xdc] for cell 'mb1_block_i/rst_clk_wiz_1_100M/U0'
CRITICAL WARNING: [Vivado 12-1411] Cannot set LOC property of ports, Cannot set PACKAGE_PIN property of ports,  port reset_rtl_0 can not be placed on PACKAGE_PIN U18 because the PACKAGE_PIN is occupied by port resetn. Please note that for projects targeting board parts, user LOC constraints cannot override constraints provided with the board. [d:/vivado_pj/project_mb1/project_mb1.gen/sources_1/bd/mb1_block/ip/mb1_block_rst_clk_wiz_1_100M_0/mb1_block_rst_clk_wiz_1_100M_0_board.xdc:3]
Finished Parsing XDC File [d:/vivado_pj/project_mb1/project_mb1.gen/sources_1/bd/mb1_block/ip/mb1_block_rst_clk_wiz_1_100M_0/mb1_block_rst_clk_wiz_1_100M_0_board.xdc] for cell 'mb1_block_i/rst_clk_wiz_1_100M/U0'
Parsing XDC File [d:/vivado_pj/project_mb1/project_mb1.gen/sources_1/bd/mb1_block/ip/mb1_block_rst_clk_wiz_1_100M_0/mb1_block_rst_clk_wiz_1_100M_0.xdc] for cell 'mb1_block_i/rst_clk_wiz_1_100M/U0'
Finished Parsing XDC File [d:/vivado_pj/project_mb1/project_mb1.gen/sources_1/bd/mb1_block/ip/mb1_block_rst_clk_wiz_1_100M_0/mb1_block_rst_clk_wiz_1_100M_0.xdc] for cell 'mb1_block_i/rst_clk_wiz_1_100M/U0'
Parsing XDC File [d:/vivado_pj/project_mb1/project_mb1.gen/sources_1/bd/mb1_block/ip/mb1_block_axi_timer_0_0/mb1_block_axi_timer_0_0.xdc] for cell 'mb1_block_i/axi_timer_0/U0'
Finished Parsing XDC File [d:/vivado_pj/project_mb1/project_mb1.gen/sources_1/bd/mb1_block/ip/mb1_block_axi_timer_0_0/mb1_block_axi_timer_0_0.xdc] for cell 'mb1_block_i/axi_timer_0/U0'
Parsing XDC File [d:/vivado_pj/project_mb1/project_mb1.gen/sources_1/bd/mb1_block/ip/mb1_block_axi_uartlite_0_0/mb1_block_axi_uartlite_0_0_board.xdc] for cell 'mb1_block_i/axi_uartlite_0/U0'
Finished Parsing XDC File [d:/vivado_pj/project_mb1/project_mb1.gen/sources_1/bd/mb1_block/ip/mb1_block_axi_uartlite_0_0/mb1_block_axi_uartlite_0_0_board.xdc] for cell 'mb1_block_i/axi_uartlite_0/U0'
Parsing XDC File [d:/vivado_pj/project_mb1/project_mb1.gen/sources_1/bd/mb1_block/ip/mb1_block_axi_uartlite_0_0/mb1_block_axi_uartlite_0_0.xdc] for cell 'mb1_block_i/axi_uartlite_0/U0'
Finished Parsing XDC File [d:/vivado_pj/project_mb1/project_mb1.gen/sources_1/bd/mb1_block/ip/mb1_block_axi_uartlite_0_0/mb1_block_axi_uartlite_0_0.xdc] for cell 'mb1_block_i/axi_uartlite_0/U0'
Parsing XDC File [d:/vivado_pj/project_mb1/project_mb1.gen/sources_1/bd/mb1_block/ip/mb1_block_axi_gpio_1_4/mb1_block_axi_gpio_1_4_board.xdc] for cell 'mb1_block_i/axi_gpio_1/U0'
Finished Parsing XDC File [d:/vivado_pj/project_mb1/project_mb1.gen/sources_1/bd/mb1_block/ip/mb1_block_axi_gpio_1_4/mb1_block_axi_gpio_1_4_board.xdc] for cell 'mb1_block_i/axi_gpio_1/U0'
Parsing XDC File [d:/vivado_pj/project_mb1/project_mb1.gen/sources_1/bd/mb1_block/ip/mb1_block_axi_gpio_1_4/mb1_block_axi_gpio_1_4.xdc] for cell 'mb1_block_i/axi_gpio_1/U0'
Finished Parsing XDC File [d:/vivado_pj/project_mb1/project_mb1.gen/sources_1/bd/mb1_block/ip/mb1_block_axi_gpio_1_4/mb1_block_axi_gpio_1_4.xdc] for cell 'mb1_block_i/axi_gpio_1/U0'
Parsing XDC File [d:/vivado_pj/project_mb1/project_mb1.gen/sources_1/bd/mb1_block/ip/mb1_block_axi_gpio_2_1/mb1_block_axi_gpio_2_1_board.xdc] for cell 'mb1_block_i/axi_gpio_2/U0'
Finished Parsing XDC File [d:/vivado_pj/project_mb1/project_mb1.gen/sources_1/bd/mb1_block/ip/mb1_block_axi_gpio_2_1/mb1_block_axi_gpio_2_1_board.xdc] for cell 'mb1_block_i/axi_gpio_2/U0'
Parsing XDC File [d:/vivado_pj/project_mb1/project_mb1.gen/sources_1/bd/mb1_block/ip/mb1_block_axi_gpio_2_1/mb1_block_axi_gpio_2_1.xdc] for cell 'mb1_block_i/axi_gpio_2/U0'
Finished Parsing XDC File [d:/vivado_pj/project_mb1/project_mb1.gen/sources_1/bd/mb1_block/ip/mb1_block_axi_gpio_2_1/mb1_block_axi_gpio_2_1.xdc] for cell 'mb1_block_i/axi_gpio_2/U0'
Parsing XDC File [d:/vivado_pj/project_mb1/project_mb1.gen/sources_1/bd/mb1_block/ip/mb1_block_axi_gpio_3_1/mb1_block_axi_gpio_3_1_board.xdc] for cell 'mb1_block_i/axi_gpio_3/U0'
Finished Parsing XDC File [d:/vivado_pj/project_mb1/project_mb1.gen/sources_1/bd/mb1_block/ip/mb1_block_axi_gpio_3_1/mb1_block_axi_gpio_3_1_board.xdc] for cell 'mb1_block_i/axi_gpio_3/U0'
Parsing XDC File [d:/vivado_pj/project_mb1/project_mb1.gen/sources_1/bd/mb1_block/ip/mb1_block_axi_gpio_3_1/mb1_block_axi_gpio_3_1.xdc] for cell 'mb1_block_i/axi_gpio_3/U0'
Finished Parsing XDC File [d:/vivado_pj/project_mb1/project_mb1.gen/sources_1/bd/mb1_block/ip/mb1_block_axi_gpio_3_1/mb1_block_axi_gpio_3_1.xdc] for cell 'mb1_block_i/axi_gpio_3/U0'
Parsing XDC File [d:/vivado_pj/project_mb1/project_mb1.gen/sources_1/bd/mb1_block/ip/mb1_block_axi_gpio_0_1/mb1_block_axi_gpio_0_1_board.xdc] for cell 'mb1_block_i/axi_gpio_0/U0'
Finished Parsing XDC File [d:/vivado_pj/project_mb1/project_mb1.gen/sources_1/bd/mb1_block/ip/mb1_block_axi_gpio_0_1/mb1_block_axi_gpio_0_1_board.xdc] for cell 'mb1_block_i/axi_gpio_0/U0'
Parsing XDC File [d:/vivado_pj/project_mb1/project_mb1.gen/sources_1/bd/mb1_block/ip/mb1_block_axi_gpio_0_1/mb1_block_axi_gpio_0_1.xdc] for cell 'mb1_block_i/axi_gpio_0/U0'
Finished Parsing XDC File [d:/vivado_pj/project_mb1/project_mb1.gen/sources_1/bd/mb1_block/ip/mb1_block_axi_gpio_0_1/mb1_block_axi_gpio_0_1.xdc] for cell 'mb1_block_i/axi_gpio_0/U0'
Parsing XDC File [D:/vivado_pj/project_mb1/project_mb1.srcs/constrs_1/new/mb1_block.xdc]
Finished Parsing XDC File [D:/vivado_pj/project_mb1/project_mb1.srcs/constrs_1/new/mb1_block.xdc]
Parsing XDC File [d:/vivado_pj/project_mb1/project_mb1.gen/sources_1/bd/mb1_block/ip/mb1_block_microblaze_0_axi_intc_0/mb1_block_microblaze_0_axi_intc_0_clocks.xdc] for cell 'mb1_block_i/microblaze_0_axi_intc/U0'
Finished Parsing XDC File [d:/vivado_pj/project_mb1/project_mb1.gen/sources_1/bd/mb1_block/ip/mb1_block_microblaze_0_axi_intc_0/mb1_block_microblaze_0_axi_intc_0_clocks.xdc] for cell 'mb1_block_i/microblaze_0_axi_intc/U0'
Parsing XDC File [d:/vivado_pj/project_mb1/project_mb1.gen/sources_1/bd/mb1_block/ip/mb1_block_mdm_1_0/mb1_block_mdm_1_0.xdc] for cell 'mb1_block_i/mdm_1/U0'
INFO: [Timing 38-2] Deriving generated clocks [d:/vivado_pj/project_mb1/project_mb1.gen/sources_1/bd/mb1_block/ip/mb1_block_mdm_1_0/mb1_block_mdm_1_0.xdc:50]
Finished Parsing XDC File [d:/vivado_pj/project_mb1/project_mb1.gen/sources_1/bd/mb1_block/ip/mb1_block_mdm_1_0/mb1_block_mdm_1_0.xdc] for cell 'mb1_block_i/mdm_1/U0'
INFO: [Opt 31-138] Pushed 0 inverter(s) to 0 load pin(s).
Generating merged BMM file for the design top 'mb1_block_wrapper'...
INFO: [Memdata 28-144] Successfully populated the BRAM INIT strings from the following elf files: d:/vivado_pj/project_mb1/project_mb1.gen/sources_1/bd/mb1_block/ip/mb1_block_microblaze_0_0/data/mb_bootloop_le.elf 
Netlist sorting complete. Time (s): cpu = 00:00:00 ; elapsed = 00:00:00.003 . Memory (MB): peak = 2219.074 ; gain = 0.000
INFO: [Project 1-111] Unisim Transformation Summary:
  A total of 128 instances were transformed.
  LUT6_2 => LUT6_2 (LUT5, LUT6): 80 instances
  RAM16X1D => RAM32X1D (RAMD32(x2)): 32 instances
  RAM32M => RAM32M (RAMD32(x6), RAMS32(x2)): 16 instances

31 Infos, 0 Warnings, 1 Critical Warnings and 0 Errors encountered.
link_design completed successfully
link_design: Time (s): cpu = 00:00:09 ; elapsed = 00:00:12 . Memory (MB): peak = 2219.074 ; gain = 1153.953
Command: opt_design
Attempting to get a license for feature 'Implementation' and/or device 'xc7a35t'
INFO: [Common 17-349] Got license for feature 'Implementation' and/or device 'xc7a35t'
Running DRC as a precondition to command opt_design

Starting DRC Task
INFO: [DRC 23-27] Running DRC with 2 threads
INFO: [Project 1-461] DRC finished with 0 Errors
INFO: [Project 1-462] Please refer to the DRC report (report_drc) for more information.

Time (s): cpu = 00:00:01 ; elapsed = 00:00:00.572 . Memory (MB): peak = 2219.074 ; gain = 0.000

Starting Cache Timing Information Task
INFO: [Timing 38-35] Done setting XDC timing constraints.
Ending Cache Timing Information Task | Checksum: 21f27c35e

Time (s): cpu = 00:00:00 ; elapsed = 00:00:00.134 . Memory (MB): peak = 2238.750 ; gain = 19.676

Starting Logic Optimization Task

Phase 1 Retarget
INFO: [Opt 31-1287] Pulled Inverter mb1_block_i/mdm_1/U0/MDM_Core_I1/JTAG_CONTROL_I/Use_BSCAN.FDC_I/Use_Serial_Unified_Completion.Completion_Status_Register.sample_1[15]_i_1 into driver instance mb1_block_i/mdm_1/U0/MDM_Core_I1/JTAG_CONTROL_I/Use_BSCAN.FDC_I/Use_Serial_Unified_Completion.Completion_Status_Register.sample_1[15]_i_2, which resulted in an inversion of 14 pins
INFO: [Opt 31-138] Pushed 2 inverter(s) to 2 load pin(s).
INFO: [Opt 31-49] Retargeted 0 cell(s).
Phase 1 Retarget | Checksum: 27d21fb47

Time (s): cpu = 00:00:01 ; elapsed = 00:00:00.198 . Memory (MB): peak = 2573.348 ; gain = 0.000
INFO: [Opt 31-389] Phase Retarget created 115 cells and removed 198 cells
INFO: [Opt 31-1021] In phase Retarget, 7 netlist objects are constrained preventing optimization. Please run opt_design with -debug_log to get more detail. 

Phase 2 Constant propagation
INFO: [Opt 31-138] Pushed 0 inverter(s) to 0 load pin(s).
Phase 2 Constant propagation | Checksum: 25fc83734

Time (s): cpu = 00:00:01 ; elapsed = 00:00:00.218 . Memory (MB): peak = 2573.348 ; gain = 0.000
INFO: [Opt 31-389] Phase Constant propagation created 5 cells and removed 40 cells
INFO: [Opt 31-1021] In phase Constant propagation, 1 netlist objects are constrained preventing optimization. Please run opt_design with -debug_log to get more detail. 

Phase 3 Sweep
Phase 3 Sweep | Checksum: 248ddb5e2

Time (s): cpu = 00:00:01 ; elapsed = 00:00:00.315 . Memory (MB): peak = 2573.348 ; gain = 0.000
INFO: [Opt 31-389] Phase Sweep created 4 cells and removed 76 cells
INFO: [Opt 31-1021] In phase Sweep, 1 netlist objects are constrained preventing optimization. Please run opt_design with -debug_log to get more detail. 

Phase 4 BUFG optimization
INFO: [Opt 31-194] Inserted BUFG mb1_block_i/mdm_1/U0/Use_E2.BSCAN_I/Dbg_Update_0_BUFG_inst to drive 40 load(s) on clock net mb1_block_i/mdm_1/U0/Use_E2.BSCAN_I/Dbg_Update_0_BUFG
INFO: [Opt 31-193] Inserted 1 BUFG(s) on clock nets
Phase 4 BUFG optimization | Checksum: 28646a821

Time (s): cpu = 00:00:01 ; elapsed = 00:00:00.361 . Memory (MB): peak = 2573.348 ; gain = 0.000
INFO: [Opt 31-662] Phase BUFG optimization created 1 cells of which 1 are BUFGs and removed 0 cells.

Phase 5 Shift Register Optimization
INFO: [Opt 31-1064] SRL Remap converted 0 SRLs to 0 registers and converted 0 registers of register chains to 0 SRLs
Phase 5 Shift Register Optimization | Checksum: 28646a821

Time (s): cpu = 00:00:01 ; elapsed = 00:00:00.369 . Memory (MB): peak = 2573.348 ; gain = 0.000
INFO: [Opt 31-389] Phase Shift Register Optimization created 0 cells and removed 0 cells

Phase 6 Post Processing Netlist
Phase 6 Post Processing Netlist | Checksum: 24de51cd7

Time (s): cpu = 00:00:01 ; elapsed = 00:00:00.383 . Memory (MB): peak = 2573.348 ; gain = 0.000
INFO: [Opt 31-389] Phase Post Processing Netlist created 0 cells and removed 0 cells
INFO: [Opt 31-1021] In phase Post Processing Netlist, 1 netlist objects are constrained preventing optimization. Please run opt_design with -debug_log to get more detail. 
Opt_design Change Summary
=========================


-------------------------------------------------------------------------------------------------------------------------
|  Phase                        |  #Cells created  |  #Cells Removed  |  #Constrained objects preventing optimizations  |
-------------------------------------------------------------------------------------------------------------------------
|  Retarget                     |             115  |             198  |                                              7  |
|  Constant propagation         |               5  |              40  |                                              1  |
|  Sweep                        |               4  |              76  |                                              1  |
|  BUFG optimization            |               1  |               0  |                                              0  |
|  Shift Register Optimization  |               0  |               0  |                                              0  |
|  Post Processing Netlist      |               0  |               0  |                                              1  |
-------------------------------------------------------------------------------------------------------------------------



Starting Connectivity Check Task

Time (s): cpu = 00:00:00 ; elapsed = 00:00:00.005 . Memory (MB): peak = 2573.348 ; gain = 0.000
Ending Logic Optimization Task | Checksum: 1bec645c7

Time (s): cpu = 00:00:01 ; elapsed = 00:00:00.459 . Memory (MB): peak = 2573.348 ; gain = 0.000

Starting Power Optimization Task
INFO: [Pwropt 34-132] Skipping clock gating for clocks with a period < 2.00 ns.
INFO: [Timing 38-35] Done setting XDC timing constraints.
INFO: [Pwropt 34-9] Applying IDT optimizations ...
INFO: [Pwropt 34-10] Applying ODC optimizations ...
Running Vector-less Activity Propagation...

Finished Running Vector-less Activity Propagation


Starting PowerOpt Patch Enables Task
INFO: [Pwropt 34-162] WRITE_MODE attribute of 0 BRAM(s) out of a total of 8 has been updated to save power. Run report_power_opt to get a complete listing of the BRAMs updated.
INFO: [Pwropt 34-201] Structural ODC has moved 0 WE to EN ports
Number of BRAM Ports augmented: 0 newly gated: 0 Total Ports: 16
Ending PowerOpt Patch Enables Task | Checksum: 1bec645c7

Time (s): cpu = 00:00:00 ; elapsed = 00:00:00.027 . Memory (MB): peak = 2656.516 ; gain = 0.000
Ending Power Optimization Task | Checksum: 1bec645c7

Time (s): cpu = 00:00:01 ; elapsed = 00:00:00.776 . Memory (MB): peak = 2656.516 ; gain = 83.168

Starting Final Cleanup Task
Ending Final Cleanup Task | Checksum: 1bec645c7

Time (s): cpu = 00:00:00 ; elapsed = 00:00:00.001 . Memory (MB): peak = 2656.516 ; gain = 0.000

Starting Netlist Obfuscation Task
Netlist sorting complete. Time (s): cpu = 00:00:00 ; elapsed = 00:00:00.003 . Memory (MB): peak = 2656.516 ; gain = 0.000
Ending Netlist Obfuscation Task | Checksum: 1bec645c7

Time (s): cpu = 00:00:00 ; elapsed = 00:00:00.003 . Memory (MB): peak = 2656.516 ; gain = 0.000
INFO: [Common 17-83] Releasing license: Implementation
60 Infos, 0 Warnings, 1 Critical Warnings and 0 Errors encountered.
opt_design completed successfully
INFO: [Timing 38-35] Done setting XDC timing constraints.
INFO: [Timing 38-480] Writing timing data to binary archive.
Writing XDEF routing.
Writing XDEF routing logical nets.
Writing XDEF routing special nets.
Write XDEF Complete: Time (s): cpu = 00:00:00 ; elapsed = 00:00:00.017 . Memory (MB): peak = 2656.516 ; gain = 0.000
INFO: [Common 17-1381] The checkpoint 'D:/vivado_pj/project_mb1/project_mb1.runs/impl_1/mb1_block_wrapper_opt.dcp' has been generated.
INFO: [runtcl-4] Executing : report_drc -file mb1_block_wrapper_drc_opted.rpt -pb mb1_block_wrapper_drc_opted.pb -rpx mb1_block_wrapper_drc_opted.rpx
Command: report_drc -file mb1_block_wrapper_drc_opted.rpt -pb mb1_block_wrapper_drc_opted.pb -rpx mb1_block_wrapper_drc_opted.rpx
INFO: [IP_Flow 19-1839] IP Catalog is up to date.
INFO: [DRC 23-27] Running DRC with 2 threads
INFO: [Vivado_Tcl 2-168] The results of DRC are in file D:/vivado_pj/project_mb1/project_mb1.runs/impl_1/mb1_block_wrapper_drc_opted.rpt.
report_drc completed successfully
Command: place_design
Attempting to get a license for feature 'Implementation' and/or device 'xc7a35t'
INFO: [Common 17-349] Got license for feature 'Implementation' and/or device 'xc7a35t'
INFO: [DRC 23-27] Running DRC with 2 threads
INFO: [Vivado_Tcl 4-198] DRC finished with 0 Errors
INFO: [Vivado_Tcl 4-199] Please refer to the DRC report (report_drc) for more information.
Running DRC as a precondition to command place_design
INFO: [DRC 23-27] Running DRC with 2 threads
INFO: [Vivado_Tcl 4-198] DRC finished with 0 Errors
INFO: [Vivado_Tcl 4-199] Please refer to the DRC report (report_drc) for more information.

Starting Placer Task
INFO: [Place 30-611] Multithreading enabled for place_design using a maximum of 2 CPUs

Phase 1 Placer Initialization

Phase 1.1 Placer Initialization Netlist Sorting
Netlist sorting complete. Time (s): cpu = 00:00:00 ; elapsed = 00:00:00.003 . Memory (MB): peak = 2656.516 ; gain = 0.000
Phase 1.1 Placer Initialization Netlist Sorting | Checksum: 17781a63d

Time (s): cpu = 00:00:00 ; elapsed = 00:00:00.007 . Memory (MB): peak = 2656.516 ; gain = 0.000
Netlist sorting complete. Time (s): cpu = 00:00:00 ; elapsed = 00:00:00.003 . Memory (MB): peak = 2656.516 ; gain = 0.000

Phase 1.2 IO Placement/ Clock Placement/ Build Placer Device
Phase 1.2 IO Placement/ Clock Placement/ Build Placer Device | Checksum: d8ac0d40

Time (s): cpu = 00:00:00 ; elapsed = 00:00:00.187 . Memory (MB): peak = 2656.516 ; gain = 0.000

Phase 1.3 Build Placer Netlist Model
Phase 1.3 Build Placer Netlist Model | Checksum: 180200263

Time (s): cpu = 00:00:01 ; elapsed = 00:00:00.655 . Memory (MB): peak = 2656.516 ; gain = 0.000

Phase 1.4 Constrain Clocks/Macros
Phase 1.4 Constrain Clocks/Macros | Checksum: 180200263

Time (s): cpu = 00:00:01 ; elapsed = 00:00:00.660 . Memory (MB): peak = 2656.516 ; gain = 0.000
Phase 1 Placer Initialization | Checksum: 180200263

Time (s): cpu = 00:00:01 ; elapsed = 00:00:00.666 . Memory (MB): peak = 2656.516 ; gain = 0.000

Phase 2 Global Placement

Phase 2.1 Floorplanning
Phase 2.1 Floorplanning | Checksum: 13684d0db

Time (s): cpu = 00:00:01 ; elapsed = 00:00:00.807 . Memory (MB): peak = 2656.516 ; gain = 0.000

Phase 2.2 Update Timing before SLR Path Opt
Phase 2.2 Update Timing before SLR Path Opt | Checksum: 1b5dde3ad

Time (s): cpu = 00:00:01 ; elapsed = 00:00:00.925 . Memory (MB): peak = 2656.516 ; gain = 0.000

Phase 2.3 Post-Processing in Floorplanning
Phase 2.3 Post-Processing in Floorplanning | Checksum: 1b5dde3ad

Time (s): cpu = 00:00:01 ; elapsed = 00:00:00.931 . Memory (MB): peak = 2656.516 ; gain = 0.000

Phase 2.4 Global Placement Core

Phase 2.4.1 UpdateTiming Before Physical Synthesis
Phase 2.4.1 UpdateTiming Before Physical Synthesis | Checksum: 22f53774f

Time (s): cpu = 00:00:04 ; elapsed = 00:00:03 . Memory (MB): peak = 2656.516 ; gain = 0.000

Phase 2.4.2 Physical Synthesis In Placer
INFO: [Physopt 32-1035] Found 0 LUTNM shape to break, 193 LUT instances to create LUTNM shape
INFO: [Physopt 32-1044] Break lutnm for timing: one critical 0, two critical 0, total 0, new lutff created 0
INFO: [Physopt 32-1138] End 1 Pass. Optimized 73 nets or LUTs. Breaked 0 LUT, combined 73 existing LUTs and moved 0 existing LUT
INFO: [Physopt 32-65] No nets found for high-fanout optimization.
INFO: [Physopt 32-232] Optimized 0 net. Created 0 new instance.
INFO: [Physopt 32-775] End 1 Pass. Optimized 0 net or cell. Created 0 new cell, deleted 0 existing cell and moved 0 existing cell
INFO: [Physopt 32-670] No setup violation found.  DSP Register Optimization was not performed.
INFO: [Physopt 32-670] No setup violation found.  Shift Register to Pipeline Optimization was not performed.
INFO: [Physopt 32-670] No setup violation found.  Shift Register Optimization was not performed.
INFO: [Physopt 32-670] No setup violation found.  BRAM Register Optimization was not performed.
INFO: [Physopt 32-670] No setup violation found.  URAM Register Optimization was not performed.
INFO: [Physopt 32-949] No candidate nets found for dynamic/static region interface net replication
INFO: [Physopt 32-775] End 1 Pass. Optimized 0 net or cell. Created 0 new cell, deleted 0 existing cell and moved 0 existing cell
Netlist sorting complete. Time (s): cpu = 00:00:00 ; elapsed = 00:00:00.003 . Memory (MB): peak = 2656.516 ; gain = 0.000

Summary of Physical Synthesis Optimizations
============================================


-----------------------------------------------------------------------------------------------------------------------------------------------------------
|  Optimization                                     |  Added Cells  |  Removed Cells  |  Optimized Cells/Nets  |  Dont Touch  |  Iterations  |  Elapsed   |
-----------------------------------------------------------------------------------------------------------------------------------------------------------
|  LUT Combining                                    |            0  |             73  |                    73  |           0  |           1  |  00:00:00  |
|  Retime                                           |            0  |              0  |                     0  |           0  |           1  |  00:00:00  |
|  Very High Fanout                                 |            0  |              0  |                     0  |           0  |           1  |  00:00:00  |
|  DSP Register                                     |            0  |              0  |                     0  |           0  |           0  |  00:00:00  |
|  Shift Register to Pipeline                       |            0  |              0  |                     0  |           0  |           0  |  00:00:00  |
|  Shift Register                                   |            0  |              0  |                     0  |           0  |           0  |  00:00:00  |
|  BRAM Register                                    |            0  |              0  |                     0  |           0  |           0  |  00:00:00  |
|  URAM Register                                    |            0  |              0  |                     0  |           0  |           0  |  00:00:00  |
|  Dynamic/Static Region Interface Net Replication  |            0  |              0  |                     0  |           0  |           1  |  00:00:00  |
|  Total                                            |            0  |             73  |                    73  |           0  |           4  |  00:00:00  |
-----------------------------------------------------------------------------------------------------------------------------------------------------------


Phase 2.4.2 Physical Synthesis In Placer | Checksum: 2381955d1

Time (s): cpu = 00:00:04 ; elapsed = 00:00:03 . Memory (MB): peak = 2656.516 ; gain = 0.000
Phase 2.4 Global Placement Core | Checksum: 16043538b

Time (s): cpu = 00:00:04 ; elapsed = 00:00:03 . Memory (MB): peak = 2656.516 ; gain = 0.000
Phase 2 Global Placement | Checksum: 16043538b

Time (s): cpu = 00:00:04 ; elapsed = 00:00:03 . Memory (MB): peak = 2656.516 ; gain = 0.000

Phase 3 Detail Placement

Phase 3.1 Commit Multi Column Macros
Phase 3.1 Commit Multi Column Macros | Checksum: 10455aeb3

Time (s): cpu = 00:00:05 ; elapsed = 00:00:03 . Memory (MB): peak = 2656.516 ; gain = 0.000

Phase 3.2 Commit Most Macros & LUTRAMs
Phase 3.2 Commit Most Macros & LUTRAMs | Checksum: 1b70fe713

Time (s): cpu = 00:00:05 ; elapsed = 00:00:03 . Memory (MB): peak = 2656.516 ; gain = 0.000

Phase 3.3 Area Swap Optimization
Phase 3.3 Area Swap Optimization | Checksum: 1c262fa69

Time (s): cpu = 00:00:05 ; elapsed = 00:00:03 . Memory (MB): peak = 2656.516 ; gain = 0.000

Phase 3.4 Pipeline Register Optimization
Phase 3.4 Pipeline Register Optimization | Checksum: 1c368f7d8

Time (s): cpu = 00:00:05 ; elapsed = 00:00:03 . Memory (MB): peak = 2656.516 ; gain = 0.000

Phase 3.5 Small Shape Detail Placement
Phase 3.5 Small Shape Detail Placement | Checksum: 1ee6f1824

Time (s): cpu = 00:00:06 ; elapsed = 00:00:04 . Memory (MB): peak = 2656.516 ; gain = 0.000

Phase 3.6 Re-assign LUT pins
Phase 3.6 Re-assign LUT pins | Checksum: 208854a44

Time (s): cpu = 00:00:06 ; elapsed = 00:00:04 . Memory (MB): peak = 2656.516 ; gain = 0.000

Phase 3.7 Pipeline Register Optimization
Phase 3.7 Pipeline Register Optimization | Checksum: 25d40df5b

Time (s): cpu = 00:00:06 ; elapsed = 00:00:04 . Memory (MB): peak = 2656.516 ; gain = 0.000
Phase 3 Detail Placement | Checksum: 25d40df5b

Time (s): cpu = 00:00:06 ; elapsed = 00:00:04 . Memory (MB): peak = 2656.516 ; gain = 0.000

Phase 4 Post Placement Optimization and Clean-Up

Phase 4.1 Post Commit Optimization
INFO: [Timing 38-35] Done setting XDC timing constraints.

Phase 4.1.1 Post Placement Optimization
Post Placement Optimization Initialization | Checksum: 2026a8ddb

Phase 4.1.1.1 BUFG Insertion

Starting Physical Synthesis Task

Phase 1 Physical Synthesis Initialization
INFO: [Physopt 32-721] Multithreading enabled for phys_opt_design using a maximum of 2 CPUs
INFO: [Physopt 32-619] Estimated Timing Summary | WNS=2.298 | TNS=0.000 |
Phase 1 Physical Synthesis Initialization | Checksum: 177b5b6e6

Time (s): cpu = 00:00:00 ; elapsed = 00:00:00.139 . Memory (MB): peak = 2656.516 ; gain = 0.000
INFO: [Place 46-56] BUFG insertion identified 0 candidate nets. Inserted BUFG: 0, Replicated BUFG Driver: 0, Skipped due to Placement/Routing Conflicts: 0, Skipped due to Timing Degradation: 0, Skipped due to Illegal Netlist: 0.
Ending Physical Synthesis Task | Checksum: 14e6afe35

Time (s): cpu = 00:00:00 ; elapsed = 00:00:00.156 . Memory (MB): peak = 2656.516 ; gain = 0.000
Phase 4.1.1.1 BUFG Insertion | Checksum: 2026a8ddb

Time (s): cpu = 00:00:07 ; elapsed = 00:00:05 . Memory (MB): peak = 2656.516 ; gain = 0.000

Phase 4.1.1.2 Post Placement Timing Optimization
INFO: [Place 30-746] Post Placement Timing Summary WNS=2.298. For the most accurate timing information please run report_timing.
Phase 4.1.1.2 Post Placement Timing Optimization | Checksum: 13f47b3d0

Time (s): cpu = 00:00:07 ; elapsed = 00:00:05 . Memory (MB): peak = 2656.516 ; gain = 0.000

Time (s): cpu = 00:00:07 ; elapsed = 00:00:05 . Memory (MB): peak = 2656.516 ; gain = 0.000
Phase 4.1 Post Commit Optimization | Checksum: 13f47b3d0

Time (s): cpu = 00:00:07 ; elapsed = 00:00:05 . Memory (MB): peak = 2656.516 ; gain = 0.000

Phase 4.2 Post Placement Cleanup
Phase 4.2 Post Placement Cleanup | Checksum: 13f47b3d0

Time (s): cpu = 00:00:07 ; elapsed = 00:00:05 . Memory (MB): peak = 2656.516 ; gain = 0.000

Phase 4.3 Placer Reporting

Phase 4.3.1 Print Estimated Congestion
INFO: [Place 30-612] Post-Placement Estimated Congestion 
 ____________________________________________________
|           | Global Congestion | Short Congestion  |
| Direction | Region Size       | Region Size       |
|___________|___________________|___________________|
|      North|                1x1|                1x1|
|___________|___________________|___________________|
|      South|                1x1|                1x1|
|___________|___________________|___________________|
|       East|                1x1|                1x1|
|___________|___________________|___________________|
|       West|                1x1|                1x1|
|___________|___________________|___________________|

Phase 4.3.1 Print Estimated Congestion | Checksum: 13f47b3d0

Time (s): cpu = 00:00:07 ; elapsed = 00:00:05 . Memory (MB): peak = 2656.516 ; gain = 0.000
Phase 4.3 Placer Reporting | Checksum: 13f47b3d0

Time (s): cpu = 00:00:07 ; elapsed = 00:00:05 . Memory (MB): peak = 2656.516 ; gain = 0.000

Phase 4.4 Final Placement Cleanup
Netlist sorting complete. Time (s): cpu = 00:00:00 ; elapsed = 00:00:00.003 . Memory (MB): peak = 2656.516 ; gain = 0.000

Time (s): cpu = 00:00:07 ; elapsed = 00:00:05 . Memory (MB): peak = 2656.516 ; gain = 0.000
Phase 4 Post Placement Optimization and Clean-Up | Checksum: 1aa7e1ec9

Time (s): cpu = 00:00:07 ; elapsed = 00:00:05 . Memory (MB): peak = 2656.516 ; gain = 0.000
Ending Placer Task | Checksum: 1725cc9a4

Time (s): cpu = 00:00:07 ; elapsed = 00:00:05 . Memory (MB): peak = 2656.516 ; gain = 0.000
INFO: [Common 17-83] Releasing license: Implementation
95 Infos, 0 Warnings, 1 Critical Warnings and 0 Errors encountered.
place_design completed successfully
place_design: Time (s): cpu = 00:00:08 ; elapsed = 00:00:06 . Memory (MB): peak = 2656.516 ; gain = 0.000
INFO: [Timing 38-480] Writing timing data to binary archive.
Writing XDEF routing.
Writing XDEF routing logical nets.
Writing XDEF routing special nets.
Write XDEF Complete: Time (s): cpu = 00:00:01 ; elapsed = 00:00:00.250 . Memory (MB): peak = 2656.516 ; gain = 0.000
INFO: [Common 17-1381] The checkpoint 'D:/vivado_pj/project_mb1/project_mb1.runs/impl_1/mb1_block_wrapper_placed.dcp' has been generated.
INFO: [runtcl-4] Executing : report_io -file mb1_block_wrapper_io_placed.rpt
report_io: Time (s): cpu = 00:00:00 ; elapsed = 00:00:00.022 . Memory (MB): peak = 2656.516 ; gain = 0.000
INFO: [runtcl-4] Executing : report_utilization -file mb1_block_wrapper_utilization_placed.rpt -pb mb1_block_wrapper_utilization_placed.pb
INFO: [runtcl-4] Executing : report_control_sets -verbose -file mb1_block_wrapper_control_sets_placed.rpt
report_control_sets: Time (s): cpu = 00:00:00 ; elapsed = 00:00:00.009 . Memory (MB): peak = 2656.516 ; gain = 0.000
Command: phys_opt_design
Attempting to get a license for feature 'Implementation' and/or device 'xc7a35t'
INFO: [Common 17-349] Got license for feature 'Implementation' and/or device 'xc7a35t'

Starting Initial Update Timing Task

Time (s): cpu = 00:00:01 ; elapsed = 00:00:00.446 . Memory (MB): peak = 2656.516 ; gain = 0.000
INFO: [Vivado_Tcl 4-383] Design worst setup slack (WNS) is greater than or equal to 0.000 ns. Skipping all physical synthesis optimizations.
INFO: [Vivado_Tcl 4-232] No setup violation found. The netlist was not modified.
INFO: [Common 17-83] Releasing license: Implementation
104 Infos, 0 Warnings, 1 Critical Warnings and 0 Errors encountered.
phys_opt_design completed successfully
INFO: [Timing 38-480] Writing timing data to binary archive.
Writing XDEF routing.
Writing XDEF routing logical nets.
Writing XDEF routing special nets.
Write XDEF Complete: Time (s): cpu = 00:00:01 ; elapsed = 00:00:00.258 . Memory (MB): peak = 2656.516 ; gain = 0.000
INFO: [Common 17-1381] The checkpoint 'D:/vivado_pj/project_mb1/project_mb1.runs/impl_1/mb1_block_wrapper_physopt.dcp' has been generated.
Command: route_design
Attempting to get a license for feature 'Implementation' and/or device 'xc7a35t'
INFO: [Common 17-349] Got license for feature 'Implementation' and/or device 'xc7a35t'
Running DRC as a precondition to command route_design
INFO: [DRC 23-27] Running DRC with 2 threads
INFO: [Vivado_Tcl 4-198] DRC finished with 0 Errors
INFO: [Vivado_Tcl 4-199] Please refer to the DRC report (report_drc) for more information.


Starting Routing Task
INFO: [Route 35-254] Multithreading enabled for route_design using a maximum of 2 CPUs

Phase 1 Build RT Design
Checksum: PlaceDB: d1f9767f ConstDB: 0 ShapeSum: a0635325 RouteDB: 0
Post Restoration Checksum: NetGraph: 874d58e6 NumContArr: eb567a8f Constraints: 0 Timing: 0
Phase 1 Build RT Design | Checksum: 172a3d375

Time (s): cpu = 00:00:11 ; elapsed = 00:00:10 . Memory (MB): peak = 2691.199 ; gain = 34.684

Phase 2 Router Initialization

Phase 2.1 Fix Topology Constraints
Phase 2.1 Fix Topology Constraints | Checksum: 172a3d375

Time (s): cpu = 00:00:11 ; elapsed = 00:00:10 . Memory (MB): peak = 2697.242 ; gain = 40.727

Phase 2.2 Pre Route Cleanup
Phase 2.2 Pre Route Cleanup | Checksum: 172a3d375

Time (s): cpu = 00:00:11 ; elapsed = 00:00:10 . Memory (MB): peak = 2697.242 ; gain = 40.727
 Number of Nodes with overlaps = 0

Phase 2.3 Update Timing
Phase 2.3 Update Timing | Checksum: 134c9cb2a

Time (s): cpu = 00:00:12 ; elapsed = 00:00:11 . Memory (MB): peak = 2705.879 ; gain = 49.363
INFO: [Route 35-416] Intermediate Timing Summary | WNS=2.433  | TNS=0.000  | WHS=-0.313 | THS=-131.969|


Router Utilization Summary
  Global Vertical Routing Utilization    = 0.00669696 %
  Global Horizontal Routing Utilization  = 0.00130141 %
  Routable Net Status*
  *Does not include unroutable nets such as driverless and loadless.
  Run report_route_status for detailed report.
  Number of Failed Nets               = 3673
    (Failed Nets is the sum of unrouted and partially routed nets)
  Number of Unrouted Nets             = 3673
  Number of Partially Routed Nets     = 0
  Number of Node Overlaps             = 0

Phase 2 Router Initialization | Checksum: 128530332

Time (s): cpu = 00:00:13 ; elapsed = 00:00:12 . Memory (MB): peak = 2712.125 ; gain = 55.609

Phase 3 Initial Routing

Phase 3.1 Global Routing
Phase 3.1 Global Routing | Checksum: 128530332

Time (s): cpu = 00:00:13 ; elapsed = 00:00:12 . Memory (MB): peak = 2712.125 ; gain = 55.609
Phase 3 Initial Routing | Checksum: 194140e46

Time (s): cpu = 00:00:14 ; elapsed = 00:00:12 . Memory (MB): peak = 2716.793 ; gain = 60.277

Phase 4 Rip-up And Reroute

Phase 4.1 Global Iteration 0
 Number of Nodes with overlaps = 466
 Number of Nodes with overlaps = 55
 Number of Nodes with overlaps = 13
 Number of Nodes with overlaps = 6
 Number of Nodes with overlaps = 1
 Number of Nodes with overlaps = 1
 Number of Nodes with overlaps = 0
INFO: [Route 35-416] Intermediate Timing Summary | WNS=0.242  | TNS=0.000  | WHS=N/A    | THS=N/A    |

Phase 4.1 Global Iteration 0 | Checksum: 11b00f437

Time (s): cpu = 00:00:16 ; elapsed = 00:00:14 . Memory (MB): peak = 2716.793 ; gain = 60.277
Phase 4 Rip-up And Reroute | Checksum: 11b00f437

Time (s): cpu = 00:00:16 ; elapsed = 00:00:14 . Memory (MB): peak = 2716.793 ; gain = 60.277

Phase 5 Delay and Skew Optimization

Phase 5.1 Delay CleanUp

Phase 5.1.1 Update Timing
Phase 5.1.1 Update Timing | Checksum: decf08ca

Time (s): cpu = 00:00:16 ; elapsed = 00:00:14 . Memory (MB): peak = 2716.793 ; gain = 60.277
INFO: [Route 35-416] Intermediate Timing Summary | WNS=0.247  | TNS=0.000  | WHS=N/A    | THS=N/A    |

Phase 5.1 Delay CleanUp | Checksum: decf08ca

Time (s): cpu = 00:00:16 ; elapsed = 00:00:14 . Memory (MB): peak = 2716.793 ; gain = 60.277

Phase 5.2 Clock Skew Optimization
Phase 5.2 Clock Skew Optimization | Checksum: decf08ca

Time (s): cpu = 00:00:16 ; elapsed = 00:00:14 . Memory (MB): peak = 2716.793 ; gain = 60.277
Phase 5 Delay and Skew Optimization | Checksum: decf08ca

Time (s): cpu = 00:00:16 ; elapsed = 00:00:14 . Memory (MB): peak = 2716.793 ; gain = 60.277

Phase 6 Post Hold Fix

Phase 6.1 Hold Fix Iter

Phase 6.1.1 Update Timing
Phase 6.1.1 Update Timing | Checksum: 1156c70b3

Time (s): cpu = 00:00:16 ; elapsed = 00:00:14 . Memory (MB): peak = 2716.793 ; gain = 60.277
INFO: [Route 35-416] Intermediate Timing Summary | WNS=0.247  | TNS=0.000  | WHS=0.029  | THS=0.000  |

Phase 6.1 Hold Fix Iter | Checksum: dd0e7218

Time (s): cpu = 00:00:16 ; elapsed = 00:00:14 . Memory (MB): peak = 2716.793 ; gain = 60.277
Phase 6 Post Hold Fix | Checksum: dd0e7218

Time (s): cpu = 00:00:16 ; elapsed = 00:00:14 . Memory (MB): peak = 2716.793 ; gain = 60.277

Phase 7 Route finalize

Router Utilization Summary
  Global Vertical Routing Utilization    = 1.41226 %
  Global Horizontal Routing Utilization  = 1.66163 %
  Routable Net Status*
  *Does not include unroutable nets such as driverless and loadless.
  Run report_route_status for detailed report.
  Number of Failed Nets               = 0
    (Failed Nets is the sum of unrouted and partially routed nets)
  Number of Unrouted Nets             = 0
  Number of Partially Routed Nets     = 0
  Number of Node Overlaps             = 0

Phase 7 Route finalize | Checksum: afc70768

Time (s): cpu = 00:00:16 ; elapsed = 00:00:14 . Memory (MB): peak = 2716.793 ; gain = 60.277

Phase 8 Verifying routed nets

 Verification completed successfully
Phase 8 Verifying routed nets | Checksum: afc70768

Time (s): cpu = 00:00:16 ; elapsed = 00:00:14 . Memory (MB): peak = 2716.793 ; gain = 60.277

Phase 9 Depositing Routes
Phase 9 Depositing Routes | Checksum: 12fac867f

Time (s): cpu = 00:00:17 ; elapsed = 00:00:14 . Memory (MB): peak = 2716.793 ; gain = 60.277

Phase 10 Post Router Timing
INFO: [Route 35-57] Estimated Timing Summary | WNS=0.247  | TNS=0.000  | WHS=0.029  | THS=0.000  |

INFO: [Route 35-327] The final timing numbers are based on the router estimated timing analysis. For a complete and accurate timing signoff, please run report_timing_summary.
Phase 10 Post Router Timing | Checksum: 12fac867f

Time (s): cpu = 00:00:17 ; elapsed = 00:00:14 . Memory (MB): peak = 2716.793 ; gain = 60.277
INFO: [Route 35-16] Router Completed Successfully

Time (s): cpu = 00:00:17 ; elapsed = 00:00:14 . Memory (MB): peak = 2716.793 ; gain = 60.277

Routing Is Done.
INFO: [Common 17-83] Releasing license: Implementation
119 Infos, 0 Warnings, 1 Critical Warnings and 0 Errors encountered.
route_design completed successfully
route_design: Time (s): cpu = 00:00:18 ; elapsed = 00:00:15 . Memory (MB): peak = 2716.793 ; gain = 60.277
INFO: [Timing 38-480] Writing timing data to binary archive.
Writing XDEF routing.
Writing XDEF routing logical nets.
Writing XDEF routing special nets.
Write XDEF Complete: Time (s): cpu = 00:00:01 ; elapsed = 00:00:00.278 . Memory (MB): peak = 2735.000 ; gain = 18.207
INFO: [Common 17-1381] The checkpoint 'D:/vivado_pj/project_mb1/project_mb1.runs/impl_1/mb1_block_wrapper_routed.dcp' has been generated.
INFO: [runtcl-4] Executing : report_drc -file mb1_block_wrapper_drc_routed.rpt -pb mb1_block_wrapper_drc_routed.pb -rpx mb1_block_wrapper_drc_routed.rpx
Command: report_drc -file mb1_block_wrapper_drc_routed.rpt -pb mb1_block_wrapper_drc_routed.pb -rpx mb1_block_wrapper_drc_routed.rpx
INFO: [IP_Flow 19-1839] IP Catalog is up to date.
INFO: [DRC 23-27] Running DRC with 2 threads
INFO: [Vivado_Tcl 2-168] The results of DRC are in file D:/vivado_pj/project_mb1/project_mb1.runs/impl_1/mb1_block_wrapper_drc_routed.rpt.
report_drc completed successfully
INFO: [runtcl-4] Executing : report_methodology -file mb1_block_wrapper_methodology_drc_routed.rpt -pb mb1_block_wrapper_methodology_drc_routed.pb -rpx mb1_block_wrapper_methodology_drc_routed.rpx
Command: report_methodology -file mb1_block_wrapper_methodology_drc_routed.rpt -pb mb1_block_wrapper_methodology_drc_routed.pb -rpx mb1_block_wrapper_methodology_drc_routed.rpx
INFO: [Timing 38-35] Done setting XDC timing constraints.
INFO: [DRC 23-133] Running Methodology with 2 threads
INFO: [Vivado_Tcl 2-1520] The results of Report Methodology are in file D:/vivado_pj/project_mb1/project_mb1.runs/impl_1/mb1_block_wrapper_methodology_drc_routed.rpt.
report_methodology completed successfully
INFO: [runtcl-4] Executing : report_power -file mb1_block_wrapper_power_routed.rpt -pb mb1_block_wrapper_power_summary_routed.pb -rpx mb1_block_wrapper_power_routed.rpx
Command: report_power -file mb1_block_wrapper_power_routed.rpt -pb mb1_block_wrapper_power_summary_routed.pb -rpx mb1_block_wrapper_power_routed.rpx
INFO: [Timing 38-35] Done setting XDC timing constraints.
Running Vector-less Activity Propagation...

Finished Running Vector-less Activity Propagation
WARNING: [Power 33-332] Found switching activity that implies high-fanout reset nets being asserted for excessive periods of time which may result in inaccurate power analysis.
Resolution: To review and fix problems, please run Power Constraints Advisor in the GUI from Tools > Power Constraints Advisor or run report_power with the -advisory option to generate a text report.
131 Infos, 1 Warnings, 1 Critical Warnings and 0 Errors encountered.
report_power completed successfully
INFO: [runtcl-4] Executing : report_route_status -file mb1_block_wrapper_route_status.rpt -pb mb1_block_wrapper_route_status.pb
INFO: [runtcl-4] Executing : report_timing_summary -max_paths 10 -report_unconstrained -file mb1_block_wrapper_timing_summary_routed.rpt -pb mb1_block_wrapper_timing_summary_routed.pb -rpx mb1_block_wrapper_timing_summary_routed.rpx -warn_on_violation 
INFO: [Timing 38-91] UpdateTimingParams: Speed grade: -1, Delay Type: min_max.
INFO: [Timing 38-191] Multithreading enabled for timing update using a maximum of 2 CPUs
INFO: [runtcl-4] Executing : report_incremental_reuse -file mb1_block_wrapper_incremental_reuse_routed.rpt
INFO: [Vivado_Tcl 4-1062] Incremental flow is disabled. No incremental reuse Info to report.
INFO: [runtcl-4] Executing : report_clock_utilization -file mb1_block_wrapper_clock_utilization_routed.rpt
INFO: [runtcl-4] Executing : report_bus_skew -warn_on_violation -file mb1_block_wrapper_bus_skew_routed.rpt -pb mb1_block_wrapper_bus_skew_routed.pb -rpx mb1_block_wrapper_bus_skew_routed.rpx
INFO: [Timing 38-91] UpdateTimingParams: Speed grade: -1, Delay Type: min_max.
INFO: [Timing 38-191] Multithreading enabled for timing update using a maximum of 2 CPUs
Command: write_bitstream -force mb1_block_wrapper.bit
Attempting to get a license for feature 'Implementation' and/or device 'xc7a35t'
INFO: [Common 17-349] Got license for feature 'Implementation' and/or device 'xc7a35t'
Running DRC as a precondition to command write_bitstream
INFO: [IP_Flow 19-1839] IP Catalog is up to date.
INFO: [DRC 23-27] Running DRC with 2 threads
WARNING: [DRC CFGBVS-1] Missing CFGBVS and CONFIG_VOLTAGE Design Properties: Neither the CFGBVS nor CONFIG_VOLTAGE voltage property is set in the current_design.  Configuration bank voltage select (CFGBVS) must be set to VCCO or GND, and CONFIG_VOLTAGE must be set to the correct configuration voltage, in order to determine the I/O voltage support for the pins in bank 0.  It is suggested to specify these either using the 'Edit Device Properties' function in the GUI or directly in the XDC file using the following syntax:

 set_property CFGBVS value1 [current_design]
 #where value1 is either VCCO or GND

 set_property CONFIG_VOLTAGE value2 [current_design]
 #where value2 is the voltage provided to configuration bank 0

Refer to the device configuration user guide for more information.
INFO: [Vivado 12-3199] DRC finished with 0 Errors, 1 Warnings
INFO: [Vivado 12-3200] Please refer to the DRC report (report_drc) for more information.
INFO: [Designutils 20-2272] Running write_bitstream with 2 threads.
Loading data files...
Loading site data...
Loading route data...
Processing options...
Creating bitmap...
Creating bitstream...
Writing bitstream ./mb1_block_wrapper.bit...
INFO: [Vivado 12-1842] Bitgen Completed Successfully.
INFO: [Project 1-1876] WebTalk data collection is mandatory when using a ULT device. To see the specific WebTalk data collected for your design, open the usage_statistics_webtalk.html or usage_statistics_webtalk.xml file in the implementation directory.
INFO: [Common 17-83] Releasing license: Implementation
12 Infos, 1 Warnings, 0 Critical Warnings and 0 Errors encountered.
write_bitstream completed successfully
write_bitstream: Time (s): cpu = 00:00:08 ; elapsed = 00:00:07 . Memory (MB): peak = 3200.590 ; gain = 453.707
INFO: [Common 17-206] Exiting Vivado at Wed May 20 16:27:26 2026...

*** Running vivado
    with args -log mb1_block_wrapper.vdi -applog -m64 -product Vivado -messageDb vivado.pb -mode batch -source mb1_block_wrapper.tcl -notrace



****** Vivado v2022.2 (64-bit)
  **** SW Build 3671981 on Fri Oct 14 05:00:03 MDT 2022
  **** IP Build 3669848 on Fri Oct 14 08:30:02 MDT 2022
    ** Copyright 1986-2022 Xilinx, Inc. All Rights Reserved.

source mb1_block_wrapper.tcl -notrace
Command: open_checkpoint mb1_block_wrapper_routed.dcp
INFO: [Device 21-403] Loading part xc7a35tcpg236-1
Netlist sorting complete. Time (s): cpu = 00:00:00 ; elapsed = 00:00:00.101 . Memory (MB): peak = 1414.203 ; gain = 0.000
INFO: [Netlist 29-17] Analyzing 331 Unisim elements for replacement
INFO: [Netlist 29-28] Unisim Transformation completed in 0 CPU seconds
INFO: [Project 1-479] Netlist was created with Vivado 2022.2
INFO: [Project 1-570] Preparing netlist for logic optimization
INFO: [Timing 38-478] Restoring timing data from binary archive.
INFO: [Timing 38-479] Binary timing data restore complete.
INFO: [Project 1-856] Restoring constraints from binary archive.
INFO: [Project 1-853] Binary constraint restore complete.
Reading XDEF placement.
Reading placer database...
Reading XDEF routing.
Read XDEF Files: Time (s): cpu = 00:00:00 ; elapsed = 00:00:00.329 . Memory (MB): peak = 2143.871 ; gain = 6.965
Restored from archive | CPU: 0.000000 secs | Memory: 0.000000 MB |
Finished XDEF File Restore: Time (s): cpu = 00:00:00 ; elapsed = 00:00:00.329 . Memory (MB): peak = 2143.871 ; gain = 6.965
Netlist sorting complete. Time (s): cpu = 00:00:00 ; elapsed = 00:00:00.003 . Memory (MB): peak = 2143.871 ; gain = 0.000
INFO: [Project 1-111] Unisim Transformation Summary:
  A total of 128 instances were transformed.
  LUT6_2 => LUT6_2 (LUT5, LUT6): 79 instances
  RAM16X1D => RAM32X1D (RAMD32(x2)): 32 instances
  RAM32M => RAM32M (RAMD32(x6), RAMS32(x2)): 16 instances
  SRLC16E => SRL16E: 1 instance 

INFO: [Project 1-604] Checkpoint was created with Vivado v2022.2 (64-bit) build 3671981
OpenCheckpoint Checksum | Checksum: 1a01d81fc
----- Checksum: PlaceDB: a3a0b877 ShapeSum: a0635325 RouteDB: 5c197660 
open_checkpoint: Time (s): cpu = 00:00:10 ; elapsed = 00:00:12 . Memory (MB): peak = 2143.871 ; gain = 1259.379
Command: write_bitstream -force mb1_block_wrapper.bit
Attempting to get a license for feature 'Implementation' and/or device 'xc7a35t'
INFO: [Common 17-349] Got license for feature 'Implementation' and/or device 'xc7a35t'
Running DRC as a precondition to command write_bitstream
INFO: [IP_Flow 19-234] Refreshing IP repositories
INFO: [IP_Flow 19-1704] No user IP repositories specified
INFO: [IP_Flow 19-2313] Loaded Vivado IP repository 'D:/Xilinx/Vivado/2022.2/data/ip'.
INFO: [DRC 23-27] Running DRC with 2 threads
WARNING: [DRC CFGBVS-1] Missing CFGBVS and CONFIG_VOLTAGE Design Properties: Neither the CFGBVS nor CONFIG_VOLTAGE voltage property is set in the current_design.  Configuration bank voltage select (CFGBVS) must be set to VCCO or GND, and CONFIG_VOLTAGE must be set to the correct configuration voltage, in order to determine the I/O voltage support for the pins in bank 0.  It is suggested to specify these either using the 'Edit Device Properties' function in the GUI or directly in the XDC file using the following syntax:

 set_property CFGBVS value1 [current_design]
 #where value1 is either VCCO or GND

 set_property CONFIG_VOLTAGE value2 [current_design]
 #where value2 is the voltage provided to configuration bank 0

Refer to the device configuration user guide for more information.
INFO: [Vivado 12-3199] DRC finished with 0 Errors, 1 Warnings
INFO: [Vivado 12-3200] Please refer to the DRC report (report_drc) for more information.
INFO: [Designutils 20-2272] Running write_bitstream with 2 threads.
Loading data files...
Loading site data...
Loading route data...
Processing options...
Creating bitmap...
Creating bitstream...
Writing bitstream ./mb1_block_wrapper.bit...
INFO: [Vivado 12-1842] Bitgen Completed Successfully.
INFO: [Project 1-1876] WebTalk data collection is mandatory when using a ULT device. To see the specific WebTalk data collected for your design, open the usage_statistics_webtalk.html or usage_statistics_webtalk.xml file in the implementation directory.
INFO: [Common 17-83] Releasing license: Implementation
22 Infos, 1 Warnings, 0 Critical Warnings and 0 Errors encountered.
write_bitstream completed successfully
write_bitstream: Time (s): cpu = 00:00:08 ; elapsed = 00:00:07 . Memory (MB): peak = 2638.449 ; gain = 494.578
INFO: [Common 17-206] Exiting Vivado at Wed May 20 16:30:31 2026...
