
*** Running vivado
    with args -log segment7_clock.vdi -applog -m64 -product Vivado -messageDb vivado.pb -mode batch -source segment7_clock.tcl -notrace



****** Vivado v2023.2 (64-bit)
  **** SW Build 4029153 on Fri Oct 13 20:14:34 MDT 2023
  **** IP Build 4028589 on Sat Oct 14 00:45:43 MDT 2023
  **** SharedData Build 4025554 on Tue Oct 10 17:18:54 MDT 2023
    ** Copyright 1986-2022 Xilinx, Inc. All Rights Reserved.
    ** Copyright 2022-2023 Advanced Micro Devices, Inc. All Rights Reserved.

source segment7_clock.tcl -notrace
create_project: Time (s): cpu = 00:00:10 ; elapsed = 00:00:10 . Memory (MB): peak = 591.512 ; gain = 217.613
Command: link_design -top segment7_clock -part xc7a35tcpg236-1
Design is defaulting to srcset: sources_1
Design is defaulting to constrset: constrs_1
INFO: [Device 21-403] Loading part xc7a35tcpg236-1
Netlist sorting complete. Time (s): cpu = 00:00:00 ; elapsed = 00:00:00.007 . Memory (MB): peak = 985.922 ; gain = 0.000
INFO: [Netlist 29-17] Analyzing 31 Unisim elements for replacement
INFO: [Netlist 29-28] Unisim Transformation completed in 0 CPU seconds
INFO: [Project 1-479] Netlist was created with Vivado 2023.2
INFO: [Project 1-570] Preparing netlist for logic optimization
Parsing XDC File [D:/AIOT/vivado_pj/segment7_clock_pj/segment7_clock_pj.srcs/constrs_1/new/segment7_clock.xdc]
Finished Parsing XDC File [D:/AIOT/vivado_pj/segment7_clock_pj/segment7_clock_pj.srcs/constrs_1/new/segment7_clock.xdc]
INFO: [Opt 31-138] Pushed 0 inverter(s) to 0 load pin(s).
Netlist sorting complete. Time (s): cpu = 00:00:00 ; elapsed = 00:00:00 . Memory (MB): peak = 1114.402 ; gain = 0.000
INFO: [Project 1-111] Unisim Transformation Summary:
No Unisim elements were transformed.

ÁöÁ¤µČ °ć·Î¸¦ ĂŁŔ» Ľö ľř˝Ŕ´Ď´Ů.
7 Infos, 0 Warnings, 0 Critical Warnings and 0 Errors encountered.
link_design completed successfully
link_design: Time (s): cpu = 00:00:07 ; elapsed = 00:00:08 . Memory (MB): peak = 1119.438 ; gain = 527.926
Command: opt_design
Attempting to get a license for feature 'Implementation' and/or device 'xc7a35t'
INFO: [Common 17-349] Got license for feature 'Implementation' and/or device 'xc7a35t'
Running DRC as a precondition to command opt_design

Starting DRC Task
INFO: [DRC 23-27] Running DRC with 2 threads
INFO: [Project 1-461] DRC finished with 0 Errors
INFO: [Project 1-462] Please refer to the DRC report (report_drc) for more information.

Time (s): cpu = 00:00:01 ; elapsed = 00:00:01 . Memory (MB): peak = 1142.895 ; gain = 23.457

Starting Cache Timing Information Task
INFO: [Timing 38-35] Done setting XDC timing constraints.
Ending Cache Timing Information Task | Checksum: 2a11794a3

Time (s): cpu = 00:00:09 ; elapsed = 00:00:09 . Memory (MB): peak = 1688.465 ; gain = 545.570

Starting Logic Optimization Task

Phase 1 Initialization

Phase 1.1 Core Generation And Design Setup
Phase 1.1 Core Generation And Design Setup | Checksum: 2a11794a3

Time (s): cpu = 00:00:00 ; elapsed = 00:00:00.001 . Memory (MB): peak = 2055.137 ; gain = 0.000

Phase 1.2 Setup Constraints And Sort Netlist
Phase 1.2 Setup Constraints And Sort Netlist | Checksum: 2a11794a3

Time (s): cpu = 00:00:00 ; elapsed = 00:00:00.002 . Memory (MB): peak = 2055.137 ; gain = 0.000
Phase 1 Initialization | Checksum: 2a11794a3

Time (s): cpu = 00:00:00 ; elapsed = 00:00:00.003 . Memory (MB): peak = 2055.137 ; gain = 0.000

Phase 2 Timer Update And Timing Data Collection

Phase 2.1 Timer Update
Phase 2.1 Timer Update | Checksum: 2a11794a3

Time (s): cpu = 00:00:00 ; elapsed = 00:00:00.024 . Memory (MB): peak = 2055.137 ; gain = 0.000

Phase 2.2 Timing Data Collection
Phase 2.2 Timing Data Collection | Checksum: 2a11794a3

Time (s): cpu = 00:00:00 ; elapsed = 00:00:00.029 . Memory (MB): peak = 2055.137 ; gain = 0.000
Phase 2 Timer Update And Timing Data Collection | Checksum: 2a11794a3

Time (s): cpu = 00:00:00 ; elapsed = 00:00:00.029 . Memory (MB): peak = 2055.137 ; gain = 0.000

Phase 3 Retarget
INFO: [Opt 31-138] Pushed 0 inverter(s) to 0 load pin(s).
INFO: [Opt 31-49] Retargeted 0 cell(s).
Phase 3 Retarget | Checksum: 2a11794a3

Time (s): cpu = 00:00:00 ; elapsed = 00:00:00.039 . Memory (MB): peak = 2055.137 ; gain = 0.000
Retarget | Checksum: 2a11794a3
INFO: [Opt 31-389] Phase Retarget created 0 cells and removed 0 cells

Phase 4 Constant propagation
INFO: [Opt 31-138] Pushed 0 inverter(s) to 0 load pin(s).
Phase 4 Constant propagation | Checksum: 2a11794a3

Time (s): cpu = 00:00:00 ; elapsed = 00:00:00.044 . Memory (MB): peak = 2055.137 ; gain = 0.000
Constant propagation | Checksum: 2a11794a3
INFO: [Opt 31-389] Phase Constant propagation created 0 cells and removed 0 cells

Phase 5 Sweep
Phase 5 Sweep | Checksum: 1dbf8bc31

Time (s): cpu = 00:00:00 ; elapsed = 00:00:00.053 . Memory (MB): peak = 2055.137 ; gain = 0.000
Sweep | Checksum: 1dbf8bc31
INFO: [Opt 31-389] Phase Sweep created 2 cells and removed 0 cells

Phase 6 BUFG optimization
Phase 6 BUFG optimization | Checksum: 1dbf8bc31

Time (s): cpu = 00:00:00 ; elapsed = 00:00:00.095 . Memory (MB): peak = 2055.137 ; gain = 0.000
BUFG optimization | Checksum: 1dbf8bc31
INFO: [Opt 31-662] Phase BUFG optimization created 0 cells of which 0 are BUFGs and removed 0 cells.

Phase 7 Shift Register Optimization
INFO: [Opt 31-1064] SRL Remap converted 0 SRLs to 0 registers and converted 0 registers of register chains to 0 SRLs
Phase 7 Shift Register Optimization | Checksum: 1dbf8bc31

Time (s): cpu = 00:00:00 ; elapsed = 00:00:00.096 . Memory (MB): peak = 2055.137 ; gain = 0.000
Shift Register Optimization | Checksum: 1dbf8bc31
INFO: [Opt 31-389] Phase Shift Register Optimization created 0 cells and removed 0 cells

Phase 8 Post Processing Netlist
Phase 8 Post Processing Netlist | Checksum: 216fea22c

Time (s): cpu = 00:00:00 ; elapsed = 00:00:00.099 . Memory (MB): peak = 2055.137 ; gain = 0.000
Post Processing Netlist | Checksum: 216fea22c
INFO: [Opt 31-389] Phase Post Processing Netlist created 0 cells and removed 0 cells

Phase 9 Finalization

Phase 9.1 Finalizing Design Cores and Updating Shapes
Phase 9.1 Finalizing Design Cores and Updating Shapes | Checksum: 14a4d32c0

Time (s): cpu = 00:00:00 ; elapsed = 00:00:00.114 . Memory (MB): peak = 2055.137 ; gain = 0.000

Phase 9.2 Verifying Netlist Connectivity

Starting Connectivity Check Task

Time (s): cpu = 00:00:00 ; elapsed = 00:00:00.001 . Memory (MB): peak = 2055.137 ; gain = 0.000
Phase 9.2 Verifying Netlist Connectivity | Checksum: 14a4d32c0

Time (s): cpu = 00:00:00 ; elapsed = 00:00:00.116 . Memory (MB): peak = 2055.137 ; gain = 0.000
Phase 9 Finalization | Checksum: 14a4d32c0

Time (s): cpu = 00:00:00 ; elapsed = 00:00:00.116 . Memory (MB): peak = 2055.137 ; gain = 0.000
Opt_design Change Summary
=========================


-------------------------------------------------------------------------------------------------------------------------
|  Phase                        |  #Cells created  |  #Cells Removed  |  #Constrained objects preventing optimizations  |
-------------------------------------------------------------------------------------------------------------------------
|  Retarget                     |               0  |               0  |                                              0  |
|  Constant propagation         |               0  |               0  |                                              0  |
|  Sweep                        |               2  |               0  |                                              0  |
|  BUFG optimization            |               0  |               0  |                                              0  |
|  Shift Register Optimization  |               0  |               0  |                                              0  |
|  Post Processing Netlist      |               0  |               0  |                                              0  |
-------------------------------------------------------------------------------------------------------------------------


Ending Logic Optimization Task | Checksum: 14a4d32c0

Time (s): cpu = 00:00:00 ; elapsed = 00:00:00.118 . Memory (MB): peak = 2055.137 ; gain = 0.000
INFO: [Constraints 18-11670] Building netlist checker database with flags, 0x8
Done building netlist checker database: Time (s): cpu = 00:00:00 ; elapsed = 00:00:00 . Memory (MB): peak = 2055.137 ; gain = 0.000

Starting Power Optimization Task
INFO: [Pwropt 34-132] Skipping clock gating for clocks with a period < 2.00 ns.
Ending Power Optimization Task | Checksum: 14a4d32c0

Time (s): cpu = 00:00:00 ; elapsed = 00:00:00.022 . Memory (MB): peak = 2055.137 ; gain = 0.000

Starting Final Cleanup Task
Ending Final Cleanup Task | Checksum: 14a4d32c0

Time (s): cpu = 00:00:00 ; elapsed = 00:00:00 . Memory (MB): peak = 2055.137 ; gain = 0.000

Starting Netlist Obfuscation Task
Netlist sorting complete. Time (s): cpu = 00:00:00 ; elapsed = 00:00:00 . Memory (MB): peak = 2055.137 ; gain = 0.000
Ending Netlist Obfuscation Task | Checksum: 14a4d32c0

Time (s): cpu = 00:00:00 ; elapsed = 00:00:00.001 . Memory (MB): peak = 2055.137 ; gain = 0.000
INFO: [Common 17-83] Releasing license: Implementation
25 Infos, 0 Warnings, 0 Critical Warnings and 0 Errors encountered.
opt_design completed successfully
opt_design: Time (s): cpu = 00:00:14 ; elapsed = 00:00:14 . Memory (MB): peak = 2055.137 ; gain = 935.699
INFO: [runtcl-4] Executing : report_drc -file segment7_clock_drc_opted.rpt -pb segment7_clock_drc_opted.pb -rpx segment7_clock_drc_opted.rpx
Command: report_drc -file segment7_clock_drc_opted.rpt -pb segment7_clock_drc_opted.pb -rpx segment7_clock_drc_opted.rpx
INFO: [IP_Flow 19-234] Refreshing IP repositories
INFO: [IP_Flow 19-1704] No user IP repositories specified
INFO: [IP_Flow 19-2313] Loaded Vivado IP repository 'D:/Vivado/2023.2/data/ip'.
INFO: [DRC 23-27] Running DRC with 2 threads
INFO: [Vivado_Tcl 2-168] The results of DRC are in file D:/AIOT/vivado_pj/segment7_clock_pj/segment7_clock_pj.runs/impl_1/segment7_clock_drc_opted.rpt.
report_drc completed successfully
INFO: [Timing 38-480] Writing timing data to binary archive.
Write ShapeDB Complete: Time (s): cpu = 00:00:00 ; elapsed = 00:00:00.001 . Memory (MB): peak = 2055.137 ; gain = 0.000
Wrote PlaceDB: Time (s): cpu = 00:00:00 ; elapsed = 00:00:00.003 . Memory (MB): peak = 2055.137 ; gain = 0.000
Wrote PulsedLatchDB: Time (s): cpu = 00:00:00 ; elapsed = 00:00:00.001 . Memory (MB): peak = 2055.137 ; gain = 0.000
Writing XDEF routing.
Writing XDEF routing logical nets.
Writing XDEF routing special nets.
Wrote RouteStorage: Time (s): cpu = 00:00:01 ; elapsed = 00:00:00.021 . Memory (MB): peak = 2055.137 ; gain = 0.000
Wrote Netlist Cache: Time (s): cpu = 00:00:00 ; elapsed = 00:00:00 . Memory (MB): peak = 2055.137 ; gain = 0.000
Wrote Device Cache: Time (s): cpu = 00:00:00 ; elapsed = 00:00:00.007 . Memory (MB): peak = 2055.137 ; gain = 0.000
Write Physdb Complete: Time (s): cpu = 00:00:01 ; elapsed = 00:00:00.037 . Memory (MB): peak = 2055.137 ; gain = 0.000
INFO: [Common 17-1381] The checkpoint 'D:/AIOT/vivado_pj/segment7_clock_pj/segment7_clock_pj.runs/impl_1/segment7_clock_opt.dcp' has been generated.
Command: place_design
Attempting to get a license for feature 'Implementation' and/or device 'xc7a35t'
INFO: [Common 17-349] Got license for feature 'Implementation' and/or device 'xc7a35t'
INFO: [Common 17-83] Releasing license: Implementation
INFO: [DRC 23-27] Running DRC with 2 threads
INFO: [Vivado_Tcl 4-198] DRC finished with 0 Errors
INFO: [Vivado_Tcl 4-199] Please refer to the DRC report (report_drc) for more information.
Running DRC as a precondition to command place_design
INFO: [DRC 23-27] Running DRC with 2 threads
INFO: [Vivado_Tcl 4-198] DRC finished with 0 Errors
INFO: [Vivado_Tcl 4-199] Please refer to the DRC report (report_drc) for more information.
INFO: [Place 30-611] Multithreading enabled for place_design using a maximum of 2 CPUs

Starting Placer Task

Phase 1 Placer Initialization

Phase 1.1 Placer Initialization Netlist Sorting
Netlist sorting complete. Time (s): cpu = 00:00:00 ; elapsed = 00:00:00.001 . Memory (MB): peak = 2055.137 ; gain = 0.000
Phase 1.1 Placer Initialization Netlist Sorting | Checksum: 11ea825da

Time (s): cpu = 00:00:00 ; elapsed = 00:00:00.001 . Memory (MB): peak = 2055.137 ; gain = 0.000
Netlist sorting complete. Time (s): cpu = 00:00:00 ; elapsed = 00:00:00 . Memory (MB): peak = 2055.137 ; gain = 0.000

Phase 1.2 IO Placement/ Clock Placement/ Build Placer Device
INFO: [Timing 38-35] Done setting XDC timing constraints.
WARNING: [Place 30-574] Poor placement for routing between an IO pin and BUFG. This is normally an ERROR but the CLOCK_DEDICATED_ROUTE constraint is set to FALSE allowing your design to continue. The use of this override is highly discouraged as it may lead to very poor timing results. It is recommended that this error condition be corrected in the design.

	sw2_IBUF_inst (IBUF.O) is locked to IOB_X0Y10
	sw2_IBUF_BUFG_inst (BUFG.I) is provisionally placed by clockplacer on BUFGCTRL_X0Y1
Resolution: Poor placement of an IO pin and a BUFG has resulted in the router using a non-dedicated path between the two.  There are several things that could trigger this DRC, each of which can cause unpredictable clock insertion delays that result in poor timing.  This DRC could be caused by any of the following: (a) a clock port was placed on a pin that is not a CCIO-pin (b)the BUFG has not been placed in the same half of the device or SLR as the CCIO-pin (c) a single ended clock has been placed on the N-Side of a differential pair CCIO-pin.
WARNING: [Place 30-574] Poor placement for routing between an IO pin and BUFG. This is normally an ERROR but the CLOCK_DEDICATED_ROUTE constraint is set to FALSE allowing your design to continue. The use of this override is highly discouraged as it may lead to very poor timing results. It is recommended that this error condition be corrected in the design.

	sw3_IBUF_inst (IBUF.O) is locked to IOB_X0Y9
	sw3_IBUF_BUFG_inst (BUFG.I) is provisionally placed by clockplacer on BUFGCTRL_X0Y2
Resolution: Poor placement of an IO pin and a BUFG has resulted in the router using a non-dedicated path between the two.  There are several things that could trigger this DRC, each of which can cause unpredictable clock insertion delays that result in poor timing.  This DRC could be caused by any of the following: (a) a clock port was placed on a pin that is not a CCIO-pin (b)the BUFG has not been placed in the same half of the device or SLR as the CCIO-pin (c) a single ended clock has been placed on the N-Side of a differential pair CCIO-pin.
Phase 1.2 IO Placement/ Clock Placement/ Build Placer Device | Checksum: c617cad6

Time (s): cpu = 00:00:01 ; elapsed = 00:00:00.666 . Memory (MB): peak = 2055.137 ; gain = 0.000

Phase 1.3 Build Placer Netlist Model
Phase 1.3 Build Placer Netlist Model | Checksum: 17b89e262

Time (s): cpu = 00:00:01 ; elapsed = 00:00:00.851 . Memory (MB): peak = 2055.137 ; gain = 0.000

Phase 1.4 Constrain Clocks/Macros
Phase 1.4 Constrain Clocks/Macros | Checksum: 17b89e262

Time (s): cpu = 00:00:01 ; elapsed = 00:00:00.856 . Memory (MB): peak = 2055.137 ; gain = 0.000
Phase 1 Placer Initialization | Checksum: 17b89e262

Time (s): cpu = 00:00:01 ; elapsed = 00:00:00.860 . Memory (MB): peak = 2055.137 ; gain = 0.000

Phase 2 Global Placement

Phase 2.1 Floorplanning
Phase 2.1 Floorplanning | Checksum: d8ad2f76

Time (s): cpu = 00:00:02 ; elapsed = 00:00:00.958 . Memory (MB): peak = 2055.137 ; gain = 0.000

Phase 2.2 Update Timing before SLR Path Opt
Phase 2.2 Update Timing before SLR Path Opt | Checksum: 1c09cf15f

Time (s): cpu = 00:00:02 ; elapsed = 00:00:01 . Memory (MB): peak = 2055.137 ; gain = 0.000

Phase 2.3 Post-Processing in Floorplanning
Phase 2.3 Post-Processing in Floorplanning | Checksum: 1c09cf15f

Time (s): cpu = 00:00:02 ; elapsed = 00:00:01 . Memory (MB): peak = 2055.137 ; gain = 0.000

Phase 2.4 Global Placement Core

Phase 2.4.1 UpdateTiming Before Physical Synthesis
Phase 2.4.1 UpdateTiming Before Physical Synthesis | Checksum: 181fceff1

Time (s): cpu = 00:00:04 ; elapsed = 00:00:02 . Memory (MB): peak = 2055.137 ; gain = 0.000

Phase 2.4.2 Physical Synthesis In Placer
INFO: [Physopt 32-1044] Break lutnm for timing: one critical 0, two critical 0, total 0, new lutff created 0
INFO: [Physopt 32-1138] End 1 Pass. Optimized 0 net or LUT. Breaked 0 LUT, combined 0 existing LUT and moved 0 existing LUT
INFO: [Physopt 32-65] No nets found for high-fanout optimization.
INFO: [Physopt 32-232] Optimized 0 net. Created 0 new instance.
INFO: [Physopt 32-775] End 1 Pass. Optimized 0 net or cell. Created 0 new cell, deleted 0 existing cell and moved 0 existing cell
INFO: [Physopt 32-670] No setup violation found.  DSP Register Optimization was not performed.
INFO: [Physopt 32-670] No setup violation found.  Shift Register to Pipeline Optimization was not performed.
INFO: [Physopt 32-670] No setup violation found.  Shift Register Optimization was not performed.
INFO: [Physopt 32-670] No setup violation found.  BRAM Register Optimization was not performed.
INFO: [Physopt 32-670] No setup violation found.  URAM Register Optimization was not performed.
INFO: [Physopt 32-949] No candidate nets found for dynamic/static region interface net replication
INFO: [Physopt 32-775] End 1 Pass. Optimized 0 net or cell. Created 0 new cell, deleted 0 existing cell and moved 0 existing cell
Netlist sorting complete. Time (s): cpu = 00:00:00 ; elapsed = 00:00:00.001 . Memory (MB): peak = 2055.137 ; gain = 0.000

Summary of Physical Synthesis Optimizations
============================================


-----------------------------------------------------------------------------------------------------------------------------------------------------------
|  Optimization                                     |  Added Cells  |  Removed Cells  |  Optimized Cells/Nets  |  Dont Touch  |  Iterations  |  Elapsed   |
-----------------------------------------------------------------------------------------------------------------------------------------------------------
|  LUT Combining                                    |            0  |              0  |                     0  |           0  |           1  |  00:00:00  |
|  Retime                                           |            0  |              0  |                     0  |           0  |           1  |  00:00:00  |
|  Very High Fanout                                 |            0  |              0  |                     0  |           0  |           1  |  00:00:00  |
|  DSP Register                                     |            0  |              0  |                     0  |           0  |           0  |  00:00:00  |
|  Shift Register to Pipeline                       |            0  |              0  |                     0  |           0  |           0  |  00:00:00  |
|  Shift Register                                   |            0  |              0  |                     0  |           0  |           0  |  00:00:00  |
|  BRAM Register                                    |            0  |              0  |                     0  |           0  |           0  |  00:00:00  |
|  URAM Register                                    |            0  |              0  |                     0  |           0  |           0  |  00:00:00  |
|  Dynamic/Static Region Interface Net Replication  |            0  |              0  |                     0  |           0  |           1  |  00:00:00  |
|  Total                                            |            0  |              0  |                     0  |           0  |           4  |  00:00:00  |
-----------------------------------------------------------------------------------------------------------------------------------------------------------


Phase 2.4.2 Physical Synthesis In Placer | Checksum: 181fceff1

Time (s): cpu = 00:00:04 ; elapsed = 00:00:02 . Memory (MB): peak = 2055.137 ; gain = 0.000
Phase 2.4 Global Placement Core | Checksum: 168abe312

Time (s): cpu = 00:00:04 ; elapsed = 00:00:02 . Memory (MB): peak = 2055.137 ; gain = 0.000
Phase 2 Global Placement | Checksum: 168abe312

Time (s): cpu = 00:00:04 ; elapsed = 00:00:02 . Memory (MB): peak = 2055.137 ; gain = 0.000

Phase 3 Detail Placement

Phase 3.1 Commit Multi Column Macros
Phase 3.1 Commit Multi Column Macros | Checksum: 11e80846c

Time (s): cpu = 00:00:04 ; elapsed = 00:00:02 . Memory (MB): peak = 2055.137 ; gain = 0.000

Phase 3.2 Commit Most Macros & LUTRAMs
Phase 3.2 Commit Most Macros & LUTRAMs | Checksum: 17bc8f092

Time (s): cpu = 00:00:04 ; elapsed = 00:00:03 . Memory (MB): peak = 2055.137 ; gain = 0.000

Phase 3.3 Area Swap Optimization
Phase 3.3 Area Swap Optimization | Checksum: 175e4c955

Time (s): cpu = 00:00:04 ; elapsed = 00:00:03 . Memory (MB): peak = 2055.137 ; gain = 0.000

Phase 3.4 Pipeline Register Optimization
Phase 3.4 Pipeline Register Optimization | Checksum: 149904e79

Time (s): cpu = 00:00:04 ; elapsed = 00:00:03 . Memory (MB): peak = 2055.137 ; gain = 0.000

Phase 3.5 Small Shape Detail Placement
Phase 3.5 Small Shape Detail Placement | Checksum: 1852ad864

Time (s): cpu = 00:00:05 ; elapsed = 00:00:03 . Memory (MB): peak = 2055.137 ; gain = 0.000

Phase 3.6 Re-assign LUT pins
Phase 3.6 Re-assign LUT pins | Checksum: 2408d674d

Time (s): cpu = 00:00:05 ; elapsed = 00:00:03 . Memory (MB): peak = 2055.137 ; gain = 0.000

Phase 3.7 Pipeline Register Optimization
Phase 3.7 Pipeline Register Optimization | Checksum: 214bdeca9

Time (s): cpu = 00:00:05 ; elapsed = 00:00:03 . Memory (MB): peak = 2055.137 ; gain = 0.000
Phase 3 Detail Placement | Checksum: 214bdeca9

Time (s): cpu = 00:00:05 ; elapsed = 00:00:03 . Memory (MB): peak = 2055.137 ; gain = 0.000

Phase 4 Post Placement Optimization and Clean-Up

Phase 4.1 Post Commit Optimization
INFO: [Timing 38-35] Done setting XDC timing constraints.

Phase 4.1.1 Post Placement Optimization
Post Placement Optimization Initialization | Checksum: 17e87675d

Phase 4.1.1.1 BUFG Insertion

Starting Physical Synthesis Task

Phase 1 Physical Synthesis Initialization
INFO: [Physopt 32-721] Multithreading enabled for phys_opt_design using a maximum of 2 CPUs
INFO: [Physopt 32-619] Estimated Timing Summary | WNS=5.614 | TNS=0.000 |
Phase 1 Physical Synthesis Initialization | Checksum: 11f499a82

Time (s): cpu = 00:00:00 ; elapsed = 00:00:00.029 . Memory (MB): peak = 2055.137 ; gain = 0.000
INFO: [Place 46-56] BUFG insertion identified 0 candidate nets. Inserted BUFG: 0, Replicated BUFG Driver: 0, Skipped due to Placement/Routing Conflicts: 0, Skipped due to Timing Degradation: 0, Skipped due to netlist editing failed: 0.
Ending Physical Synthesis Task | Checksum: 11f499a82

Time (s): cpu = 00:00:00 ; elapsed = 00:00:00.033 . Memory (MB): peak = 2055.137 ; gain = 0.000
Phase 4.1.1.1 BUFG Insertion | Checksum: 17e87675d

Time (s): cpu = 00:00:05 ; elapsed = 00:00:03 . Memory (MB): peak = 2055.137 ; gain = 0.000

Phase 4.1.1.2 Post Placement Timing Optimization
INFO: [Place 30-746] Post Placement Timing Summary WNS=5.614. For the most accurate timing information please run report_timing.
Phase 4.1.1.2 Post Placement Timing Optimization | Checksum: 153f8671a

Time (s): cpu = 00:00:05 ; elapsed = 00:00:03 . Memory (MB): peak = 2055.137 ; gain = 0.000

Time (s): cpu = 00:00:05 ; elapsed = 00:00:03 . Memory (MB): peak = 2055.137 ; gain = 0.000
Phase 4.1 Post Commit Optimization | Checksum: 153f8671a

Time (s): cpu = 00:00:05 ; elapsed = 00:00:03 . Memory (MB): peak = 2055.137 ; gain = 0.000

Phase 4.2 Post Placement Cleanup
Phase 4.2 Post Placement Cleanup | Checksum: 153f8671a

Time (s): cpu = 00:00:05 ; elapsed = 00:00:03 . Memory (MB): peak = 2055.137 ; gain = 0.000

Phase 4.3 Placer Reporting

Phase 4.3.1 Print Estimated Congestion
INFO: [Place 30-612] Post-Placement Estimated Congestion 
 ____________________________________________________
|           | Global Congestion | Short Congestion  |
| Direction | Region Size       | Region Size       |
|___________|___________________|___________________|
|      North|                1x1|                1x1|
|___________|___________________|___________________|
|      South|                1x1|                1x1|
|___________|___________________|___________________|
|       East|                1x1|                1x1|
|___________|___________________|___________________|
|       West|                1x1|                1x1|
|___________|___________________|___________________|

Phase 4.3.1 Print Estimated Congestion | Checksum: 153f8671a

Time (s): cpu = 00:00:05 ; elapsed = 00:00:03 . Memory (MB): peak = 2055.137 ; gain = 0.000
Phase 4.3 Placer Reporting | Checksum: 153f8671a

Time (s): cpu = 00:00:05 ; elapsed = 00:00:03 . Memory (MB): peak = 2055.137 ; gain = 0.000

Phase 4.4 Final Placement Cleanup
Netlist sorting complete. Time (s): cpu = 00:00:00 ; elapsed = 00:00:00.001 . Memory (MB): peak = 2055.137 ; gain = 0.000

Time (s): cpu = 00:00:05 ; elapsed = 00:00:03 . Memory (MB): peak = 2055.137 ; gain = 0.000
Phase 4 Post Placement Optimization and Clean-Up | Checksum: 23f58318d

Time (s): cpu = 00:00:05 ; elapsed = 00:00:03 . Memory (MB): peak = 2055.137 ; gain = 0.000
Ending Placer Task | Checksum: 1df04580f

Time (s): cpu = 00:00:05 ; elapsed = 00:00:03 . Memory (MB): peak = 2055.137 ; gain = 0.000
61 Infos, 2 Warnings, 0 Critical Warnings and 0 Errors encountered.
place_design completed successfully
INFO: [runtcl-4] Executing : report_io -file segment7_clock_io_placed.rpt
report_io: Time (s): cpu = 00:00:00 ; elapsed = 00:00:00.050 . Memory (MB): peak = 2055.137 ; gain = 0.000
INFO: [runtcl-4] Executing : report_utilization -file segment7_clock_utilization_placed.rpt -pb segment7_clock_utilization_placed.pb
INFO: [runtcl-4] Executing : report_control_sets -verbose -file segment7_clock_control_sets_placed.rpt
report_control_sets: Time (s): cpu = 00:00:00 ; elapsed = 00:00:00.003 . Memory (MB): peak = 2055.137 ; gain = 0.000
INFO: [Timing 38-480] Writing timing data to binary archive.
Write ShapeDB Complete: Time (s): cpu = 00:00:00 ; elapsed = 00:00:00.003 . Memory (MB): peak = 2055.137 ; gain = 0.000
Wrote PlaceDB: Time (s): cpu = 00:00:00 ; elapsed = 00:00:00.051 . Memory (MB): peak = 2055.137 ; gain = 0.000
Wrote PulsedLatchDB: Time (s): cpu = 00:00:00 ; elapsed = 00:00:00 . Memory (MB): peak = 2055.137 ; gain = 0.000
Writing XDEF routing.
Writing XDEF routing logical nets.
Writing XDEF routing special nets.
Wrote RouteStorage: Time (s): cpu = 00:00:01 ; elapsed = 00:00:00.018 . Memory (MB): peak = 2055.137 ; gain = 0.000
Wrote Netlist Cache: Time (s): cpu = 00:00:00 ; elapsed = 00:00:00.001 . Memory (MB): peak = 2055.137 ; gain = 0.000
Wrote Device Cache: Time (s): cpu = 00:00:00 ; elapsed = 00:00:00.008 . Memory (MB): peak = 2055.137 ; gain = 0.000
Write Physdb Complete: Time (s): cpu = 00:00:01 ; elapsed = 00:00:00.085 . Memory (MB): peak = 2055.137 ; gain = 0.000
INFO: [Common 17-1381] The checkpoint 'D:/AIOT/vivado_pj/segment7_clock_pj/segment7_clock_pj.runs/impl_1/segment7_clock_placed.dcp' has been generated.
Command: phys_opt_design
Attempting to get a license for feature 'Implementation' and/or device 'xc7a35t'
INFO: [Common 17-349] Got license for feature 'Implementation' and/or device 'xc7a35t'

Starting Initial Update Timing Task

Time (s): cpu = 00:00:00 ; elapsed = 00:00:00.096 . Memory (MB): peak = 2057.777 ; gain = 2.641
INFO: [Vivado_Tcl 4-383] Design worst setup slack (WNS) is greater than or equal to 0.000 ns. Skipping all physical synthesis optimizations.
INFO: [Vivado_Tcl 4-232] No setup violation found. The netlist was not modified.
INFO: [Common 17-83] Releasing license: Implementation
70 Infos, 2 Warnings, 0 Critical Warnings and 0 Errors encountered.
phys_opt_design completed successfully
INFO: [Timing 38-480] Writing timing data to binary archive.
Write ShapeDB Complete: Time (s): cpu = 00:00:00 ; elapsed = 00:00:00.002 . Memory (MB): peak = 2075.598 ; gain = 0.004
Wrote PlaceDB: Time (s): cpu = 00:00:00 ; elapsed = 00:00:00.060 . Memory (MB): peak = 2075.598 ; gain = 0.000
Wrote PulsedLatchDB: Time (s): cpu = 00:00:00 ; elapsed = 00:00:00 . Memory (MB): peak = 2075.598 ; gain = 0.000
Writing XDEF routing.
Writing XDEF routing logical nets.
Writing XDEF routing special nets.
Wrote RouteStorage: Time (s): cpu = 00:00:00 ; elapsed = 00:00:00.017 . Memory (MB): peak = 2075.598 ; gain = 0.000
Wrote Netlist Cache: Time (s): cpu = 00:00:00 ; elapsed = 00:00:00.001 . Memory (MB): peak = 2075.598 ; gain = 0.000
Wrote Device Cache: Time (s): cpu = 00:00:00 ; elapsed = 00:00:00.009 . Memory (MB): peak = 2075.598 ; gain = 0.000
Write Physdb Complete: Time (s): cpu = 00:00:00 ; elapsed = 00:00:00.092 . Memory (MB): peak = 2075.598 ; gain = 0.004
INFO: [Common 17-1381] The checkpoint 'D:/AIOT/vivado_pj/segment7_clock_pj/segment7_clock_pj.runs/impl_1/segment7_clock_physopt.dcp' has been generated.
Command: route_design
Attempting to get a license for feature 'Implementation' and/or device 'xc7a35t'
INFO: [Common 17-349] Got license for feature 'Implementation' and/or device 'xc7a35t'
Running DRC as a precondition to command route_design
INFO: [DRC 23-27] Running DRC with 2 threads
INFO: [Vivado_Tcl 4-198] DRC finished with 0 Errors, 2 Warnings
INFO: [Vivado_Tcl 4-199] Please refer to the DRC report (report_drc) for more information.


Starting Routing Task
INFO: [Route 35-254] Multithreading enabled for route_design using a maximum of 8 CPUs

Phase 1 Build RT Design
Checksum: PlaceDB: e7b3bdf1 ConstDB: 0 ShapeSum: f7509a1e RouteDB: 0
Post Restoration Checksum: NetGraph: cd7bbce0 | NumContArr: 2e5c95c4 | Constraints: c2a8fa9d | Timing: c2a8fa9d
Phase 1 Build RT Design | Checksum: 2812a47de

Time (s): cpu = 00:00:27 ; elapsed = 00:00:25 . Memory (MB): peak = 2175.484 ; gain = 90.801

Phase 2 Router Initialization

Phase 2.1 Fix Topology Constraints
Phase 2.1 Fix Topology Constraints | Checksum: 2812a47de

Time (s): cpu = 00:00:27 ; elapsed = 00:00:25 . Memory (MB): peak = 2175.484 ; gain = 90.801

Phase 2.2 Pre Route Cleanup
Phase 2.2 Pre Route Cleanup | Checksum: 2812a47de

Time (s): cpu = 00:00:27 ; elapsed = 00:00:25 . Memory (MB): peak = 2175.484 ; gain = 90.801
 Number of Nodes with overlaps = 0

Phase 2.3 Update Timing
Phase 2.3 Update Timing | Checksum: 29a4e2ead

Time (s): cpu = 00:00:28 ; elapsed = 00:00:26 . Memory (MB): peak = 2213.289 ; gain = 128.605
INFO: [Route 35-416] Intermediate Timing Summary | WNS=5.727  | TNS=0.000  | WHS=-0.101 | THS=-2.821 |


Router Utilization Summary
  Global Vertical Routing Utilization    = 0.00988599 %
  Global Horizontal Routing Utilization  = 0.008329 %
  Routable Net Status*
  *Does not include unroutable nets such as driverless and loadless.
  Run report_route_status for detailed report.
  Number of Failed Nets               = 505
    (Failed Nets is the sum of unrouted and partially routed nets)
  Number of Unrouted Nets             = 502
  Number of Partially Routed Nets     = 3
  Number of Node Overlaps             = 0

Phase 2 Router Initialization | Checksum: 2636576dd

Time (s): cpu = 00:00:28 ; elapsed = 00:00:26 . Memory (MB): peak = 2222.414 ; gain = 137.730

Phase 3 Initial Routing

Phase 3.1 Global Routing
Phase 3.1 Global Routing | Checksum: 2636576dd

Time (s): cpu = 00:00:28 ; elapsed = 00:00:26 . Memory (MB): peak = 2222.414 ; gain = 137.730

Phase 3.2 Initial Net Routing
Phase 3.2 Initial Net Routing | Checksum: 23ce8cb4f

Time (s): cpu = 00:00:29 ; elapsed = 00:00:26 . Memory (MB): peak = 2222.414 ; gain = 137.730
Phase 3 Initial Routing | Checksum: 23ce8cb4f

Time (s): cpu = 00:00:29 ; elapsed = 00:00:26 . Memory (MB): peak = 2222.414 ; gain = 137.730

Phase 4 Rip-up And Reroute

Phase 4.1 Global Iteration 0
 Number of Nodes with overlaps = 18
 Number of Nodes with overlaps = 0
INFO: [Route 35-416] Intermediate Timing Summary | WNS=5.156  | TNS=0.000  | WHS=N/A    | THS=N/A    |

Phase 4.1 Global Iteration 0 | Checksum: 184bc2b8b

Time (s): cpu = 00:00:29 ; elapsed = 00:00:26 . Memory (MB): peak = 2222.414 ; gain = 137.730

Phase 4.2 Global Iteration 1
 Number of Nodes with overlaps = 2
 Number of Nodes with overlaps = 0
INFO: [Route 35-416] Intermediate Timing Summary | WNS=5.167  | TNS=0.000  | WHS=N/A    | THS=N/A    |

Phase 4.2 Global Iteration 1 | Checksum: 1c8fa594e

Time (s): cpu = 00:00:29 ; elapsed = 00:00:26 . Memory (MB): peak = 2222.414 ; gain = 137.730
Phase 4 Rip-up And Reroute | Checksum: 1c8fa594e

Time (s): cpu = 00:00:29 ; elapsed = 00:00:26 . Memory (MB): peak = 2222.414 ; gain = 137.730

Phase 5 Delay and Skew Optimization

Phase 5.1 Delay CleanUp
Phase 5.1 Delay CleanUp | Checksum: 1c8fa594e

Time (s): cpu = 00:00:29 ; elapsed = 00:00:26 . Memory (MB): peak = 2222.414 ; gain = 137.730

Phase 5.2 Clock Skew Optimization
Phase 5.2 Clock Skew Optimization | Checksum: 1c8fa594e

Time (s): cpu = 00:00:29 ; elapsed = 00:00:26 . Memory (MB): peak = 2222.414 ; gain = 137.730
Phase 5 Delay and Skew Optimization | Checksum: 1c8fa594e

Time (s): cpu = 00:00:29 ; elapsed = 00:00:26 . Memory (MB): peak = 2222.414 ; gain = 137.730

Phase 6 Post Hold Fix

Phase 6.1 Hold Fix Iter

Phase 6.1.1 Update Timing
Phase 6.1.1 Update Timing | Checksum: 1be2a6a16

Time (s): cpu = 00:00:29 ; elapsed = 00:00:26 . Memory (MB): peak = 2222.414 ; gain = 137.730
INFO: [Route 35-416] Intermediate Timing Summary | WNS=5.246  | TNS=0.000  | WHS=0.159  | THS=0.000  |

Phase 6.1 Hold Fix Iter | Checksum: 1aeaf38ba

Time (s): cpu = 00:00:29 ; elapsed = 00:00:26 . Memory (MB): peak = 2222.414 ; gain = 137.730
Phase 6 Post Hold Fix | Checksum: 1aeaf38ba

Time (s): cpu = 00:00:29 ; elapsed = 00:00:26 . Memory (MB): peak = 2222.414 ; gain = 137.730

Phase 7 Route finalize

Router Utilization Summary
  Global Vertical Routing Utilization    = 0.0802838 %
  Global Horizontal Routing Utilization  = 0.144326 %
  Routable Net Status*
  *Does not include unroutable nets such as driverless and loadless.
  Run report_route_status for detailed report.
  Number of Failed Nets               = 0
    (Failed Nets is the sum of unrouted and partially routed nets)
  Number of Unrouted Nets             = 0
  Number of Partially Routed Nets     = 0
  Number of Node Overlaps             = 0

Phase 7 Route finalize | Checksum: 1aeaf38ba

Time (s): cpu = 00:00:29 ; elapsed = 00:00:26 . Memory (MB): peak = 2222.414 ; gain = 137.730

Phase 8 Verifying routed nets

 Verification completed successfully
Phase 8 Verifying routed nets | Checksum: 1aeaf38ba

Time (s): cpu = 00:00:29 ; elapsed = 00:00:26 . Memory (MB): peak = 2222.414 ; gain = 137.730

Phase 9 Depositing Routes
Phase 9 Depositing Routes | Checksum: 1990515ec

Time (s): cpu = 00:00:29 ; elapsed = 00:00:26 . Memory (MB): peak = 2222.414 ; gain = 137.730

Phase 10 Post Router Timing
INFO: [Route 35-57] Estimated Timing Summary | WNS=5.246  | TNS=0.000  | WHS=0.159  | THS=0.000  |

INFO: [Route 35-327] The final timing numbers are based on the router estimated timing analysis. For a complete and accurate timing signoff, please run report_timing_summary.
Phase 10 Post Router Timing | Checksum: 1990515ec

Time (s): cpu = 00:00:29 ; elapsed = 00:00:26 . Memory (MB): peak = 2222.414 ; gain = 137.730
INFO: [Route 35-16] Router Completed Successfully

Phase 11 Post-Route Event Processing
Phase 11 Post-Route Event Processing | Checksum: 289f06936

Time (s): cpu = 00:00:29 ; elapsed = 00:00:26 . Memory (MB): peak = 2222.414 ; gain = 137.730
Ending Routing Task | Checksum: 289f06936

Time (s): cpu = 00:00:29 ; elapsed = 00:00:26 . Memory (MB): peak = 2222.414 ; gain = 137.730

Routing Is Done.
INFO: [Common 17-83] Releasing license: Implementation
85 Infos, 2 Warnings, 0 Critical Warnings and 0 Errors encountered.
route_design completed successfully
route_design: Time (s): cpu = 00:00:31 ; elapsed = 00:00:27 . Memory (MB): peak = 2222.414 ; gain = 146.816
INFO: [runtcl-4] Executing : report_drc -file segment7_clock_drc_routed.rpt -pb segment7_clock_drc_routed.pb -rpx segment7_clock_drc_routed.rpx
Command: report_drc -file segment7_clock_drc_routed.rpt -pb segment7_clock_drc_routed.pb -rpx segment7_clock_drc_routed.rpx
INFO: [IP_Flow 19-1839] IP Catalog is up to date.
INFO: [DRC 23-27] Running DRC with 2 threads
INFO: [Vivado_Tcl 2-168] The results of DRC are in file D:/AIOT/vivado_pj/segment7_clock_pj/segment7_clock_pj.runs/impl_1/segment7_clock_drc_routed.rpt.
report_drc completed successfully
INFO: [runtcl-4] Executing : report_methodology -file segment7_clock_methodology_drc_routed.rpt -pb segment7_clock_methodology_drc_routed.pb -rpx segment7_clock_methodology_drc_routed.rpx
Command: report_methodology -file segment7_clock_methodology_drc_routed.rpt -pb segment7_clock_methodology_drc_routed.pb -rpx segment7_clock_methodology_drc_routed.rpx
INFO: [Timing 38-35] Done setting XDC timing constraints.
INFO: [DRC 23-133] Running Methodology with 2 threads
INFO: [Vivado_Tcl 2-1520] The results of Report Methodology are in file D:/AIOT/vivado_pj/segment7_clock_pj/segment7_clock_pj.runs/impl_1/segment7_clock_methodology_drc_routed.rpt.
report_methodology completed successfully
INFO: [runtcl-4] Executing : report_power -file segment7_clock_power_routed.rpt -pb segment7_clock_power_summary_routed.pb -rpx segment7_clock_power_routed.rpx
Command: report_power -file segment7_clock_power_routed.rpt -pb segment7_clock_power_summary_routed.pb -rpx segment7_clock_power_routed.rpx
INFO: [Timing 38-35] Done setting XDC timing constraints.
Running Vector-less Activity Propagation...

Finished Running Vector-less Activity Propagation
95 Infos, 2 Warnings, 0 Critical Warnings and 0 Errors encountered.
report_power completed successfully
INFO: [runtcl-4] Executing : report_route_status -file segment7_clock_route_status.rpt -pb segment7_clock_route_status.pb
INFO: [runtcl-4] Executing : report_timing_summary -max_paths 10 -report_unconstrained -file segment7_clock_timing_summary_routed.rpt -pb segment7_clock_timing_summary_routed.pb -rpx segment7_clock_timing_summary_routed.rpx -warn_on_violation 
INFO: [Timing 38-91] UpdateTimingParams: Speed grade: -1, Delay Type: min_max.
INFO: [Timing 38-191] Multithreading enabled for timing update using a maximum of 2 CPUs
INFO: [runtcl-4] Executing : report_incremental_reuse -file segment7_clock_incremental_reuse_routed.rpt
INFO: [Vivado_Tcl 4-1062] Incremental flow is disabled. No incremental reuse Info to report.
INFO: [runtcl-4] Executing : report_clock_utilization -file segment7_clock_clock_utilization_routed.rpt
INFO: [runtcl-4] Executing : report_bus_skew -warn_on_violation -file segment7_clock_bus_skew_routed.rpt -pb segment7_clock_bus_skew_routed.pb -rpx segment7_clock_bus_skew_routed.rpx
INFO: [Timing 38-91] UpdateTimingParams: Speed grade: -1, Delay Type: min_max.
INFO: [Timing 38-191] Multithreading enabled for timing update using a maximum of 2 CPUs
INFO: [Timing 38-480] Writing timing data to binary archive.
Write ShapeDB Complete: Time (s): cpu = 00:00:00 ; elapsed = 00:00:00.002 . Memory (MB): peak = 2223.047 ; gain = 0.000
Wrote PlaceDB: Time (s): cpu = 00:00:01 ; elapsed = 00:00:00.053 . Memory (MB): peak = 2223.047 ; gain = 0.000
Wrote PulsedLatchDB: Time (s): cpu = 00:00:00 ; elapsed = 00:00:00 . Memory (MB): peak = 2223.047 ; gain = 0.000
Writing XDEF routing.
Writing XDEF routing logical nets.
Writing XDEF routing special nets.
Wrote RouteStorage: Time (s): cpu = 00:00:00 ; elapsed = 00:00:00.027 . Memory (MB): peak = 2223.047 ; gain = 0.000
Wrote Netlist Cache: Time (s): cpu = 00:00:00 ; elapsed = 00:00:00.001 . Memory (MB): peak = 2223.047 ; gain = 0.000
Wrote Device Cache: Time (s): cpu = 00:00:00 ; elapsed = 00:00:00.007 . Memory (MB): peak = 2223.047 ; gain = 0.000
Write Physdb Complete: Time (s): cpu = 00:00:01 ; elapsed = 00:00:00.094 . Memory (MB): peak = 2223.047 ; gain = 0.000
INFO: [Common 17-1381] The checkpoint 'D:/AIOT/vivado_pj/segment7_clock_pj/segment7_clock_pj.runs/impl_1/segment7_clock_routed.dcp' has been generated.
Command: write_bitstream -force segment7_clock.bit
Attempting to get a license for feature 'Implementation' and/or device 'xc7a35t'
INFO: [Common 17-349] Got license for feature 'Implementation' and/or device 'xc7a35t'
Running DRC as a precondition to command write_bitstream
INFO: [IP_Flow 19-1839] IP Catalog is up to date.
INFO: [DRC 23-27] Running DRC with 2 threads
INFO: [Vivado 12-3199] DRC finished with 0 Errors
INFO: [Vivado 12-3200] Please refer to the DRC report (report_drc) for more information.
INFO: [Designutils 20-2272] Running write_bitstream with 2 threads.
Loading data files...
Loading site data...
Loading route data...
Processing options...
Creating bitmap...
Creating bitstream...
Bitstream compression saved 14633472 bits.
Writing bitstream ./segment7_clock.bit...
INFO: [Vivado 12-1842] Bitgen Completed Successfully.
INFO: [Project 1-1876] WebTalk data collection is mandatory when using a ULT device. To see the specific WebTalk data collected for your design, open the usage_statistics_webtalk.html or usage_statistics_webtalk.xml file in the implementation directory.
INFO: [Common 17-83] Releasing license: Implementation
14 Infos, 0 Warnings, 0 Critical Warnings and 0 Errors encountered.
write_bitstream completed successfully
write_bitstream: Time (s): cpu = 00:00:13 ; elapsed = 00:00:11 . Memory (MB): peak = 2632.598 ; gain = 409.551
INFO: [Common 17-206] Exiting Vivado at Thu Apr 16 16:36:13 2026...
