Copyright 1986-2022 Xilinx, Inc. All Rights Reserved. Copyright 2022-2023 Advanced Micro Devices, Inc. All Rights Reserved.
---------------------------------------------------------------------------------------------------------------------------------------------
| Tool Version : Vivado v.2023.2 (win64) Build 4029153 Fri Oct 13 20:14:34 MDT 2023
| Date         : Thu Apr 16 16:35:29 2026
| Host         : SAT05 running 64-bit major release  (build 9200)
| Command      : report_control_sets -verbose -file segment7_clock_control_sets_placed.rpt
| Design       : segment7_clock
| Device       : xc7a35t
---------------------------------------------------------------------------------------------------------------------------------------------

Control Set Information

Table of Contents
-----------------
1. Summary
2. Histogram
3. Flip-Flop Distribution
4. Detailed Control Set Information

1. Summary
----------

+----------------------------------------------------------+-------+
|                          Status                          | Count |
+----------------------------------------------------------+-------+
| Total control sets                                       |    13 |
|    Minimum number of control sets                        |    13 |
|    Addition due to synthesis replication                 |     0 |
|    Addition due to physical synthesis replication        |     0 |
| Unused register locations in slices containing registers |    34 |
+----------------------------------------------------------+-------+
* Control sets can be merged at opt_design using control_set_merge or merge_equivalent_drivers
** Run report_qor_suggestions for automated merging and remapping suggestions


2. Histogram
------------

+--------------------+-------+
|       Fanout       | Count |
+--------------------+-------+
| Total control sets |    13 |
| >= 0 to < 4        |     1 |
| >= 4 to < 6        |     3 |
| >= 6 to < 8        |     8 |
| >= 8 to < 10       |     0 |
| >= 10 to < 12      |     0 |
| >= 12 to < 14      |     0 |
| >= 14 to < 16      |     0 |
| >= 16              |     1 |
+--------------------+-------+
* Control sets can be remapped at either synth_design or opt_design


3. Flip-Flop Distribution
-------------------------

+--------------+-----------------------+------------------------+-----------------+--------------+
| Clock Enable | Synchronous Set/Reset | Asynchronous Set/Reset | Total Registers | Total Slices |
+--------------+-----------------------+------------------------+-----------------+--------------+
| No           | No                    | No                     |              11 |            7 |
| No           | No                    | Yes                    |             134 |           42 |
| No           | Yes                   | No                     |               0 |            0 |
| Yes          | No                    | No                     |               0 |            0 |
| Yes          | No                    | Yes                    |              53 |           25 |
| Yes          | Yes                   | No                     |               0 |            0 |
+--------------+-----------------------+------------------------+-----------------+--------------+


4. Detailed Control Set Information
-----------------------------------

+----------------+------------------------+------------------+------------------+----------------+--------------+
|  Clock Signal  |      Enable Signal     | Set/Reset Signal | Slice Load Count | Bel Load Count | Bels / Slice |
+----------------+------------------------+------------------+------------------+----------------+--------------+
|  sw3_IBUF_BUFG |                        | reset_IBUF       |                1 |              1 |         1.00 |
|  sw2_IBUF_BUFG | u0/set_pos_reg[0]_1[0] | reset_IBUF       |                2 |              5 |         2.50 |
|  clk_IBUF_BUFG | u1/hour[4]_i_1_n_0     | reset_IBUF       |                2 |              5 |         2.50 |
|  u3/w_clkout   |                        |                  |                2 |              5 |         2.50 |
|  sw2_IBUF_BUFG | u0/set_pos_reg[0]_0[0] | reset_IBUF       |                4 |              6 |         1.50 |
|  sw2_IBUF_BUFG | u0/set_pos_reg[2]_0[0] | reset_IBUF       |                3 |              6 |         2.00 |
|  clk_IBUF_BUFG |                        |                  |                5 |              6 |         1.20 |
|  clk_IBUF_BUFG | u1/min[5]_i_1_n_0      | reset_IBUF       |                4 |              6 |         1.50 |
|  clk_IBUF_BUFG | u0/E[0]                | reset_IBUF       |                2 |              6 |         3.00 |
|  clk_IBUF_BUFG | u9/sec[5]_i_1__0_n_0   | reset_IBUF       |                3 |              6 |         2.00 |
|  clk_IBUF_BUFG | u9/min[5]_i_1__0_n_0   | reset_IBUF       |                2 |              6 |         3.00 |
|  clk_IBUF_BUFG | u0/clk_out_reg[0]      | reset_IBUF       |                3 |              7 |         2.33 |
|  clk_IBUF_BUFG |                        | reset_IBUF       |               41 |            133 |         3.24 |
+----------------+------------------------+------------------+------------------+----------------+--------------+


