
*** Running vivado
    with args -log uart_loopback.vds -m64 -product Vivado -mode batch -messageDb vivado.pb -notrace -source uart_loopback.tcl


ECHOАЁ МГСЄЕЧОю РжСі ОЪНРДЯДй.
ECHOАЁ МГСЄЕЧОю РжСі ОЪНРДЯДй.

****** Vivado v2023.2 (64-bit)
  **** SW Build 4029153 on Fri Oct 13 20:14:34 MDT 2023
  **** IP Build 4028589 on Sat Oct 14 00:45:43 MDT 2023
  **** SharedData Build 4025554 on Tue Oct 10 17:18:54 MDT 2023
    ** Copyright 1986-2022 Xilinx, Inc. All Rights Reserved.
    ** Copyright 2022-2023 Advanced Micro Devices, Inc. All Rights Reserved.

source uart_loopback.tcl -notrace
create_project: Time (s): cpu = 00:00:06 ; elapsed = 00:00:07 . Memory (MB): peak = 485.344 ; gain = 180.105
Command: read_checkpoint -auto_incremental -incremental C:/vivado_pj/uart_controller_pj/uart_controller_pj.srcs/utils_1/imports/synth_1/uart_controller.dcp
INFO: [Vivado 12-5825] Read reference checkpoint from C:/vivado_pj/uart_controller_pj/uart_controller_pj.srcs/utils_1/imports/synth_1/uart_controller.dcp for incremental synthesis
INFO: [Vivado 12-7989] Please ensure there are no constraint changes
Command: synth_design -top uart_loopback -part xc7a35tcpg236-1
Starting synth_design
Attempting to get a license for feature 'Synthesis' and/or device 'xc7a35t'
INFO: [Common 17-349] Got license for feature 'Synthesis' and/or device 'xc7a35t'
INFO: [Device 21-403] Loading part xc7a35tcpg236-1
INFO: [Designutils 20-5440] No compile time benefit to using incremental synthesis; A full resynthesis will be run
INFO: [Designutils 20-4379] Flow is switching to default flow due to incremental criteria not met. If you would like to alter this behaviour and have the flow terminate instead, please set the following parameter config_implementation {autoIncr.Synth.RejectBehavior Terminate}
INFO: [Synth 8-7079] Multithreading enabled for synth_design using a maximum of 2 processes.
INFO: [Synth 8-7078] Launching helper process for spawning children vivado processes
INFO: [Synth 8-7075] Helper process launched with PID 11108
---------------------------------------------------------------------------------
Starting RTL Elaboration : Time (s): cpu = 00:00:05 ; elapsed = 00:00:05 . Memory (MB): peak = 1330.617 ; gain = 440.340
---------------------------------------------------------------------------------
INFO: [Synth 8-11241] undeclared symbol 's_idle', assumed default net type 'wire' [C:/vivado_pj/uart_controller_pj/uart_controller_pj.srcs/sources_1/new/uart_rx.sv:23]
INFO: [Synth 8-11241] undeclared symbol 's_receive', assumed default net type 'wire' [C:/vivado_pj/uart_controller_pj/uart_controller_pj.srcs/sources_1/new/uart_rx.sv:24]
INFO: [Synth 8-11241] undeclared symbol 's_done', assumed default net type 'wire' [C:/vivado_pj/uart_controller_pj/uart_controller_pj.srcs/sources_1/new/uart_rx.sv:25]
INFO: [Synth 8-11241] undeclared symbol 'cal_parity', assumed default net type 'wire' [C:/vivado_pj/uart_controller_pj/uart_controller_pj.srcs/sources_1/new/uart_rx.sv:72]
INFO: [Synth 8-6157] synthesizing module 'uart_loopback' [C:/vivado_pj/uart_controller_pj/uart_controller_pj.srcs/sources_1/new/uart_loopback.sv:3]
INFO: [Synth 8-6157] synthesizing module 'uart_controller' [C:/vivado_pj/uart_controller_pj/uart_controller_pj.srcs/sources_1/new/uart_controller.sv:3]
INFO: [Synth 8-6157] synthesizing module 'Uart_Tx' [C:/vivado_pj/uart_controller_pj/uart_controller_pj.srcs/sources_1/new/Uart_Tx.sv:3]
INFO: [Synth 8-6155] done synthesizing module 'Uart_Tx' (0#1) [C:/vivado_pj/uart_controller_pj/uart_controller_pj.srcs/sources_1/new/Uart_Tx.sv:3]
INFO: [Synth 8-6157] synthesizing module 'uart_rx' [C:/vivado_pj/uart_controller_pj/uart_controller_pj.srcs/sources_1/new/uart_rx.sv:3]
INFO: [Synth 8-6157] synthesizing module 'fifo_16x8' [C:/vivado_pj/uart_controller_pj/uart_controller_pj.runs/synth_1/.Xil/Vivado-11048-DESKTOP-A2AGG41/realtime/fifo_16x8_stub.v:6]
INFO: [Synth 8-6155] done synthesizing module 'fifo_16x8' (0#1) [C:/vivado_pj/uart_controller_pj/uart_controller_pj.runs/synth_1/.Xil/Vivado-11048-DESKTOP-A2AGG41/realtime/fifo_16x8_stub.v:6]
INFO: [Synth 8-6155] done synthesizing module 'uart_rx' (0#1) [C:/vivado_pj/uart_controller_pj/uart_controller_pj.srcs/sources_1/new/uart_rx.sv:3]
INFO: [Synth 8-6155] done synthesizing module 'uart_controller' (0#1) [C:/vivado_pj/uart_controller_pj/uart_controller_pj.srcs/sources_1/new/uart_controller.sv:3]
INFO: [Synth 8-6155] done synthesizing module 'uart_loopback' (0#1) [C:/vivado_pj/uart_controller_pj/uart_controller_pj.srcs/sources_1/new/uart_loopback.sv:3]
WARNING: [Synth 8-3917] design uart_loopback has port led[7] driven by constant 0
WARNING: [Synth 8-3917] design uart_loopback has port led[6] driven by constant 0
WARNING: [Synth 8-3917] design uart_loopback has port led[3] driven by constant 0
---------------------------------------------------------------------------------
Finished RTL Elaboration : Time (s): cpu = 00:00:07 ; elapsed = 00:00:07 . Memory (MB): peak = 1445.695 ; gain = 555.418
---------------------------------------------------------------------------------
---------------------------------------------------------------------------------
Start Handling Custom Attributes
---------------------------------------------------------------------------------
---------------------------------------------------------------------------------
Finished Handling Custom Attributes : Time (s): cpu = 00:00:07 ; elapsed = 00:00:07 . Memory (MB): peak = 1445.695 ; gain = 555.418
---------------------------------------------------------------------------------
---------------------------------------------------------------------------------
Finished RTL Optimization Phase 1 : Time (s): cpu = 00:00:07 ; elapsed = 00:00:07 . Memory (MB): peak = 1445.695 ; gain = 555.418
---------------------------------------------------------------------------------
Netlist sorting complete. Time (s): cpu = 00:00:00 ; elapsed = 00:00:00.003 . Memory (MB): peak = 1445.695 ; gain = 0.000
INFO: [Project 1-570] Preparing netlist for logic optimization

Processing XDC Constraints
Initializing timing engine
Parsing XDC File [c:/vivado_pj/uart_controller_pj/uart_controller_pj.gen/sources_1/ip/fifo_16x8/fifo_16x8/fifo_16x8_in_context.xdc] for cell 'uart_controller/uart_rx/rxd_fifo'
Finished Parsing XDC File [c:/vivado_pj/uart_controller_pj/uart_controller_pj.gen/sources_1/ip/fifo_16x8/fifo_16x8/fifo_16x8_in_context.xdc] for cell 'uart_controller/uart_rx/rxd_fifo'
Parsing XDC File [C:/vivado_pj/uart_controller_pj/uart_controller_pj.srcs/constrs_1/new/uart_controller_xdc.xdc]
Finished Parsing XDC File [C:/vivado_pj/uart_controller_pj/uart_controller_pj.srcs/constrs_1/new/uart_controller_xdc.xdc]
INFO: [Project 1-236] Implementation specific constraints were found while reading constraint file [C:/vivado_pj/uart_controller_pj/uart_controller_pj.srcs/constrs_1/new/uart_controller_xdc.xdc]. These constraints will be ignored for synthesis but will be used in implementation. Impacted constraints are listed in the file [.Xil/uart_loopback_propImpl.xdc].
Resolution: To avoid this warning, move constraints listed in [.Xil/uart_loopback_propImpl.xdc] to another XDC file and exclude this new file from synthesis with the used_in_synthesis property (File Properties dialog in GUI) and re-run elaboration/synthesis.
Completed Processing XDC Constraints

Netlist sorting complete. Time (s): cpu = 00:00:00 ; elapsed = 00:00:00 . Memory (MB): peak = 1544.812 ; gain = 0.000
INFO: [Project 1-111] Unisim Transformation Summary:
No Unisim elements were transformed.

СіСЄЕШ АцЗЮИІ УЃРЛ Мі ОјНРДЯДй.
Constraint Validation Runtime : Time (s): cpu = 00:00:00 ; elapsed = 00:00:00.005 . Memory (MB): peak = 1544.812 ; gain = 0.000
INFO: [Designutils 20-5440] No compile time benefit to using incremental synthesis; A full resynthesis will be run
INFO: [Designutils 20-4379] Flow is switching to default flow due to incremental criteria not met. If you would like to alter this behaviour and have the flow terminate instead, please set the following parameter config_implementation {autoIncr.Synth.RejectBehavior Terminate}
---------------------------------------------------------------------------------
Finished Constraint Validation : Time (s): cpu = 00:00:14 ; elapsed = 00:00:15 . Memory (MB): peak = 1544.812 ; gain = 654.535
---------------------------------------------------------------------------------
---------------------------------------------------------------------------------
Start Loading Part and Timing Information
---------------------------------------------------------------------------------
Loading part: xc7a35tcpg236-1
---------------------------------------------------------------------------------
Finished Loading Part and Timing Information : Time (s): cpu = 00:00:14 ; elapsed = 00:00:15 . Memory (MB): peak = 1544.812 ; gain = 654.535
---------------------------------------------------------------------------------
---------------------------------------------------------------------------------
Start Applying 'set_property' XDC Constraints
---------------------------------------------------------------------------------
Applied set_property KEEP_HIERARCHY = SOFT for uart_controller/uart_rx/rxd_fifo. (constraint file  auto generated constraint).
---------------------------------------------------------------------------------
Finished applying 'set_property' XDC Constraints : Time (s): cpu = 00:00:14 ; elapsed = 00:00:15 . Memory (MB): peak = 1544.812 ; gain = 654.535
---------------------------------------------------------------------------------
---------------------------------------------------------------------------------
Finished RTL Optimization Phase 2 : Time (s): cpu = 00:00:15 ; elapsed = 00:00:15 . Memory (MB): peak = 1544.812 ; gain = 654.535
---------------------------------------------------------------------------------
---------------------------------------------------------------------------------
Start RTL Component Statistics 
---------------------------------------------------------------------------------
Detailed RTL Component Info : 
+---Adders : 
	   2 Input   16 Bit       Adders := 2     
	   2 Input    4 Bit       Adders := 2     
	   2 Input    3 Bit       Adders := 3     
+---XORs : 
	   8 Input      1 Bit         XORs := 2     
+---Registers : 
	               16 Bit    Registers := 2     
	                8 Bit    Registers := 2     
	                4 Bit    Registers := 2     
	                3 Bit    Registers := 3     
	                2 Bit    Registers := 2     
	                1 Bit    Registers := 14    
+---Muxes : 
	   2 Input   16 Bit        Muxes := 4     
	   2 Input   12 Bit        Muxes := 1     
	   2 Input    4 Bit        Muxes := 2     
	   2 Input    3 Bit        Muxes := 4     
	   6 Input    2 Bit        Muxes := 1     
	   4 Input    2 Bit        Muxes := 1     
	   3 Input    2 Bit        Muxes := 1     
	   5 Input    1 Bit        Muxes := 1     
	   2 Input    1 Bit        Muxes := 24    
	  17 Input    1 Bit        Muxes := 1     
	   6 Input    1 Bit        Muxes := 1     
	   3 Input    1 Bit        Muxes := 1     
---------------------------------------------------------------------------------
Finished RTL Component Statistics 
---------------------------------------------------------------------------------
---------------------------------------------------------------------------------
Start Part Resource Summary
---------------------------------------------------------------------------------
Part Resources:
DSPs: 90 (col length:60)
BRAMs: 100 (col length: RAMB18 60 RAMB36 30)
---------------------------------------------------------------------------------
Finished Part Resource Summary
---------------------------------------------------------------------------------
---------------------------------------------------------------------------------
Start Cross Boundary and Area Optimization
---------------------------------------------------------------------------------
WARNING: [Synth 8-7080] Parallel synthesis criteria is not met
WARNING: [Synth 8-3917] design uart_loopback has port led[7] driven by constant 0
WARNING: [Synth 8-3917] design uart_loopback has port led[6] driven by constant 0
WARNING: [Synth 8-3917] design uart_loopback has port led[3] driven by constant 0
---------------------------------------------------------------------------------
Finished Cross Boundary and Area Optimization : Time (s): cpu = 00:00:17 ; elapsed = 00:00:18 . Memory (MB): peak = 1544.812 ; gain = 654.535
---------------------------------------------------------------------------------
---------------------------------------------------------------------------------
Start Applying XDC Timing Constraints
---------------------------------------------------------------------------------
---------------------------------------------------------------------------------
Finished Applying XDC Timing Constraints : Time (s): cpu = 00:00:21 ; elapsed = 00:00:22 . Memory (MB): peak = 1544.812 ; gain = 654.535
---------------------------------------------------------------------------------
---------------------------------------------------------------------------------
Start Timing Optimization
---------------------------------------------------------------------------------
---------------------------------------------------------------------------------
Finished Timing Optimization : Time (s): cpu = 00:00:22 ; elapsed = 00:00:23 . Memory (MB): peak = 1544.812 ; gain = 654.535
---------------------------------------------------------------------------------
---------------------------------------------------------------------------------
Start Technology Mapping
---------------------------------------------------------------------------------
---------------------------------------------------------------------------------
Finished Technology Mapping : Time (s): cpu = 00:00:22 ; elapsed = 00:00:23 . Memory (MB): peak = 1544.812 ; gain = 654.535
---------------------------------------------------------------------------------
---------------------------------------------------------------------------------
Start IO Insertion
---------------------------------------------------------------------------------
---------------------------------------------------------------------------------
Start Flattening Before IO Insertion
---------------------------------------------------------------------------------
---------------------------------------------------------------------------------
Finished Flattening Before IO Insertion
---------------------------------------------------------------------------------
---------------------------------------------------------------------------------
Start Final Netlist Cleanup
---------------------------------------------------------------------------------
---------------------------------------------------------------------------------
Finished Final Netlist Cleanup
---------------------------------------------------------------------------------
---------------------------------------------------------------------------------
Finished IO Insertion : Time (s): cpu = 00:00:26 ; elapsed = 00:00:27 . Memory (MB): peak = 1544.812 ; gain = 654.535
---------------------------------------------------------------------------------
---------------------------------------------------------------------------------
Start Renaming Generated Instances
---------------------------------------------------------------------------------
---------------------------------------------------------------------------------
Finished Renaming Generated Instances : Time (s): cpu = 00:00:26 ; elapsed = 00:00:27 . Memory (MB): peak = 1544.812 ; gain = 654.535
---------------------------------------------------------------------------------
---------------------------------------------------------------------------------
Start Rebuilding User Hierarchy
---------------------------------------------------------------------------------
---------------------------------------------------------------------------------
Finished Rebuilding User Hierarchy : Time (s): cpu = 00:00:26 ; elapsed = 00:00:27 . Memory (MB): peak = 1544.812 ; gain = 654.535
---------------------------------------------------------------------------------
---------------------------------------------------------------------------------
Start Renaming Generated Ports
---------------------------------------------------------------------------------
---------------------------------------------------------------------------------
Finished Renaming Generated Ports : Time (s): cpu = 00:00:26 ; elapsed = 00:00:27 . Memory (MB): peak = 1544.812 ; gain = 654.535
---------------------------------------------------------------------------------
---------------------------------------------------------------------------------
Start Handling Custom Attributes
---------------------------------------------------------------------------------
---------------------------------------------------------------------------------
Finished Handling Custom Attributes : Time (s): cpu = 00:00:26 ; elapsed = 00:00:27 . Memory (MB): peak = 1544.812 ; gain = 654.535
---------------------------------------------------------------------------------
---------------------------------------------------------------------------------
Start Renaming Generated Nets
---------------------------------------------------------------------------------
---------------------------------------------------------------------------------
Finished Renaming Generated Nets : Time (s): cpu = 00:00:26 ; elapsed = 00:00:27 . Memory (MB): peak = 1544.812 ; gain = 654.535
---------------------------------------------------------------------------------
---------------------------------------------------------------------------------
Start Writing Synthesis Report
---------------------------------------------------------------------------------

Report BlackBoxes: 
+------+--------------+----------+
|      |BlackBox name |Instances |
+------+--------------+----------+
|1     |fifo_16x8     |         1|
+------+--------------+----------+

Report Cell Usage: 
+------+----------+------+
|      |Cell      |Count |
+------+----------+------+
|1     |fifo_16x8 |     1|
|2     |BUFG      |     1|
|3     |CARRY4    |    14|
|4     |LUT1      |     6|
|5     |LUT2      |    11|
|6     |LUT3      |    34|
|7     |LUT4      |    35|
|8     |LUT5      |    17|
|9     |LUT6      |    29|
|10    |FDCE      |    82|
|11    |FDPE      |     1|
|12    |IBUF      |     7|
|13    |OBUF      |     9|
+------+----------+------+
---------------------------------------------------------------------------------
Finished Writing Synthesis Report : Time (s): cpu = 00:00:26 ; elapsed = 00:00:27 . Memory (MB): peak = 1544.812 ; gain = 654.535
---------------------------------------------------------------------------------
Synthesis finished with 0 errors, 0 critical warnings and 4 warnings.
Synthesis Optimization Runtime : Time (s): cpu = 00:00:17 ; elapsed = 00:00:25 . Memory (MB): peak = 1544.812 ; gain = 555.418
Synthesis Optimization Complete : Time (s): cpu = 00:00:26 ; elapsed = 00:00:27 . Memory (MB): peak = 1544.812 ; gain = 654.535
INFO: [Project 1-571] Translating synthesized netlist
Netlist sorting complete. Time (s): cpu = 00:00:00 ; elapsed = 00:00:00.001 . Memory (MB): peak = 1544.812 ; gain = 0.000
INFO: [Netlist 29-17] Analyzing 14 Unisim elements for replacement
INFO: [Netlist 29-28] Unisim Transformation completed in 0 CPU seconds
INFO: [Project 1-570] Preparing netlist for logic optimization
INFO: [Opt 31-138] Pushed 0 inverter(s) to 0 load pin(s).
Netlist sorting complete. Time (s): cpu = 00:00:00 ; elapsed = 00:00:00 . Memory (MB): peak = 1544.812 ; gain = 0.000
INFO: [Project 1-111] Unisim Transformation Summary:
No Unisim elements were transformed.

СіСЄЕШ АцЗЮИІ УЃРЛ Мі ОјНРДЯДй.
Synth Design complete | Checksum: d38d8d1b
INFO: [Common 17-83] Releasing license: Synthesis
35 Infos, 7 Warnings, 0 Critical Warnings and 0 Errors encountered.
synth_design completed successfully
synth_design: Time (s): cpu = 00:00:29 ; elapsed = 00:00:32 . Memory (MB): peak = 1544.812 ; gain = 1046.305
Write ShapeDB Complete: Time (s): cpu = 00:00:00 ; elapsed = 00:00:00.001 . Memory (MB): peak = 1544.812 ; gain = 0.000
INFO: [Common 17-1381] The checkpoint 'C:/vivado_pj/uart_controller_pj/uart_controller_pj.runs/synth_1/uart_loopback.dcp' has been generated.
INFO: [runtcl-4] Executing : report_utilization -file uart_loopback_utilization_synth.rpt -pb uart_loopback_utilization_synth.pb
INFO: [Common 17-206] Exiting Vivado at Wed May 13 23:46:41 2026...
