Vivado Simulator v2023.2
Copyright 1986-2022 Xilinx, Inc. All Rights Reserved.
Copyright 2022-2023 Advanced Micro Devices, Inc. All Rights Reserved.
Running: D:/Xilinx/Vivado/2023.2/bin/unwrapped/win64.o/xelab.exe --incr --debug typical --relax --mt 2 -L xil_defaultlib -L fifo_generator_v13_2_9 -L uvm -L unisims_ver -L unimacro_ver -L secureip -L xpm --snapshot uart_controller_tb_behav xil_defaultlib.uart_controller_tb xil_defaultlib.glbl -log elaborate.log 
Using 2 slave threads.
Starting static elaboration
Pass Through NonSizing Optimizer
Completed static elaboration
Starting simulation data flow analysis
Completed simulation data flow analysis
Time Resolution for simulation is 1ps
Compiling module xil_defaultlib.Uart_Tx
Compiling module fifo_generator_v13_2_9.fifo_generator_v13_2_9_bhv_ver_s...
Compiling module fifo_generator_v13_2_9.fifo_generator_v13_2_9_CONV_VER(...
Compiling module fifo_generator_v13_2_9.fifo_generator_vlog_beh(C_COMMON...
Compiling module xil_defaultlib.fifo_16x8
Compiling module xil_defaultlib.uart_rx
Compiling module xil_defaultlib.uart_controller
Compiling module xil_defaultlib.uart_loopback
Compiling module xil_defaultlib.uart_controller_tb
Compiling module xil_defaultlib.glbl
Built simulation snapshot uart_controller_tb_behav
