Copyright 1986-2022 Xilinx, Inc. All Rights Reserved. Copyright 2022-2023 Advanced Micro Devices, Inc. All Rights Reserved.
---------------------------------------------------------------------------------------------------------------------------------------------
| Tool Version : Vivado v.2023.2 (win64) Build 4029153 Fri Oct 13 20:14:34 MDT 2023
| Date         : Fri Apr 10 15:24:57 2026
| Host         : SAT05 running 64-bit major release  (build 9200)
| Command      : report_control_sets -verbose -file LedControl_control_sets_placed.rpt
| Design       : LedControl
| Device       : xc7a35t
---------------------------------------------------------------------------------------------------------------------------------------------

Control Set Information

Table of Contents
-----------------
1. Summary
2. Histogram
3. Flip-Flop Distribution
4. Detailed Control Set Information

1. Summary
----------

+----------------------------------------------------------+-------+
|                          Status                          | Count |
+----------------------------------------------------------+-------+
| Total control sets                                       |     6 |
|    Minimum number of control sets                        |     6 |
|    Addition due to synthesis replication                 |     0 |
|    Addition due to physical synthesis replication        |     0 |
| Unused register locations in slices containing registers |    32 |
+----------------------------------------------------------+-------+
* Control sets can be merged at opt_design using control_set_merge or merge_equivalent_drivers
** Run report_qor_suggestions for automated merging and remapping suggestions


2. Histogram
------------

+--------------------+-------+
|       Fanout       | Count |
+--------------------+-------+
| Total control sets |     6 |
| >= 0 to < 4        |     0 |
| >= 4 to < 6        |     1 |
| >= 6 to < 8        |     0 |
| >= 8 to < 10       |     1 |
| >= 10 to < 12      |     0 |
| >= 12 to < 14      |     0 |
| >= 14 to < 16      |     0 |
| >= 16              |     4 |
+--------------------+-------+
* Control sets can be remapped at either synth_design or opt_design


3. Flip-Flop Distribution
-------------------------

+--------------+-----------------------+------------------------+-----------------+--------------+
| Clock Enable | Synchronous Set/Reset | Asynchronous Set/Reset | Total Registers | Total Slices |
+--------------+-----------------------+------------------------+-----------------+--------------+
| No           | No                    | No                     |               8 |            4 |
| No           | No                    | Yes                    |               4 |            3 |
| No           | Yes                   | No                     |             132 |           36 |
| Yes          | No                    | No                     |               0 |            0 |
| Yes          | No                    | Yes                    |               0 |            0 |
| Yes          | Yes                   | No                     |               0 |            0 |
+--------------+-----------------------+------------------------+-----------------+--------------+


4. Detailed Control Set Information
-----------------------------------

+----------------+---------------+-----------------------+------------------+----------------+--------------+
|  Clock Signal  | Enable Signal |    Set/Reset Signal   | Slice Load Count | Bel Load Count | Bels / Slice |
+----------------+---------------+-----------------------+------------------+----------------+--------------+
|  clk_IBUF_BUFG |               | reset_IBUF            |                3 |              4 |         1.33 |
|  clk_IBUF_BUFG |               |                       |                4 |              8 |         2.00 |
|  clk_IBUF_BUFG |               | debounce_btn1/r_count |                9 |             33 |         3.67 |
|  clk_IBUF_BUFG |               | debounce_btn2/r_count |                9 |             33 |         3.67 |
|  clk_IBUF_BUFG |               | debounce_btn3/r_count |                9 |             33 |         3.67 |
|  clk_IBUF_BUFG |               | debounce_btn0/r_count |                9 |             33 |         3.67 |
+----------------+---------------+-----------------------+------------------+----------------+--------------+


