Copyright 1986-2022 Xilinx, Inc. All Rights Reserved. Copyright 2022-2024 Advanced Micro Devices, Inc. All Rights Reserved.
---------------------------------------------------------------------------------------------------------------------------------------------
| Tool Version : Vivado v.2024.2 (win64) Build 5239630 Fri Nov 08 22:35:27 MST 2024
| Date         : Sun Apr 26 00:02:09 2026
| Host         : DESKTOP-A2AGG41 running 64-bit major release  (build 9200)
| Command      : report_drc -file top_drc_routed.rpt -pb top_drc_routed.pb -rpx top_drc_routed.rpx
| Design       : top
| Device       : xc7a35tcpg236-1
| Speed File   : -1
| Design State : Fully Routed
---------------------------------------------------------------------------------------------------------------------------------------------

Report DRC

Table of Contents
-----------------
1. REPORT SUMMARY
2. REPORT DETAILS

1. REPORT SUMMARY
-----------------
            Netlist: netlist
          Floorplan: checkpoint_top
      Design limits: <entire design considered>
           Ruledeck: default
             Max checks: <unlimited>
             Checks found: 5
+-------------+------------------+-------------------------------------------------------------+--------+
| Rule        | Severity         | Description                                                 | Checks |
+-------------+------------------+-------------------------------------------------------------+--------+
| NSTD-1      | Critical Warning | Unspecified I/O Standard                                    | 1      |
| UCIO-1      | Critical Warning | Unconstrained Logical Port                                  | 1      |
| CFGBVS-7    | Warning          | CONFIG_VOLTAGE with Config Bank VCCO                        | 1      |
| PDRC-153    | Warning          | Gated clock check                                           | 1      |
| PLHOLDVIO-2 | Warning          | Non-Optimal connections which could lead to hold violations | 1      |
+-------------+------------------+-------------------------------------------------------------+--------+

2. REPORT DETAILS
-----------------
NSTD-1#1 Critical Warning
Unspecified I/O Standard  
36 out of 36 logical ports use I/O standard (IOSTANDARD) value 'DEFAULT', instead of a user assigned specific value. This may cause I/O contention or incompatibility with the board power or connectivity affecting performance, signal integrity or in extreme cases cause damage to the device or the components to which it is connected. To correct this violation, specify all I/O standards. This design will fail to generate a bitstream unless all logical ports have a user specified I/O standard value defined. To allow bitstream creation with unspecified I/O standard values (not recommended), use this command: set_property SEVERITY {Warning} [get_drc_checks NSTD-1].  NOTE: When using the Vivado Runs infrastructure (e.g. launch_runs Tcl command), add this command to a .tcl file and add that file as a pre-hook for write_bitstream step for the implementation run. Problem ports: clk, hsync, reset, vgaBlue[3:0], vgaGreen[3:0], vgaRed[3:0], vsync, x[9:0]
y[9:0].
Related violations: <none>

UCIO-1#1 Critical Warning
Unconstrained Logical Port  
36 out of 36 logical ports have no user assigned specific location constraint (LOC). This may cause I/O contention or incompatibility with the board power or connectivity affecting performance, signal integrity or in extreme cases cause damage to the device or the components to which it is connected. To correct this violation, specify all pin locations. This design will fail to generate a bitstream unless all logical ports have a user specified site LOC constraint defined.  To allow bitstream creation with unspecified pin locations (not recommended), use this command: set_property SEVERITY {Warning} [get_drc_checks UCIO-1].  NOTE: When using the Vivado Runs infrastructure (e.g. launch_runs Tcl command), add this command to a .tcl file and add that file as a pre-hook for write_bitstream step for the implementation run.  Problem ports: clk, hsync, reset, vgaBlue[3:0], vgaGreen[3:0], vgaRed[3:0], vsync, x[9:0]
y[9:0].
Related violations: <none>

CFGBVS-7#1 Warning
CONFIG_VOLTAGE with Config Bank VCCO  
The CONFIG_MODE property of current_design specifies a configuration mode (SPIx4) that uses pins in bank 14.  I/O standards used in this bank have a voltage requirement of 1.80.  However, the CONFIG_VOLTAGE for current_design is set to 3.3. If you're using any config pins in this bank, ensure that your configuration voltage is compatible with the I/O standards in banks used by your configuration mode.  Refer to device configuration user guide for more information.    Pins used by config mode: D18 (IO_L1P_T0_D00_MOSI_14), D19 (IO_L1N_T0_D01_DIN_14), G18 (IO_L2P_T0_D02_14), F18 (IO_L2N_T0_D03_14), E18 (IO_L3P_T0_DQS_PUDC_B_14), and K19 (IO_L6P_T0_FCS_B_14)
Related violations: <none>

PDRC-153#1 Warning
Gated clock check  
Net vga/w_25Mhz is a gated clock net sourced by a combinational pin vga/h_count_next[9]_i_2/O, cell vga/h_count_next[9]_i_2. This is not good design practice and will likely impact performance. For SLICE registers, for example, use the CE pin to control the loading of data.
Related violations: <none>

PLHOLDVIO-2#1 Warning
Non-Optimal connections which could lead to hold violations  
A LUT vga/h_count_next[9]_i_2 is driving clock pin of 20 cells. This could lead to large hold time violations. Involved cells are:
vga/h_count_next_reg[0], vga/h_count_next_reg[1], vga/h_count_next_reg[2],
vga/h_count_next_reg[3], vga/h_count_next_reg[4], vga/h_count_next_reg[5],
vga/h_count_next_reg[6], vga/h_count_next_reg[7], vga/h_count_next_reg[8],
vga/h_count_next_reg[9], vga/v_count_next_reg[0], vga/v_count_next_reg[1],
vga/v_count_next_reg[2], vga/v_count_next_reg[3], vga/v_count_next_reg[4]
 (the first 15 of 20 listed)
Related violations: <none>


