
*** Running vivado
    with args -log button_fnd.vds -m64 -product Vivado -mode batch -messageDb vivado.pb -notrace -source button_fnd.tcl



****** Vivado v2023.2 (64-bit)
  **** SW Build 4029153 on Fri Oct 13 20:14:34 MDT 2023
  **** IP Build 4028589 on Sat Oct 14 00:45:43 MDT 2023
  **** SharedData Build 4025554 on Tue Oct 10 17:18:54 MDT 2023
    ** Copyright 1986-2022 Xilinx, Inc. All Rights Reserved.
    ** Copyright 2022-2023 Advanced Micro Devices, Inc. All Rights Reserved.

source button_fnd.tcl -notrace
create_project: Time (s): cpu = 00:00:09 ; elapsed = 00:00:12 . Memory (MB): peak = 591.547 ; gain = 218.449
Command: read_checkpoint -auto_incremental -incremental D:/AIOT/vivado_pj/button_fnd/button_fnd.srcs/utils_1/imports/synth_1/button_fnd.dcp
INFO: [Vivado 12-5825] Read reference checkpoint from D:/AIOT/vivado_pj/button_fnd/button_fnd.srcs/utils_1/imports/synth_1/button_fnd.dcp for incremental synthesis
INFO: [Vivado 12-7989] Please ensure there are no constraint changes
Command: synth_design -top button_fnd -part xc7a35tcpg236-1
Starting synth_design
Attempting to get a license for feature 'Synthesis' and/or device 'xc7a35t'
INFO: [Common 17-349] Got license for feature 'Synthesis' and/or device 'xc7a35t'
INFO: [Device 21-403] Loading part xc7a35tcpg236-1
INFO: [Designutils 20-5440] No compile time benefit to using incremental synthesis; A full resynthesis will be run
INFO: [Designutils 20-4379] Flow is switching to default flow due to incremental criteria not met. If you would like to alter this behaviour and have the flow terminate instead, please set the following parameter config_implementation {autoIncr.Synth.RejectBehavior Terminate}
INFO: [Synth 8-7079] Multithreading enabled for synth_design using a maximum of 2 processes.
INFO: [Synth 8-7078] Launching helper process for spawning children vivado processes
INFO: [Synth 8-7075] Helper process launched with PID 15484
---------------------------------------------------------------------------------
Starting RTL Elaboration : Time (s): cpu = 00:00:06 ; elapsed = 00:00:07 . Memory (MB): peak = 1426.352 ; gain = 442.605
---------------------------------------------------------------------------------
WARNING: [Synth 8-9400] empty statement in sequential block [D:/AIOT/vivado_pj/button_fnd/button_fnd.srcs/sources_1/new/button_fnd.v:109]
INFO: [Synth 8-6157] synthesizing module 'button_fnd' [D:/AIOT/vivado_pj/button_fnd/button_fnd.srcs/sources_1/new/button_fnd.v:4]
INFO: [Synth 8-155] case statement is not full and has no default [D:/AIOT/vivado_pj/button_fnd/button_fnd.srcs/sources_1/new/button_fnd.v:151]
INFO: [Synth 8-6155] done synthesizing module 'button_fnd' (0#1) [D:/AIOT/vivado_pj/button_fnd/button_fnd.srcs/sources_1/new/button_fnd.v:4]
WARNING: [Synth 8-3917] design button_fnd has port an[3] driven by constant 1
WARNING: [Synth 8-3917] design button_fnd has port an[2] driven by constant 1
WARNING: [Synth 8-3917] design button_fnd has port an[1] driven by constant 1
WARNING: [Synth 8-3917] design button_fnd has port an[0] driven by constant 0
---------------------------------------------------------------------------------
Finished RTL Elaboration : Time (s): cpu = 00:00:09 ; elapsed = 00:00:09 . Memory (MB): peak = 1534.324 ; gain = 550.578
---------------------------------------------------------------------------------
---------------------------------------------------------------------------------
Start Handling Custom Attributes
---------------------------------------------------------------------------------
---------------------------------------------------------------------------------
Finished Handling Custom Attributes : Time (s): cpu = 00:00:09 ; elapsed = 00:00:09 . Memory (MB): peak = 1534.324 ; gain = 550.578
---------------------------------------------------------------------------------
---------------------------------------------------------------------------------
Finished RTL Optimization Phase 1 : Time (s): cpu = 00:00:09 ; elapsed = 00:00:09 . Memory (MB): peak = 1534.324 ; gain = 550.578
---------------------------------------------------------------------------------
Netlist sorting complete. Time (s): cpu = 00:00:00 ; elapsed = 00:00:00.005 . Memory (MB): peak = 1534.324 ; gain = 0.000
INFO: [Project 1-570] Preparing netlist for logic optimization

Processing XDC Constraints
Initializing timing engine
Parsing XDC File [D:/AIOT/vivado_pj/setting_board_xdc_files/digilent-xdc-master/digilent-xdc-master/Basys-3-Master.xdc]
WARNING: [Vivado 12-507] No nets matched 'fnd_OBUF[0]'. [D:/AIOT/vivado_pj/setting_board_xdc_files/digilent-xdc-master/digilent-xdc-master/Basys-3-Master.xdc:161]
CRITICAL WARNING: [Common 17-55] 'set_property' expects at least one object. [D:/AIOT/vivado_pj/setting_board_xdc_files/digilent-xdc-master/digilent-xdc-master/Basys-3-Master.xdc:161]
Resolution: If [get_<value>] was used to populate the object, check to make sure this command returns at least one valid object.
WARNING: [Vivado 12-507] No nets matched 'fnd_OBUF[1]'. [D:/AIOT/vivado_pj/setting_board_xdc_files/digilent-xdc-master/digilent-xdc-master/Basys-3-Master.xdc:162]
CRITICAL WARNING: [Common 17-55] 'set_property' expects at least one object. [D:/AIOT/vivado_pj/setting_board_xdc_files/digilent-xdc-master/digilent-xdc-master/Basys-3-Master.xdc:162]
Resolution: If [get_<value>] was used to populate the object, check to make sure this command returns at least one valid object.
WARNING: [Vivado 12-507] No nets matched 'fnd_OBUF[2]'. [D:/AIOT/vivado_pj/setting_board_xdc_files/digilent-xdc-master/digilent-xdc-master/Basys-3-Master.xdc:163]
CRITICAL WARNING: [Common 17-55] 'set_property' expects at least one object. [D:/AIOT/vivado_pj/setting_board_xdc_files/digilent-xdc-master/digilent-xdc-master/Basys-3-Master.xdc:163]
Resolution: If [get_<value>] was used to populate the object, check to make sure this command returns at least one valid object.
WARNING: [Vivado 12-507] No nets matched 'fnd_OBUF[3]'. [D:/AIOT/vivado_pj/setting_board_xdc_files/digilent-xdc-master/digilent-xdc-master/Basys-3-Master.xdc:164]
CRITICAL WARNING: [Common 17-55] 'set_property' expects at least one object. [D:/AIOT/vivado_pj/setting_board_xdc_files/digilent-xdc-master/digilent-xdc-master/Basys-3-Master.xdc:164]
Resolution: If [get_<value>] was used to populate the object, check to make sure this command returns at least one valid object.
WARNING: [Vivado 12-507] No nets matched 'fnd_OBUF[4]'. [D:/AIOT/vivado_pj/setting_board_xdc_files/digilent-xdc-master/digilent-xdc-master/Basys-3-Master.xdc:165]
CRITICAL WARNING: [Common 17-55] 'set_property' expects at least one object. [D:/AIOT/vivado_pj/setting_board_xdc_files/digilent-xdc-master/digilent-xdc-master/Basys-3-Master.xdc:165]
Resolution: If [get_<value>] was used to populate the object, check to make sure this command returns at least one valid object.
WARNING: [Vivado 12-507] No nets matched 'fnd_OBUF[5]'. [D:/AIOT/vivado_pj/setting_board_xdc_files/digilent-xdc-master/digilent-xdc-master/Basys-3-Master.xdc:166]
CRITICAL WARNING: [Common 17-55] 'set_property' expects at least one object. [D:/AIOT/vivado_pj/setting_board_xdc_files/digilent-xdc-master/digilent-xdc-master/Basys-3-Master.xdc:166]
Resolution: If [get_<value>] was used to populate the object, check to make sure this command returns at least one valid object.
WARNING: [Vivado 12-507] No nets matched 'fnd_OBUF[6]'. [D:/AIOT/vivado_pj/setting_board_xdc_files/digilent-xdc-master/digilent-xdc-master/Basys-3-Master.xdc:167]
CRITICAL WARNING: [Common 17-55] 'set_property' expects at least one object. [D:/AIOT/vivado_pj/setting_board_xdc_files/digilent-xdc-master/digilent-xdc-master/Basys-3-Master.xdc:167]
Resolution: If [get_<value>] was used to populate the object, check to make sure this command returns at least one valid object.
WARNING: [Vivado 12-507] No nets matched 'btnD_IBUF'. [D:/AIOT/vivado_pj/setting_board_xdc_files/digilent-xdc-master/digilent-xdc-master/Basys-3-Master.xdc:168]
CRITICAL WARNING: [Common 17-55] 'set_property' expects at least one object. [D:/AIOT/vivado_pj/setting_board_xdc_files/digilent-xdc-master/digilent-xdc-master/Basys-3-Master.xdc:168]
Resolution: If [get_<value>] was used to populate the object, check to make sure this command returns at least one valid object.
WARNING: [Vivado 12-507] No nets matched 'btnS_IBUF'. [D:/AIOT/vivado_pj/setting_board_xdc_files/digilent-xdc-master/digilent-xdc-master/Basys-3-Master.xdc:169]
CRITICAL WARNING: [Common 17-55] 'set_property' expects at least one object. [D:/AIOT/vivado_pj/setting_board_xdc_files/digilent-xdc-master/digilent-xdc-master/Basys-3-Master.xdc:169]
Resolution: If [get_<value>] was used to populate the object, check to make sure this command returns at least one valid object.
WARNING: [Vivado 12-507] No nets matched 'btnU_IBUF'. [D:/AIOT/vivado_pj/setting_board_xdc_files/digilent-xdc-master/digilent-xdc-master/Basys-3-Master.xdc:170]
CRITICAL WARNING: [Common 17-55] 'set_property' expects at least one object. [D:/AIOT/vivado_pj/setting_board_xdc_files/digilent-xdc-master/digilent-xdc-master/Basys-3-Master.xdc:170]
Resolution: If [get_<value>] was used to populate the object, check to make sure this command returns at least one valid object.
WARNING: [Vivado 12-507] No nets matched 'value'. [D:/AIOT/vivado_pj/setting_board_xdc_files/digilent-xdc-master/digilent-xdc-master/Basys-3-Master.xdc:171]
CRITICAL WARNING: [Common 17-55] 'set_property' expects at least one object. [D:/AIOT/vivado_pj/setting_board_xdc_files/digilent-xdc-master/digilent-xdc-master/Basys-3-Master.xdc:171]
Resolution: If [get_<value>] was used to populate the object, check to make sure this command returns at least one valid object.
Finished Parsing XDC File [D:/AIOT/vivado_pj/setting_board_xdc_files/digilent-xdc-master/digilent-xdc-master/Basys-3-Master.xdc]
INFO: [Project 1-236] Implementation specific constraints were found while reading constraint file [D:/AIOT/vivado_pj/setting_board_xdc_files/digilent-xdc-master/digilent-xdc-master/Basys-3-Master.xdc]. These constraints will be ignored for synthesis but will be used in implementation. Impacted constraints are listed in the file [.Xil/button_fnd_propImpl.xdc].
Resolution: To avoid this warning, move constraints listed in [.Xil/button_fnd_propImpl.xdc] to another XDC file and exclude this new file from synthesis with the used_in_synthesis property (File Properties dialog in GUI) and re-run elaboration/synthesis.
Completed Processing XDC Constraints

Netlist sorting complete. Time (s): cpu = 00:00:00 ; elapsed = 00:00:00 . Memory (MB): peak = 1636.074 ; gain = 0.000
INFO: [Project 1-111] Unisim Transformation Summary:
No Unisim elements were transformed.

雖薑脹 唳煎蒂 瓊擊 熱 橈蝗棲棻.
Constraint Validation Runtime : Time (s): cpu = 00:00:00 ; elapsed = 00:00:00.002 . Memory (MB): peak = 1636.074 ; gain = 0.000
INFO: [Designutils 20-5440] No compile time benefit to using incremental synthesis; A full resynthesis will be run
INFO: [Designutils 20-4379] Flow is switching to default flow due to incremental criteria not met. If you would like to alter this behaviour and have the flow terminate instead, please set the following parameter config_implementation {autoIncr.Synth.RejectBehavior Terminate}
---------------------------------------------------------------------------------
Finished Constraint Validation : Time (s): cpu = 00:00:21 ; elapsed = 00:00:22 . Memory (MB): peak = 1636.074 ; gain = 652.328
---------------------------------------------------------------------------------
---------------------------------------------------------------------------------
Start Loading Part and Timing Information
---------------------------------------------------------------------------------
Loading part: xc7a35tcpg236-1
---------------------------------------------------------------------------------
Finished Loading Part and Timing Information : Time (s): cpu = 00:00:21 ; elapsed = 00:00:22 . Memory (MB): peak = 1636.074 ; gain = 652.328
---------------------------------------------------------------------------------
---------------------------------------------------------------------------------
Start Applying 'set_property' XDC Constraints
---------------------------------------------------------------------------------
---------------------------------------------------------------------------------
Finished applying 'set_property' XDC Constraints : Time (s): cpu = 00:00:21 ; elapsed = 00:00:22 . Memory (MB): peak = 1636.074 ; gain = 652.328
---------------------------------------------------------------------------------
---------------------------------------------------------------------------------
Finished RTL Optimization Phase 2 : Time (s): cpu = 00:00:21 ; elapsed = 00:00:22 . Memory (MB): peak = 1636.074 ; gain = 652.328
---------------------------------------------------------------------------------
---------------------------------------------------------------------------------
Start RTL Component Statistics 
---------------------------------------------------------------------------------
Detailed RTL Component Info : 
+---Adders : 
	   2 Input    4 Bit       Adders := 2     
+---Registers : 
	                4 Bit    Registers := 1     
	                2 Bit    Registers := 4     
	                1 Bit    Registers := 7     
+---Muxes : 
	   4 Input    4 Bit        Muxes := 1     
	   2 Input    4 Bit        Muxes := 2     
	   3 Input    2 Bit        Muxes := 1     
	   2 Input    1 Bit        Muxes := 2     
	   4 Input    1 Bit        Muxes := 1     
---------------------------------------------------------------------------------
Finished RTL Component Statistics 
---------------------------------------------------------------------------------
---------------------------------------------------------------------------------
Start Part Resource Summary
---------------------------------------------------------------------------------
Part Resources:
DSPs: 90 (col length:60)
BRAMs: 100 (col length: RAMB18 60 RAMB36 30)
---------------------------------------------------------------------------------
Finished Part Resource Summary
---------------------------------------------------------------------------------
---------------------------------------------------------------------------------
Start Cross Boundary and Area Optimization
---------------------------------------------------------------------------------
WARNING: [Synth 8-7080] Parallel synthesis criteria is not met
WARNING: [Synth 8-3917] design button_fnd has port an[3] driven by constant 1
WARNING: [Synth 8-3917] design button_fnd has port an[2] driven by constant 1
WARNING: [Synth 8-3917] design button_fnd has port an[1] driven by constant 1
WARNING: [Synth 8-3917] design button_fnd has port an[0] driven by constant 0
---------------------------------------------------------------------------------
Finished Cross Boundary and Area Optimization : Time (s): cpu = 00:00:24 ; elapsed = 00:00:26 . Memory (MB): peak = 1636.074 ; gain = 652.328
---------------------------------------------------------------------------------
---------------------------------------------------------------------------------
Start Applying XDC Timing Constraints
---------------------------------------------------------------------------------
---------------------------------------------------------------------------------
Finished Applying XDC Timing Constraints : Time (s): cpu = 00:00:30 ; elapsed = 00:00:32 . Memory (MB): peak = 1636.074 ; gain = 652.328
---------------------------------------------------------------------------------
---------------------------------------------------------------------------------
Start Timing Optimization
---------------------------------------------------------------------------------
---------------------------------------------------------------------------------
Finished Timing Optimization : Time (s): cpu = 00:00:31 ; elapsed = 00:00:32 . Memory (MB): peak = 1636.074 ; gain = 652.328
---------------------------------------------------------------------------------
---------------------------------------------------------------------------------
Start Technology Mapping
---------------------------------------------------------------------------------
---------------------------------------------------------------------------------
Finished Technology Mapping : Time (s): cpu = 00:00:31 ; elapsed = 00:00:32 . Memory (MB): peak = 1636.074 ; gain = 652.328
---------------------------------------------------------------------------------
---------------------------------------------------------------------------------
Start IO Insertion
---------------------------------------------------------------------------------
---------------------------------------------------------------------------------
Start Flattening Before IO Insertion
---------------------------------------------------------------------------------
---------------------------------------------------------------------------------
Finished Flattening Before IO Insertion
---------------------------------------------------------------------------------
---------------------------------------------------------------------------------
Start Final Netlist Cleanup
---------------------------------------------------------------------------------
---------------------------------------------------------------------------------
Finished Final Netlist Cleanup
---------------------------------------------------------------------------------
---------------------------------------------------------------------------------
Finished IO Insertion : Time (s): cpu = 00:00:36 ; elapsed = 00:00:38 . Memory (MB): peak = 1636.074 ; gain = 652.328
---------------------------------------------------------------------------------
---------------------------------------------------------------------------------
Start Renaming Generated Instances
---------------------------------------------------------------------------------
---------------------------------------------------------------------------------
Finished Renaming Generated Instances : Time (s): cpu = 00:00:36 ; elapsed = 00:00:38 . Memory (MB): peak = 1636.074 ; gain = 652.328
---------------------------------------------------------------------------------
---------------------------------------------------------------------------------
Start Rebuilding User Hierarchy
---------------------------------------------------------------------------------
---------------------------------------------------------------------------------
Finished Rebuilding User Hierarchy : Time (s): cpu = 00:00:36 ; elapsed = 00:00:38 . Memory (MB): peak = 1636.074 ; gain = 652.328
---------------------------------------------------------------------------------
---------------------------------------------------------------------------------
Start Renaming Generated Ports
---------------------------------------------------------------------------------
---------------------------------------------------------------------------------
Finished Renaming Generated Ports : Time (s): cpu = 00:00:36 ; elapsed = 00:00:38 . Memory (MB): peak = 1636.074 ; gain = 652.328
---------------------------------------------------------------------------------
---------------------------------------------------------------------------------
Start Handling Custom Attributes
---------------------------------------------------------------------------------
---------------------------------------------------------------------------------
Finished Handling Custom Attributes : Time (s): cpu = 00:00:36 ; elapsed = 00:00:38 . Memory (MB): peak = 1636.074 ; gain = 652.328
---------------------------------------------------------------------------------
---------------------------------------------------------------------------------
Start Renaming Generated Nets
---------------------------------------------------------------------------------
---------------------------------------------------------------------------------
Finished Renaming Generated Nets : Time (s): cpu = 00:00:36 ; elapsed = 00:00:38 . Memory (MB): peak = 1636.074 ; gain = 652.328
---------------------------------------------------------------------------------
---------------------------------------------------------------------------------
Start Writing Synthesis Report
---------------------------------------------------------------------------------

Report BlackBoxes: 
+-+--------------+----------+
| |BlackBox name |Instances |
+-+--------------+----------+
+-+--------------+----------+

Report Cell Usage: 
+------+-------+------+
|      |Cell   |Count |
+------+-------+------+
|1     |BUFG   |     1|
|2     |CARRY4 |    22|
|3     |LUT2   |    65|
|4     |LUT3   |     4|
|5     |LUT4   |    20|
|6     |LUT5   |    14|
|7     |LUT6   |    28|
|8     |FDCE   |   106|
|9     |IBUF   |     5|
|10    |OBUF   |    11|
+------+-------+------+
---------------------------------------------------------------------------------
Finished Writing Synthesis Report : Time (s): cpu = 00:00:36 ; elapsed = 00:00:38 . Memory (MB): peak = 1636.074 ; gain = 652.328
---------------------------------------------------------------------------------
Synthesis finished with 0 errors, 0 critical warnings and 5 warnings.
Synthesis Optimization Runtime : Time (s): cpu = 00:00:25 ; elapsed = 00:00:36 . Memory (MB): peak = 1636.074 ; gain = 550.578
Synthesis Optimization Complete : Time (s): cpu = 00:00:36 ; elapsed = 00:00:38 . Memory (MB): peak = 1636.074 ; gain = 652.328
INFO: [Project 1-571] Translating synthesized netlist
Netlist sorting complete. Time (s): cpu = 00:00:00 ; elapsed = 00:00:00.004 . Memory (MB): peak = 1636.074 ; gain = 0.000
INFO: [Netlist 29-17] Analyzing 22 Unisim elements for replacement
INFO: [Netlist 29-28] Unisim Transformation completed in 0 CPU seconds
INFO: [Project 1-570] Preparing netlist for logic optimization
INFO: [Opt 31-138] Pushed 0 inverter(s) to 0 load pin(s).
Netlist sorting complete. Time (s): cpu = 00:00:00 ; elapsed = 00:00:00 . Memory (MB): peak = 1636.074 ; gain = 0.000
INFO: [Project 1-111] Unisim Transformation Summary:
No Unisim elements were transformed.

雖薑脹 唳煎蒂 瓊擊 熱 橈蝗棲棻.
Synth Design complete | Checksum: d2e3f659
INFO: [Common 17-83] Releasing license: Synthesis
24 Infos, 21 Warnings, 11 Critical Warnings and 0 Errors encountered.
synth_design completed successfully
synth_design: Time (s): cpu = 00:00:42 ; elapsed = 00:00:45 . Memory (MB): peak = 1636.074 ; gain = 1040.594
INFO: [runtcl-6] Synthesis results are not added to the cache due to CRITICAL_WARNING
Write ShapeDB Complete: Time (s): cpu = 00:00:00 ; elapsed = 00:00:00.001 . Memory (MB): peak = 1636.074 ; gain = 0.000
INFO: [Common 17-1381] The checkpoint 'D:/AIOT/vivado_pj/button_fnd/button_fnd.runs/synth_1/button_fnd.dcp' has been generated.
INFO: [runtcl-4] Executing : report_utilization -file button_fnd_utilization_synth.rpt -pb button_fnd_utilization_synth.pb
INFO: [Common 17-206] Exiting Vivado at Wed Apr 15 12:37:03 2026...
